http://explain.depesz.com/s/QGK
HTTP/1.1 200 OK
Server: nginx
Date: Wed, 23 Jul 2014 19:02:26 GMT
Content-Type: text/html;charset=utf8
Content-Length: 87705
Connection: close
X-Powered-By: Mojolicious (Perl)

<!doctype html>
<html lang="en">
    <head>
        <meta charset="utf-8" />

        <title>QGK | explain.depesz.com</title>

        <link rel="stylesheet" href="/css/style.css" />

        <!--[if lt IE 9]>
        <script>

            /* html5 elements */
            var elements = ( "abbr,article,aside,audio,cavnas,datalist,"
                           + "details,figure,footer,header,hgroup,mark,"
                           + "menu,meter,output,progress,section,video,"
                           + "time,nav" ).split( ',' );

            for ( var i = 0 ; i < elements.length ; i++ ) {
                document.createElement( elements[ i ] );
            }

        </script>
        <![endif]-->

        <script src="/js/jquery-1.5.1.min.js"></script>

        <script src="/js/jquery.cookie.min.js"></script>

        <script src="/js/explain.js"></script>

        
    <script>
        $( document ).ready( function( ) {

            /* startup */
            $.fn.explain( 'init', $( '#explain-form' ), $( '#explain' ) );

        } );
    </script>

    </head>
    <body class="show">

        <!-- wrapper -->
        <div id="wrapper">

            <header>
                <hgroup>
                    <h1>
                        <a href="/" title="link to: new explain" rel="permalink"><strong>explain</strong>.depesz.com</a>
                    </h1>
                    <h2><span>A tool for finding a real cause for slow queries.</span></h2>
                </hgroup>
            </header>

            <nav>
                <ul>
                    <li class="item item-new-explain">
                        <a href="/" title="link to: new explain" rel="permalink">new explain</a>
                    </li>
                    <li class="item item-history">
                        <a href="/history" title="link to: history" rel="permalink">history</a>
                    </li>
                    <li class="item item-help">
                        <a href="/help" title="link to: help" rel="permalink">help</a>
                    </li>
                    <li class="item item-about">
                        <a href="http://www.depesz.com/index.php/tag/explaindepeszcom/" title="about explain.depesz.com" rel="permalink">about</a>
                    </li>
                    <li class="item item-contact">
                        <a href="/contact" title="link to: contact" rel="permalink">contact</a>
                    </li>
                </ul>
                <ul class="right">
                    <li>
                            <a href="/login" title="link to: login/register" rel="permalink">login</a>
                    </li>
                </ul>
            </nav>

            <section>
                












<h1>Result: QGK</h1>


<div class="explain-form">

    <form id="explain-form" class="hidden" method="get" action="/s/QGK" autocomplete="off">

        <h3>Colorize:</h3>
        <ul>
            <li>
                <input type="radio" name="c" id="ce" value="e" />
                <label for="ce">exclusive</label>
            </li>
            <li>
                <input type="radio" name="c" id="ci" value="i" />
                <label for="ci">inclusive</label>
            </li>
            <li>
                <input type="radio" name="c" id="cx" value="x" />
                <label for="cx">rows x</label>
            </li>
            <li>
                <input type="radio" name="c" id="cm" value="m" checked=&quot;checked&quot; />
                <label for="cm">mixed</label>
            </li>
        </ul>

        <h3>Columns visibility:</h3>
        <ul>
            <li>
                <input type="checkbox" name="vu" id="vu" value="1" checked=&quot;checked&quot; />
                <label for="vu">#</label>
            </li>
            <li>
                <input type="checkbox" name="ve" id="ve" value="1" checked=&quot;checked&quot; />
                <label for="ve">exclusive</label>
            </li>
            <li>
                <input type="checkbox" name="vi" id="vi" value="1" checked=&quot;checked&quot; />
                <label for="vi">inclusive</label>
            </li>
            <li>
                <input type="checkbox" name="vx" id="vx" value="1" checked=&quot;checked&quot; />
                <label for="vx">rows x</label>
            </li>
            <li>
                <input type="checkbox" name="vr" id="vr" value="1" checked=&quot;checked&quot; />
                <label for="vr">rows</label>
            </li>
            <li>
                <input type="checkbox" name="vl" id="vl" value="1" checked=&quot;checked&quot; />
                <label for="vl">loops</label>
            </li>
        </ul>

        <div class="fe fe-buttons">
            <button type="submit" name="save-settings" id="save-settings"><span>Save settings</span></button>
        </div>

    </form>

    <a href="#" onclick="$.fn.explain( 'toggleCfgForm', this ); return false;" onkeypress="return this.onclick( );"><span>options</span></a>

</div>

<div class="result">

    <div class="plea">
        Did it help? Consider supporting us - Bitcoin address: <a href="https://blockchain.info/address/12v2hUztAk2LgzQ9H9LMwuU32urHMjZQnq">12v2hUztAk2LgzQ9H9LMwuU32urHMjZQnq</a>
    </div>


    <div class="tabs">
        <ul class="clearfix">
            <li class="html">
                <a href="#html"
                   title="view HTML"
                   class="current"
                   onclick="$( this ).explain( 'toggleView', 'html', this ); return false;"
                   onkeypress="return this.onclick( );">HTML</a>
            </li>
            <li class="text">
                <a href="#text"
                   title="view plain text"
                   onclick="$( this ).explain( 'toggleView', 'text', this ); return false;"
                   onkeypress="return this.onclick( );">TEXT</a>
            </li>
            <li class="stats">
                <a href="#stats"
                   title="view plan stats"
                   onclick="$( this ).explain( 'toggleView', 'stats', this ); return false;"
                   onkeypress="return this.onclick( );">STATS</a>
            </li>
        </ul>
    </div>

    <div class="result-html">
        <table id="explain">
            <thead>
                <tr>
                    <th class="u">
                        <span>#</span>
                    </th>
                    <th class="e">
                        <a href="#colorize-exclusive"
                            title="colorize rows based on &quot;exclusive&quot;"
                            onclick="$.fn.explain( 'colorize', 'e', this ); return false"
                            onkeypress="return this.onclick( );">exclusive</a>
                    </th>
                    <th class="i">
                        <a href="#colorize-inclusive"
                            title="colorize rows based on &quot;inclusive&quot;"
                            onclick="$.fn.explain( 'colorize', 'i', this ); return false"
                            onkeypress="return this.onclick( );">inclusive</a>
                    </th>
                    <th class="x">
                        <a href="#colorize-rows-x"
                            title="colorize rows based on &quot;rows x&quot;"
                            onclick="$.fn.explain( 'colorize', 'x', this ); return false"
                            onkeypress="return this.onclick( );">rows x</a>
                    </th>
                    <th class="r">
                        <span>rows</span>
                    </th>
                    <th class="l">
                        <span>loops</span>
                    </th>
                    <th class="n">
                        <span>node</span>
                    </th>
                </tr>
            </thead>
            <tbody>
                






    <tr id="l1" class="n odd c-m" data-node_id="0" data-node_parent="" data-level="0" data-e="2" data-i="4" data-x="1">
        <td class="u "><a href="#l1">1.</a></td>
        <td class="e c-2">
            <span>1269.291</span>
        </td>
        <td class="i c-4">
            <span>3741.819</span>
        </td>
        <td class="x c-1">
            <span>
                &uarr;
                1.7
            </span>
        </td>
        <td class="r"><span>26651</span></td>
        <td class="l"><span>1</span></td>
        <td class="n">
            <div class="n" style="margin-left:22px">

                <div class="ico">&rarr;</div>

                <p>
                    <span class="node">

                        Merge Left Join


                    </span>

                    <span class="est">
                        (cost=94078.36..109791.24
                        rows=46543
                        width=16863)
                    </span>

                    <span class="act">
                        (actual
                        time=2087.679..3741.819
                        rows=26651
                        loops=1)
                    </span>
                </p>

                    <ul class="ex-nfo">
                            <li>Merge Cond: (pp.id = pstd.project_id)</li>
                    </ul>

            </div>
        </td>
    </tr>





            






    <tr id="l2" class="n even c-m" data-node_id="1" data-node_parent="0" data-level="1" data-e="1" data-i="3" data-x="1">
        <td class="u "><a href="#l2">2.</a></td>
        <td class="e c-1">
            <span>137.327</span>
        </td>
        <td class="i c-3">
            <span>2027.393</span>
        </td>
        <td class="x c-1">
            <span>
                &uarr;
                1.0
            </span>
        </td>
        <td class="r"><span>26651</span></td>
        <td class="l"><span>1</span></td>
        <td class="n">
            <div class="n" style="margin-left:44px">

                <div class="ico">&rarr;</div>

                <p>
                    <span class="node">

                        Merge Left Join


                    </span>

                    <span class="est">
                        (cost=86806.00..87791.21
                        rows=26651
                        width=16771)
                    </span>

                    <span class="act">
                        (actual
                        time=1688.630..2027.393
                        rows=26651
                        loops=1)
                    </span>
                </p>

                    <ul class="ex-nfo">
                            <li>Merge Cond: (p.id = pfwa.id)</li>
                    </ul>

            </div>
        </td>
    </tr>





            






    <tr id="l3" class="n odd c-m" data-node_id="2" data-node_parent="1" data-level="2" data-e="1" data-i="2" data-x="1">
        <td class="u "><a href="#l3">3.</a></td>
        <td class="e c-1">
            <span>113.850</span>
        </td>
        <td class="i c-2">
            <span>1244.956</span>
        </td>
        <td class="x c-1">
            <span>
                &uarr;
                1.0
            </span>
        </td>
        <td class="r"><span>26651</span></td>
        <td class="l"><span>1</span></td>
        <td class="n">
            <div class="n" style="margin-left:66px">

                <div class="ico">&rarr;</div>

                <p>
                    <span class="node">

                        Merge Left Join


                    </span>

                    <span class="est">
                        (cost=44897.51..45248.64
                        rows=26651
                        width=16763)
                    </span>

                    <span class="act">
                        (actual
                        time=1086.736..1244.956
                        rows=26651
                        loops=1)
                    </span>
                </p>

                    <ul class="ex-nfo">
                            <li>Merge Cond: (p.id = ca.id)</li>
                    </ul>

            </div>
        </td>
    </tr>





            






    <tr id="l4" class="n even c-m" data-node_id="3" data-node_parent="2" data-level="3" data-e="1" data-i="2" data-x="1">
        <td class="u "><a href="#l4">4.</a></td>
        <td class="e c-1">
            <span>124.265</span>
        </td>
        <td class="i c-2">
            <span>981.071</span>
        </td>
        <td class="x c-1">
            <span>
                &uarr;
                1.0
            </span>
        </td>
        <td class="r"><span>26651</span></td>
        <td class="l"><span>1</span></td>
        <td class="n">
            <div class="n" style="margin-left:88px">

                <div class="ico">&rarr;</div>

                <p>
                    <span class="node">

                        Sort


                    </span>

                    <span class="est">
                        (cost=18289.86..18356.49
                        rows=26651
                        width=16755)
                    </span>

                    <span class="act">
                        (actual
                        time=939.584..981.071
                        rows=26651
                        loops=1)
                    </span>
                </p>

                    <ul class="ex-nfo">
                            <li>Sort Key: p.id</li>
                            <li>Sort Method:  quicksort  Memory: 16919kB</li>
                    </ul>

            </div>
        </td>
    </tr>





            






    <tr id="l5" class="n odd c-m" data-node_id="4" data-node_parent="3" data-level="4" data-e="1" data-i="2" data-x="1">
        <td class="u "><a href="#l5">5.</a></td>
        <td class="e c-1">
            <span>97.581</span>
        </td>
        <td class="i c-2">
            <span>856.806</span>
        </td>
        <td class="x c-1">
            <span>
                &uarr;
                1.0
            </span>
        </td>
        <td class="r"><span>26651</span></td>
        <td class="l"><span>1</span></td>
        <td class="n">
            <div class="n" style="margin-left:110px">

                <div class="ico">&rarr;</div>

                <p>
                    <span class="node">

                        Hash Left Join


                    </span>

                    <span class="est">
                        (cost=2736.96..16330.76
                        rows=26651
                        width=16755)
                    </span>

                    <span class="act">
                        (actual
                        time=170.517..856.806
                        rows=26651
                        loops=1)
                    </span>
                </p>

                    <ul class="ex-nfo">
                            <li>Hash Cond: ((p.primary_office_id)::numeric = cmt_lut.office_id)</li>
                    </ul>

            </div>
        </td>
    </tr>





            






    <tr id="l6" class="n even c-m" data-node_id="5" data-node_parent="4" data-level="5" data-e="1" data-i="2" data-x="1">
        <td class="u "><a href="#l6">6.</a></td>
        <td class="e c-1">
            <span>85.376</span>
        </td>
        <td class="i c-2">
            <span>752.517</span>
        </td>
        <td class="x c-1">
            <span>
                &uarr;
                1.0
            </span>
        </td>
        <td class="r"><span>26651</span></td>
        <td class="l"><span>1</span></td>
        <td class="n">
            <div class="n" style="margin-left:132px">

                <div class="ico">&rarr;</div>

                <p>
                    <span class="node">

                        Hash Left Join


                    </span>

                    <span class="est">
                        (cost=2515.59..15643.00
                        rows=26651
                        width=16698)
                    </span>

                    <span class="act">
                        (actual
                        time=163.780..752.517
                        rows=26651
                        loops=1)
                    </span>
                </p>

                    <ul class="ex-nfo">
                            <li>Hash Cond: (p.fws_poc_id = ecos_data.person.person_id)</li>
                    </ul>

            </div>
        </td>
    </tr>





            






    <tr id="l7" class="n odd c-m" data-node_id="6" data-node_parent="5" data-level="6" data-e="1" data-i="2" data-x="1">
        <td class="u "><a href="#l7">7.</a></td>
        <td class="e c-1">
            <span>77.526</span>
        </td>
        <td class="i c-2">
            <span>649.420</span>
        </td>
        <td class="x c-1">
            <span>
                &uarr;
                1.0
            </span>
        </td>
        <td class="r"><span>26651</span></td>
        <td class="l"><span>1</span></td>
        <td class="n">
            <div class="n" style="margin-left:154px">

                <div class="ico">&rarr;</div>

                <p>
                    <span class="node">

                        Hash Left Join


                    </span>

                    <span class="est">
                        (cost=2221.03..14848.77
                        rows=26651
                        width=16685)
                    </span>

                    <span class="act">
                        (actual
                        time=146.038..649.420
                        rows=26651
                        loops=1)
                    </span>
                </p>

                    <ul class="ex-nfo">
                            <li>Hash Cond: (p.created_by = ecos_data.person.person_id)</li>
                    </ul>

            </div>
        </td>
    </tr>





            






    <tr id="l8" class="n even c-m" data-node_id="7" data-node_parent="6" data-level="7" data-e="1" data-i="2" data-x="1">
        <td class="u "><a href="#l8">8.</a></td>
        <td class="e c-1">
            <span>78.525</span>
        </td>
        <td class="i c-2">
            <span>554.134</span>
        </td>
        <td class="x c-1">
            <span>
                &uarr;
                1.0
            </span>
        </td>
        <td class="r"><span>26651</span></td>
        <td class="l"><span>1</span></td>
        <td class="n">
            <div class="n" style="margin-left:176px">

                <div class="ico">&rarr;</div>

                <p>
                    <span class="node">

                        Hash Left Join


                    </span>

                    <span class="est">
                        (cost=1926.47..14271.25
                        rows=26651
                        width=16672)
                    </span>

                    <span class="act">
                        (actual
                        time=128.262..554.134
                        rows=26651
                        loops=1)
                    </span>
                </p>

                    <ul class="ex-nfo">
                            <li>Hash Cond: (p.last_updated_by = ecos_data.person.person_id)</li>
                    </ul>

            </div>
        </td>
    </tr>





            






    <tr id="l9" class="n odd c-m" data-node_id="8" data-node_parent="7" data-level="8" data-e="1" data-i="2" data-x="1">
        <td class="u "><a href="#l9">9.</a></td>
        <td class="e c-1">
            <span>78.472</span>
        </td>
        <td class="i c-2">
            <span>457.175</span>
        </td>
        <td class="x c-1">
            <span>
                &uarr;
                1.0
            </span>
        </td>
        <td class="r"><span>26651</span></td>
        <td class="l"><span>1</span></td>
        <td class="n">
            <div class="n" style="margin-left:198px">

                <div class="ico">&rarr;</div>

                <p>
                    <span class="node">

                        Hash Left Join


                    </span>

                    <span class="est">
                        (cost=1631.91..13678.19
                        rows=26651
                        width=16659)
                    </span>

                    <span class="act">
                        (actual
                        time=109.815..457.175
                        rows=26651
                        loops=1)
                    </span>
                </p>

                    <ul class="ex-nfo">
                            <li>Hash Cond: (p.project_status_id = pstat.id)</li>
                    </ul>

            </div>
        </td>
    </tr>





            






    <tr id="l10" class="n even c-m" data-node_id="9" data-node_parent="8" data-level="9" data-e="1" data-i="2" data-x="1">
        <td class="u "><a href="#l10">10.</a></td>
        <td class="e c-1">
            <span>82.469</span>
        </td>
        <td class="i c-2">
            <span>378.681</span>
        </td>
        <td class="x c-1">
            <span>
                &uarr;
                1.0
            </span>
        </td>
        <td class="r"><span>26651</span></td>
        <td class="l"><span>1</span></td>
        <td class="n">
            <div class="n" style="margin-left:220px">

                <div class="ico">&rarr;</div>

                <p>
                    <span class="node">

                        Hash Left Join


                    </span>

                    <span class="est">
                        (cost=1630.82..13314.52
                        rows=26651
                        width=16441)
                    </span>

                    <span class="act">
                        (actual
                        time=109.776..378.681
                        rows=26651
                        loops=1)
                    </span>
                </p>

                    <ul class="ex-nfo">
                            <li>Hash Cond: (p.id = sptl.project_id)</li>
                    </ul>

            </div>
        </td>
    </tr>





            






    <tr id="l11" class="n odd c-m" data-node_id="10" data-node_parent="9" data-level="10" data-e="1" data-i="1" data-x="1">
        <td class="u "><a href="#l11">11.</a></td>
        <td class="e c-1">
            <span>123.893</span>
        </td>
        <td class="i c-1">
            <span>273.120</span>
        </td>
        <td class="x c-1">
            <span>
                &uarr;
                1.0
            </span>
        </td>
        <td class="r"><span>26651</span></td>
        <td class="l"><span>1</span></td>
        <td class="n">
            <div class="n" style="margin-left:242px">

                <div class="ico">&rarr;</div>

                <p>
                    <span class="node">

                        Hash Join


                    </span>

                    <span class="est">
                        (cost=1160.66..12479.16
                        rows=26651
                        width=16433)
                    </span>

                    <span class="act">
                        (actual
                        time=86.665..273.120
                        rows=26651
                        loops=1)
                    </span>
                </p>

                    <ul class="ex-nfo">
                            <li>Hash Cond: (p.id = pp.id)</li>
                    </ul>

            </div>
        </td>
    </tr>





            






    <tr id="l12" class="n even c-m" data-node_id="11" data-node_parent="10" data-level="11" data-e="1" data-i="1" data-x="1">
        <td class="u "><a href="#l12">12.</a></td>
        <td class="e c-1">
            <span>62.612</span>
        </td>
        <td class="i c-1">
            <span>62.612</span>
        </td>
        <td class="x c-1">
            <span>
                &uarr;
                2.0
            </span>
        </td>
        <td class="r"><span>30094</span></td>
        <td class="l"><span>1</span></td>
        <td class="n">
            <div class="n" style="margin-left:264px">

                <div class="ico">&rarr;</div>

                <p>
                    <span class="node">

                        Seq Scan

                            on project p

                    </span>

                    <span class="est">
                        (cost=0.00..10374.88
                        rows=60188
                        width=16321)
                    </span>

                    <span class="act">
                        (actual
                        time=0.018..62.612
                        rows=30094
                        loops=1)
                    </span>
                </p>


            </div>
        </td>
    </tr>








            






    <tr id="l13" class="n even c-m" data-node_id="12" data-node_parent="10" data-level="11" data-e="1" data-i="1" data-x="1">
        <td class="u "><a href="#l13">13.</a></td>
        <td class="e c-1">
            <span>42.889</span>
        </td>
        <td class="i c-1">
            <span>86.615</span>
        </td>
        <td class="x c-1">
            <span>
                &uarr;
                1.0
            </span>
        </td>
        <td class="r"><span>26651</span></td>
        <td class="l"><span>1</span></td>
        <td class="n">
            <div class="n" style="margin-left:264px">

                <div class="ico">&rarr;</div>

                <p>
                    <span class="node">

                        Hash


                    </span>

                    <span class="est">
                        (cost=827.52..827.52
                        rows=26651
                        width=112)
                    </span>

                    <span class="act">
                        (actual
                        time=86.615..86.615
                        rows=26651
                        loops=1)
                    </span>
                </p>


            </div>
        </td>
    </tr>





            






    <tr id="l14" class="n odd c-m" data-node_id="13" data-node_parent="12" data-level="12" data-e="1" data-i="1" data-x="1">
        <td class="u "><a href="#l14">14.</a></td>
        <td class="e c-1">
            <span>43.726</span>
        </td>
        <td class="i c-1">
            <span>43.726</span>
        </td>
        <td class="x c-1">
            <span>
                &uarr;
                1.0
            </span>
        </td>
        <td class="r"><span>26651</span></td>
        <td class="l"><span>1</span></td>
        <td class="n">
            <div class="n" style="margin-left:286px">

                <div class="ico">&rarr;</div>

                <p>
                    <span class="node">

                        Seq Scan

                            on project_point pp

                    </span>

                    <span class="est">
                        (cost=0.00..827.52
                        rows=26651
                        width=112)
                    </span>

                    <span class="act">
                        (actual
                        time=0.175..43.726
                        rows=26651
                        loops=1)
                    </span>
                </p>

                    <ul class="ex-nfo">
                            <li>Filter: (geom IS NOT NULL)</li>
                    </ul>

            </div>
        </td>
    </tr>














            






    <tr id="l15" class="n even c-m" data-node_id="14" data-node_parent="9" data-level="10" data-e="1" data-i="1" data-x="1">
        <td class="u "><a href="#l15">15.</a></td>
        <td class="e c-1">
            <span>11.807</span>
        </td>
        <td class="i c-1">
            <span>23.092</span>
        </td>
        <td class="x c-1">
            <span>
                &uarr;
                2.0
            </span>
        </td>
        <td class="r"><span>7442</span></td>
        <td class="l"><span>1</span></td>
        <td class="n">
            <div class="n" style="margin-left:242px">

                <div class="ico">&rarr;</div>

                <p>
                    <span class="node">

                        Hash


                    </span>

                    <span class="est">
                        (cost=285.63..285.63
                        rows=14763
                        width=12)
                    </span>

                    <span class="act">
                        (actual
                        time=23.092..23.092
                        rows=7442
                        loops=1)
                    </span>
                </p>


            </div>
        </td>
    </tr>





            






    <tr id="l16" class="n odd c-m" data-node_id="15" data-node_parent="14" data-level="11" data-e="1" data-i="1" data-x="1">
        <td class="u "><a href="#l16">16.</a></td>
        <td class="e c-1">
            <span>11.285</span>
        </td>
        <td class="i c-1">
            <span>11.285</span>
        </td>
        <td class="x c-1">
            <span>
                &uarr;
                2.0
            </span>
        </td>
        <td class="r"><span>7442</span></td>
        <td class="l"><span>1</span></td>
        <td class="n">
            <div class="n" style="margin-left:264px">

                <div class="ico">&rarr;</div>

                <p>
                    <span class="node">

                        Seq Scan

                            on rprt_project_sptl_data sptl

                    </span>

                    <span class="est">
                        (cost=0.00..285.63
                        rows=14763
                        width=12)
                    </span>

                    <span class="act">
                        (actual
                        time=0.164..11.285
                        rows=7442
                        loops=1)
                    </span>
                </p>


            </div>
        </td>
    </tr>














            






    <tr id="l17" class="n even c-m" data-node_id="16" data-node_parent="8" data-level="9" data-e="1" data-i="1" data-x="1">
        <td class="u "><a href="#l17">17.</a></td>
        <td class="e c-1">
            <span>0.012</span>
        </td>
        <td class="i c-1">
            <span>0.022</span>
        </td>
        <td class="x c-1">
            <span>
                &uarr;
                1.0
            </span>
        </td>
        <td class="r"><span>4</span></td>
        <td class="l"><span>1</span></td>
        <td class="n">
            <div class="n" style="margin-left:220px">

                <div class="ico">&rarr;</div>

                <p>
                    <span class="node">

                        Hash


                    </span>

                    <span class="est">
                        (cost=1.04..1.04
                        rows=4
                        width=222)
                    </span>

                    <span class="act">
                        (actual
                        time=0.022..0.022
                        rows=4
                        loops=1)
                    </span>
                </p>


            </div>
        </td>
    </tr>





            






    <tr id="l18" class="n odd c-m" data-node_id="17" data-node_parent="16" data-level="10" data-e="1" data-i="1" data-x="1">
        <td class="u "><a href="#l18">18.</a></td>
        <td class="e c-1">
            <span>0.010</span>
        </td>
        <td class="i c-1">
            <span>0.010</span>
        </td>
        <td class="x c-1">
            <span>
                &uarr;
                1.0
            </span>
        </td>
        <td class="r"><span>4</span></td>
        <td class="l"><span>1</span></td>
        <td class="n">
            <div class="n" style="margin-left:242px">

                <div class="ico">&rarr;</div>

                <p>
                    <span class="node">

                        Seq Scan

                            on project_status_lut pstat

                    </span>

                    <span class="est">
                        (cost=0.00..1.04
                        rows=4
                        width=222)
                    </span>

                    <span class="act">
                        (actual
                        time=0.006..0.010
                        rows=4
                        loops=1)
                    </span>
                </p>


            </div>
        </td>
    </tr>














            






    <tr id="l19" class="n even c-m" data-node_id="18" data-node_parent="7" data-level="8" data-e="1" data-i="1" data-x="1">
        <td class="u "><a href="#l19">19.</a></td>
        <td class="e c-1">
            <span>9.415</span>
        </td>
        <td class="i c-1">
            <span>18.434</span>
        </td>
        <td class="x c-1">
            <span>
                &darr;
                1.0
            </span>
        </td>
        <td class="r"><span>5707</span></td>
        <td class="l"><span>1</span></td>
        <td class="n">
            <div class="n" style="margin-left:198px">

                <div class="ico">&rarr;</div>

                <p>
                    <span class="node">

                        Hash


                    </span>

                    <span class="est">
                        (cost=226.47..226.47
                        rows=5447
                        width=17)
                    </span>

                    <span class="act">
                        (actual
                        time=18.434..18.434
                        rows=5707
                        loops=1)
                    </span>
                </p>


            </div>
        </td>
    </tr>





            






    <tr id="l20" class="n odd c-m" data-node_id="19" data-node_parent="18" data-level="9" data-e="1" data-i="1" data-x="1">
        <td class="u "><a href="#l20">20.</a></td>
        <td class="e c-1">
            <span>9.019</span>
        </td>
        <td class="i c-1">
            <span>9.019</span>
        </td>
        <td class="x c-1">
            <span>
                &darr;
                1.0
            </span>
        </td>
        <td class="r"><span>5707</span></td>
        <td class="l"><span>1</span></td>
        <td class="n">
            <div class="n" style="margin-left:220px">

                <div class="ico">&rarr;</div>

                <p>
                    <span class="node">

                        Seq Scan

                            on person 

                    </span>

                    <span class="est">
                        (cost=0.00..226.47
                        rows=5447
                        width=17)
                    </span>

                    <span class="act">
                        (actual
                        time=0.011..9.019
                        rows=5707
                        loops=1)
                    </span>
                </p>


            </div>
        </td>
    </tr>














            






    <tr id="l21" class="n even c-m" data-node_id="20" data-node_parent="6" data-level="7" data-e="1" data-i="1" data-x="1">
        <td class="u "><a href="#l21">21.</a></td>
        <td class="e c-1">
            <span>9.354</span>
        </td>
        <td class="i c-1">
            <span>17.760</span>
        </td>
        <td class="x c-1">
            <span>
                &darr;
                1.0
            </span>
        </td>
        <td class="r"><span>5707</span></td>
        <td class="l"><span>1</span></td>
        <td class="n">
            <div class="n" style="margin-left:176px">

                <div class="ico">&rarr;</div>

                <p>
                    <span class="node">

                        Hash


                    </span>

                    <span class="est">
                        (cost=226.47..226.47
                        rows=5447
                        width=17)
                    </span>

                    <span class="act">
                        (actual
                        time=17.760..17.760
                        rows=5707
                        loops=1)
                    </span>
                </p>


            </div>
        </td>
    </tr>





            






    <tr id="l22" class="n odd c-m" data-node_id="21" data-node_parent="20" data-level="8" data-e="1" data-i="1" data-x="1">
        <td class="u "><a href="#l22">22.</a></td>
        <td class="e c-1">
            <span>8.406</span>
        </td>
        <td class="i c-1">
            <span>8.406</span>
        </td>
        <td class="x c-1">
            <span>
                &darr;
                1.0
            </span>
        </td>
        <td class="r"><span>5707</span></td>
        <td class="l"><span>1</span></td>
        <td class="n">
            <div class="n" style="margin-left:198px">

                <div class="ico">&rarr;</div>

                <p>
                    <span class="node">

                        Seq Scan

                            on person 

                    </span>

                    <span class="est">
                        (cost=0.00..226.47
                        rows=5447
                        width=17)
                    </span>

                    <span class="act">
                        (actual
                        time=0.005..8.406
                        rows=5707
                        loops=1)
                    </span>
                </p>


            </div>
        </td>
    </tr>














            






    <tr id="l23" class="n even c-m" data-node_id="22" data-node_parent="5" data-level="6" data-e="1" data-i="1" data-x="1">
        <td class="u "><a href="#l23">23.</a></td>
        <td class="e c-1">
            <span>9.294</span>
        </td>
        <td class="i c-1">
            <span>17.721</span>
        </td>
        <td class="x c-1">
            <span>
                &darr;
                1.0
            </span>
        </td>
        <td class="r"><span>5707</span></td>
        <td class="l"><span>1</span></td>
        <td class="n">
            <div class="n" style="margin-left:154px">

                <div class="ico">&rarr;</div>

                <p>
                    <span class="node">

                        Hash


                    </span>

                    <span class="est">
                        (cost=226.47..226.47
                        rows=5447
                        width=17)
                    </span>

                    <span class="act">
                        (actual
                        time=17.721..17.721
                        rows=5707
                        loops=1)
                    </span>
                </p>


            </div>
        </td>
    </tr>





            






    <tr id="l24" class="n odd c-m" data-node_id="23" data-node_parent="22" data-level="7" data-e="1" data-i="1" data-x="1">
        <td class="u "><a href="#l24">24.</a></td>
        <td class="e c-1">
            <span>8.427</span>
        </td>
        <td class="i c-1">
            <span>8.427</span>
        </td>
        <td class="x c-1">
            <span>
                &darr;
                1.0
            </span>
        </td>
        <td class="r"><span>5707</span></td>
        <td class="l"><span>1</span></td>
        <td class="n">
            <div class="n" style="margin-left:176px">

                <div class="ico">&rarr;</div>

                <p>
                    <span class="node">

                        Seq Scan

                            on person 

                    </span>

                    <span class="est">
                        (cost=0.00..226.47
                        rows=5447
                        width=17)
                    </span>

                    <span class="act">
                        (actual
                        time=0.005..8.427
                        rows=5707
                        loops=1)
                    </span>
                </p>


            </div>
        </td>
    </tr>














            






    <tr id="l25" class="n even c-m" data-node_id="24" data-node_parent="4" data-level="5" data-e="1" data-i="1" data-x="1">
        <td class="u "><a href="#l25">25.</a></td>
        <td class="e c-1">
            <span>2.996</span>
        </td>
        <td class="i c-1">
            <span>6.708</span>
        </td>
        <td class="x c-1">
            <span>
                &darr;
                1.0
            </span>
        </td>
        <td class="r"><span>1663</span></td>
        <td class="l"><span>1</span></td>
        <td class="n">
            <div class="n" style="margin-left:132px">

                <div class="ico">&rarr;</div>

                <p>
                    <span class="node">

                        Hash


                    </span>

                    <span class="est">
                        (cost=200.61..200.61
                        rows=1661
                        width=65)
                    </span>

                    <span class="act">
                        (actual
                        time=6.708..6.708
                        rows=1663
                        loops=1)
                    </span>
                </p>


            </div>
        </td>
    </tr>





            






    <tr id="l26" class="n odd c-m" data-node_id="25" data-node_parent="24" data-level="6" data-e="1" data-i="1" data-x="1">
        <td class="u "><a href="#l26">26.</a></td>
        <td class="e c-1">
            <span>3.712</span>
        </td>
        <td class="i c-1">
            <span>3.712</span>
        </td>
        <td class="x c-1">
            <span>
                &darr;
                1.0
            </span>
        </td>
        <td class="r"><span>1663</span></td>
        <td class="l"><span>1</span></td>
        <td class="n">
            <div class="n" style="margin-left:154px">

                <div class="ico">&rarr;</div>

                <p>
                    <span class="node">

                        Seq Scan

                            on cmt_lut 

                    </span>

                    <span class="est">
                        (cost=0.00..200.61
                        rows=1661
                        width=65)
                    </span>

                    <span class="act">
                        (actual
                        time=0.009..3.712
                        rows=1663
                        loops=1)
                    </span>
                </p>


            </div>
        </td>
    </tr>

















            






    <tr id="l27" class="n even c-m" data-node_id="26" data-node_parent="2" data-level="3" data-e="1" data-i="1" data-x="2">
        <td class="u "><a href="#l27">27.</a></td>
        <td class="e c-1">
            <span>6.060</span>
        </td>
        <td class="i c-1">
            <span>150.035</span>
        </td>
        <td class="x c-2">
            <span>
                &uarr;
                12.8
            </span>
        </td>
        <td class="r"><span>1805</span></td>
        <td class="l"><span>1</span></td>
        <td class="n">
            <div class="n" style="margin-left:88px">

                <div class="ico">&rarr;</div>

                <p>
                    <span class="node">

                        Sort


                    </span>

                    <span class="est">
                        (cost=26607.64..26665.42
                        rows=23110
                        width=12)
                    </span>

                    <span class="act">
                        (actual
                        time=147.134..150.035
                        rows=1805
                        loops=1)
                    </span>
                </p>

                    <ul class="ex-nfo">
                            <li>Sort Key: ca.id</li>
                            <li>Sort Method:  quicksort  Memory: 133kB</li>
                    </ul>

            </div>
        </td>
    </tr>





            






    <tr id="l28" class="n odd c-m" data-node_id="27" data-node_parent="26" data-level="4" data-e="1" data-i="1" data-x="2">
        <td class="u "><a href="#l28">28.</a></td>
        <td class="e c-1">
            <span>4.707</span>
        </td>
        <td class="i c-1">
            <span>143.975</span>
        </td>
        <td class="x c-2">
            <span>
                &uarr;
                12.8
            </span>
        </td>
        <td class="r"><span>1805</span></td>
        <td class="l"><span>1</span></td>
        <td class="n">
            <div class="n" style="margin-left:110px">

                <div class="ico">&rarr;</div>

                <p>
                    <span class="node">

                        Subquery Scan ca


                    </span>

                    <span class="est">
                        (cost=24412.63..24932.60
                        rows=23110
                        width=12)
                    </span>

                    <span class="act">
                        (actual
                        time=136.634..143.975
                        rows=1805
                        loops=1)
                    </span>
                </p>


            </div>
        </td>
    </tr>





            






    <tr id="l29" class="n even c-m" data-node_id="28" data-node_parent="27" data-level="5" data-e="1" data-i="1" data-x="2">
        <td class="u "><a href="#l29">29.</a></td>
        <td class="e c-1">
            <span>8.434</span>
        </td>
        <td class="i c-1">
            <span>139.268</span>
        </td>
        <td class="x c-2">
            <span>
                &uarr;
                12.8
            </span>
        </td>
        <td class="r"><span>1805</span></td>
        <td class="l"><span>1</span></td>
        <td class="n">
            <div class="n" style="margin-left:132px">

                <div class="ico">&rarr;</div>

                <p>
                    <span class="node">

                        HashAggregate


                    </span>

                    <span class="est">
                        (cost=24412.63..24701.50
                        rows=23110
                        width=12)
                    </span>

                    <span class="act">
                        (actual
                        time=136.629..139.268
                        rows=1805
                        loops=1)
                    </span>
                </p>


            </div>
        </td>
    </tr>





            






    <tr id="l30" class="n odd c-m" data-node_id="29" data-node_parent="28" data-level="6" data-e="1" data-i="1" data-x="1">
        <td class="u "><a href="#l30">30.</a></td>
        <td class="e c-1">
            <span>10.362</span>
        </td>
        <td class="i c-1">
            <span>130.834</span>
        </td>
        <td class="x c-1">
            <span>
                &uarr;
                7.0
            </span>
        </td>
        <td class="r"><span>3311</span></td>
        <td class="l"><span>1</span></td>
        <td class="n">
            <div class="n" style="margin-left:154px">

                <div class="ico">&rarr;</div>

                <p>
                    <span class="node">

                        Hash Join


                    </span>

                    <span class="est">
                        (cost=11127.23..24297.08
                        rows=23110
                        width=12)
                    </span>

                    <span class="act">
                        (actual
                        time=113.127..130.834
                        rows=3311
                        loops=1)
                    </span>
                </p>

                    <ul class="ex-nfo">
                            <li>Hash Cond: (ca.project_id = p.id)</li>
                    </ul>

            </div>
        </td>
    </tr>





            






    <tr id="l31" class="n even c-m" data-node_id="30" data-node_parent="29" data-level="7" data-e="1" data-i="1" data-x="1">
        <td class="u "><a href="#l31">31.</a></td>
        <td class="e c-1">
            <span>7.763</span>
        </td>
        <td class="i c-1">
            <span>7.763</span>
        </td>
        <td class="x c-1">
            <span>
                &uarr;
                7.0
            </span>
        </td>
        <td class="r"><span>3311</span></td>
        <td class="l"><span>1</span></td>
        <td class="n">
            <div class="n" style="margin-left:176px">

                <div class="ico">&rarr;</div>

                <p>
                    <span class="node">

                        Index Scan

                            using prtype_idx on accomplishment ca

                    </span>

                    <span class="est">
                        (cost=0.00..12678.76
                        rows=23110
                        width=12)
                    </span>

                    <span class="act">
                        (actual
                        time=0.359..7.763
                        rows=3311
                        loops=1)
                    </span>
                </p>

                    <ul class="ex-nfo">
                            <li>Index Cond: (program_type_id = 2)</li>
                    </ul>

            </div>
        </td>
    </tr>








            






    <tr id="l32" class="n even c-m" data-node_id="31" data-node_parent="29" data-level="7" data-e="1" data-i="1" data-x="1">
        <td class="u "><a href="#l32">32.</a></td>
        <td class="e c-1">
            <span>48.915</span>
        </td>
        <td class="i c-1">
            <span>112.709</span>
        </td>
        <td class="x c-1">
            <span>
                &uarr;
                2.0
            </span>
        </td>
        <td class="r"><span>30094</span></td>
        <td class="l"><span>1</span></td>
        <td class="n">
            <div class="n" style="margin-left:176px">

                <div class="ico">&rarr;</div>

                <p>
                    <span class="node">

                        Hash


                    </span>

                    <span class="est">
                        (cost=10374.88..10374.88
                        rows=60188
                        width=4)
                    </span>

                    <span class="act">
                        (actual
                        time=112.709..112.709
                        rows=30094
                        loops=1)
                    </span>
                </p>


            </div>
        </td>
    </tr>





            






    <tr id="l33" class="n odd c-m" data-node_id="32" data-node_parent="31" data-level="8" data-e="1" data-i="1" data-x="1">
        <td class="u "><a href="#l33">33.</a></td>
        <td class="e c-1">
            <span>63.794</span>
        </td>
        <td class="i c-1">
            <span>63.794</span>
        </td>
        <td class="x c-1">
            <span>
                &uarr;
                2.0
            </span>
        </td>
        <td class="r"><span>30094</span></td>
        <td class="l"><span>1</span></td>
        <td class="n">
            <div class="n" style="margin-left:198px">

                <div class="ico">&rarr;</div>

                <p>
                    <span class="node">

                        Seq Scan

                            on project p

                    </span>

                    <span class="est">
                        (cost=0.00..10374.88
                        rows=60188
                        width=4)
                    </span>

                    <span class="act">
                        (actual
                        time=0.012..63.794
                        rows=30094
                        loops=1)
                    </span>
                </p>


            </div>
        </td>
    </tr>


























            






    <tr id="l34" class="n even c-m" data-node_id="33" data-node_parent="1" data-level="2" data-e="1" data-i="2" data-x="1">
        <td class="u "><a href="#l34">34.</a></td>
        <td class="e c-1">
            <span>93.960</span>
        </td>
        <td class="i c-2">
            <span>645.110</span>
        </td>
        <td class="x c-1">
            <span>
                &uarr;
                2.2
            </span>
        </td>
        <td class="r"><span>26923</span></td>
        <td class="l"><span>1</span></td>
        <td class="n">
            <div class="n" style="margin-left:66px">

                <div class="ico">&rarr;</div>

                <p>
                    <span class="node">

                        Sort


                    </span>

                    <span class="est">
                        (cost=41908.50..42058.97
                        rows=60188
                        width=12)
                    </span>

                    <span class="act">
                        (actual
                        time=601.867..645.110
                        rows=26923
                        loops=1)
                    </span>
                </p>

                    <ul class="ex-nfo">
                            <li>Sort Key: pfwa.id</li>
                            <li>Sort Method:  quicksort  Memory: 2031kB</li>
                    </ul>

            </div>
        </td>
    </tr>





            






    <tr id="l35" class="n odd c-m" data-node_id="34" data-node_parent="33" data-level="3" data-e="1" data-i="2" data-x="1">
        <td class="u "><a href="#l35">35.</a></td>
        <td class="e c-1">
            <span>71.758</span>
        </td>
        <td class="i c-2">
            <span>551.150</span>
        </td>
        <td class="x c-1">
            <span>
                &uarr;
                2.2
            </span>
        </td>
        <td class="r"><span>26923</span></td>
        <td class="l"><span>1</span></td>
        <td class="n">
            <div class="n" style="margin-left:88px">

                <div class="ico">&rarr;</div>

                <p>
                    <span class="node">

                        Subquery Scan pfwa


                    </span>

                    <span class="est">
                        (cost=35776.19..37130.42
                        rows=60188
                        width=12)
                    </span>

                    <span class="act">
                        (actual
                        time=437.629..551.150
                        rows=26923
                        loops=1)
                    </span>
                </p>


            </div>
        </td>
    </tr>





            






    <tr id="l36" class="n even c-m" data-node_id="35" data-node_parent="34" data-level="4" data-e="1" data-i="2" data-x="1">
        <td class="u "><a href="#l36">36.</a></td>
        <td class="e c-1">
            <span>120.878</span>
        </td>
        <td class="i c-2">
            <span>479.392</span>
        </td>
        <td class="x c-1">
            <span>
                &uarr;
                2.2
            </span>
        </td>
        <td class="r"><span>26923</span></td>
        <td class="l"><span>1</span></td>
        <td class="n">
            <div class="n" style="margin-left:110px">

                <div class="ico">&rarr;</div>

                <p>
                    <span class="node">

                        HashAggregate


                    </span>

                    <span class="est">
                        (cost=35776.19..36528.54
                        rows=60188
                        width=12)
                    </span>

                    <span class="act">
                        (actual
                        time=437.624..479.392
                        rows=26923
                        loops=1)
                    </span>
                </p>


            </div>
        </td>
    </tr>





            






    <tr id="l37" class="n odd c-m" data-node_id="36" data-node_parent="35" data-level="5" data-e="1" data-i="1" data-x="1">
        <td class="u "><a href="#l37">37.</a></td>
        <td class="e c-1">
            <span>145.935</span>
        </td>
        <td class="i c-1">
            <span>358.514</span>
        </td>
        <td class="x c-1">
            <span>
                &uarr;
                2.4
            </span>
        </td>
        <td class="r"><span>45263</span></td>
        <td class="l"><span>1</span></td>
        <td class="n">
            <div class="n" style="margin-left:132px">

                <div class="ico">&rarr;</div>

                <p>
                    <span class="node">

                        Hash Join


                    </span>

                    <span class="est">
                        (cost=11127.23..35235.83
                        rows=108072
                        width=12)
                    </span>

                    <span class="act">
                        (actual
                        time=130.791..358.514
                        rows=45263
                        loops=1)
                    </span>
                </p>

                    <ul class="ex-nfo">
                            <li>Hash Cond: (pfwa.project_id = p.id)</li>
                    </ul>

            </div>
        </td>
    </tr>





            






    <tr id="l38" class="n even c-m" data-node_id="37" data-node_parent="36" data-level="6" data-e="1" data-i="1" data-x="1">
        <td class="u "><a href="#l38">38.</a></td>
        <td class="e c-1">
            <span>98.947</span>
        </td>
        <td class="i c-1">
            <span>98.947</span>
        </td>
        <td class="x c-1">
            <span>
                &uarr;
                7.0
            </span>
        </td>
        <td class="r"><span>45263</span></td>
        <td class="l"><span>1</span></td>
        <td class="n">
            <div class="n" style="margin-left:154px">

                <div class="ico">&rarr;</div>

                <p>
                    <span class="node">

                        Seq Scan

                            on accomplishment pfwa

                    </span>

                    <span class="est">
                        (cost=0.00..19466.01
                        rows=316610
                        width=12)
                    </span>

                    <span class="act">
                        (actual
                        time=17.095..98.947
                        rows=45263
                        loops=1)
                    </span>
                </p>

                    <ul class="ex-nfo">
                            <li>Filter: (program_type_id = 1)</li>
                    </ul>

            </div>
        </td>
    </tr>








            






    <tr id="l39" class="n even c-m" data-node_id="38" data-node_parent="36" data-level="6" data-e="1" data-i="1" data-x="1">
        <td class="u "><a href="#l39">39.</a></td>
        <td class="e c-1">
            <span>49.001</span>
        </td>
        <td class="i c-1">
            <span>113.632</span>
        </td>
        <td class="x c-1">
            <span>
                &uarr;
                2.0
            </span>
        </td>
        <td class="r"><span>30094</span></td>
        <td class="l"><span>1</span></td>
        <td class="n">
            <div class="n" style="margin-left:154px">

                <div class="ico">&rarr;</div>

                <p>
                    <span class="node">

                        Hash


                    </span>

                    <span class="est">
                        (cost=10374.88..10374.88
                        rows=60188
                        width=4)
                    </span>

                    <span class="act">
                        (actual
                        time=113.632..113.632
                        rows=30094
                        loops=1)
                    </span>
                </p>


            </div>
        </td>
    </tr>





            






    <tr id="l40" class="n odd c-m" data-node_id="39" data-node_parent="38" data-level="7" data-e="1" data-i="1" data-x="1">
        <td class="u "><a href="#l40">40.</a></td>
        <td class="e c-1">
            <span>64.631</span>
        </td>
        <td class="i c-1">
            <span>64.631</span>
        </td>
        <td class="x c-1">
            <span>
                &uarr;
                2.0
            </span>
        </td>
        <td class="r"><span>30094</span></td>
        <td class="l"><span>1</span></td>
        <td class="n">
            <div class="n" style="margin-left:176px">

                <div class="ico">&rarr;</div>

                <p>
                    <span class="node">

                        Seq Scan

                            on project p

                    </span>

                    <span class="est">
                        (cost=0.00..10374.88
                        rows=60188
                        width=4)
                    </span>

                    <span class="act">
                        (actual
                        time=0.010..64.631
                        rows=30094
                        loops=1)
                    </span>
                </p>


            </div>
        </td>
    </tr>


























            






    <tr id="l41" class="n even c-m" data-node_id="40" data-node_parent="0" data-level="1" data-e="1" data-i="2" data-x="1">
        <td class="u "><a href="#l41">41.</a></td>
        <td class="e c-1">
            <span>99.782</span>
        </td>
        <td class="i c-2">
            <span>445.135</span>
        </td>
        <td class="x c-1">
            <span>
                &uarr;
                1.8
            </span>
        </td>
        <td class="r"><span>26399</span></td>
        <td class="l"><span>1</span></td>
        <td class="n">
            <div class="n" style="margin-left:44px">

                <div class="ico">&rarr;</div>

                <p>
                    <span class="node">

                        Sort


                    </span>

                    <span class="est">
                        (cost=7272.36..7388.71
                        rows=46543
                        width=100)
                    </span>

                    <span class="act">
                        (actual
                        time=398.744..445.135
                        rows=26399
                        loops=1)
                    </span>
                </p>

                    <ul class="ex-nfo">
                            <li>Sort Key: pstd.project_id</li>
                            <li>Sort Method:  quicksort  Memory: 2836kB</li>
                    </ul>

            </div>
        </td>
    </tr>





            






    <tr id="l42" class="n odd c-m" data-node_id="41" data-node_parent="40" data-level="2" data-e="1" data-i="1" data-x="1">
        <td class="u "><a href="#l42">42.</a></td>
        <td class="e c-1">
            <span>70.107</span>
        </td>
        <td class="i c-1">
            <span>345.353</span>
        </td>
        <td class="x c-1">
            <span>
                &uarr;
                1.8
            </span>
        </td>
        <td class="r"><span>26399</span></td>
        <td class="l"><span>1</span></td>
        <td class="n">
            <div class="n" style="margin-left:66px">

                <div class="ico">&rarr;</div>

                <p>
                    <span class="node">

                        Subquery Scan pstd


                    </span>

                    <span class="est">
                        (cost=2383.88..3663.81
                        rows=46543
                        width=100)
                    </span>

                    <span class="act">
                        (actual
                        time=223.016..345.353
                        rows=26399
                        loops=1)
                    </span>
                </p>


            </div>
        </td>
    </tr>





            






    <tr id="l43" class="n even c-m" data-node_id="42" data-node_parent="41" data-level="3" data-e="1" data-i="1" data-x="1">
        <td class="u "><a href="#l43">43.</a></td>
        <td class="e c-1">
            <span>207.271</span>
        </td>
        <td class="i c-1">
            <span>275.246</span>
        </td>
        <td class="x c-1">
            <span>
                &uarr;
                1.8
            </span>
        </td>
        <td class="r"><span>26399</span></td>
        <td class="l"><span>1</span></td>
        <td class="n">
            <div class="n" style="margin-left:88px">

                <div class="ico">&rarr;</div>

                <p>
                    <span class="node">

                        HashAggregate


                    </span>

                    <span class="est">
                        (cost=2383.88..3198.38
                        rows=46543
                        width=32)
                    </span>

                    <span class="act">
                        (actual
                        time=223.012..275.246
                        rows=26399
                        loops=1)
                    </span>
                </p>


            </div>
        </td>
    </tr>





            






    <tr id="l44" class="n odd c-m" data-node_id="43" data-node_parent="42" data-level="4" data-e="1" data-i="1" data-x="1">
        <td class="u "><a href="#l44">44.</a></td>
        <td class="e c-1">
            <span>67.975</span>
        </td>
        <td class="i c-1">
            <span>67.975</span>
        </td>
        <td class="x c-1">
            <span>
                &uarr;
                2.0
            </span>
        </td>
        <td class="r"><span>45754</span></td>
        <td class="l"><span>1</span></td>
        <td class="n">
            <div class="n" style="margin-left:110px">

                <div class="ico">&rarr;</div>

                <p>
                    <span class="node">

                        Seq Scan

                            on rprt_accomp_sptl_calc a

                    </span>

                    <span class="est">
                        (cost=0.00..1471.44
                        rows=91244
                        width=32)
                    </span>

                    <span class="act">
                        (actual
                        time=0.704..67.975
                        rows=45754
                        loops=1)
                    </span>
                </p>


            </div>
        </td>
    </tr>




















            </tbody>
        </table>
    </div>

    <div class="result-text hidden">
        <pre id="source">&quot;Merge Left Join  (cost=94078.36..109791.24 rows=46543 width=16863) (actual time=2087.679..3741.819 rows=26651 loops=1)&quot;
&quot;  Merge Cond: (pp.id = pstd.project_id)&quot;
&quot;  -&gt;  Merge Left Join  (cost=86806.00..87791.21 rows=26651 width=16771) (actual time=1688.630..2027.393 rows=26651 loops=1)&quot;
&quot;        Merge Cond: (p.id = pfwa.id)&quot;
&quot;        -&gt;  Merge Left Join  (cost=44897.51..45248.64 rows=26651 width=16763) (actual time=1086.736..1244.956 rows=26651 loops=1)&quot;
&quot;              Merge Cond: (p.id = ca.id)&quot;
&quot;              -&gt;  Sort  (cost=18289.86..18356.49 rows=26651 width=16755) (actual time=939.584..981.071 rows=26651 loops=1)&quot;
&quot;                    Sort Key: p.id&quot;
&quot;                    Sort Method:  quicksort  Memory: 16919kB&quot;
&quot;                    -&gt;  Hash Left Join  (cost=2736.96..16330.76 rows=26651 width=16755) (actual time=170.517..856.806 rows=26651 loops=1)&quot;
&quot;                          Hash Cond: ((p.primary_office_id)::numeric = cmt_lut.office_id)&quot;
&quot;                          -&gt;  Hash Left Join  (cost=2515.59..15643.00 rows=26651 width=16698) (actual time=163.780..752.517 rows=26651 loops=1)&quot;
&quot;                                Hash Cond: (p.fws_poc_id = ecos_data.person.person_id)&quot;
&quot;                                -&gt;  Hash Left Join  (cost=2221.03..14848.77 rows=26651 width=16685) (actual time=146.038..649.420 rows=26651 loops=1)&quot;
&quot;                                      Hash Cond: (p.created_by = ecos_data.person.person_id)&quot;
&quot;                                      -&gt;  Hash Left Join  (cost=1926.47..14271.25 rows=26651 width=16672) (actual time=128.262..554.134 rows=26651 loops=1)&quot;
&quot;                                            Hash Cond: (p.last_updated_by = ecos_data.person.person_id)&quot;
&quot;                                            -&gt;  Hash Left Join  (cost=1631.91..13678.19 rows=26651 width=16659) (actual time=109.815..457.175 rows=26651 loops=1)&quot;
&quot;                                                  Hash Cond: (p.project_status_id = pstat.id)&quot;
&quot;                                                  -&gt;  Hash Left Join  (cost=1630.82..13314.52 rows=26651 width=16441) (actual time=109.776..378.681 rows=26651 loops=1)&quot;
&quot;                                                        Hash Cond: (p.id = sptl.project_id)&quot;
&quot;                                                        -&gt;  Hash Join  (cost=1160.66..12479.16 rows=26651 width=16433) (actual time=86.665..273.120 rows=26651 loops=1)&quot;
&quot;                                                              Hash Cond: (p.id = pp.id)&quot;
&quot;                                                              -&gt;  Seq Scan on project p  (cost=0.00..10374.88 rows=60188 width=16321) (actual time=0.018..62.612 rows=30094 loops=1)&quot;
&quot;                                                              -&gt;  Hash  (cost=827.52..827.52 rows=26651 width=112) (actual time=86.615..86.615 rows=26651 loops=1)&quot;
&quot;                                                                    -&gt;  Seq Scan on project_point pp  (cost=0.00..827.52 rows=26651 width=112) (actual time=0.175..43.726 rows=26651 loops=1)&quot;
&quot;                                                                          Filter: (geom IS NOT NULL)&quot;
&quot;                                                        -&gt;  Hash  (cost=285.63..285.63 rows=14763 width=12) (actual time=23.092..23.092 rows=7442 loops=1)&quot;
&quot;                                                              -&gt;  Seq Scan on rprt_project_sptl_data sptl  (cost=0.00..285.63 rows=14763 width=12) (actual time=0.164..11.285 rows=7442 loops=1)&quot;
&quot;                                                  -&gt;  Hash  (cost=1.04..1.04 rows=4 width=222) (actual time=0.022..0.022 rows=4 loops=1)&quot;
&quot;                                                        -&gt;  Seq Scan on project_status_lut pstat  (cost=0.00..1.04 rows=4 width=222) (actual time=0.006..0.010 rows=4 loops=1)&quot;
&quot;                                            -&gt;  Hash  (cost=226.47..226.47 rows=5447 width=17) (actual time=18.434..18.434 rows=5707 loops=1)&quot;
&quot;                                                  -&gt;  Seq Scan on person  (cost=0.00..226.47 rows=5447 width=17) (actual time=0.011..9.019 rows=5707 loops=1)&quot;
&quot;                                      -&gt;  Hash  (cost=226.47..226.47 rows=5447 width=17) (actual time=17.760..17.760 rows=5707 loops=1)&quot;
&quot;                                            -&gt;  Seq Scan on person  (cost=0.00..226.47 rows=5447 width=17) (actual time=0.005..8.406 rows=5707 loops=1)&quot;
&quot;                                -&gt;  Hash  (cost=226.47..226.47 rows=5447 width=17) (actual time=17.721..17.721 rows=5707 loops=1)&quot;
&quot;                                      -&gt;  Seq Scan on person  (cost=0.00..226.47 rows=5447 width=17) (actual time=0.005..8.427 rows=5707 loops=1)&quot;
&quot;                          -&gt;  Hash  (cost=200.61..200.61 rows=1661 width=65) (actual time=6.708..6.708 rows=1663 loops=1)&quot;
&quot;                                -&gt;  Seq Scan on cmt_lut  (cost=0.00..200.61 rows=1661 width=65) (actual time=0.009..3.712 rows=1663 loops=1)&quot;
&quot;              -&gt;  Sort  (cost=26607.64..26665.42 rows=23110 width=12) (actual time=147.134..150.035 rows=1805 loops=1)&quot;
&quot;                    Sort Key: ca.id&quot;
&quot;                    Sort Method:  quicksort  Memory: 133kB&quot;
&quot;                    -&gt;  Subquery Scan ca  (cost=24412.63..24932.60 rows=23110 width=12) (actual time=136.634..143.975 rows=1805 loops=1)&quot;
&quot;                          -&gt;  HashAggregate  (cost=24412.63..24701.50 rows=23110 width=12) (actual time=136.629..139.268 rows=1805 loops=1)&quot;
&quot;                                -&gt;  Hash Join  (cost=11127.23..24297.08 rows=23110 width=12) (actual time=113.127..130.834 rows=3311 loops=1)&quot;
&quot;                                      Hash Cond: (ca.project_id = p.id)&quot;
&quot;                                      -&gt;  Index Scan using prtype_idx on accomplishment ca  (cost=0.00..12678.76 rows=23110 width=12) (actual time=0.359..7.763 rows=3311 loops=1)&quot;
&quot;                                            Index Cond: (program_type_id = 2)&quot;
&quot;                                      -&gt;  Hash  (cost=10374.88..10374.88 rows=60188 width=4) (actual time=112.709..112.709 rows=30094 loops=1)&quot;
&quot;                                            -&gt;  Seq Scan on project p  (cost=0.00..10374.88 rows=60188 width=4) (actual time=0.012..63.794 rows=30094 loops=1)&quot;
&quot;        -&gt;  Sort  (cost=41908.50..42058.97 rows=60188 width=12) (actual time=601.867..645.110 rows=26923 loops=1)&quot;
&quot;              Sort Key: pfwa.id&quot;
&quot;              Sort Method:  quicksort  Memory: 2031kB&quot;
&quot;              -&gt;  Subquery Scan pfwa  (cost=35776.19..37130.42 rows=60188 width=12) (actual time=437.629..551.150 rows=26923 loops=1)&quot;
&quot;                    -&gt;  HashAggregate  (cost=35776.19..36528.54 rows=60188 width=12) (actual time=437.624..479.392 rows=26923 loops=1)&quot;
&quot;                          -&gt;  Hash Join  (cost=11127.23..35235.83 rows=108072 width=12) (actual time=130.791..358.514 rows=45263 loops=1)&quot;
&quot;                                Hash Cond: (pfwa.project_id = p.id)&quot;
&quot;                                -&gt;  Seq Scan on accomplishment pfwa  (cost=0.00..19466.01 rows=316610 width=12) (actual time=17.095..98.947 rows=45263 loops=1)&quot;
&quot;                                      Filter: (program_type_id = 1)&quot;
&quot;                                -&gt;  Hash  (cost=10374.88..10374.88 rows=60188 width=4) (actual time=113.632..113.632 rows=30094 loops=1)&quot;
&quot;                                      -&gt;  Seq Scan on project p  (cost=0.00..10374.88 rows=60188 width=4) (actual time=0.010..64.631 rows=30094 loops=1)&quot;
&quot;  -&gt;  Sort  (cost=7272.36..7388.71 rows=46543 width=100) (actual time=398.744..445.135 rows=26399 loops=1)&quot;
&quot;        Sort Key: pstd.project_id&quot;
&quot;        Sort Method:  quicksort  Memory: 2836kB&quot;
&quot;        -&gt;  Subquery Scan pstd  (cost=2383.88..3663.81 rows=46543 width=100) (actual time=223.016..345.353 rows=26399 loops=1)&quot;
&quot;              -&gt;  HashAggregate  (cost=2383.88..3198.38 rows=46543 width=32) (actual time=223.012..275.246 rows=26399 loops=1)&quot;
&quot;                    -&gt;  Seq Scan on rprt_accomp_sptl_calc a  (cost=0.00..1471.44 rows=91244 width=32) (actual time=0.704..67.975 rows=45754 loops=1)&quot;
&quot;Total runtime: 3804.526 ms&quot;
</pre>
    </div>

    <div class="result-stats hidden">
        <h1>Per node type stats</h1>
        <table class="stats">
            <thead>
            <tr><th>node type</th><th>count</th><th>sum of times</th><th>% of query</th></tr>
            </thead>
            <tbody>
                <tr class="table-detail">
                <td class="node-type">Hash</td>
                <td class="count">9</td>
                <td class="time">183.683 ms</td>
                <td class="percent">
                    
                    
                    
                    4.9 %
                </td>
                </tr>
                <tr class="table-detail">
                <td class="node-type">Hash Join</td>
                <td class="count">3</td>
                <td class="time">280.190 ms</td>
                <td class="percent">
                    
                    
                    
                    7.5 %
                </td>
                </tr>
                <tr class="table-detail">
                <td class="node-type">Hash Left Join</td>
                <td class="count">6</td>
                <td class="time">499.949 ms</td>
                <td class="percent">
                    
                    
                    
                    13.4 %
                </td>
                </tr>
                <tr class="table-detail">
                <td class="node-type">HashAggregate</td>
                <td class="count">3</td>
                <td class="time">336.583 ms</td>
                <td class="percent">
                    
                    
                    
                    9.0 %
                </td>
                </tr>
                <tr class="table-detail">
                <td class="node-type">Index Scan</td>
                <td class="count">1</td>
                <td class="time">7.763 ms</td>
                <td class="percent">
                    
                    
                    
                    0.2 %
                </td>
                </tr>
                <tr class="table-detail">
                <td class="node-type">Merge Left Join</td>
                <td class="count">3</td>
                <td class="time">1520.468 ms</td>
                <td class="percent">
                    
                    
                    
                    40.6 %
                </td>
                </tr>
                <tr class="table-detail">
                <td class="node-type">Seq Scan</td>
                <td class="count">12</td>
                <td class="time">442.544 ms</td>
                <td class="percent">
                    
                    
                    
                    11.8 %
                </td>
                </tr>
                <tr class="table-detail">
                <td class="node-type">Sort</td>
                <td class="count">4</td>
                <td class="time">324.067 ms</td>
                <td class="percent">
                    
                    
                    
                    8.7 %
                </td>
                </tr>
                <tr class="table-detail">
                <td class="node-type">Subquery Scan ca</td>
                <td class="count">1</td>
                <td class="time">4.707 ms</td>
                <td class="percent">
                    
                    
                    
                    0.1 %
                </td>
                </tr>
                <tr class="table-detail">
                <td class="node-type">Subquery Scan pfwa</td>
                <td class="count">1</td>
                <td class="time">71.758 ms</td>
                <td class="percent">
                    
                    
                    
                    1.9 %
                </td>
                </tr>
                <tr class="table-detail">
                <td class="node-type">Subquery Scan pstd</td>
                <td class="count">1</td>
                <td class="time">70.107 ms</td>
                <td class="percent">
                    
                    
                    
                    1.9 %
                </td>
                </tr>
            </tbody>
        </table>
        <h1>Per table stats</h1>
        <table class="stats">
            <thead>
            <tr><th>Table name</th><th>Scan count</th><th>Total time</th><th>% of query</th></tr>
            <tr><th>scan type</th><th>count</th><th>sum of times</th><th>% of table</th></tr>
            </thead>
            <tbody>
                <tr class="table-summary">
                <td class="table-name">accomplishment</td>
                <td class="count">2</td>
                <td class="time">106.710 ms</td>
                <td class="percent">
                    
                    
                    
                    2.9 %
                </td>
                </tr>
                <tr class="table-detail">
                <td class="scan-type">Index Scan</td>
                <td class="count">1</td>
                <td class="time">7.763 ms</td>
                <td class="percent">
                    
                    
                    
                    7.3 %
                </td>
                </tr>
                <tr class="table-detail">
                <td class="scan-type">Seq Scan</td>
                <td class="count">1</td>
                <td class="time">98.947 ms</td>
                <td class="percent">
                    
                    
                    
                    92.7 %
                </td>
                </tr>
                <tr class="table-summary">
                <td class="table-name">cmt_lut</td>
                <td class="count">1</td>
                <td class="time">3.712 ms</td>
                <td class="percent">
                    
                    
                    
                    0.1 %
                </td>
                </tr>
                <tr class="table-detail">
                <td class="scan-type">Seq Scan</td>
                <td class="count">1</td>
                <td class="time">3.712 ms</td>
                <td class="percent">
                    
                    
                    
                    100.0 %
                </td>
                </tr>
                <tr class="table-summary">
                <td class="table-name">person</td>
                <td class="count">3</td>
                <td class="time">25.852 ms</td>
                <td class="percent">
                    
                    
                    
                    0.7 %
                </td>
                </tr>
                <tr class="table-detail">
                <td class="scan-type">Seq Scan</td>
                <td class="count">3</td>
                <td class="time">25.852 ms</td>
                <td class="percent">
                    
                    
                    
                    100.0 %
                </td>
                </tr>
                <tr class="table-summary">
                <td class="table-name">project</td>
                <td class="count">3</td>
                <td class="time">191.037 ms</td>
                <td class="percent">
                    
                    
                    
                    5.1 %
                </td>
                </tr>
                <tr class="table-detail">
                <td class="scan-type">Seq Scan</td>
                <td class="count">3</td>
                <td class="time">191.037 ms</td>
                <td class="percent">
                    
                    
                    
                    100.0 %
                </td>
                </tr>
                <tr class="table-summary">
                <td class="table-name">project_point</td>
                <td class="count">1</td>
                <td class="time">43.726 ms</td>
                <td class="percent">
                    
                    
                    
                    1.2 %
                </td>
                </tr>
                <tr class="table-detail">
                <td class="scan-type">Seq Scan</td>
                <td class="count">1</td>
                <td class="time">43.726 ms</td>
                <td class="percent">
                    
                    
                    
                    100.0 %
                </td>
                </tr>
                <tr class="table-summary">
                <td class="table-name">project_status_lut</td>
                <td class="count">1</td>
                <td class="time">0.010 ms</td>
                <td class="percent">
                    
                    
                    
                    0.0 %
                </td>
                </tr>
                <tr class="table-detail">
                <td class="scan-type">Seq Scan</td>
                <td class="count">1</td>
                <td class="time">0.010 ms</td>
                <td class="percent">
                    
                    
                    
                    100.0 %
                </td>
                </tr>
                <tr class="table-summary">
                <td class="table-name">rprt_accomp_sptl_calc</td>
                <td class="count">1</td>
                <td class="time">67.975 ms</td>
                <td class="percent">
                    
                    
                    
                    1.8 %
                </td>
                </tr>
                <tr class="table-detail">
                <td class="scan-type">Seq Scan</td>
                <td class="count">1</td>
                <td class="time">67.975 ms</td>
                <td class="percent">
                    
                    
                    
                    100.0 %
                </td>
                </tr>
                <tr class="table-summary">
                <td class="table-name">rprt_project_sptl_data</td>
                <td class="count">1</td>
                <td class="time">11.285 ms</td>
                <td class="percent">
                    
                    
                    
                    0.3 %
                </td>
                </tr>
                <tr class="table-detail">
                <td class="scan-type">Seq Scan</td>
                <td class="count">1</td>
                <td class="time">11.285 ms</td>
                <td class="percent">
                    
                    
                    
                    100.0 %
                </td>
                </tr>
            </tbody>
        </table>
    </div>
</div>



            </section>

            <footer>
                <div>
                    <p class="copyright">Copyright &copy; 2009-2013 <a href="mailto:depesz@depesz.com" title="mail me">Hubert &quot;depesz&quot; Lubaczewski</a>, <a href="mailto:lukasz.metys.lewandowski@gmail.com">ukasz &quot;metys&quot; Lewandowski</a></p>
                    <p class="powered-by">powered by <a href="http://www.mojolicious.org" title="mojolicious web framework">mojolicious</a></p>
                </div>
            </footer>

        </div>
        <!-- /wrapper -->

    </body>
</html>

