http://explain.depesz.com/s/1Bj
HTTP/1.1 200 OK
Server: nginx
Date: Wed, 23 Jul 2014 07:47:50 GMT
Content-Type: text/html;charset=utf8
Content-Length: 159551
Connection: close
X-Powered-By: Mojolicious (Perl)

<!doctype html>
<html lang="en">
    <head>
        <meta charset="utf-8" />

        <title>1Bj | explain.depesz.com</title>

        <link rel="stylesheet" href="/css/style.css" />

        <!--[if lt IE 9]>
        <script>

            /* html5 elements */
            var elements = ( "abbr,article,aside,audio,cavnas,datalist,"
                           + "details,figure,footer,header,hgroup,mark,"
                           + "menu,meter,output,progress,section,video,"
                           + "time,nav" ).split( ',' );

            for ( var i = 0 ; i < elements.length ; i++ ) {
                document.createElement( elements[ i ] );
            }

        </script>
        <![endif]-->

        <script src="/js/jquery-1.5.1.min.js"></script>

        <script src="/js/jquery.cookie.min.js"></script>

        <script src="/js/explain.js"></script>

        
    <script>
        $( document ).ready( function( ) {

            /* startup */
            $.fn.explain( 'init', $( '#explain-form' ), $( '#explain' ) );

        } );
    </script>

    </head>
    <body class="show">

        <!-- wrapper -->
        <div id="wrapper">

            <header>
                <hgroup>
                    <h1>
                        <a href="/" title="link to: new explain" rel="permalink"><strong>explain</strong>.depesz.com</a>
                    </h1>
                    <h2><span>A tool for finding a real cause for slow queries.</span></h2>
                </hgroup>
            </header>

            <nav>
                <ul>
                    <li class="item item-new-explain">
                        <a href="/" title="link to: new explain" rel="permalink">new explain</a>
                    </li>
                    <li class="item item-history">
                        <a href="/history" title="link to: history" rel="permalink">history</a>
                    </li>
                    <li class="item item-help">
                        <a href="/help" title="link to: help" rel="permalink">help</a>
                    </li>
                    <li class="item item-about">
                        <a href="http://www.depesz.com/index.php/tag/explaindepeszcom/" title="about explain.depesz.com" rel="permalink">about</a>
                    </li>
                    <li class="item item-contact">
                        <a href="/contact" title="link to: contact" rel="permalink">contact</a>
                    </li>
                </ul>
                <ul class="right">
                    <li>
                            <a href="/login" title="link to: login/register" rel="permalink">login</a>
                    </li>
                </ul>
            </nav>

            <section>
                












<h1>Result: 1Bj</h1>


<div class="explain-form">

    <form id="explain-form" class="hidden" method="get" action="/s/1Bj" autocomplete="off">

        <h3>Colorize:</h3>
        <ul>
            <li>
                <input type="radio" name="c" id="ce" value="e" />
                <label for="ce">exclusive</label>
            </li>
            <li>
                <input type="radio" name="c" id="ci" value="i" />
                <label for="ci">inclusive</label>
            </li>
            <li>
                <input type="radio" name="c" id="cx" value="x" />
                <label for="cx">rows x</label>
            </li>
            <li>
                <input type="radio" name="c" id="cm" value="m" checked=&quot;checked&quot; />
                <label for="cm">mixed</label>
            </li>
        </ul>

        <h3>Columns visibility:</h3>
        <ul>
            <li>
                <input type="checkbox" name="vu" id="vu" value="1" checked=&quot;checked&quot; />
                <label for="vu">#</label>
            </li>
            <li>
                <input type="checkbox" name="ve" id="ve" value="1" checked=&quot;checked&quot; />
                <label for="ve">exclusive</label>
            </li>
            <li>
                <input type="checkbox" name="vi" id="vi" value="1" checked=&quot;checked&quot; />
                <label for="vi">inclusive</label>
            </li>
            <li>
                <input type="checkbox" name="vx" id="vx" value="1" checked=&quot;checked&quot; />
                <label for="vx">rows x</label>
            </li>
            <li>
                <input type="checkbox" name="vr" id="vr" value="1" checked=&quot;checked&quot; />
                <label for="vr">rows</label>
            </li>
            <li>
                <input type="checkbox" name="vl" id="vl" value="1" checked=&quot;checked&quot; />
                <label for="vl">loops</label>
            </li>
        </ul>

        <div class="fe fe-buttons">
            <button type="submit" name="save-settings" id="save-settings"><span>Save settings</span></button>
        </div>

    </form>

    <a href="#" onclick="$.fn.explain( 'toggleCfgForm', this ); return false;" onkeypress="return this.onclick( );"><span>options</span></a>

</div>

<div class="result">

    <div class="plea">
        Did it help? Consider supporting us - Bitcoin address: <a href="https://blockchain.info/address/12v2hUztAk2LgzQ9H9LMwuU32urHMjZQnq">12v2hUztAk2LgzQ9H9LMwuU32urHMjZQnq</a>
    </div>


    <div class="tabs">
        <ul class="clearfix">
            <li class="html">
                <a href="#html"
                   title="view HTML"
                   class="current"
                   onclick="$( this ).explain( 'toggleView', 'html', this ); return false;"
                   onkeypress="return this.onclick( );">HTML</a>
            </li>
            <li class="text">
                <a href="#text"
                   title="view plain text"
                   onclick="$( this ).explain( 'toggleView', 'text', this ); return false;"
                   onkeypress="return this.onclick( );">TEXT</a>
            </li>
            <li class="stats">
                <a href="#stats"
                   title="view plan stats"
                   onclick="$( this ).explain( 'toggleView', 'stats', this ); return false;"
                   onkeypress="return this.onclick( );">STATS</a>
            </li>
        </ul>
    </div>

    <div class="result-html">
        <table id="explain">
            <thead>
                <tr>
                    <th class="u">
                        <span>#</span>
                    </th>
                    <th class="e">
                        <a href="#colorize-exclusive"
                            title="colorize rows based on &quot;exclusive&quot;"
                            onclick="$.fn.explain( 'colorize', 'e', this ); return false"
                            onkeypress="return this.onclick( );">exclusive</a>
                    </th>
                    <th class="i">
                        <a href="#colorize-inclusive"
                            title="colorize rows based on &quot;inclusive&quot;"
                            onclick="$.fn.explain( 'colorize', 'i', this ); return false"
                            onkeypress="return this.onclick( );">inclusive</a>
                    </th>
                    <th class="x">
                        <a href="#colorize-rows-x"
                            title="colorize rows based on &quot;rows x&quot;"
                            onclick="$.fn.explain( 'colorize', 'x', this ); return false"
                            onkeypress="return this.onclick( );">rows x</a>
                    </th>
                    <th class="r">
                        <span>rows</span>
                    </th>
                    <th class="l">
                        <span>loops</span>
                    </th>
                    <th class="n">
                        <span>node</span>
                    </th>
                </tr>
            </thead>
            <tbody>
                






    <tr id="l1" class="n odd c-m" data-node_id="0" data-node_parent="" data-level="0" data-e="1" data-i="4" data-x="1">
        <td class="u "><a href="#l1">1.</a></td>
        <td class="e c-1">
            <span>11.475</span>
        </td>
        <td class="i c-4">
            <span>7306.533</span>
        </td>
        <td class="x c-1">
            <span>
                &darr;
                1.1
            </span>
        </td>
        <td class="r"><span>5500</span></td>
        <td class="l"><span>1</span></td>
        <td class="n">
            <div class="n" style="margin-left:22px">

                <div class="ico">&rarr;</div>

                <p>
                    <span class="node">

                        HashAggregate


                    </span>

                    <span class="est">
                        (cost=421612.07..421663.16
                        rows=5109
                        width=88)
                    </span>

                    <span class="act">
                        (actual
                        time=7303.699..7306.533
                        rows=5500
                        loops=1)
                    </span>
                </p>


            </div>
        </td>
    </tr>





            






    <tr id="l2" class="n even c-m" data-node_id="1" data-node_parent="0" data-level="1" data-e="1" data-i="4" data-x="1">
        <td class="u "><a href="#l2">2.</a></td>
        <td class="e c-1">
            <span>1.150</span>
        </td>
        <td class="i c-4">
            <span>7295.058</span>
        </td>
        <td class="x c-1">
            <span>
                &darr;
                1.1
            </span>
        </td>
        <td class="r"><span>5501</span></td>
        <td class="l"><span>1</span></td>
        <td class="n">
            <div class="n" style="margin-left:44px">

                <div class="ico">&rarr;</div>

                <p>
                    <span class="node">

                        Append


                    </span>

                    <span class="est">
                        (cost=76804.80..421433.26
                        rows=5109
                        width=88)
                    </span>

                    <span class="act">
                        (actual
                        time=1332.613..7295.058
                        rows=5501
                        loops=1)
                    </span>
                </p>


            </div>
        </td>
    </tr>





            






    <tr id="l3" class="n odd c-m" data-node_id="2" data-node_parent="1" data-level="2" data-e="1" data-i="2" data-x="1">
        <td class="u "><a href="#l3">3.</a></td>
        <td class="e c-1">
            <span>1.577</span>
        </td>
        <td class="i c-2">
            <span>1340.295</span>
        </td>
        <td class="x c-1">
            <span>
                &darr;
                1.1
            </span>
        </td>
        <td class="r"><span>4676</span></td>
        <td class="l"><span>1</span></td>
        <td class="n">
            <div class="n" style="margin-left:66px">

                <div class="ico">&rarr;</div>

                <p>
                    <span class="node">

                        Subquery Scan on &quot;*SELECT* 1&quot;


                    </span>

                    <span class="est">
                        (cost=76804.80..77074.03
                        rows=4142
                        width=88)
                    </span>

                    <span class="act">
                        (actual
                        time=1332.612..1340.295
                        rows=4676
                        loops=1)
                    </span>
                </p>


            </div>
        </td>
    </tr>





            






    <tr id="l4" class="n even c-m" data-node_id="3" data-node_parent="2" data-level="3" data-e="1" data-i="2" data-x="1">
        <td class="u "><a href="#l4">4.</a></td>
        <td class="e c-1">
            <span>469.567</span>
        </td>
        <td class="i c-2">
            <span>1338.718</span>
        </td>
        <td class="x c-1">
            <span>
                &darr;
                1.1
            </span>
        </td>
        <td class="r"><span>4676</span></td>
        <td class="l"><span>1</span></td>
        <td class="n">
            <div class="n" style="margin-left:88px">

                <div class="ico">&rarr;</div>

                <p>
                    <span class="node">

                        HashAggregate


                    </span>

                    <span class="est">
                        (cost=76804.80..77032.61
                        rows=4142
                        width=88)
                    </span>

                    <span class="act">
                        (actual
                        time=1332.608..1338.718
                        rows=4676
                        loops=1)
                    </span>
                </p>


            </div>
        </td>
    </tr>





            






    <tr id="l5" class="n odd c-m" data-node_id="4" data-node_parent="3" data-level="4" data-e="1" data-i="2" data-x="1">
        <td class="u "><a href="#l5">5.</a></td>
        <td class="e c-1">
            <span>73.263</span>
        </td>
        <td class="i c-2">
            <span>869.151</span>
        </td>
        <td class="x c-1">
            <span>
                &uarr;
                2.3
            </span>
        </td>
        <td class="r"><span>159275</span></td>
        <td class="l"><span>1</span></td>
        <td class="n">
            <div class="n" style="margin-left:110px">

                <div class="ico">&rarr;</div>

                <p>
                    <span class="node">

                        Hash Left Join


                    </span>

                    <span class="est">
                        (cost=16134.60..63829.56
                        rows=370721
                        width=88)
                    </span>

                    <span class="act">
                        (actual
                        time=129.288..869.151
                        rows=159275
                        loops=1)
                    </span>
                </p>

                    <ul class="ex-nfo">
                            <li>Hash Cond: ((a.mci)::bpchar = (f.qnv_ct_mci)::bpchar)</li>
                    </ul>

            </div>
        </td>
    </tr>





            






    <tr id="l6" class="n even c-m" data-node_id="5" data-node_parent="4" data-level="5" data-e="1" data-i="2" data-x="1">
        <td class="u "><a href="#l6">6.</a></td>
        <td class="e c-1">
            <span>105.605</span>
        </td>
        <td class="i c-2">
            <span>794.735</span>
        </td>
        <td class="x c-1">
            <span>
                &uarr;
                2.3
            </span>
        </td>
        <td class="r"><span>159275</span></td>
        <td class="l"><span>1</span></td>
        <td class="n">
            <div class="n" style="margin-left:132px">

                <div class="ico">&rarr;</div>

                <p>
                    <span class="node">

                        Hash Left Join


                    </span>

                    <span class="est">
                        (cost=15442.36..61743.46
                        rows=370721
                        width=90)
                    </span>

                    <span class="act">
                        (actual
                        time=128.122..794.735
                        rows=159275
                        loops=1)
                    </span>
                </p>

                    <ul class="ex-nfo">
                            <li>Hash Cond: ((a.mci)::bpchar = (d.mci)::bpchar)</li>
                    </ul>

            </div>
        </td>
    </tr>





            






    <tr id="l7" class="n odd c-m" data-node_id="6" data-node_parent="5" data-level="6" data-e="1" data-i="1" data-x="1">
        <td class="u "><a href="#l7">7.</a></td>
        <td class="e c-1">
            <span>137.098</span>
        </td>
        <td class="i c-1">
            <span>685.765</span>
        </td>
        <td class="x c-1">
            <span>
                &uarr;
                2.3
            </span>
        </td>
        <td class="r"><span>159275</span></td>
        <td class="l"><span>1</span></td>
        <td class="n">
            <div class="n" style="margin-left:154px">

                <div class="ico">&rarr;</div>

                <p>
                    <span class="node">

                        Hash Left Join


                    </span>

                    <span class="est">
                        (cost=15137.47..56248.32
                        rows=370721
                        width=74)
                    </span>

                    <span class="act">
                        (actual
                        time=124.736..685.765
                        rows=159275
                        loops=1)
                    </span>
                </p>

                    <ul class="ex-nfo">
                            <li>Hash Cond: (a.cnpj_txt = (b.cnpj)::bpchar)</li>
                    </ul>

            </div>
        </td>
    </tr>





            






    <tr id="l8" class="n even c-m" data-node_id="7" data-node_parent="6" data-level="7" data-e="1" data-i="1" data-x="1">
        <td class="u "><a href="#l8">8.</a></td>
        <td class="e c-1">
            <span>346.395</span>
        </td>
        <td class="i c-1">
            <span>540.351</span>
        </td>
        <td class="x c-1">
            <span>
                &uarr;
                2.3
            </span>
        </td>
        <td class="r"><span>159275</span></td>
        <td class="l"><span>1</span></td>
        <td class="n">
            <div class="n" style="margin-left:176px">

                <div class="ico">&rarr;</div>

                <p>
                    <span class="node">

                        Hash Left Join


                    </span>

                    <span class="est">
                        (cost=12859.33..49724.84
                        rows=370721
                        width=67)
                    </span>

                    <span class="act">
                        (actual
                        time=116.253..540.351
                        rows=159275
                        loops=1)
                    </span>
                </p>

                    <ul class="ex-nfo">
                            <li>Hash Cond: ((a.mci)::bpchar = (c.mci)::bpchar)</li>
                    </ul>

            </div>
        </td>
    </tr>





            






    <tr id="l9" class="n odd c-m" data-node_id="8" data-node_parent="7" data-level="8" data-e="1" data-i="1" data-x="1">
        <td class="u "><a href="#l9">9.</a></td>
        <td class="e c-1">
            <span>78.438</span>
        </td>
        <td class="i c-1">
            <span>78.438</span>
        </td>
        <td class="x c-1">
            <span>
                &uarr;
                2.3
            </span>
        </td>
        <td class="r"><span>159275</span></td>
        <td class="l"><span>1</span></td>
        <td class="n">
            <div class="n" style="margin-left:198px">

                <div class="ico">&rarr;</div>

                <p>
                    <span class="node">

                        Seq Scan

                            on gps_qualificacao_negocios a

                    </span>

                    <span class="est">
                        (cost=0.00..18699.21
                        rows=370721
                        width=51)
                    </span>

                    <span class="act">
                        (actual
                        time=0.012..78.438
                        rows=159275
                        loops=1)
                    </span>
                </p>


            </div>
        </td>
    </tr>








            






    <tr id="l10" class="n odd c-m" data-node_id="9" data-node_parent="7" data-level="8" data-e="1" data-i="1" data-x="1">
        <td class="u "><a href="#l10">10.</a></td>
        <td class="e c-1">
            <span>69.064</span>
        </td>
        <td class="i c-1">
            <span>115.518</span>
        </td>
        <td class="x c-1">
            <span>
                &uarr;
                2.0
            </span>
        </td>
        <td class="r"><span>159274</span></td>
        <td class="l"><span>1</span></td>
        <td class="n">
            <div class="n" style="margin-left:198px">

                <div class="ico">&rarr;</div>

                <p>
                    <span class="node">

                        Hash


                    </span>

                    <span class="est">
                        (cost=6699.48..6699.48
                        rows=318548
                        width=26)
                    </span>

                    <span class="act">
                        (actual
                        time=115.518..115.518
                        rows=159274
                        loops=1)
                    </span>
                </p>

                    <ul class="ex-nfo">
                            <li>Buckets: 8192  Batches: 4  Memory Usage: 2275kB</li>
                    </ul>

            </div>
        </td>
    </tr>





            






    <tr id="l11" class="n even c-m" data-node_id="10" data-node_parent="9" data-level="9" data-e="1" data-i="1" data-x="1">
        <td class="u "><a href="#l11">11.</a></td>
        <td class="e c-1">
            <span>46.454</span>
        </td>
        <td class="i c-1">
            <span>46.454</span>
        </td>
        <td class="x c-1">
            <span>
                &uarr;
                2.0
            </span>
        </td>
        <td class="r"><span>159274</span></td>
        <td class="l"><span>1</span></td>
        <td class="n">
            <div class="n" style="margin-left:220px">

                <div class="ico">&rarr;</div>

                <p>
                    <span class="node">

                        Seq Scan

                            on gps_qualificacao_obs_diaria c

                    </span>

                    <span class="est">
                        (cost=0.00..6699.48
                        rows=318548
                        width=26)
                    </span>

                    <span class="act">
                        (actual
                        time=0.558..46.454
                        rows=159274
                        loops=1)
                    </span>
                </p>


            </div>
        </td>
    </tr>














            






    <tr id="l12" class="n odd c-m" data-node_id="11" data-node_parent="6" data-level="7" data-e="1" data-i="1" data-x="1">
        <td class="u "><a href="#l12">12.</a></td>
        <td class="e c-1">
            <span>3.595</span>
        </td>
        <td class="i c-1">
            <span>8.316</span>
        </td>
        <td class="x c-1">
            <span>
                &darr;
                1.0
            </span>
        </td>
        <td class="r"><span>7665</span></td>
        <td class="l"><span>1</span></td>
        <td class="n">
            <div class="n" style="margin-left:176px">

                <div class="ico">&rarr;</div>

                <p>
                    <span class="node">

                        Hash


                    </span>

                    <span class="est">
                        (cost=2184.73..2184.73
                        rows=7473
                        width=49)
                    </span>

                    <span class="act">
                        (actual
                        time=8.316..8.316
                        rows=7665
                        loops=1)
                    </span>
                </p>

                    <ul class="ex-nfo">
                            <li>Buckets: 1024  Batches: 1  Memory Usage: 637kB</li>
                    </ul>

            </div>
        </td>
    </tr>





            






    <tr id="l13" class="n even c-m" data-node_id="12" data-node_parent="11" data-level="8" data-e="1" data-i="1" data-x="1">
        <td class="u "><a href="#l13">13.</a></td>
        <td class="e c-1">
            <span>4.721</span>
        </td>
        <td class="i c-1">
            <span>4.721</span>
        </td>
        <td class="x c-1">
            <span>
                &darr;
                1.0
            </span>
        </td>
        <td class="r"><span>7665</span></td>
        <td class="l"><span>1</span></td>
        <td class="n">
            <div class="n" style="margin-left:198px">

                <div class="ico">&rarr;</div>

                <p>
                    <span class="node">

                        Seq Scan

                            on gps_qualificacao_resultado b

                    </span>

                    <span class="est">
                        (cost=0.00..2184.73
                        rows=7473
                        width=49)
                    </span>

                    <span class="act">
                        (actual
                        time=0.007..4.721
                        rows=7665
                        loops=1)
                    </span>
                </p>


            </div>
        </td>
    </tr>














            






    <tr id="l14" class="n odd c-m" data-node_id="13" data-node_parent="5" data-level="6" data-e="1" data-i="1" data-x="1">
        <td class="u "><a href="#l14">14.</a></td>
        <td class="e c-1">
            <span>1.835</span>
        </td>
        <td class="i c-1">
            <span>3.365</span>
        </td>
        <td class="x c-1">
            <span>
                &uarr;
                2.0
            </span>
        </td>
        <td class="r"><span>4642</span></td>
        <td class="l"><span>1</span></td>
        <td class="n">
            <div class="n" style="margin-left:154px">

                <div class="ico">&rarr;</div>

                <p>
                    <span class="node">

                        Hash


                    </span>

                    <span class="est">
                        (cost=188.84..188.84
                        rows=9284
                        width=26)
                    </span>

                    <span class="act">
                        (actual
                        time=3.365..3.365
                        rows=4642
                        loops=1)
                    </span>
                </p>

                    <ul class="ex-nfo">
                            <li>Buckets: 1024  Batches: 1  Memory Usage: 263kB</li>
                    </ul>

            </div>
        </td>
    </tr>





            






    <tr id="l15" class="n even c-m" data-node_id="14" data-node_parent="13" data-level="7" data-e="1" data-i="1" data-x="1">
        <td class="u "><a href="#l15">15.</a></td>
        <td class="e c-1">
            <span>1.530</span>
        </td>
        <td class="i c-1">
            <span>1.530</span>
        </td>
        <td class="x c-1">
            <span>
                &uarr;
                2.0
            </span>
        </td>
        <td class="r"><span>4642</span></td>
        <td class="l"><span>1</span></td>
        <td class="n">
            <div class="n" style="margin-left:176px">

                <div class="ico">&rarr;</div>

                <p>
                    <span class="node">

                        Seq Scan

                            on gps_qualificacao_obs_mensal d

                    </span>

                    <span class="est">
                        (cost=0.00..188.84
                        rows=9284
                        width=26)
                    </span>

                    <span class="act">
                        (actual
                        time=0.059..1.530
                        rows=4642
                        loops=1)
                    </span>
                </p>


            </div>
        </td>
    </tr>














            






    <tr id="l16" class="n odd c-m" data-node_id="15" data-node_parent="4" data-level="5" data-e="1" data-i="1" data-x="1">
        <td class="u "><a href="#l16">16.</a></td>
        <td class="e c-1">
            <span>0.237</span>
        </td>
        <td class="i c-1">
            <span>1.153</span>
        </td>
        <td class="x c-1">
            <span>
                &uarr;
                1.0
            </span>
        </td>
        <td class="r"><span>366</span></td>
        <td class="l"><span>1</span></td>
        <td class="n">
            <div class="n" style="margin-left:132px">

                <div class="ico">&rarr;</div>

                <p>
                    <span class="node">

                        Hash


                    </span>

                    <span class="est">
                        (cost=687.66..687.66
                        rows=366
                        width=18)
                    </span>

                    <span class="act">
                        (actual
                        time=1.153..1.153
                        rows=366
                        loops=1)
                    </span>
                </p>

                    <ul class="ex-nfo">
                            <li>Buckets: 1024  Batches: 1  Memory Usage: 18kB</li>
                    </ul>

            </div>
        </td>
    </tr>





            






    <tr id="l17" class="n even c-m" data-node_id="16" data-node_parent="15" data-level="6" data-e="1" data-i="1" data-x="1">
        <td class="u "><a href="#l17">17.</a></td>
        <td class="e c-1">
            <span>0.916</span>
        </td>
        <td class="i c-1">
            <span>0.916</span>
        </td>
        <td class="x c-1">
            <span>
                &uarr;
                1.0
            </span>
        </td>
        <td class="r"><span>366</span></td>
        <td class="l"><span>1</span></td>
        <td class="n">
            <div class="n" style="margin-left:154px">

                <div class="ico">&rarr;</div>

                <p>
                    <span class="node">

                        Seq Scan

                            on gps_qualificacao_contas f

                    </span>

                    <span class="est">
                        (cost=0.00..687.66
                        rows=366
                        width=18)
                    </span>

                    <span class="act">
                        (actual
                        time=0.006..0.916
                        rows=366
                        loops=1)
                    </span>
                </p>


            </div>
        </td>
    </tr>




















            






    <tr id="l18" class="n odd c-m" data-node_id="17" data-node_parent="1" data-level="2" data-e="1" data-i="2" data-x="1">
        <td class="u "><a href="#l18">18.</a></td>
        <td class="e c-1">
            <span>0.230</span>
        </td>
        <td class="i c-2">
            <span>1492.192</span>
        </td>
        <td class="x c-1">
            <span>
                &uarr;
                1.0
            </span>
        </td>
        <td class="r"><span>658</span></td>
        <td class="l"><span>1</span></td>
        <td class="n">
            <div class="n" style="margin-left:66px">

                <div class="ico">&rarr;</div>

                <p>
                    <span class="node">

                        Subquery Scan on &quot;*SELECT* 2&quot;


                    </span>

                    <span class="est">
                        (cost=86074.09..86118.29
                        rows=680
                        width=88)
                    </span>

                    <span class="act">
                        (actual
                        time=1491.179..1492.192
                        rows=658
                        loops=1)
                    </span>
                </p>


            </div>
        </td>
    </tr>





            






    <tr id="l19" class="n even c-m" data-node_id="18" data-node_parent="17" data-level="3" data-e="1" data-i="2" data-x="1">
        <td class="u "><a href="#l19">19.</a></td>
        <td class="e c-1">
            <span>433.128</span>
        </td>
        <td class="i c-2">
            <span>1491.962</span>
        </td>
        <td class="x c-1">
            <span>
                &uarr;
                1.0
            </span>
        </td>
        <td class="r"><span>658</span></td>
        <td class="l"><span>1</span></td>
        <td class="n">
            <div class="n" style="margin-left:88px">

                <div class="ico">&rarr;</div>

                <p>
                    <span class="node">

                        HashAggregate


                    </span>

                    <span class="est">
                        (cost=86074.09..86111.49
                        rows=680
                        width=88)
                    </span>

                    <span class="act">
                        (actual
                        time=1491.176..1491.962
                        rows=658
                        loops=1)
                    </span>
                </p>


            </div>
        </td>
    </tr>





            






    <tr id="l20" class="n odd c-m" data-node_id="19" data-node_parent="18" data-level="4" data-e="1" data-i="2" data-x="1">
        <td class="u "><a href="#l20">20.</a></td>
        <td class="e c-1">
            <span>114.512</span>
        </td>
        <td class="i c-2">
            <span>1058.834</span>
        </td>
        <td class="x c-1">
            <span>
                &uarr;
                2.3
            </span>
        </td>
        <td class="r"><span>159275</span></td>
        <td class="l"><span>1</span></td>
        <td class="n">
            <div class="n" style="margin-left:110px">

                <div class="ico">&rarr;</div>

                <p>
                    <span class="node">

                        Hash Left Join


                    </span>

                    <span class="est">
                        (cost=17062.67..73098.86
                        rows=370721
                        width=88)
                    </span>

                    <span class="act">
                        (actual
                        time=140.505..1058.834
                        rows=159275
                        loops=1)
                    </span>
                </p>

                    <ul class="ex-nfo">
                            <li>Hash Cond: ((a.mci)::bpchar = (d.mci)::bpchar)</li>
                    </ul>

            </div>
        </td>
    </tr>





            






    <tr id="l21" class="n even c-m" data-node_id="20" data-node_parent="19" data-level="5" data-e="1" data-i="2" data-x="1">
        <td class="u "><a href="#l21">21.</a></td>
        <td class="e c-1">
            <span>143.076</span>
        </td>
        <td class="i c-2">
            <span>940.602</span>
        </td>
        <td class="x c-1">
            <span>
                &uarr;
                2.3
            </span>
        </td>
        <td class="r"><span>159275</span></td>
        <td class="l"><span>1</span></td>
        <td class="n">
            <div class="n" style="margin-left:132px">

                <div class="ico">&rarr;</div>

                <p>
                    <span class="node">

                        Hash Left Join


                    </span>

                    <span class="est">
                        (cost=16757.78..67603.71
                        rows=370721
                        width=82)
                    </span>

                    <span class="act">
                        (actual
                        time=136.748..940.602
                        rows=159275
                        loops=1)
                    </span>
                </p>

                    <ul class="ex-nfo">
                            <li>Hash Cond: (a.cnpj_txt = (b.cnpj)::bpchar)</li>
                    </ul>

            </div>
        </td>
    </tr>





            






    <tr id="l22" class="n odd c-m" data-node_id="21" data-node_parent="20" data-level="6" data-e="1" data-i="2" data-x="1">
        <td class="u "><a href="#l22">22.</a></td>
        <td class="e c-1">
            <span>74.601</span>
        </td>
        <td class="i c-2">
            <span>789.074</span>
        </td>
        <td class="x c-1">
            <span>
                &uarr;
                2.3
            </span>
        </td>
        <td class="r"><span>159275</span></td>
        <td class="l"><span>1</span></td>
        <td class="n">
            <div class="n" style="margin-left:154px">

                <div class="ico">&rarr;</div>

                <p>
                    <span class="node">

                        Hash Left Join


                    </span>

                    <span class="est">
                        (cost=14479.64..61080.23
                        rows=370721
                        width=75)
                    </span>

                    <span class="act">
                        (actual
                        time=128.279..789.074
                        rows=159275
                        loops=1)
                    </span>
                </p>

                    <ul class="ex-nfo">
                            <li>Hash Cond: ((a.mci)::bpchar = (f.qnv_ct_mci)::bpchar)</li>
                    </ul>

            </div>
        </td>
    </tr>





            






    <tr id="l23" class="n even c-m" data-node_id="22" data-node_parent="21" data-level="7" data-e="1" data-i="1" data-x="1">
        <td class="u "><a href="#l23">23.</a></td>
        <td class="e c-1">
            <span>337.559</span>
        </td>
        <td class="i c-1">
            <span>713.394</span>
        </td>
        <td class="x c-1">
            <span>
                &uarr;
                2.3
            </span>
        </td>
        <td class="r"><span>159275</span></td>
        <td class="l"><span>1</span></td>
        <td class="n">
            <div class="n" style="margin-left:176px">

                <div class="ico">&rarr;</div>

                <p>
                    <span class="node">

                        Hash Left Join


                    </span>

                    <span class="est">
                        (cost=13787.40..58994.13
                        rows=370721
                        width=67)
                    </span>

                    <span class="act">
                        (actual
                        time=127.160..713.394
                        rows=159275
                        loops=1)
                    </span>
                </p>

                    <ul class="ex-nfo">
                            <li>Hash Cond: ((a.mci)::bpchar = (e.mci)::bpchar)</li>
                    </ul>

            </div>
        </td>
    </tr>





            






    <tr id="l24" class="n odd c-m" data-node_id="23" data-node_parent="22" data-level="8" data-e="1" data-i="1" data-x="1">
        <td class="u "><a href="#l24">24.</a></td>
        <td class="e c-1">
            <span>191.856</span>
        </td>
        <td class="i c-1">
            <span>259.576</span>
        </td>
        <td class="x c-1">
            <span>
                &uarr;
                2.3
            </span>
        </td>
        <td class="r"><span>159275</span></td>
        <td class="l"><span>1</span></td>
        <td class="n">
            <div class="n" style="margin-left:198px">

                <div class="ico">&rarr;</div>

                <p>
                    <span class="node">

                        Hash Join


                    </span>

                    <span class="est">
                        (cost=928.08..27968.51
                        rows=370721
                        width=51)
                    </span>

                    <span class="act">
                        (actual
                        time=10.117..259.576
                        rows=159275
                        loops=1)
                    </span>
                </p>

                    <ul class="ex-nfo">
                            <li>Hash Cond: ((a.vs_prefixo)::bpchar = (c.prefdep)::bpchar)</li>
                    </ul>

            </div>
        </td>
    </tr>





            






    <tr id="l25" class="n even c-m" data-node_id="24" data-node_parent="23" data-level="9" data-e="1" data-i="1" data-x="1">
        <td class="u "><a href="#l25">25.</a></td>
        <td class="e c-1">
            <span>57.723</span>
        </td>
        <td class="i c-1">
            <span>57.723</span>
        </td>
        <td class="x c-1">
            <span>
                &uarr;
                2.3
            </span>
        </td>
        <td class="r"><span>159275</span></td>
        <td class="l"><span>1</span></td>
        <td class="n">
            <div class="n" style="margin-left:220px">

                <div class="ico">&rarr;</div>

                <p>
                    <span class="node">

                        Seq Scan

                            on gps_qualificacao_negocios a

                    </span>

                    <span class="est">
                        (cost=0.00..18699.21
                        rows=370721
                        width=51)
                    </span>

                    <span class="act">
                        (actual
                        time=0.012..57.723
                        rows=159275
                        loops=1)
                    </span>
                </p>


            </div>
        </td>
    </tr>








            






    <tr id="l26" class="n even c-m" data-node_id="25" data-node_parent="23" data-level="9" data-e="1" data-i="1" data-x="1">
        <td class="u "><a href="#l26">26.</a></td>
        <td class="e c-1">
            <span>3.368</span>
        </td>
        <td class="i c-1">
            <span>9.997</span>
        </td>
        <td class="x c-1">
            <span>
                &uarr;
                1.0
            </span>
        </td>
        <td class="r"><span>7870</span></td>
        <td class="l"><span>1</span></td>
        <td class="n">
            <div class="n" style="margin-left:220px">

                <div class="ico">&rarr;</div>

                <p>
                    <span class="node">

                        Hash


                    </span>

                    <span class="est">
                        (cost=829.70..829.70
                        rows=7870
                        width=10)
                    </span>

                    <span class="act">
                        (actual
                        time=9.997..9.997
                        rows=7870
                        loops=1)
                    </span>
                </p>

                    <ul class="ex-nfo">
                            <li>Buckets: 1024  Batches: 1  Memory Usage: 323kB</li>
                    </ul>

            </div>
        </td>
    </tr>





            






    <tr id="l27" class="n odd c-m" data-node_id="26" data-node_parent="25" data-level="10" data-e="1" data-i="1" data-x="1">
        <td class="u "><a href="#l27">27.</a></td>
        <td class="e c-1">
            <span>6.629</span>
        </td>
        <td class="i c-1">
            <span>6.629</span>
        </td>
        <td class="x c-1">
            <span>
                &uarr;
                1.0
            </span>
        </td>
        <td class="r"><span>7870</span></td>
        <td class="l"><span>1</span></td>
        <td class="n">
            <div class="n" style="margin-left:242px">

                <div class="ico">&rarr;</div>

                <p>
                    <span class="node">

                        Seq Scan

                            on tbldependenciasbr c

                    </span>

                    <span class="est">
                        (cost=0.00..829.70
                        rows=7870
                        width=10)
                    </span>

                    <span class="act">
                        (actual
                        time=0.012..6.629
                        rows=7870
                        loops=1)
                    </span>
                </p>


            </div>
        </td>
    </tr>














            






    <tr id="l28" class="n even c-m" data-node_id="27" data-node_parent="22" data-level="8" data-e="1" data-i="1" data-x="1">
        <td class="u "><a href="#l28">28.</a></td>
        <td class="e c-1">
            <span>69.712</span>
        </td>
        <td class="i c-1">
            <span>116.259</span>
        </td>
        <td class="x c-1">
            <span>
                &uarr;
                2.0
            </span>
        </td>
        <td class="r"><span>159274</span></td>
        <td class="l"><span>1</span></td>
        <td class="n">
            <div class="n" style="margin-left:198px">

                <div class="ico">&rarr;</div>

                <p>
                    <span class="node">

                        Hash


                    </span>

                    <span class="est">
                        (cost=6699.48..6699.48
                        rows=318548
                        width=26)
                    </span>

                    <span class="act">
                        (actual
                        time=116.259..116.259
                        rows=159274
                        loops=1)
                    </span>
                </p>

                    <ul class="ex-nfo">
                            <li>Buckets: 8192  Batches: 4  Memory Usage: 2275kB</li>
                    </ul>

            </div>
        </td>
    </tr>





            






    <tr id="l29" class="n odd c-m" data-node_id="28" data-node_parent="27" data-level="9" data-e="1" data-i="1" data-x="1">
        <td class="u "><a href="#l29">29.</a></td>
        <td class="e c-1">
            <span>46.547</span>
        </td>
        <td class="i c-1">
            <span>46.547</span>
        </td>
        <td class="x c-1">
            <span>
                &uarr;
                2.0
            </span>
        </td>
        <td class="r"><span>159274</span></td>
        <td class="l"><span>1</span></td>
        <td class="n">
            <div class="n" style="margin-left:220px">

                <div class="ico">&rarr;</div>

                <p>
                    <span class="node">

                        Seq Scan

                            on gps_qualificacao_obs_diaria e

                    </span>

                    <span class="est">
                        (cost=0.00..6699.48
                        rows=318548
                        width=26)
                    </span>

                    <span class="act">
                        (actual
                        time=0.371..46.547
                        rows=159274
                        loops=1)
                    </span>
                </p>


            </div>
        </td>
    </tr>














            






    <tr id="l30" class="n even c-m" data-node_id="29" data-node_parent="21" data-level="7" data-e="1" data-i="1" data-x="1">
        <td class="u "><a href="#l30">30.</a></td>
        <td class="e c-1">
            <span>0.171</span>
        </td>
        <td class="i c-1">
            <span>1.079</span>
        </td>
        <td class="x c-1">
            <span>
                &uarr;
                1.0
            </span>
        </td>
        <td class="r"><span>366</span></td>
        <td class="l"><span>1</span></td>
        <td class="n">
            <div class="n" style="margin-left:176px">

                <div class="ico">&rarr;</div>

                <p>
                    <span class="node">

                        Hash


                    </span>

                    <span class="est">
                        (cost=687.66..687.66
                        rows=366
                        width=18)
                    </span>

                    <span class="act">
                        (actual
                        time=1.079..1.079
                        rows=366
                        loops=1)
                    </span>
                </p>

                    <ul class="ex-nfo">
                            <li>Buckets: 1024  Batches: 1  Memory Usage: 18kB</li>
                    </ul>

            </div>
        </td>
    </tr>





            






    <tr id="l31" class="n odd c-m" data-node_id="30" data-node_parent="29" data-level="8" data-e="1" data-i="1" data-x="1">
        <td class="u "><a href="#l31">31.</a></td>
        <td class="e c-1">
            <span>0.908</span>
        </td>
        <td class="i c-1">
            <span>0.908</span>
        </td>
        <td class="x c-1">
            <span>
                &uarr;
                1.0
            </span>
        </td>
        <td class="r"><span>366</span></td>
        <td class="l"><span>1</span></td>
        <td class="n">
            <div class="n" style="margin-left:198px">

                <div class="ico">&rarr;</div>

                <p>
                    <span class="node">

                        Seq Scan

                            on gps_qualificacao_contas f

                    </span>

                    <span class="est">
                        (cost=0.00..687.66
                        rows=366
                        width=18)
                    </span>

                    <span class="act">
                        (actual
                        time=0.009..0.908
                        rows=366
                        loops=1)
                    </span>
                </p>


            </div>
        </td>
    </tr>














            






    <tr id="l32" class="n even c-m" data-node_id="31" data-node_parent="20" data-level="6" data-e="1" data-i="1" data-x="1">
        <td class="u "><a href="#l32">32.</a></td>
        <td class="e c-1">
            <span>3.711</span>
        </td>
        <td class="i c-1">
            <span>8.452</span>
        </td>
        <td class="x c-1">
            <span>
                &darr;
                1.0
            </span>
        </td>
        <td class="r"><span>7665</span></td>
        <td class="l"><span>1</span></td>
        <td class="n">
            <div class="n" style="margin-left:154px">

                <div class="ico">&rarr;</div>

                <p>
                    <span class="node">

                        Hash


                    </span>

                    <span class="est">
                        (cost=2184.73..2184.73
                        rows=7473
                        width=49)
                    </span>

                    <span class="act">
                        (actual
                        time=8.452..8.452
                        rows=7665
                        loops=1)
                    </span>
                </p>

                    <ul class="ex-nfo">
                            <li>Buckets: 1024  Batches: 1  Memory Usage: 637kB</li>
                    </ul>

            </div>
        </td>
    </tr>





            






    <tr id="l33" class="n odd c-m" data-node_id="32" data-node_parent="31" data-level="7" data-e="1" data-i="1" data-x="1">
        <td class="u "><a href="#l33">33.</a></td>
        <td class="e c-1">
            <span>4.741</span>
        </td>
        <td class="i c-1">
            <span>4.741</span>
        </td>
        <td class="x c-1">
            <span>
                &darr;
                1.0
            </span>
        </td>
        <td class="r"><span>7665</span></td>
        <td class="l"><span>1</span></td>
        <td class="n">
            <div class="n" style="margin-left:176px">

                <div class="ico">&rarr;</div>

                <p>
                    <span class="node">

                        Seq Scan

                            on gps_qualificacao_resultado b

                    </span>

                    <span class="est">
                        (cost=0.00..2184.73
                        rows=7473
                        width=49)
                    </span>

                    <span class="act">
                        (actual
                        time=0.006..4.741
                        rows=7665
                        loops=1)
                    </span>
                </p>


            </div>
        </td>
    </tr>














            






    <tr id="l34" class="n even c-m" data-node_id="33" data-node_parent="19" data-level="5" data-e="1" data-i="1" data-x="1">
        <td class="u "><a href="#l34">34.</a></td>
        <td class="e c-1">
            <span>2.118</span>
        </td>
        <td class="i c-1">
            <span>3.720</span>
        </td>
        <td class="x c-1">
            <span>
                &uarr;
                2.0
            </span>
        </td>
        <td class="r"><span>4642</span></td>
        <td class="l"><span>1</span></td>
        <td class="n">
            <div class="n" style="margin-left:132px">

                <div class="ico">&rarr;</div>

                <p>
                    <span class="node">

                        Hash


                    </span>

                    <span class="est">
                        (cost=188.84..188.84
                        rows=9284
                        width=26)
                    </span>

                    <span class="act">
                        (actual
                        time=3.720..3.720
                        rows=4642
                        loops=1)
                    </span>
                </p>

                    <ul class="ex-nfo">
                            <li>Buckets: 1024  Batches: 1  Memory Usage: 263kB</li>
                    </ul>

            </div>
        </td>
    </tr>





            






    <tr id="l35" class="n odd c-m" data-node_id="34" data-node_parent="33" data-level="6" data-e="1" data-i="1" data-x="1">
        <td class="u "><a href="#l35">35.</a></td>
        <td class="e c-1">
            <span>1.602</span>
        </td>
        <td class="i c-1">
            <span>1.602</span>
        </td>
        <td class="x c-1">
            <span>
                &uarr;
                2.0
            </span>
        </td>
        <td class="r"><span>4642</span></td>
        <td class="l"><span>1</span></td>
        <td class="n">
            <div class="n" style="margin-left:154px">

                <div class="ico">&rarr;</div>

                <p>
                    <span class="node">

                        Seq Scan

                            on gps_qualificacao_obs_mensal d

                    </span>

                    <span class="est">
                        (cost=0.00..188.84
                        rows=9284
                        width=26)
                    </span>

                    <span class="act">
                        (actual
                        time=0.064..1.602
                        rows=4642
                        loops=1)
                    </span>
                </p>


            </div>
        </td>
    </tr>




















            






    <tr id="l36" class="n even c-m" data-node_id="35" data-node_parent="1" data-level="2" data-e="1" data-i="2" data-x="1">
        <td class="u "><a href="#l36">36.</a></td>
        <td class="e c-1">
            <span>0.049</span>
        </td>
        <td class="i c-2">
            <span>1606.120</span>
        </td>
        <td class="x c-1">
            <span>
                &uarr;
                1.3
            </span>
        </td>
        <td class="r"><span>132</span></td>
        <td class="l"><span>1</span></td>
        <td class="n">
            <div class="n" style="margin-left:66px">

                <div class="ico">&rarr;</div>

                <p>
                    <span class="node">

                        Subquery Scan on &quot;*SELECT* 3&quot;


                    </span>

                    <span class="est">
                        (cost=86074.09..86085.40
                        rows=174
                        width=88)
                    </span>

                    <span class="act">
                        (actual
                        time=1605.921..1606.120
                        rows=132
                        loops=1)
                    </span>
                </p>


            </div>
        </td>
    </tr>





            






    <tr id="l37" class="n odd c-m" data-node_id="36" data-node_parent="35" data-level="3" data-e="1" data-i="2" data-x="1">
        <td class="u "><a href="#l37">37.</a></td>
        <td class="e c-1">
            <span>418.752</span>
        </td>
        <td class="i c-2">
            <span>1606.071</span>
        </td>
        <td class="x c-1">
            <span>
                &uarr;
                1.3
            </span>
        </td>
        <td class="r"><span>132</span></td>
        <td class="l"><span>1</span></td>
        <td class="n">
            <div class="n" style="margin-left:88px">

                <div class="ico">&rarr;</div>

                <p>
                    <span class="node">

                        HashAggregate


                    </span>

                    <span class="est">
                        (cost=86074.09..86083.66
                        rows=174
                        width=88)
                    </span>

                    <span class="act">
                        (actual
                        time=1605.918..1606.071
                        rows=132
                        loops=1)
                    </span>
                </p>


            </div>
        </td>
    </tr>





            






    <tr id="l38" class="n even c-m" data-node_id="37" data-node_parent="36" data-level="4" data-e="1" data-i="2" data-x="1">
        <td class="u "><a href="#l38">38.</a></td>
        <td class="e c-1">
            <span>105.359</span>
        </td>
        <td class="i c-2">
            <span>1187.319</span>
        </td>
        <td class="x c-1">
            <span>
                &uarr;
                2.3
            </span>
        </td>
        <td class="r"><span>159275</span></td>
        <td class="l"><span>1</span></td>
        <td class="n">
            <div class="n" style="margin-left:110px">

                <div class="ico">&rarr;</div>

                <p>
                    <span class="node">

                        Hash Left Join


                    </span>

                    <span class="est">
                        (cost=17062.67..73098.86
                        rows=370721
                        width=88)
                    </span>

                    <span class="act">
                        (actual
                        time=140.100..1187.319
                        rows=159275
                        loops=1)
                    </span>
                </p>

                    <ul class="ex-nfo">
                            <li>Hash Cond: ((a.mci)::bpchar = (d.mci)::bpchar)</li>
                    </ul>

            </div>
        </td>
    </tr>





            






    <tr id="l39" class="n odd c-m" data-node_id="38" data-node_parent="37" data-level="5" data-e="1" data-i="2" data-x="1">
        <td class="u "><a href="#l39">39.</a></td>
        <td class="e c-1">
            <span>129.040</span>
        </td>
        <td class="i c-2">
            <span>1078.802</span>
        </td>
        <td class="x c-1">
            <span>
                &uarr;
                2.3
            </span>
        </td>
        <td class="r"><span>159275</span></td>
        <td class="l"><span>1</span></td>
        <td class="n">
            <div class="n" style="margin-left:132px">

                <div class="ico">&rarr;</div>

                <p>
                    <span class="node">

                        Hash Left Join


                    </span>

                    <span class="est">
                        (cost=16757.78..67603.71
                        rows=370721
                        width=82)
                    </span>

                    <span class="act">
                        (actual
                        time=136.908..1078.802
                        rows=159275
                        loops=1)
                    </span>
                </p>

                    <ul class="ex-nfo">
                            <li>Hash Cond: (a.cnpj_txt = (b.cnpj)::bpchar)</li>
                    </ul>

            </div>
        </td>
    </tr>





            






    <tr id="l40" class="n even c-m" data-node_id="39" data-node_parent="38" data-level="6" data-e="1" data-i="2" data-x="1">
        <td class="u "><a href="#l40">40.</a></td>
        <td class="e c-1">
            <span>74.422</span>
        </td>
        <td class="i c-2">
            <span>940.853</span>
        </td>
        <td class="x c-1">
            <span>
                &uarr;
                2.3
            </span>
        </td>
        <td class="r"><span>159275</span></td>
        <td class="l"><span>1</span></td>
        <td class="n">
            <div class="n" style="margin-left:154px">

                <div class="ico">&rarr;</div>

                <p>
                    <span class="node">

                        Hash Left Join


                    </span>

                    <span class="est">
                        (cost=14479.64..61080.23
                        rows=370721
                        width=75)
                    </span>

                    <span class="act">
                        (actual
                        time=127.988..940.853
                        rows=159275
                        loops=1)
                    </span>
                </p>

                    <ul class="ex-nfo">
                            <li>Hash Cond: ((a.mci)::bpchar = (f.qnv_ct_mci)::bpchar)</li>
                    </ul>

            </div>
        </td>
    </tr>





            






    <tr id="l41" class="n odd c-m" data-node_id="40" data-node_parent="39" data-level="7" data-e="1" data-i="2" data-x="1">
        <td class="u "><a href="#l41">41.</a></td>
        <td class="e c-1">
            <span>510.710</span>
        </td>
        <td class="i c-2">
            <span>865.376</span>
        </td>
        <td class="x c-1">
            <span>
                &uarr;
                2.3
            </span>
        </td>
        <td class="r"><span>159275</span></td>
        <td class="l"><span>1</span></td>
        <td class="n">
            <div class="n" style="margin-left:176px">

                <div class="ico">&rarr;</div>

                <p>
                    <span class="node">

                        Hash Left Join


                    </span>

                    <span class="est">
                        (cost=13787.40..58994.13
                        rows=370721
                        width=67)
                    </span>

                    <span class="act">
                        (actual
                        time=126.914..865.376
                        rows=159275
                        loops=1)
                    </span>
                </p>

                    <ul class="ex-nfo">
                            <li>Hash Cond: ((a.mci)::bpchar = (e.mci)::bpchar)</li>
                    </ul>

            </div>
        </td>
    </tr>





            






    <tr id="l42" class="n even c-m" data-node_id="41" data-node_parent="40" data-level="8" data-e="1" data-i="1" data-x="1">
        <td class="u "><a href="#l42">42.</a></td>
        <td class="e c-1">
            <span>174.505</span>
        </td>
        <td class="i c-1">
            <span>237.420</span>
        </td>
        <td class="x c-1">
            <span>
                &uarr;
                2.3
            </span>
        </td>
        <td class="r"><span>159275</span></td>
        <td class="l"><span>1</span></td>
        <td class="n">
            <div class="n" style="margin-left:198px">

                <div class="ico">&rarr;</div>

                <p>
                    <span class="node">

                        Hash Join


                    </span>

                    <span class="est">
                        (cost=928.08..27968.51
                        rows=370721
                        width=51)
                    </span>

                    <span class="act">
                        (actual
                        time=8.997..237.420
                        rows=159275
                        loops=1)
                    </span>
                </p>

                    <ul class="ex-nfo">
                            <li>Hash Cond: ((a.vs_prefixo)::bpchar = (c.prefdep)::bpchar)</li>
                    </ul>

            </div>
        </td>
    </tr>





            






    <tr id="l43" class="n odd c-m" data-node_id="42" data-node_parent="41" data-level="9" data-e="1" data-i="1" data-x="1">
        <td class="u "><a href="#l43">43.</a></td>
        <td class="e c-1">
            <span>53.958</span>
        </td>
        <td class="i c-1">
            <span>53.958</span>
        </td>
        <td class="x c-1">
            <span>
                &uarr;
                2.3
            </span>
        </td>
        <td class="r"><span>159275</span></td>
        <td class="l"><span>1</span></td>
        <td class="n">
            <div class="n" style="margin-left:220px">

                <div class="ico">&rarr;</div>

                <p>
                    <span class="node">

                        Seq Scan

                            on gps_qualificacao_negocios a

                    </span>

                    <span class="est">
                        (cost=0.00..18699.21
                        rows=370721
                        width=51)
                    </span>

                    <span class="act">
                        (actual
                        time=0.011..53.958
                        rows=159275
                        loops=1)
                    </span>
                </p>


            </div>
        </td>
    </tr>








            






    <tr id="l44" class="n odd c-m" data-node_id="43" data-node_parent="41" data-level="9" data-e="1" data-i="1" data-x="1">
        <td class="u "><a href="#l44">44.</a></td>
        <td class="e c-1">
            <span>2.532</span>
        </td>
        <td class="i c-1">
            <span>8.957</span>
        </td>
        <td class="x c-1">
            <span>
                &uarr;
                1.0
            </span>
        </td>
        <td class="r"><span>7870</span></td>
        <td class="l"><span>1</span></td>
        <td class="n">
            <div class="n" style="margin-left:220px">

                <div class="ico">&rarr;</div>

                <p>
                    <span class="node">

                        Hash


                    </span>

                    <span class="est">
                        (cost=829.70..829.70
                        rows=7870
                        width=10)
                    </span>

                    <span class="act">
                        (actual
                        time=8.957..8.957
                        rows=7870
                        loops=1)
                    </span>
                </p>

                    <ul class="ex-nfo">
                            <li>Buckets: 1024  Batches: 1  Memory Usage: 323kB</li>
                    </ul>

            </div>
        </td>
    </tr>





            






    <tr id="l45" class="n even c-m" data-node_id="44" data-node_parent="43" data-level="10" data-e="1" data-i="1" data-x="1">
        <td class="u "><a href="#l45">45.</a></td>
        <td class="e c-1">
            <span>6.425</span>
        </td>
        <td class="i c-1">
            <span>6.425</span>
        </td>
        <td class="x c-1">
            <span>
                &uarr;
                1.0
            </span>
        </td>
        <td class="r"><span>7870</span></td>
        <td class="l"><span>1</span></td>
        <td class="n">
            <div class="n" style="margin-left:242px">

                <div class="ico">&rarr;</div>

                <p>
                    <span class="node">

                        Seq Scan

                            on tbldependenciasbr c

                    </span>

                    <span class="est">
                        (cost=0.00..829.70
                        rows=7870
                        width=10)
                    </span>

                    <span class="act">
                        (actual
                        time=0.013..6.425
                        rows=7870
                        loops=1)
                    </span>
                </p>


            </div>
        </td>
    </tr>














            






    <tr id="l46" class="n odd c-m" data-node_id="45" data-node_parent="40" data-level="8" data-e="1" data-i="1" data-x="1">
        <td class="u "><a href="#l46">46.</a></td>
        <td class="e c-1">
            <span>70.579</span>
        </td>
        <td class="i c-1">
            <span>117.246</span>
        </td>
        <td class="x c-1">
            <span>
                &uarr;
                2.0
            </span>
        </td>
        <td class="r"><span>159274</span></td>
        <td class="l"><span>1</span></td>
        <td class="n">
            <div class="n" style="margin-left:198px">

                <div class="ico">&rarr;</div>

                <p>
                    <span class="node">

                        Hash


                    </span>

                    <span class="est">
                        (cost=6699.48..6699.48
                        rows=318548
                        width=26)
                    </span>

                    <span class="act">
                        (actual
                        time=117.246..117.246
                        rows=159274
                        loops=1)
                    </span>
                </p>

                    <ul class="ex-nfo">
                            <li>Buckets: 8192  Batches: 4  Memory Usage: 2275kB</li>
                    </ul>

            </div>
        </td>
    </tr>





            






    <tr id="l47" class="n even c-m" data-node_id="46" data-node_parent="45" data-level="9" data-e="1" data-i="1" data-x="1">
        <td class="u "><a href="#l47">47.</a></td>
        <td class="e c-1">
            <span>46.667</span>
        </td>
        <td class="i c-1">
            <span>46.667</span>
        </td>
        <td class="x c-1">
            <span>
                &uarr;
                2.0
            </span>
        </td>
        <td class="r"><span>159274</span></td>
        <td class="l"><span>1</span></td>
        <td class="n">
            <div class="n" style="margin-left:220px">

                <div class="ico">&rarr;</div>

                <p>
                    <span class="node">

                        Seq Scan

                            on gps_qualificacao_obs_diaria e

                    </span>

                    <span class="est">
                        (cost=0.00..6699.48
                        rows=318548
                        width=26)
                    </span>

                    <span class="act">
                        (actual
                        time=0.370..46.667
                        rows=159274
                        loops=1)
                    </span>
                </p>


            </div>
        </td>
    </tr>














            






    <tr id="l48" class="n odd c-m" data-node_id="47" data-node_parent="39" data-level="7" data-e="1" data-i="1" data-x="1">
        <td class="u "><a href="#l48">48.</a></td>
        <td class="e c-1">
            <span>0.157</span>
        </td>
        <td class="i c-1">
            <span>1.055</span>
        </td>
        <td class="x c-1">
            <span>
                &uarr;
                1.0
            </span>
        </td>
        <td class="r"><span>366</span></td>
        <td class="l"><span>1</span></td>
        <td class="n">
            <div class="n" style="margin-left:176px">

                <div class="ico">&rarr;</div>

                <p>
                    <span class="node">

                        Hash


                    </span>

                    <span class="est">
                        (cost=687.66..687.66
                        rows=366
                        width=18)
                    </span>

                    <span class="act">
                        (actual
                        time=1.055..1.055
                        rows=366
                        loops=1)
                    </span>
                </p>

                    <ul class="ex-nfo">
                            <li>Buckets: 1024  Batches: 1  Memory Usage: 18kB</li>
                    </ul>

            </div>
        </td>
    </tr>





            






    <tr id="l49" class="n even c-m" data-node_id="48" data-node_parent="47" data-level="8" data-e="1" data-i="1" data-x="1">
        <td class="u "><a href="#l49">49.</a></td>
        <td class="e c-1">
            <span>0.898</span>
        </td>
        <td class="i c-1">
            <span>0.898</span>
        </td>
        <td class="x c-1">
            <span>
                &uarr;
                1.0
            </span>
        </td>
        <td class="r"><span>366</span></td>
        <td class="l"><span>1</span></td>
        <td class="n">
            <div class="n" style="margin-left:198px">

                <div class="ico">&rarr;</div>

                <p>
                    <span class="node">

                        Seq Scan

                            on gps_qualificacao_contas f

                    </span>

                    <span class="est">
                        (cost=0.00..687.66
                        rows=366
                        width=18)
                    </span>

                    <span class="act">
                        (actual
                        time=0.008..0.898
                        rows=366
                        loops=1)
                    </span>
                </p>


            </div>
        </td>
    </tr>














            






    <tr id="l50" class="n odd c-m" data-node_id="49" data-node_parent="38" data-level="6" data-e="1" data-i="1" data-x="1">
        <td class="u "><a href="#l50">50.</a></td>
        <td class="e c-1">
            <span>4.206</span>
        </td>
        <td class="i c-1">
            <span>8.909</span>
        </td>
        <td class="x c-1">
            <span>
                &darr;
                1.0
            </span>
        </td>
        <td class="r"><span>7665</span></td>
        <td class="l"><span>1</span></td>
        <td class="n">
            <div class="n" style="margin-left:154px">

                <div class="ico">&rarr;</div>

                <p>
                    <span class="node">

                        Hash


                    </span>

                    <span class="est">
                        (cost=2184.73..2184.73
                        rows=7473
                        width=49)
                    </span>

                    <span class="act">
                        (actual
                        time=8.909..8.909
                        rows=7665
                        loops=1)
                    </span>
                </p>

                    <ul class="ex-nfo">
                            <li>Buckets: 1024  Batches: 1  Memory Usage: 637kB</li>
                    </ul>

            </div>
        </td>
    </tr>





            






    <tr id="l51" class="n even c-m" data-node_id="50" data-node_parent="49" data-level="7" data-e="1" data-i="1" data-x="1">
        <td class="u "><a href="#l51">51.</a></td>
        <td class="e c-1">
            <span>4.703</span>
        </td>
        <td class="i c-1">
            <span>4.703</span>
        </td>
        <td class="x c-1">
            <span>
                &darr;
                1.0
            </span>
        </td>
        <td class="r"><span>7665</span></td>
        <td class="l"><span>1</span></td>
        <td class="n">
            <div class="n" style="margin-left:176px">

                <div class="ico">&rarr;</div>

                <p>
                    <span class="node">

                        Seq Scan

                            on gps_qualificacao_resultado b

                    </span>

                    <span class="est">
                        (cost=0.00..2184.73
                        rows=7473
                        width=49)
                    </span>

                    <span class="act">
                        (actual
                        time=0.006..4.703
                        rows=7665
                        loops=1)
                    </span>
                </p>


            </div>
        </td>
    </tr>














            






    <tr id="l52" class="n odd c-m" data-node_id="51" data-node_parent="37" data-level="5" data-e="1" data-i="1" data-x="1">
        <td class="u "><a href="#l52">52.</a></td>
        <td class="e c-1">
            <span>1.629</span>
        </td>
        <td class="i c-1">
            <span>3.158</span>
        </td>
        <td class="x c-1">
            <span>
                &uarr;
                2.0
            </span>
        </td>
        <td class="r"><span>4642</span></td>
        <td class="l"><span>1</span></td>
        <td class="n">
            <div class="n" style="margin-left:132px">

                <div class="ico">&rarr;</div>

                <p>
                    <span class="node">

                        Hash


                    </span>

                    <span class="est">
                        (cost=188.84..188.84
                        rows=9284
                        width=26)
                    </span>

                    <span class="act">
                        (actual
                        time=3.158..3.158
                        rows=4642
                        loops=1)
                    </span>
                </p>

                    <ul class="ex-nfo">
                            <li>Buckets: 1024  Batches: 1  Memory Usage: 263kB</li>
                    </ul>

            </div>
        </td>
    </tr>





            






    <tr id="l53" class="n even c-m" data-node_id="52" data-node_parent="51" data-level="6" data-e="1" data-i="1" data-x="1">
        <td class="u "><a href="#l53">53.</a></td>
        <td class="e c-1">
            <span>1.529</span>
        </td>
        <td class="i c-1">
            <span>1.529</span>
        </td>
        <td class="x c-1">
            <span>
                &uarr;
                2.0
            </span>
        </td>
        <td class="r"><span>4642</span></td>
        <td class="l"><span>1</span></td>
        <td class="n">
            <div class="n" style="margin-left:154px">

                <div class="ico">&rarr;</div>

                <p>
                    <span class="node">

                        Seq Scan

                            on gps_qualificacao_obs_mensal d

                    </span>

                    <span class="est">
                        (cost=0.00..188.84
                        rows=9284
                        width=26)
                    </span>

                    <span class="act">
                        (actual
                        time=0.058..1.529
                        rows=4642
                        loops=1)
                    </span>
                </p>


            </div>
        </td>
    </tr>




















            






    <tr id="l54" class="n odd c-m" data-node_id="53" data-node_parent="1" data-level="2" data-e="1" data-i="2" data-x="1">
        <td class="u "><a href="#l54">54.</a></td>
        <td class="e c-1">
            <span>0.014</span>
        </td>
        <td class="i c-2">
            <span>1437.331</span>
        </td>
        <td class="x c-1">
            <span>
                &uarr;
                1.6
            </span>
        </td>
        <td class="r"><span>31</span></td>
        <td class="l"><span>1</span></td>
        <td class="n">
            <div class="n" style="margin-left:66px">

                <div class="ico">&rarr;</div>

                <p>
                    <span class="node">

                        Subquery Scan on &quot;*SELECT* 4&quot;


                    </span>

                    <span class="est">
                        (cost=86074.09..86077.41
                        rows=51
                        width=88)
                    </span>

                    <span class="act">
                        (actual
                        time=1437.281..1437.331
                        rows=31
                        loops=1)
                    </span>
                </p>


            </div>
        </td>
    </tr>





            






    <tr id="l55" class="n even c-m" data-node_id="54" data-node_parent="53" data-level="3" data-e="1" data-i="2" data-x="1">
        <td class="u "><a href="#l55">55.</a></td>
        <td class="e c-1">
            <span>411.482</span>
        </td>
        <td class="i c-2">
            <span>1437.317</span>
        </td>
        <td class="x c-1">
            <span>
                &uarr;
                1.6
            </span>
        </td>
        <td class="r"><span>31</span></td>
        <td class="l"><span>1</span></td>
        <td class="n">
            <div class="n" style="margin-left:88px">

                <div class="ico">&rarr;</div>

                <p>
                    <span class="node">

                        HashAggregate


                    </span>

                    <span class="est">
                        (cost=86074.09..86076.90
                        rows=51
                        width=88)
                    </span>

                    <span class="act">
                        (actual
                        time=1437.278..1437.317
                        rows=31
                        loops=1)
                    </span>
                </p>


            </div>
        </td>
    </tr>





            






    <tr id="l56" class="n odd c-m" data-node_id="55" data-node_parent="54" data-level="4" data-e="1" data-i="2" data-x="1">
        <td class="u "><a href="#l56">56.</a></td>
        <td class="e c-1">
            <span>108.872</span>
        </td>
        <td class="i c-2">
            <span>1025.835</span>
        </td>
        <td class="x c-1">
            <span>
                &uarr;
                2.3
            </span>
        </td>
        <td class="r"><span>159275</span></td>
        <td class="l"><span>1</span></td>
        <td class="n">
            <div class="n" style="margin-left:110px">

                <div class="ico">&rarr;</div>

                <p>
                    <span class="node">

                        Hash Left Join


                    </span>

                    <span class="est">
                        (cost=17062.67..73098.86
                        rows=370721
                        width=88)
                    </span>

                    <span class="act">
                        (actual
                        time=140.625..1025.835
                        rows=159275
                        loops=1)
                    </span>
                </p>

                    <ul class="ex-nfo">
                            <li>Hash Cond: ((a.mci)::bpchar = (d.mci)::bpchar)</li>
                    </ul>

            </div>
        </td>
    </tr>





            






    <tr id="l57" class="n even c-m" data-node_id="56" data-node_parent="55" data-level="5" data-e="1" data-i="2" data-x="1">
        <td class="u "><a href="#l57">57.</a></td>
        <td class="e c-1">
            <span>132.777</span>
        </td>
        <td class="i c-2">
            <span>913.708</span>
        </td>
        <td class="x c-1">
            <span>
                &uarr;
                2.3
            </span>
        </td>
        <td class="r"><span>159275</span></td>
        <td class="l"><span>1</span></td>
        <td class="n">
            <div class="n" style="margin-left:132px">

                <div class="ico">&rarr;</div>

                <p>
                    <span class="node">

                        Hash Left Join


                    </span>

                    <span class="est">
                        (cost=16757.78..67603.71
                        rows=370721
                        width=82)
                    </span>

                    <span class="act">
                        (actual
                        time=137.339..913.708
                        rows=159275
                        loops=1)
                    </span>
                </p>

                    <ul class="ex-nfo">
                            <li>Hash Cond: (a.cnpj_txt = (b.cnpj)::bpchar)</li>
                    </ul>

            </div>
        </td>
    </tr>





            






    <tr id="l58" class="n odd c-m" data-node_id="57" data-node_parent="56" data-level="6" data-e="1" data-i="2" data-x="1">
        <td class="u "><a href="#l58">58.</a></td>
        <td class="e c-1">
            <span>73.685</span>
        </td>
        <td class="i c-2">
            <span>772.454</span>
        </td>
        <td class="x c-1">
            <span>
                &uarr;
                2.3
            </span>
        </td>
        <td class="r"><span>159275</span></td>
        <td class="l"><span>1</span></td>
        <td class="n">
            <div class="n" style="margin-left:154px">

                <div class="ico">&rarr;</div>

                <p>
                    <span class="node">

                        Hash Left Join


                    </span>

                    <span class="est">
                        (cost=14479.64..61080.23
                        rows=370721
                        width=75)
                    </span>

                    <span class="act">
                        (actual
                        time=128.844..772.454
                        rows=159275
                        loops=1)
                    </span>
                </p>

                    <ul class="ex-nfo">
                            <li>Hash Cond: ((a.mci)::bpchar = (f.qnv_ct_mci)::bpchar)</li>
                    </ul>

            </div>
        </td>
    </tr>





            






    <tr id="l59" class="n even c-m" data-node_id="58" data-node_parent="57" data-level="7" data-e="1" data-i="1" data-x="1">
        <td class="u "><a href="#l59">59.</a></td>
        <td class="e c-1">
            <span>333.999</span>
        </td>
        <td class="i c-1">
            <span>697.576</span>
        </td>
        <td class="x c-1">
            <span>
                &uarr;
                2.3
            </span>
        </td>
        <td class="r"><span>159275</span></td>
        <td class="l"><span>1</span></td>
        <td class="n">
            <div class="n" style="margin-left:176px">

                <div class="ico">&rarr;</div>

                <p>
                    <span class="node">

                        Hash Left Join


                    </span>

                    <span class="est">
                        (cost=13787.40..58994.13
                        rows=370721
                        width=67)
                    </span>

                    <span class="act">
                        (actual
                        time=127.616..697.576
                        rows=159275
                        loops=1)
                    </span>
                </p>

                    <ul class="ex-nfo">
                            <li>Hash Cond: ((a.mci)::bpchar = (e.mci)::bpchar)</li>
                    </ul>

            </div>
        </td>
    </tr>





            






    <tr id="l60" class="n odd c-m" data-node_id="59" data-node_parent="58" data-level="8" data-e="1" data-i="1" data-x="1">
        <td class="u "><a href="#l60">60.</a></td>
        <td class="e c-1">
            <span>178.986</span>
        </td>
        <td class="i c-1">
            <span>246.637</span>
        </td>
        <td class="x c-1">
            <span>
                &uarr;
                2.3
            </span>
        </td>
        <td class="r"><span>159275</span></td>
        <td class="l"><span>1</span></td>
        <td class="n">
            <div class="n" style="margin-left:198px">

                <div class="ico">&rarr;</div>

                <p>
                    <span class="node">

                        Hash Join


                    </span>

                    <span class="est">
                        (cost=928.08..27968.51
                        rows=370721
                        width=51)
                    </span>

                    <span class="act">
                        (actual
                        time=9.987..246.637
                        rows=159275
                        loops=1)
                    </span>
                </p>

                    <ul class="ex-nfo">
                            <li>Hash Cond: ((a.vs_prefixo)::bpchar = (c.prefdep)::bpchar)</li>
                    </ul>

            </div>
        </td>
    </tr>





            






    <tr id="l61" class="n even c-m" data-node_id="60" data-node_parent="59" data-level="9" data-e="1" data-i="1" data-x="1">
        <td class="u "><a href="#l61">61.</a></td>
        <td class="e c-1">
            <span>57.706</span>
        </td>
        <td class="i c-1">
            <span>57.706</span>
        </td>
        <td class="x c-1">
            <span>
                &uarr;
                2.3
            </span>
        </td>
        <td class="r"><span>159275</span></td>
        <td class="l"><span>1</span></td>
        <td class="n">
            <div class="n" style="margin-left:220px">

                <div class="ico">&rarr;</div>

                <p>
                    <span class="node">

                        Seq Scan

                            on gps_qualificacao_negocios a

                    </span>

                    <span class="est">
                        (cost=0.00..18699.21
                        rows=370721
                        width=51)
                    </span>

                    <span class="act">
                        (actual
                        time=0.012..57.706
                        rows=159275
                        loops=1)
                    </span>
                </p>


            </div>
        </td>
    </tr>








            






    <tr id="l62" class="n even c-m" data-node_id="61" data-node_parent="59" data-level="9" data-e="1" data-i="1" data-x="1">
        <td class="u "><a href="#l62">62.</a></td>
        <td class="e c-1">
            <span>3.584</span>
        </td>
        <td class="i c-1">
            <span>9.945</span>
        </td>
        <td class="x c-1">
            <span>
                &uarr;
                1.0
            </span>
        </td>
        <td class="r"><span>7870</span></td>
        <td class="l"><span>1</span></td>
        <td class="n">
            <div class="n" style="margin-left:220px">

                <div class="ico">&rarr;</div>

                <p>
                    <span class="node">

                        Hash


                    </span>

                    <span class="est">
                        (cost=829.70..829.70
                        rows=7870
                        width=10)
                    </span>

                    <span class="act">
                        (actual
                        time=9.945..9.945
                        rows=7870
                        loops=1)
                    </span>
                </p>

                    <ul class="ex-nfo">
                            <li>Buckets: 1024  Batches: 1  Memory Usage: 323kB</li>
                    </ul>

            </div>
        </td>
    </tr>





            






    <tr id="l63" class="n odd c-m" data-node_id="62" data-node_parent="61" data-level="10" data-e="1" data-i="1" data-x="1">
        <td class="u "><a href="#l63">63.</a></td>
        <td class="e c-1">
            <span>6.361</span>
        </td>
        <td class="i c-1">
            <span>6.361</span>
        </td>
        <td class="x c-1">
            <span>
                &uarr;
                1.0
            </span>
        </td>
        <td class="r"><span>7870</span></td>
        <td class="l"><span>1</span></td>
        <td class="n">
            <div class="n" style="margin-left:242px">

                <div class="ico">&rarr;</div>

                <p>
                    <span class="node">

                        Seq Scan

                            on tbldependenciasbr c

                    </span>

                    <span class="est">
                        (cost=0.00..829.70
                        rows=7870
                        width=10)
                    </span>

                    <span class="act">
                        (actual
                        time=0.010..6.361
                        rows=7870
                        loops=1)
                    </span>
                </p>


            </div>
        </td>
    </tr>














            






    <tr id="l64" class="n even c-m" data-node_id="63" data-node_parent="58" data-level="8" data-e="1" data-i="1" data-x="1">
        <td class="u "><a href="#l64">64.</a></td>
        <td class="e c-1">
            <span>69.859</span>
        </td>
        <td class="i c-1">
            <span>116.940</span>
        </td>
        <td class="x c-1">
            <span>
                &uarr;
                2.0
            </span>
        </td>
        <td class="r"><span>159274</span></td>
        <td class="l"><span>1</span></td>
        <td class="n">
            <div class="n" style="margin-left:198px">

                <div class="ico">&rarr;</div>

                <p>
                    <span class="node">

                        Hash


                    </span>

                    <span class="est">
                        (cost=6699.48..6699.48
                        rows=318548
                        width=26)
                    </span>

                    <span class="act">
                        (actual
                        time=116.940..116.940
                        rows=159274
                        loops=1)
                    </span>
                </p>

                    <ul class="ex-nfo">
                            <li>Buckets: 8192  Batches: 4  Memory Usage: 2275kB</li>
                    </ul>

            </div>
        </td>
    </tr>





            






    <tr id="l65" class="n odd c-m" data-node_id="64" data-node_parent="63" data-level="9" data-e="1" data-i="1" data-x="1">
        <td class="u "><a href="#l65">65.</a></td>
        <td class="e c-1">
            <span>47.081</span>
        </td>
        <td class="i c-1">
            <span>47.081</span>
        </td>
        <td class="x c-1">
            <span>
                &uarr;
                2.0
            </span>
        </td>
        <td class="r"><span>159274</span></td>
        <td class="l"><span>1</span></td>
        <td class="n">
            <div class="n" style="margin-left:220px">

                <div class="ico">&rarr;</div>

                <p>
                    <span class="node">

                        Seq Scan

                            on gps_qualificacao_obs_diaria e

                    </span>

                    <span class="est">
                        (cost=0.00..6699.48
                        rows=318548
                        width=26)
                    </span>

                    <span class="act">
                        (actual
                        time=0.374..47.081
                        rows=159274
                        loops=1)
                    </span>
                </p>


            </div>
        </td>
    </tr>














            






    <tr id="l66" class="n even c-m" data-node_id="65" data-node_parent="57" data-level="7" data-e="1" data-i="1" data-x="1">
        <td class="u "><a href="#l66">66.</a></td>
        <td class="e c-1">
            <span>0.174</span>
        </td>
        <td class="i c-1">
            <span>1.193</span>
        </td>
        <td class="x c-1">
            <span>
                &uarr;
                1.0
            </span>
        </td>
        <td class="r"><span>366</span></td>
        <td class="l"><span>1</span></td>
        <td class="n">
            <div class="n" style="margin-left:176px">

                <div class="ico">&rarr;</div>

                <p>
                    <span class="node">

                        Hash


                    </span>

                    <span class="est">
                        (cost=687.66..687.66
                        rows=366
                        width=18)
                    </span>

                    <span class="act">
                        (actual
                        time=1.193..1.193
                        rows=366
                        loops=1)
                    </span>
                </p>

                    <ul class="ex-nfo">
                            <li>Buckets: 1024  Batches: 1  Memory Usage: 18kB</li>
                    </ul>

            </div>
        </td>
    </tr>





            






    <tr id="l67" class="n odd c-m" data-node_id="66" data-node_parent="65" data-level="8" data-e="1" data-i="1" data-x="1">
        <td class="u "><a href="#l67">67.</a></td>
        <td class="e c-1">
            <span>1.019</span>
        </td>
        <td class="i c-1">
            <span>1.019</span>
        </td>
        <td class="x c-1">
            <span>
                &uarr;
                1.0
            </span>
        </td>
        <td class="r"><span>366</span></td>
        <td class="l"><span>1</span></td>
        <td class="n">
            <div class="n" style="margin-left:198px">

                <div class="ico">&rarr;</div>

                <p>
                    <span class="node">

                        Seq Scan

                            on gps_qualificacao_contas f

                    </span>

                    <span class="est">
                        (cost=0.00..687.66
                        rows=366
                        width=18)
                    </span>

                    <span class="act">
                        (actual
                        time=0.009..1.019
                        rows=366
                        loops=1)
                    </span>
                </p>


            </div>
        </td>
    </tr>














            






    <tr id="l68" class="n even c-m" data-node_id="67" data-node_parent="56" data-level="6" data-e="1" data-i="1" data-x="1">
        <td class="u "><a href="#l68">68.</a></td>
        <td class="e c-1">
            <span>3.367</span>
        </td>
        <td class="i c-1">
            <span>8.477</span>
        </td>
        <td class="x c-1">
            <span>
                &darr;
                1.0
            </span>
        </td>
        <td class="r"><span>7665</span></td>
        <td class="l"><span>1</span></td>
        <td class="n">
            <div class="n" style="margin-left:154px">

                <div class="ico">&rarr;</div>

                <p>
                    <span class="node">

                        Hash


                    </span>

                    <span class="est">
                        (cost=2184.73..2184.73
                        rows=7473
                        width=49)
                    </span>

                    <span class="act">
                        (actual
                        time=8.477..8.477
                        rows=7665
                        loops=1)
                    </span>
                </p>

                    <ul class="ex-nfo">
                            <li>Buckets: 1024  Batches: 1  Memory Usage: 637kB</li>
                    </ul>

            </div>
        </td>
    </tr>





            






    <tr id="l69" class="n odd c-m" data-node_id="68" data-node_parent="67" data-level="7" data-e="1" data-i="1" data-x="1">
        <td class="u "><a href="#l69">69.</a></td>
        <td class="e c-1">
            <span>5.110</span>
        </td>
        <td class="i c-1">
            <span>5.110</span>
        </td>
        <td class="x c-1">
            <span>
                &darr;
                1.0
            </span>
        </td>
        <td class="r"><span>7665</span></td>
        <td class="l"><span>1</span></td>
        <td class="n">
            <div class="n" style="margin-left:176px">

                <div class="ico">&rarr;</div>

                <p>
                    <span class="node">

                        Seq Scan

                            on gps_qualificacao_resultado b

                    </span>

                    <span class="est">
                        (cost=0.00..2184.73
                        rows=7473
                        width=49)
                    </span>

                    <span class="act">
                        (actual
                        time=0.008..5.110
                        rows=7665
                        loops=1)
                    </span>
                </p>


            </div>
        </td>
    </tr>














            






    <tr id="l70" class="n even c-m" data-node_id="69" data-node_parent="55" data-level="5" data-e="1" data-i="1" data-x="1">
        <td class="u "><a href="#l70">70.</a></td>
        <td class="e c-1">
            <span>1.665</span>
        </td>
        <td class="i c-1">
            <span>3.255</span>
        </td>
        <td class="x c-1">
            <span>
                &uarr;
                2.0
            </span>
        </td>
        <td class="r"><span>4642</span></td>
        <td class="l"><span>1</span></td>
        <td class="n">
            <div class="n" style="margin-left:132px">

                <div class="ico">&rarr;</div>

                <p>
                    <span class="node">

                        Hash


                    </span>

                    <span class="est">
                        (cost=188.84..188.84
                        rows=9284
                        width=26)
                    </span>

                    <span class="act">
                        (actual
                        time=3.255..3.255
                        rows=4642
                        loops=1)
                    </span>
                </p>

                    <ul class="ex-nfo">
                            <li>Buckets: 1024  Batches: 1  Memory Usage: 263kB</li>
                    </ul>

            </div>
        </td>
    </tr>





            






    <tr id="l71" class="n odd c-m" data-node_id="70" data-node_parent="69" data-level="6" data-e="1" data-i="1" data-x="1">
        <td class="u "><a href="#l71">71.</a></td>
        <td class="e c-1">
            <span>1.590</span>
        </td>
        <td class="i c-1">
            <span>1.590</span>
        </td>
        <td class="x c-1">
            <span>
                &uarr;
                2.0
            </span>
        </td>
        <td class="r"><span>4642</span></td>
        <td class="l"><span>1</span></td>
        <td class="n">
            <div class="n" style="margin-left:154px">

                <div class="ico">&rarr;</div>

                <p>
                    <span class="node">

                        Seq Scan

                            on gps_qualificacao_obs_mensal d

                    </span>

                    <span class="est">
                        (cost=0.00..188.84
                        rows=9284
                        width=26)
                    </span>

                    <span class="act">
                        (actual
                        time=0.065..1.590
                        rows=4642
                        loops=1)
                    </span>
                </p>


            </div>
        </td>
    </tr>




















            






    <tr id="l72" class="n even c-m" data-node_id="71" data-node_parent="1" data-level="2" data-e="1" data-i="2" data-x="2">
        <td class="u "><a href="#l72">72.</a></td>
        <td class="e c-1">
            <span>0.005</span>
        </td>
        <td class="i c-2">
            <span>1417.970</span>
        </td>
        <td class="x c-2">
            <span>
                &uarr;
                15.5
            </span>
        </td>
        <td class="r"><span>4</span></td>
        <td class="l"><span>1</span></td>
        <td class="n">
            <div class="n" style="margin-left:66px">

                <div class="ico">&rarr;</div>

                <p>
                    <span class="node">

                        Subquery Scan on &quot;*SELECT* 5&quot;


                    </span>

                    <span class="est">
                        (cost=86074.09..86078.12
                        rows=62
                        width=88)
                    </span>

                    <span class="act">
                        (actual
                        time=1417.963..1417.970
                        rows=4
                        loops=1)
                    </span>
                </p>


            </div>
        </td>
    </tr>





            






    <tr id="l73" class="n odd c-m" data-node_id="72" data-node_parent="71" data-level="3" data-e="1" data-i="2" data-x="2">
        <td class="u "><a href="#l73">73.</a></td>
        <td class="e c-1">
            <span>395.689</span>
        </td>
        <td class="i c-2">
            <span>1417.965</span>
        </td>
        <td class="x c-2">
            <span>
                &uarr;
                15.5
            </span>
        </td>
        <td class="r"><span>4</span></td>
        <td class="l"><span>1</span></td>
        <td class="n">
            <div class="n" style="margin-left:88px">

                <div class="ico">&rarr;</div>

                <p>
                    <span class="node">

                        HashAggregate


                    </span>

                    <span class="est">
                        (cost=86074.09..86077.50
                        rows=62
                        width=88)
                    </span>

                    <span class="act">
                        (actual
                        time=1417.961..1417.965
                        rows=4
                        loops=1)
                    </span>
                </p>


            </div>
        </td>
    </tr>





            






    <tr id="l74" class="n even c-m" data-node_id="73" data-node_parent="72" data-level="4" data-e="1" data-i="2" data-x="1">
        <td class="u "><a href="#l74">74.</a></td>
        <td class="e c-1">
            <span>109.709</span>
        </td>
        <td class="i c-2">
            <span>1022.276</span>
        </td>
        <td class="x c-1">
            <span>
                &uarr;
                2.3
            </span>
        </td>
        <td class="r"><span>159275</span></td>
        <td class="l"><span>1</span></td>
        <td class="n">
            <div class="n" style="margin-left:110px">

                <div class="ico">&rarr;</div>

                <p>
                    <span class="node">

                        Hash Left Join


                    </span>

                    <span class="est">
                        (cost=17062.67..73098.86
                        rows=370721
                        width=88)
                    </span>

                    <span class="act">
                        (actual
                        time=143.788..1022.276
                        rows=159275
                        loops=1)
                    </span>
                </p>

                    <ul class="ex-nfo">
                            <li>Hash Cond: ((a.mci)::bpchar = (d.mci)::bpchar)</li>
                    </ul>

            </div>
        </td>
    </tr>





            






    <tr id="l75" class="n odd c-m" data-node_id="74" data-node_parent="73" data-level="5" data-e="1" data-i="2" data-x="1">
        <td class="u "><a href="#l75">75.</a></td>
        <td class="e c-1">
            <span>135.584</span>
        </td>
        <td class="i c-2">
            <span>909.167</span>
        </td>
        <td class="x c-1">
            <span>
                &uarr;
                2.3
            </span>
        </td>
        <td class="r"><span>159275</span></td>
        <td class="l"><span>1</span></td>
        <td class="n">
            <div class="n" style="margin-left:132px">

                <div class="ico">&rarr;</div>

                <p>
                    <span class="node">

                        Hash Left Join


                    </span>

                    <span class="est">
                        (cost=16757.78..67603.71
                        rows=370721
                        width=82)
                    </span>

                    <span class="act">
                        (actual
                        time=140.255..909.167
                        rows=159275
                        loops=1)
                    </span>
                </p>

                    <ul class="ex-nfo">
                            <li>Hash Cond: (a.cnpj_txt = (b.cnpj)::bpchar)</li>
                    </ul>

            </div>
        </td>
    </tr>





            






    <tr id="l76" class="n even c-m" data-node_id="75" data-node_parent="74" data-level="6" data-e="1" data-i="2" data-x="1">
        <td class="u "><a href="#l76">76.</a></td>
        <td class="e c-1">
            <span>73.795</span>
        </td>
        <td class="i c-2">
            <span>765.381</span>
        </td>
        <td class="x c-1">
            <span>
                &uarr;
                2.3
            </span>
        </td>
        <td class="r"><span>159275</span></td>
        <td class="l"><span>1</span></td>
        <td class="n">
            <div class="n" style="margin-left:154px">

                <div class="ico">&rarr;</div>

                <p>
                    <span class="node">

                        Hash Left Join


                    </span>

                    <span class="est">
                        (cost=14479.64..61080.23
                        rows=370721
                        width=75)
                    </span>

                    <span class="act">
                        (actual
                        time=132.034..765.381
                        rows=159275
                        loops=1)
                    </span>
                </p>

                    <ul class="ex-nfo">
                            <li>Hash Cond: ((a.mci)::bpchar = (f.qnv_ct_mci)::bpchar)</li>
                    </ul>

            </div>
        </td>
    </tr>





            






    <tr id="l77" class="n odd c-m" data-node_id="76" data-node_parent="75" data-level="7" data-e="1" data-i="1" data-x="1">
        <td class="u "><a href="#l77">77.</a></td>
        <td class="e c-1">
            <span>327.720</span>
        </td>
        <td class="i c-1">
            <span>690.511</span>
        </td>
        <td class="x c-1">
            <span>
                &uarr;
                2.3
            </span>
        </td>
        <td class="r"><span>159275</span></td>
        <td class="l"><span>1</span></td>
        <td class="n">
            <div class="n" style="margin-left:176px">

                <div class="ico">&rarr;</div>

                <p>
                    <span class="node">

                        Hash Left Join


                    </span>

                    <span class="est">
                        (cost=13787.40..58994.13
                        rows=370721
                        width=67)
                    </span>

                    <span class="act">
                        (actual
                        time=130.923..690.511
                        rows=159275
                        loops=1)
                    </span>
                </p>

                    <ul class="ex-nfo">
                            <li>Hash Cond: ((a.mci)::bpchar = (e.mci)::bpchar)</li>
                    </ul>

            </div>
        </td>
    </tr>





            






    <tr id="l78" class="n even c-m" data-node_id="77" data-node_parent="76" data-level="8" data-e="1" data-i="1" data-x="1">
        <td class="u "><a href="#l78">78.</a></td>
        <td class="e c-1">
            <span>178.293</span>
        </td>
        <td class="i c-1">
            <span>242.433</span>
        </td>
        <td class="x c-1">
            <span>
                &uarr;
                2.3
            </span>
        </td>
        <td class="r"><span>159275</span></td>
        <td class="l"><span>1</span></td>
        <td class="n">
            <div class="n" style="margin-left:198px">

                <div class="ico">&rarr;</div>

                <p>
                    <span class="node">

                        Hash Join


                    </span>

                    <span class="est">
                        (cost=928.08..27968.51
                        rows=370721
                        width=51)
                    </span>

                    <span class="act">
                        (actual
                        time=9.927..242.433
                        rows=159275
                        loops=1)
                    </span>
                </p>

                    <ul class="ex-nfo">
                            <li>Hash Cond: ((a.vs_prefixo)::bpchar = (c.prefdep)::bpchar)</li>
                    </ul>

            </div>
        </td>
    </tr>





            






    <tr id="l79" class="n odd c-m" data-node_id="78" data-node_parent="77" data-level="9" data-e="1" data-i="1" data-x="1">
        <td class="u "><a href="#l79">79.</a></td>
        <td class="e c-1">
            <span>54.254</span>
        </td>
        <td class="i c-1">
            <span>54.254</span>
        </td>
        <td class="x c-1">
            <span>
                &uarr;
                2.3
            </span>
        </td>
        <td class="r"><span>159275</span></td>
        <td class="l"><span>1</span></td>
        <td class="n">
            <div class="n" style="margin-left:220px">

                <div class="ico">&rarr;</div>

                <p>
                    <span class="node">

                        Seq Scan

                            on gps_qualificacao_negocios a

                    </span>

                    <span class="est">
                        (cost=0.00..18699.21
                        rows=370721
                        width=51)
                    </span>

                    <span class="act">
                        (actual
                        time=0.011..54.254
                        rows=159275
                        loops=1)
                    </span>
                </p>


            </div>
        </td>
    </tr>








            






    <tr id="l80" class="n odd c-m" data-node_id="79" data-node_parent="77" data-level="9" data-e="1" data-i="1" data-x="1">
        <td class="u "><a href="#l80">80.</a></td>
        <td class="e c-1">
            <span>2.862</span>
        </td>
        <td class="i c-1">
            <span>9.886</span>
        </td>
        <td class="x c-1">
            <span>
                &uarr;
                1.0
            </span>
        </td>
        <td class="r"><span>7870</span></td>
        <td class="l"><span>1</span></td>
        <td class="n">
            <div class="n" style="margin-left:220px">

                <div class="ico">&rarr;</div>

                <p>
                    <span class="node">

                        Hash


                    </span>

                    <span class="est">
                        (cost=829.70..829.70
                        rows=7870
                        width=10)
                    </span>

                    <span class="act">
                        (actual
                        time=9.886..9.886
                        rows=7870
                        loops=1)
                    </span>
                </p>

                    <ul class="ex-nfo">
                            <li>Buckets: 1024  Batches: 1  Memory Usage: 323kB</li>
                    </ul>

            </div>
        </td>
    </tr>





            






    <tr id="l81" class="n even c-m" data-node_id="80" data-node_parent="79" data-level="10" data-e="1" data-i="1" data-x="1">
        <td class="u "><a href="#l81">81.</a></td>
        <td class="e c-1">
            <span>7.024</span>
        </td>
        <td class="i c-1">
            <span>7.024</span>
        </td>
        <td class="x c-1">
            <span>
                &uarr;
                1.0
            </span>
        </td>
        <td class="r"><span>7870</span></td>
        <td class="l"><span>1</span></td>
        <td class="n">
            <div class="n" style="margin-left:242px">

                <div class="ico">&rarr;</div>

                <p>
                    <span class="node">

                        Seq Scan

                            on tbldependenciasbr c

                    </span>

                    <span class="est">
                        (cost=0.00..829.70
                        rows=7870
                        width=10)
                    </span>

                    <span class="act">
                        (actual
                        time=0.010..7.024
                        rows=7870
                        loops=1)
                    </span>
                </p>


            </div>
        </td>
    </tr>














            






    <tr id="l82" class="n odd c-m" data-node_id="81" data-node_parent="76" data-level="8" data-e="1" data-i="1" data-x="1">
        <td class="u "><a href="#l82">82.</a></td>
        <td class="e c-1">
            <span>73.341</span>
        </td>
        <td class="i c-1">
            <span>120.358</span>
        </td>
        <td class="x c-1">
            <span>
                &uarr;
                2.0
            </span>
        </td>
        <td class="r"><span>159274</span></td>
        <td class="l"><span>1</span></td>
        <td class="n">
            <div class="n" style="margin-left:198px">

                <div class="ico">&rarr;</div>

                <p>
                    <span class="node">

                        Hash


                    </span>

                    <span class="est">
                        (cost=6699.48..6699.48
                        rows=318548
                        width=26)
                    </span>

                    <span class="act">
                        (actual
                        time=120.358..120.358
                        rows=159274
                        loops=1)
                    </span>
                </p>

                    <ul class="ex-nfo">
                            <li>Buckets: 8192  Batches: 4  Memory Usage: 2275kB</li>
                    </ul>

            </div>
        </td>
    </tr>





            






    <tr id="l83" class="n even c-m" data-node_id="82" data-node_parent="81" data-level="9" data-e="1" data-i="1" data-x="1">
        <td class="u "><a href="#l83">83.</a></td>
        <td class="e c-1">
            <span>47.017</span>
        </td>
        <td class="i c-1">
            <span>47.017</span>
        </td>
        <td class="x c-1">
            <span>
                &uarr;
                2.0
            </span>
        </td>
        <td class="r"><span>159274</span></td>
        <td class="l"><span>1</span></td>
        <td class="n">
            <div class="n" style="margin-left:220px">

                <div class="ico">&rarr;</div>

                <p>
                    <span class="node">

                        Seq Scan

                            on gps_qualificacao_obs_diaria e

                    </span>

                    <span class="est">
                        (cost=0.00..6699.48
                        rows=318548
                        width=26)
                    </span>

                    <span class="act">
                        (actual
                        time=0.371..47.017
                        rows=159274
                        loops=1)
                    </span>
                </p>


            </div>
        </td>
    </tr>














            






    <tr id="l84" class="n odd c-m" data-node_id="83" data-node_parent="75" data-level="7" data-e="1" data-i="1" data-x="1">
        <td class="u "><a href="#l84">84.</a></td>
        <td class="e c-1">
            <span>0.172</span>
        </td>
        <td class="i c-1">
            <span>1.075</span>
        </td>
        <td class="x c-1">
            <span>
                &uarr;
                1.0
            </span>
        </td>
        <td class="r"><span>366</span></td>
        <td class="l"><span>1</span></td>
        <td class="n">
            <div class="n" style="margin-left:176px">

                <div class="ico">&rarr;</div>

                <p>
                    <span class="node">

                        Hash


                    </span>

                    <span class="est">
                        (cost=687.66..687.66
                        rows=366
                        width=18)
                    </span>

                    <span class="act">
                        (actual
                        time=1.075..1.075
                        rows=366
                        loops=1)
                    </span>
                </p>

                    <ul class="ex-nfo">
                            <li>Buckets: 1024  Batches: 1  Memory Usage: 18kB</li>
                    </ul>

            </div>
        </td>
    </tr>





            






    <tr id="l85" class="n even c-m" data-node_id="84" data-node_parent="83" data-level="8" data-e="1" data-i="1" data-x="1">
        <td class="u "><a href="#l85">85.</a></td>
        <td class="e c-1">
            <span>0.903</span>
        </td>
        <td class="i c-1">
            <span>0.903</span>
        </td>
        <td class="x c-1">
            <span>
                &uarr;
                1.0
            </span>
        </td>
        <td class="r"><span>366</span></td>
        <td class="l"><span>1</span></td>
        <td class="n">
            <div class="n" style="margin-left:198px">

                <div class="ico">&rarr;</div>

                <p>
                    <span class="node">

                        Seq Scan

                            on gps_qualificacao_contas f

                    </span>

                    <span class="est">
                        (cost=0.00..687.66
                        rows=366
                        width=18)
                    </span>

                    <span class="act">
                        (actual
                        time=0.008..0.903
                        rows=366
                        loops=1)
                    </span>
                </p>


            </div>
        </td>
    </tr>














            






    <tr id="l86" class="n odd c-m" data-node_id="85" data-node_parent="74" data-level="6" data-e="1" data-i="1" data-x="1">
        <td class="u "><a href="#l86">86.</a></td>
        <td class="e c-1">
            <span>3.511</span>
        </td>
        <td class="i c-1">
            <span>8.202</span>
        </td>
        <td class="x c-1">
            <span>
                &darr;
                1.0
            </span>
        </td>
        <td class="r"><span>7665</span></td>
        <td class="l"><span>1</span></td>
        <td class="n">
            <div class="n" style="margin-left:154px">

                <div class="ico">&rarr;</div>

                <p>
                    <span class="node">

                        Hash


                    </span>

                    <span class="est">
                        (cost=2184.73..2184.73
                        rows=7473
                        width=49)
                    </span>

                    <span class="act">
                        (actual
                        time=8.202..8.202
                        rows=7665
                        loops=1)
                    </span>
                </p>

                    <ul class="ex-nfo">
                            <li>Buckets: 1024  Batches: 1  Memory Usage: 637kB</li>
                    </ul>

            </div>
        </td>
    </tr>





            






    <tr id="l87" class="n even c-m" data-node_id="86" data-node_parent="85" data-level="7" data-e="1" data-i="1" data-x="1">
        <td class="u "><a href="#l87">87.</a></td>
        <td class="e c-1">
            <span>4.691</span>
        </td>
        <td class="i c-1">
            <span>4.691</span>
        </td>
        <td class="x c-1">
            <span>
                &darr;
                1.0
            </span>
        </td>
        <td class="r"><span>7665</span></td>
        <td class="l"><span>1</span></td>
        <td class="n">
            <div class="n" style="margin-left:176px">

                <div class="ico">&rarr;</div>

                <p>
                    <span class="node">

                        Seq Scan

                            on gps_qualificacao_resultado b

                    </span>

                    <span class="est">
                        (cost=0.00..2184.73
                        rows=7473
                        width=49)
                    </span>

                    <span class="act">
                        (actual
                        time=0.006..4.691
                        rows=7665
                        loops=1)
                    </span>
                </p>


            </div>
        </td>
    </tr>














            






    <tr id="l88" class="n odd c-m" data-node_id="87" data-node_parent="73" data-level="5" data-e="1" data-i="1" data-x="1">
        <td class="u "><a href="#l88">88.</a></td>
        <td class="e c-1">
            <span>1.866</span>
        </td>
        <td class="i c-1">
            <span>3.400</span>
        </td>
        <td class="x c-1">
            <span>
                &uarr;
                2.0
            </span>
        </td>
        <td class="r"><span>4642</span></td>
        <td class="l"><span>1</span></td>
        <td class="n">
            <div class="n" style="margin-left:132px">

                <div class="ico">&rarr;</div>

                <p>
                    <span class="node">

                        Hash


                    </span>

                    <span class="est">
                        (cost=188.84..188.84
                        rows=9284
                        width=26)
                    </span>

                    <span class="act">
                        (actual
                        time=3.400..3.400
                        rows=4642
                        loops=1)
                    </span>
                </p>

                    <ul class="ex-nfo">
                            <li>Buckets: 1024  Batches: 1  Memory Usage: 263kB</li>
                    </ul>

            </div>
        </td>
    </tr>





            






    <tr id="l89" class="n even c-m" data-node_id="88" data-node_parent="87" data-level="6" data-e="1" data-i="1" data-x="1">
        <td class="u "><a href="#l89">89.</a></td>
        <td class="e c-1">
            <span>1.534</span>
        </td>
        <td class="i c-1">
            <span>1.534</span>
        </td>
        <td class="x c-1">
            <span>
                &uarr;
                2.0
            </span>
        </td>
        <td class="r"><span>4642</span></td>
        <td class="l"><span>1</span></td>
        <td class="n">
            <div class="n" style="margin-left:154px">

                <div class="ico">&rarr;</div>

                <p>
                    <span class="node">

                        Seq Scan

                            on gps_qualificacao_obs_mensal d

                    </span>

                    <span class="est">
                        (cost=0.00..188.84
                        rows=9284
                        width=26)
                    </span>

                    <span class="act">
                        (actual
                        time=0.058..1.534
                        rows=4642
                        loops=1)
                    </span>
                </p>


            </div>
        </td>
    </tr>


























            </tbody>
        </table>
    </div>

    <div class="result-text hidden">
        <pre id="source">&quot;HashAggregate  (cost=421612.07..421663.16 rows=5109 width=88) (actual time=7303.699..7306.533 rows=5500 loops=1)&quot;
&quot;  -&gt;  Append  (cost=76804.80..421433.26 rows=5109 width=88) (actual time=1332.613..7295.058 rows=5501 loops=1)&quot;
&quot;        -&gt;  Subquery Scan on &quot;*SELECT* 1&quot;  (cost=76804.80..77074.03 rows=4142 width=88) (actual time=1332.612..1340.295 rows=4676 loops=1)&quot;
&quot;              -&gt;  HashAggregate  (cost=76804.80..77032.61 rows=4142 width=88) (actual time=1332.608..1338.718 rows=4676 loops=1)&quot;
&quot;                    -&gt;  Hash Left Join  (cost=16134.60..63829.56 rows=370721 width=88) (actual time=129.288..869.151 rows=159275 loops=1)&quot;
&quot;                          Hash Cond: ((a.mci)::bpchar = (f.qnv_ct_mci)::bpchar)&quot;
&quot;                          -&gt;  Hash Left Join  (cost=15442.36..61743.46 rows=370721 width=90) (actual time=128.122..794.735 rows=159275 loops=1)&quot;
&quot;                                Hash Cond: ((a.mci)::bpchar = (d.mci)::bpchar)&quot;
&quot;                                -&gt;  Hash Left Join  (cost=15137.47..56248.32 rows=370721 width=74) (actual time=124.736..685.765 rows=159275 loops=1)&quot;
&quot;                                      Hash Cond: (a.cnpj_txt = (b.cnpj)::bpchar)&quot;
&quot;                                      -&gt;  Hash Left Join  (cost=12859.33..49724.84 rows=370721 width=67) (actual time=116.253..540.351 rows=159275 loops=1)&quot;
&quot;                                            Hash Cond: ((a.mci)::bpchar = (c.mci)::bpchar)&quot;
&quot;                                            -&gt;  Seq Scan on gps_qualificacao_negocios a  (cost=0.00..18699.21 rows=370721 width=51) (actual time=0.012..78.438 rows=159275 loops=1)&quot;
&quot;                                            -&gt;  Hash  (cost=6699.48..6699.48 rows=318548 width=26) (actual time=115.518..115.518 rows=159274 loops=1)&quot;
&quot;                                                  Buckets: 8192  Batches: 4  Memory Usage: 2275kB&quot;
&quot;                                                  -&gt;  Seq Scan on gps_qualificacao_obs_diaria c  (cost=0.00..6699.48 rows=318548 width=26) (actual time=0.558..46.454 rows=159274 loops=1)&quot;
&quot;                                      -&gt;  Hash  (cost=2184.73..2184.73 rows=7473 width=49) (actual time=8.316..8.316 rows=7665 loops=1)&quot;
&quot;                                            Buckets: 1024  Batches: 1  Memory Usage: 637kB&quot;
&quot;                                            -&gt;  Seq Scan on gps_qualificacao_resultado b  (cost=0.00..2184.73 rows=7473 width=49) (actual time=0.007..4.721 rows=7665 loops=1)&quot;
&quot;                                -&gt;  Hash  (cost=188.84..188.84 rows=9284 width=26) (actual time=3.365..3.365 rows=4642 loops=1)&quot;
&quot;                                      Buckets: 1024  Batches: 1  Memory Usage: 263kB&quot;
&quot;                                      -&gt;  Seq Scan on gps_qualificacao_obs_mensal d  (cost=0.00..188.84 rows=9284 width=26) (actual time=0.059..1.530 rows=4642 loops=1)&quot;
&quot;                          -&gt;  Hash  (cost=687.66..687.66 rows=366 width=18) (actual time=1.153..1.153 rows=366 loops=1)&quot;
&quot;                                Buckets: 1024  Batches: 1  Memory Usage: 18kB&quot;
&quot;                                -&gt;  Seq Scan on gps_qualificacao_contas f  (cost=0.00..687.66 rows=366 width=18) (actual time=0.006..0.916 rows=366 loops=1)&quot;
&quot;        -&gt;  Subquery Scan on &quot;*SELECT* 2&quot;  (cost=86074.09..86118.29 rows=680 width=88) (actual time=1491.179..1492.192 rows=658 loops=1)&quot;
&quot;              -&gt;  HashAggregate  (cost=86074.09..86111.49 rows=680 width=88) (actual time=1491.176..1491.962 rows=658 loops=1)&quot;
&quot;                    -&gt;  Hash Left Join  (cost=17062.67..73098.86 rows=370721 width=88) (actual time=140.505..1058.834 rows=159275 loops=1)&quot;
&quot;                          Hash Cond: ((a.mci)::bpchar = (d.mci)::bpchar)&quot;
&quot;                          -&gt;  Hash Left Join  (cost=16757.78..67603.71 rows=370721 width=82) (actual time=136.748..940.602 rows=159275 loops=1)&quot;
&quot;                                Hash Cond: (a.cnpj_txt = (b.cnpj)::bpchar)&quot;
&quot;                                -&gt;  Hash Left Join  (cost=14479.64..61080.23 rows=370721 width=75) (actual time=128.279..789.074 rows=159275 loops=1)&quot;
&quot;                                      Hash Cond: ((a.mci)::bpchar = (f.qnv_ct_mci)::bpchar)&quot;
&quot;                                      -&gt;  Hash Left Join  (cost=13787.40..58994.13 rows=370721 width=67) (actual time=127.160..713.394 rows=159275 loops=1)&quot;
&quot;                                            Hash Cond: ((a.mci)::bpchar = (e.mci)::bpchar)&quot;
&quot;                                            -&gt;  Hash Join  (cost=928.08..27968.51 rows=370721 width=51) (actual time=10.117..259.576 rows=159275 loops=1)&quot;
&quot;                                                  Hash Cond: ((a.vs_prefixo)::bpchar = (c.prefdep)::bpchar)&quot;
&quot;                                                  -&gt;  Seq Scan on gps_qualificacao_negocios a  (cost=0.00..18699.21 rows=370721 width=51) (actual time=0.012..57.723 rows=159275 loops=1)&quot;
&quot;                                                  -&gt;  Hash  (cost=829.70..829.70 rows=7870 width=10) (actual time=9.997..9.997 rows=7870 loops=1)&quot;
&quot;                                                        Buckets: 1024  Batches: 1  Memory Usage: 323kB&quot;
&quot;                                                        -&gt;  Seq Scan on tbldependenciasbr c  (cost=0.00..829.70 rows=7870 width=10) (actual time=0.012..6.629 rows=7870 loops=1)&quot;
&quot;                                            -&gt;  Hash  (cost=6699.48..6699.48 rows=318548 width=26) (actual time=116.259..116.259 rows=159274 loops=1)&quot;
&quot;                                                  Buckets: 8192  Batches: 4  Memory Usage: 2275kB&quot;
&quot;                                                  -&gt;  Seq Scan on gps_qualificacao_obs_diaria e  (cost=0.00..6699.48 rows=318548 width=26) (actual time=0.371..46.547 rows=159274 loops=1)&quot;
&quot;                                      -&gt;  Hash  (cost=687.66..687.66 rows=366 width=18) (actual time=1.079..1.079 rows=366 loops=1)&quot;
&quot;                                            Buckets: 1024  Batches: 1  Memory Usage: 18kB&quot;
&quot;                                            -&gt;  Seq Scan on gps_qualificacao_contas f  (cost=0.00..687.66 rows=366 width=18) (actual time=0.009..0.908 rows=366 loops=1)&quot;
&quot;                                -&gt;  Hash  (cost=2184.73..2184.73 rows=7473 width=49) (actual time=8.452..8.452 rows=7665 loops=1)&quot;
&quot;                                      Buckets: 1024  Batches: 1  Memory Usage: 637kB&quot;
&quot;                                      -&gt;  Seq Scan on gps_qualificacao_resultado b  (cost=0.00..2184.73 rows=7473 width=49) (actual time=0.006..4.741 rows=7665 loops=1)&quot;
&quot;                          -&gt;  Hash  (cost=188.84..188.84 rows=9284 width=26) (actual time=3.720..3.720 rows=4642 loops=1)&quot;
&quot;                                Buckets: 1024  Batches: 1  Memory Usage: 263kB&quot;
&quot;                                -&gt;  Seq Scan on gps_qualificacao_obs_mensal d  (cost=0.00..188.84 rows=9284 width=26) (actual time=0.064..1.602 rows=4642 loops=1)&quot;
&quot;        -&gt;  Subquery Scan on &quot;*SELECT* 3&quot;  (cost=86074.09..86085.40 rows=174 width=88) (actual time=1605.921..1606.120 rows=132 loops=1)&quot;
&quot;              -&gt;  HashAggregate  (cost=86074.09..86083.66 rows=174 width=88) (actual time=1605.918..1606.071 rows=132 loops=1)&quot;
&quot;                    -&gt;  Hash Left Join  (cost=17062.67..73098.86 rows=370721 width=88) (actual time=140.100..1187.319 rows=159275 loops=1)&quot;
&quot;                          Hash Cond: ((a.mci)::bpchar = (d.mci)::bpchar)&quot;
&quot;                          -&gt;  Hash Left Join  (cost=16757.78..67603.71 rows=370721 width=82) (actual time=136.908..1078.802 rows=159275 loops=1)&quot;
&quot;                                Hash Cond: (a.cnpj_txt = (b.cnpj)::bpchar)&quot;
&quot;                                -&gt;  Hash Left Join  (cost=14479.64..61080.23 rows=370721 width=75) (actual time=127.988..940.853 rows=159275 loops=1)&quot;
&quot;                                      Hash Cond: ((a.mci)::bpchar = (f.qnv_ct_mci)::bpchar)&quot;
&quot;                                      -&gt;  Hash Left Join  (cost=13787.40..58994.13 rows=370721 width=67) (actual time=126.914..865.376 rows=159275 loops=1)&quot;
&quot;                                            Hash Cond: ((a.mci)::bpchar = (e.mci)::bpchar)&quot;
&quot;                                            -&gt;  Hash Join  (cost=928.08..27968.51 rows=370721 width=51) (actual time=8.997..237.420 rows=159275 loops=1)&quot;
&quot;                                                  Hash Cond: ((a.vs_prefixo)::bpchar = (c.prefdep)::bpchar)&quot;
&quot;                                                  -&gt;  Seq Scan on gps_qualificacao_negocios a  (cost=0.00..18699.21 rows=370721 width=51) (actual time=0.011..53.958 rows=159275 loops=1)&quot;
&quot;                                                  -&gt;  Hash  (cost=829.70..829.70 rows=7870 width=10) (actual time=8.957..8.957 rows=7870 loops=1)&quot;
&quot;                                                        Buckets: 1024  Batches: 1  Memory Usage: 323kB&quot;
&quot;                                                        -&gt;  Seq Scan on tbldependenciasbr c  (cost=0.00..829.70 rows=7870 width=10) (actual time=0.013..6.425 rows=7870 loops=1)&quot;
&quot;                                            -&gt;  Hash  (cost=6699.48..6699.48 rows=318548 width=26) (actual time=117.246..117.246 rows=159274 loops=1)&quot;
&quot;                                                  Buckets: 8192  Batches: 4  Memory Usage: 2275kB&quot;
&quot;                                                  -&gt;  Seq Scan on gps_qualificacao_obs_diaria e  (cost=0.00..6699.48 rows=318548 width=26) (actual time=0.370..46.667 rows=159274 loops=1)&quot;
&quot;                                      -&gt;  Hash  (cost=687.66..687.66 rows=366 width=18) (actual time=1.055..1.055 rows=366 loops=1)&quot;
&quot;                                            Buckets: 1024  Batches: 1  Memory Usage: 18kB&quot;
&quot;                                            -&gt;  Seq Scan on gps_qualificacao_contas f  (cost=0.00..687.66 rows=366 width=18) (actual time=0.008..0.898 rows=366 loops=1)&quot;
&quot;                                -&gt;  Hash  (cost=2184.73..2184.73 rows=7473 width=49) (actual time=8.909..8.909 rows=7665 loops=1)&quot;
&quot;                                      Buckets: 1024  Batches: 1  Memory Usage: 637kB&quot;
&quot;                                      -&gt;  Seq Scan on gps_qualificacao_resultado b  (cost=0.00..2184.73 rows=7473 width=49) (actual time=0.006..4.703 rows=7665 loops=1)&quot;
&quot;                          -&gt;  Hash  (cost=188.84..188.84 rows=9284 width=26) (actual time=3.158..3.158 rows=4642 loops=1)&quot;
&quot;                                Buckets: 1024  Batches: 1  Memory Usage: 263kB&quot;
&quot;                                -&gt;  Seq Scan on gps_qualificacao_obs_mensal d  (cost=0.00..188.84 rows=9284 width=26) (actual time=0.058..1.529 rows=4642 loops=1)&quot;
&quot;        -&gt;  Subquery Scan on &quot;*SELECT* 4&quot;  (cost=86074.09..86077.41 rows=51 width=88) (actual time=1437.281..1437.331 rows=31 loops=1)&quot;
&quot;              -&gt;  HashAggregate  (cost=86074.09..86076.90 rows=51 width=88) (actual time=1437.278..1437.317 rows=31 loops=1)&quot;
&quot;                    -&gt;  Hash Left Join  (cost=17062.67..73098.86 rows=370721 width=88) (actual time=140.625..1025.835 rows=159275 loops=1)&quot;
&quot;                          Hash Cond: ((a.mci)::bpchar = (d.mci)::bpchar)&quot;
&quot;                          -&gt;  Hash Left Join  (cost=16757.78..67603.71 rows=370721 width=82) (actual time=137.339..913.708 rows=159275 loops=1)&quot;
&quot;                                Hash Cond: (a.cnpj_txt = (b.cnpj)::bpchar)&quot;
&quot;                                -&gt;  Hash Left Join  (cost=14479.64..61080.23 rows=370721 width=75) (actual time=128.844..772.454 rows=159275 loops=1)&quot;
&quot;                                      Hash Cond: ((a.mci)::bpchar = (f.qnv_ct_mci)::bpchar)&quot;
&quot;                                      -&gt;  Hash Left Join  (cost=13787.40..58994.13 rows=370721 width=67) (actual time=127.616..697.576 rows=159275 loops=1)&quot;
&quot;                                            Hash Cond: ((a.mci)::bpchar = (e.mci)::bpchar)&quot;
&quot;                                            -&gt;  Hash Join  (cost=928.08..27968.51 rows=370721 width=51) (actual time=9.987..246.637 rows=159275 loops=1)&quot;
&quot;                                                  Hash Cond: ((a.vs_prefixo)::bpchar = (c.prefdep)::bpchar)&quot;
&quot;                                                  -&gt;  Seq Scan on gps_qualificacao_negocios a  (cost=0.00..18699.21 rows=370721 width=51) (actual time=0.012..57.706 rows=159275 loops=1)&quot;
&quot;                                                  -&gt;  Hash  (cost=829.70..829.70 rows=7870 width=10) (actual time=9.945..9.945 rows=7870 loops=1)&quot;
&quot;                                                        Buckets: 1024  Batches: 1  Memory Usage: 323kB&quot;
&quot;                                                        -&gt;  Seq Scan on tbldependenciasbr c  (cost=0.00..829.70 rows=7870 width=10) (actual time=0.010..6.361 rows=7870 loops=1)&quot;
&quot;                                            -&gt;  Hash  (cost=6699.48..6699.48 rows=318548 width=26) (actual time=116.940..116.940 rows=159274 loops=1)&quot;
&quot;                                                  Buckets: 8192  Batches: 4  Memory Usage: 2275kB&quot;
&quot;                                                  -&gt;  Seq Scan on gps_qualificacao_obs_diaria e  (cost=0.00..6699.48 rows=318548 width=26) (actual time=0.374..47.081 rows=159274 loops=1)&quot;
&quot;                                      -&gt;  Hash  (cost=687.66..687.66 rows=366 width=18) (actual time=1.193..1.193 rows=366 loops=1)&quot;
&quot;                                            Buckets: 1024  Batches: 1  Memory Usage: 18kB&quot;
&quot;                                            -&gt;  Seq Scan on gps_qualificacao_contas f  (cost=0.00..687.66 rows=366 width=18) (actual time=0.009..1.019 rows=366 loops=1)&quot;
&quot;                                -&gt;  Hash  (cost=2184.73..2184.73 rows=7473 width=49) (actual time=8.477..8.477 rows=7665 loops=1)&quot;
&quot;                                      Buckets: 1024  Batches: 1  Memory Usage: 637kB&quot;
&quot;                                      -&gt;  Seq Scan on gps_qualificacao_resultado b  (cost=0.00..2184.73 rows=7473 width=49) (actual time=0.008..5.110 rows=7665 loops=1)&quot;
&quot;                          -&gt;  Hash  (cost=188.84..188.84 rows=9284 width=26) (actual time=3.255..3.255 rows=4642 loops=1)&quot;
&quot;                                Buckets: 1024  Batches: 1  Memory Usage: 263kB&quot;
&quot;                                -&gt;  Seq Scan on gps_qualificacao_obs_mensal d  (cost=0.00..188.84 rows=9284 width=26) (actual time=0.065..1.590 rows=4642 loops=1)&quot;
&quot;        -&gt;  Subquery Scan on &quot;*SELECT* 5&quot;  (cost=86074.09..86078.12 rows=62 width=88) (actual time=1417.963..1417.970 rows=4 loops=1)&quot;
&quot;              -&gt;  HashAggregate  (cost=86074.09..86077.50 rows=62 width=88) (actual time=1417.961..1417.965 rows=4 loops=1)&quot;
&quot;                    -&gt;  Hash Left Join  (cost=17062.67..73098.86 rows=370721 width=88) (actual time=143.788..1022.276 rows=159275 loops=1)&quot;
&quot;                          Hash Cond: ((a.mci)::bpchar = (d.mci)::bpchar)&quot;
&quot;                          -&gt;  Hash Left Join  (cost=16757.78..67603.71 rows=370721 width=82) (actual time=140.255..909.167 rows=159275 loops=1)&quot;
&quot;                                Hash Cond: (a.cnpj_txt = (b.cnpj)::bpchar)&quot;
&quot;                                -&gt;  Hash Left Join  (cost=14479.64..61080.23 rows=370721 width=75) (actual time=132.034..765.381 rows=159275 loops=1)&quot;
&quot;                                      Hash Cond: ((a.mci)::bpchar = (f.qnv_ct_mci)::bpchar)&quot;
&quot;                                      -&gt;  Hash Left Join  (cost=13787.40..58994.13 rows=370721 width=67) (actual time=130.923..690.511 rows=159275 loops=1)&quot;
&quot;                                            Hash Cond: ((a.mci)::bpchar = (e.mci)::bpchar)&quot;
&quot;                                            -&gt;  Hash Join  (cost=928.08..27968.51 rows=370721 width=51) (actual time=9.927..242.433 rows=159275 loops=1)&quot;
&quot;                                                  Hash Cond: ((a.vs_prefixo)::bpchar = (c.prefdep)::bpchar)&quot;
&quot;                                                  -&gt;  Seq Scan on gps_qualificacao_negocios a  (cost=0.00..18699.21 rows=370721 width=51) (actual time=0.011..54.254 rows=159275 loops=1)&quot;
&quot;                                                  -&gt;  Hash  (cost=829.70..829.70 rows=7870 width=10) (actual time=9.886..9.886 rows=7870 loops=1)&quot;
&quot;                                                        Buckets: 1024  Batches: 1  Memory Usage: 323kB&quot;
&quot;                                                        -&gt;  Seq Scan on tbldependenciasbr c  (cost=0.00..829.70 rows=7870 width=10) (actual time=0.010..7.024 rows=7870 loops=1)&quot;
&quot;                                            -&gt;  Hash  (cost=6699.48..6699.48 rows=318548 width=26) (actual time=120.358..120.358 rows=159274 loops=1)&quot;
&quot;                                                  Buckets: 8192  Batches: 4  Memory Usage: 2275kB&quot;
&quot;                                                  -&gt;  Seq Scan on gps_qualificacao_obs_diaria e  (cost=0.00..6699.48 rows=318548 width=26) (actual time=0.371..47.017 rows=159274 loops=1)&quot;
&quot;                                      -&gt;  Hash  (cost=687.66..687.66 rows=366 width=18) (actual time=1.075..1.075 rows=366 loops=1)&quot;
&quot;                                            Buckets: 1024  Batches: 1  Memory Usage: 18kB&quot;
&quot;                                            -&gt;  Seq Scan on gps_qualificacao_contas f  (cost=0.00..687.66 rows=366 width=18) (actual time=0.008..0.903 rows=366 loops=1)&quot;
&quot;                                -&gt;  Hash  (cost=2184.73..2184.73 rows=7473 width=49) (actual time=8.202..8.202 rows=7665 loops=1)&quot;
&quot;                                      Buckets: 1024  Batches: 1  Memory Usage: 637kB&quot;
&quot;                                      -&gt;  Seq Scan on gps_qualificacao_resultado b  (cost=0.00..2184.73 rows=7473 width=49) (actual time=0.006..4.691 rows=7665 loops=1)&quot;
&quot;                          -&gt;  Hash  (cost=188.84..188.84 rows=9284 width=26) (actual time=3.400..3.400 rows=4642 loops=1)&quot;
&quot;                                Buckets: 1024  Batches: 1  Memory Usage: 263kB&quot;
&quot;                                -&gt;  Seq Scan on gps_qualificacao_obs_mensal d  (cost=0.00..188.84 rows=9284 width=26) (actual time=0.058..1.534 rows=4642 loops=1)&quot;
&quot;Total runtime: 7309.759 ms&quot;
</pre>
    </div>

    <div class="result-stats hidden">
        <h1>Per node type stats</h1>
        <table class="stats">
            <thead>
            <tr><th>node type</th><th>count</th><th>sum of times</th><th>% of query</th></tr>
            </thead>
            <tbody>
                <tr class="table-detail">
                <td class="node-type">Append</td>
                <td class="count">1</td>
                <td class="time">1.150 ms</td>
                <td class="percent">
                    
                    
                    
                    0.0 %
                </td>
                </tr>
                <tr class="table-detail">
                <td class="node-type">Hash</td>
                <td class="count">24</td>
                <td class="time">393.315 ms</td>
                <td class="percent">
                    
                    
                    
                    5.4 %
                </td>
                </tr>
                <tr class="table-detail">
                <td class="node-type">Hash Join</td>
                <td class="count">4</td>
                <td class="time">723.640 ms</td>
                <td class="percent">
                    
                    
                    
                    9.9 %
                </td>
                </tr>
                <tr class="table-detail">
                <td class="node-type">Hash Left Join</td>
                <td class="count">20</td>
                <td class="time">3447.781 ms</td>
                <td class="percent">
                    
                    
                    
                    47.2 %
                </td>
                </tr>
                <tr class="table-detail">
                <td class="node-type">HashAggregate</td>
                <td class="count">6</td>
                <td class="time">2140.093 ms</td>
                <td class="percent">
                    
                    
                    
                    29.3 %
                </td>
                </tr>
                <tr class="table-detail">
                <td class="node-type">Seq Scan</td>
                <td class="count">29</td>
                <td class="time">598.679 ms</td>
                <td class="percent">
                    
                    
                    
                    8.2 %
                </td>
                </tr>
                <tr class="table-detail">
                <td class="node-type">Subquery Scan on &quot;*SELECT* 1&quot;</td>
                <td class="count">1</td>
                <td class="time">1.577 ms</td>
                <td class="percent">
                    
                    
                    
                    0.0 %
                </td>
                </tr>
                <tr class="table-detail">
                <td class="node-type">Subquery Scan on &quot;*SELECT* 2&quot;</td>
                <td class="count">1</td>
                <td class="time">0.230 ms</td>
                <td class="percent">
                    
                    
                    
                    0.0 %
                </td>
                </tr>
                <tr class="table-detail">
                <td class="node-type">Subquery Scan on &quot;*SELECT* 3&quot;</td>
                <td class="count">1</td>
                <td class="time">0.049 ms</td>
                <td class="percent">
                    
                    
                    
                    0.0 %
                </td>
                </tr>
                <tr class="table-detail">
                <td class="node-type">Subquery Scan on &quot;*SELECT* 4&quot;</td>
                <td class="count">1</td>
                <td class="time">0.014 ms</td>
                <td class="percent">
                    
                    
                    
                    0.0 %
                </td>
                </tr>
                <tr class="table-detail">
                <td class="node-type">Subquery Scan on &quot;*SELECT* 5&quot;</td>
                <td class="count">1</td>
                <td class="time">0.005 ms</td>
                <td class="percent">
                    
                    
                    
                    0.0 %
                </td>
                </tr>
            </tbody>
        </table>
        <h1>Per table stats</h1>
        <table class="stats">
            <thead>
            <tr><th>Table name</th><th>Scan count</th><th>Total time</th><th>% of query</th></tr>
            <tr><th>scan type</th><th>count</th><th>sum of times</th><th>% of table</th></tr>
            </thead>
            <tbody>
                <tr class="table-summary">
                <td class="table-name">gps_qualificacao_contas</td>
                <td class="count">5</td>
                <td class="time">4.644 ms</td>
                <td class="percent">
                    
                    
                    
                    0.1 %
                </td>
                </tr>
                <tr class="table-detail">
                <td class="scan-type">Seq Scan</td>
                <td class="count">5</td>
                <td class="time">4.644 ms</td>
                <td class="percent">
                    
                    
                    
                    100.0 %
                </td>
                </tr>
                <tr class="table-summary">
                <td class="table-name">gps_qualificacao_negocios</td>
                <td class="count">5</td>
                <td class="time">302.079 ms</td>
                <td class="percent">
                    
                    
                    
                    4.1 %
                </td>
                </tr>
                <tr class="table-detail">
                <td class="scan-type">Seq Scan</td>
                <td class="count">5</td>
                <td class="time">302.079 ms</td>
                <td class="percent">
                    
                    
                    
                    100.0 %
                </td>
                </tr>
                <tr class="table-summary">
                <td class="table-name">gps_qualificacao_obs_diaria</td>
                <td class="count">5</td>
                <td class="time">233.766 ms</td>
                <td class="percent">
                    
                    
                    
                    3.2 %
                </td>
                </tr>
                <tr class="table-detail">
                <td class="scan-type">Seq Scan</td>
                <td class="count">5</td>
                <td class="time">233.766 ms</td>
                <td class="percent">
                    
                    
                    
                    100.0 %
                </td>
                </tr>
                <tr class="table-summary">
                <td class="table-name">gps_qualificacao_obs_mensal</td>
                <td class="count">5</td>
                <td class="time">7.785 ms</td>
                <td class="percent">
                    
                    
                    
                    0.1 %
                </td>
                </tr>
                <tr class="table-detail">
                <td class="scan-type">Seq Scan</td>
                <td class="count">5</td>
                <td class="time">7.785 ms</td>
                <td class="percent">
                    
                    
                    
                    100.0 %
                </td>
                </tr>
                <tr class="table-summary">
                <td class="table-name">gps_qualificacao_resultado</td>
                <td class="count">5</td>
                <td class="time">23.966 ms</td>
                <td class="percent">
                    
                    
                    
                    0.3 %
                </td>
                </tr>
                <tr class="table-detail">
                <td class="scan-type">Seq Scan</td>
                <td class="count">5</td>
                <td class="time">23.966 ms</td>
                <td class="percent">
                    
                    
                    
                    100.0 %
                </td>
                </tr>
                <tr class="table-summary">
                <td class="table-name">tbldependenciasbr</td>
                <td class="count">4</td>
                <td class="time">26.439 ms</td>
                <td class="percent">
                    
                    
                    
                    0.4 %
                </td>
                </tr>
                <tr class="table-detail">
                <td class="scan-type">Seq Scan</td>
                <td class="count">4</td>
                <td class="time">26.439 ms</td>
                <td class="percent">
                    
                    
                    
                    100.0 %
                </td>
                </tr>
            </tbody>
        </table>
    </div>
</div>



            </section>

            <footer>
                <div>
                    <p class="copyright">Copyright &copy; 2009-2013 <a href="mailto:depesz@depesz.com" title="mail me">Hubert &quot;depesz&quot; Lubaczewski</a>, <a href="mailto:lukasz.metys.lewandowski@gmail.com">ukasz &quot;metys&quot; Lewandowski</a></p>
                    <p class="powered-by">powered by <a href="http://www.mojolicious.org" title="mojolicious web framework">mojolicious</a></p>
                </div>
            </footer>

        </div>
        <!-- /wrapper -->

    </body>
</html>

