http://explain.depesz.com/s/KX6
HTTP/1.1 200 OK
Server: nginx
Date: Thu, 24 Jul 2014 02:19:11 GMT
Content-Type: text/html;charset=utf8
Content-Length: 20188
Connection: close
X-Powered-By: Mojolicious (Perl)

<!doctype html>
<html lang="en">
    <head>
        <meta charset="utf-8" />

        <title>KX6 | explain.depesz.com</title>

        <link rel="stylesheet" href="/css/style.css" />

        <!--[if lt IE 9]>
        <script>

            /* html5 elements */
            var elements = ( "abbr,article,aside,audio,cavnas,datalist,"
                           + "details,figure,footer,header,hgroup,mark,"
                           + "menu,meter,output,progress,section,video,"
                           + "time,nav" ).split( ',' );

            for ( var i = 0 ; i < elements.length ; i++ ) {
                document.createElement( elements[ i ] );
            }

        </script>
        <![endif]-->

        <script src="/js/jquery-1.5.1.min.js"></script>

        <script src="/js/jquery.cookie.min.js"></script>

        <script src="/js/explain.js"></script>

        
    <script>
        $( document ).ready( function( ) {

            /* startup */
            $.fn.explain( 'init', $( '#explain-form' ), $( '#explain' ) );

        } );
    </script>

    </head>
    <body class="show">

        <!-- wrapper -->
        <div id="wrapper">

            <header>
                <hgroup>
                    <h1>
                        <a href="/" title="link to: new explain" rel="permalink"><strong>explain</strong>.depesz.com</a>
                    </h1>
                    <h2><span>A tool for finding a real cause for slow queries.</span></h2>
                </hgroup>
            </header>

            <nav>
                <ul>
                    <li class="item item-new-explain">
                        <a href="/" title="link to: new explain" rel="permalink">new explain</a>
                    </li>
                    <li class="item item-history">
                        <a href="/history" title="link to: history" rel="permalink">history</a>
                    </li>
                    <li class="item item-help">
                        <a href="/help" title="link to: help" rel="permalink">help</a>
                    </li>
                    <li class="item item-about">
                        <a href="http://www.depesz.com/index.php/tag/explaindepeszcom/" title="about explain.depesz.com" rel="permalink">about</a>
                    </li>
                    <li class="item item-contact">
                        <a href="/contact" title="link to: contact" rel="permalink">contact</a>
                    </li>
                </ul>
                <ul class="right">
                    <li>
                            <a href="/login" title="link to: login/register" rel="permalink">login</a>
                    </li>
                </ul>
            </nav>

            <section>
                












<h1>Result: KX6</h1>


<div class="explain-form">

    <form id="explain-form" class="hidden" method="get" action="/s/KX6" autocomplete="off">

        <h3>Colorize:</h3>
        <ul>
            <li>
                <input type="radio" name="c" id="ce" value="e" />
                <label for="ce">exclusive</label>
            </li>
            <li>
                <input type="radio" name="c" id="ci" value="i" />
                <label for="ci">inclusive</label>
            </li>
            <li>
                <input type="radio" name="c" id="cx" value="x" />
                <label for="cx">rows x</label>
            </li>
            <li>
                <input type="radio" name="c" id="cm" value="m" checked=&quot;checked&quot; />
                <label for="cm">mixed</label>
            </li>
        </ul>

        <h3>Columns visibility:</h3>
        <ul>
            <li>
                <input type="checkbox" name="vu" id="vu" value="1" checked=&quot;checked&quot; />
                <label for="vu">#</label>
            </li>
            <li>
                <input type="checkbox" name="ve" id="ve" value="1" checked=&quot;checked&quot; />
                <label for="ve">exclusive</label>
            </li>
            <li>
                <input type="checkbox" name="vi" id="vi" value="1" checked=&quot;checked&quot; />
                <label for="vi">inclusive</label>
            </li>
            <li>
                <input type="checkbox" name="vx" id="vx" value="1" checked=&quot;checked&quot; />
                <label for="vx">rows x</label>
            </li>
            <li>
                <input type="checkbox" name="vr" id="vr" value="1" checked=&quot;checked&quot; />
                <label for="vr">rows</label>
            </li>
            <li>
                <input type="checkbox" name="vl" id="vl" value="1" checked=&quot;checked&quot; />
                <label for="vl">loops</label>
            </li>
        </ul>

        <div class="fe fe-buttons">
            <button type="submit" name="save-settings" id="save-settings"><span>Save settings</span></button>
        </div>

    </form>

    <a href="#" onclick="$.fn.explain( 'toggleCfgForm', this ); return false;" onkeypress="return this.onclick( );"><span>options</span></a>

</div>

<div class="result">

    <div class="plea">
        Did it help? Consider supporting us - Bitcoin address: <a href="https://blockchain.info/address/12v2hUztAk2LgzQ9H9LMwuU32urHMjZQnq">12v2hUztAk2LgzQ9H9LMwuU32urHMjZQnq</a>
    </div>


    <div class="tabs">
        <ul class="clearfix">
            <li class="html">
                <a href="#html"
                   title="view HTML"
                   class="current"
                   onclick="$( this ).explain( 'toggleView', 'html', this ); return false;"
                   onkeypress="return this.onclick( );">HTML</a>
            </li>
            <li class="text">
                <a href="#text"
                   title="view plain text"
                   onclick="$( this ).explain( 'toggleView', 'text', this ); return false;"
                   onkeypress="return this.onclick( );">TEXT</a>
            </li>
            <li class="stats">
                <a href="#stats"
                   title="view plan stats"
                   onclick="$( this ).explain( 'toggleView', 'stats', this ); return false;"
                   onkeypress="return this.onclick( );">STATS</a>
            </li>
        </ul>
    </div>

    <div class="result-html">
        <table id="explain">
            <thead>
                <tr>
                    <th class="u">
                        <span>#</span>
                    </th>
                    <th class="e">
                        <a href="#colorize-exclusive"
                            title="colorize rows based on &quot;exclusive&quot;"
                            onclick="$.fn.explain( 'colorize', 'e', this ); return false"
                            onkeypress="return this.onclick( );">exclusive</a>
                    </th>
                    <th class="i">
                        <a href="#colorize-inclusive"
                            title="colorize rows based on &quot;inclusive&quot;"
                            onclick="$.fn.explain( 'colorize', 'i', this ); return false"
                            onkeypress="return this.onclick( );">inclusive</a>
                    </th>
                    <th class="x">
                        <a href="#colorize-rows-x"
                            title="colorize rows based on &quot;rows x&quot;"
                            onclick="$.fn.explain( 'colorize', 'x', this ); return false"
                            onkeypress="return this.onclick( );">rows x</a>
                    </th>
                    <th class="r">
                        <span>rows</span>
                    </th>
                    <th class="l">
                        <span>loops</span>
                    </th>
                    <th class="n">
                        <span>node</span>
                    </th>
                </tr>
            </thead>
            <tbody>
                






    <tr id="l1" class="n odd c-m" data-node_id="0" data-node_parent="" data-level="0" data-e="1" data-i="4" data-x="1">
        <td class="u "><a href="#l1">1.</a></td>
        <td class="e c-1">
            <span>0.262</span>
        </td>
        <td class="i c-4">
            <span>462.719</span>
        </td>
        <td class="x c-1">
            <span>
                &darr;
                1.3
            </span>
        </td>
        <td class="r"><span>948</span></td>
        <td class="l"><span>1</span></td>
        <td class="n">
            <div class="n" style="margin-left:22px">

                <div class="ico">&rarr;</div>

                <p>
                    <span class="node">

                        Limit


                    </span>

                    <span class="est">
                        (cost=4062.16..4069.21
                        rows=705
                        width=8)
                    </span>

                    <span class="act">
                        (actual
                        time=462.193..462.719
                        rows=948
                        loops=1)
                    </span>
                </p>


            </div>
        </td>
    </tr>





            






    <tr id="l2" class="n even c-m" data-node_id="1" data-node_parent="0" data-level="1" data-e="1" data-i="4" data-x="1">
        <td class="u "><a href="#l2">2.</a></td>
        <td class="e c-1">
            <span>0.709</span>
        </td>
        <td class="i c-4">
            <span>462.457</span>
        </td>
        <td class="x c-1">
            <span>
                &darr;
                1.3
            </span>
        </td>
        <td class="r"><span>948</span></td>
        <td class="l"><span>1</span></td>
        <td class="n">
            <div class="n" style="margin-left:44px">

                <div class="ico">&rarr;</div>

                <p>
                    <span class="node">

                        HashAggregate


                    </span>

                    <span class="est">
                        (cost=4062.16..4069.21
                        rows=705
                        width=8)
                    </span>

                    <span class="act">
                        (actual
                        time=462.191..462.457
                        rows=948
                        loops=1)
                    </span>
                </p>


            </div>
        </td>
    </tr>





            






    <tr id="l3" class="n odd c-m" data-node_id="2" data-node_parent="1" data-level="2" data-e="1" data-i="4" data-x="1">
        <td class="u "><a href="#l3">3.</a></td>
        <td class="e c-1">
            <span>0.296</span>
        </td>
        <td class="i c-4">
            <span>461.748</span>
        </td>
        <td class="x c-1">
            <span>
                &darr;
                1.3
            </span>
        </td>
        <td class="r"><span>948</span></td>
        <td class="l"><span>1</span></td>
        <td class="n">
            <div class="n" style="margin-left:66px">

                <div class="ico">&rarr;</div>

                <p>
                    <span class="node">

                        Result


                    </span>

                    <span class="est">
                        (cost=6.33..4060.40
                        rows=705
                        width=8)
                    </span>

                    <span class="act">
                        (actual
                        time=373.437..461.748
                        rows=948
                        loops=1)
                    </span>
                </p>


            </div>
        </td>
    </tr>





            






    <tr id="l4" class="n even c-m" data-node_id="3" data-node_parent="2" data-level="3" data-e="4" data-i="4" data-x="1">
        <td class="u "><a href="#l4">4.</a></td>
        <td class="e c-4">
            <span>461.452</span>
        </td>
        <td class="i c-4">
            <span>461.452</span>
        </td>
        <td class="x c-1">
            <span>
                &darr;
                1.3
            </span>
        </td>
        <td class="r"><span>948</span></td>
        <td class="l"><span>1</span></td>
        <td class="n">
            <div class="n" style="margin-left:88px">

                <div class="ico">&rarr;</div>

                <p>
                    <span class="node">

                        Append


                    </span>

                    <span class="est">
                        (cost=6.33..4060.40
                        rows=705
                        width=8)
                    </span>

                    <span class="act">
                        (actual
                        time=373.436..461.452
                        rows=948
                        loops=1)
                    </span>
                </p>

                    <ul class="ex-nfo">
                            <li>-&gt;  Bitmap Heap Scan on events  (cost=6.33..22.48 rows=2 width=8) (actual time=156.000..156.000 rows</li>
                            <li>Recheck Cond: (clock &gt; 1335762000)</li>
                            <li>Filter: (source = 0)</li>
                            <li>-&gt;  Bitmap Index Scan on events_2  (cost=0.00..6.33 rows=410 width=0) (actual time=155.993..15</li>
                            <li>Index Cond: (clock &gt; 1335762000)</li>
                            <li>-&gt;  Bitmap Heap Scan on events_y2012m04d28 events  (cost=546.29..3992.97 rows=699 width=8) (actual t</li>
                            <li>Recheck Cond: (clock &gt; 1335762000)</li>
                            <li>Filter: (source = 0)</li>
                            <li>-&gt;  Bitmap Index Scan on events_y2012m04d28_2  (cost=0.00..546.11 rows=34379 width=0) (actual</li>
                            <li>Index Cond: (clock &gt; 1335762000)</li>
                            <li>-&gt;  Bitmap Heap Scan on events_y2012m05d05 events  (cost=6.33..22.48 rows=2 width=8) (actual time=12</li>
                            <li>Recheck Cond: (clock &gt; 1335762000)</li>
                            <li>Filter: (source = 0)</li>
                            <li>-&gt;  Bitmap Index Scan on events_y2012m05d05_2  (cost=0.00..6.33 rows=410 width=0) (actual time</li>
                            <li>Index Cond: (clock &gt; 1335762000)</li>
                            <li>-&gt;  Bitmap Heap Scan on events_y2012m05d12 events  (cost=6.33..22.48 rows=2 width=8) (actual time=65</li>
                            <li>Recheck Cond: (clock &gt; 1335762000)</li>
                            <li>Filter: (source = 0)</li>
                            <li>-&gt;  Bitmap Index Scan on events_y2012m05d12_2  (cost=0.00..6.33 rows=410 width=0) (actual time</li>
                            <li>Index Cond: (clock &gt; 1335762000)</li>
                    </ul>

            </div>
        </td>
    </tr>

















            </tbody>
        </table>
    </div>

    <div class="result-text hidden">
        <pre id="source"> Limit  (cost=4062.16..4069.21 rows=705 width=8) (actual time=462.193..462.719 rows=948 loops=1)
   -&gt;  HashAggregate  (cost=4062.16..4069.21 rows=705 width=8) (actual time=462.191..462.457 rows=948 loops=1)
         -&gt;  Result  (cost=6.33..4060.40 rows=705 width=8) (actual time=373.437..461.748 rows=948 loops=1)
               -&gt;  Append  (cost=6.33..4060.40 rows=705 width=8) (actual time=373.436..461.452 rows=948 loops=1)
                     -&gt;  Bitmap Heap Scan on events  (cost=6.33..22.48 rows=2 width=8) (actual time=156.000..156.000 rows
=0 loops=1)
                           Recheck Cond: (clock &gt; 1335762000)
                           Filter: (source = 0)
                           -&gt;  Bitmap Index Scan on events_2  (cost=0.00..6.33 rows=410 width=0) (actual time=155.993..15
5.993 rows=0 loops=1)
                                 Index Cond: (clock &gt; 1335762000)
                     -&gt;  Bitmap Heap Scan on events_y2012m04d28 events  (cost=546.29..3992.97 rows=699 width=8) (actual t
ime=217.434..227.123 rows=948 loops=1)
                           Recheck Cond: (clock &gt; 1335762000)
                           Filter: (source = 0)
                           -&gt;  Bitmap Index Scan on events_y2012m04d28_2  (cost=0.00..546.11 rows=34379 width=0) (actual
time=217.143..217.143 rows=38268 loops=1)
                                 Index Cond: (clock &gt; 1335762000)
                     -&gt;  Bitmap Heap Scan on events_y2012m05d05 events  (cost=6.33..22.48 rows=2 width=8) (actual time=12
.256..12.256 rows=0 loops=1)
                           Recheck Cond: (clock &gt; 1335762000)
                           Filter: (source = 0)
                           -&gt;  Bitmap Index Scan on events_y2012m05d05_2  (cost=0.00..6.33 rows=410 width=0) (actual time
=12.253..12.253 rows=0 loops=1)
                                 Index Cond: (clock &gt; 1335762000)
                     -&gt;  Bitmap Heap Scan on events_y2012m05d12 events  (cost=6.33..22.48 rows=2 width=8) (actual time=65
.845..65.845 rows=0 loops=1)
                           Recheck Cond: (clock &gt; 1335762000)
                           Filter: (source = 0)
                           -&gt;  Bitmap Index Scan on events_y2012m05d12_2  (cost=0.00..6.33 rows=410 width=0) (actual time
=65.842..65.842 rows=0 loops=1)
                                 Index Cond: (clock &gt; 1335762000)
 Total runtime: 463.020 ms
</pre>
    </div>

    <div class="result-stats hidden">
        <h1>Per node type stats</h1>
        <table class="stats">
            <thead>
            <tr><th>node type</th><th>count</th><th>sum of times</th><th>% of query</th></tr>
            </thead>
            <tbody>
                <tr class="table-detail">
                <td class="node-type">Append</td>
                <td class="count">1</td>
                <td class="time">461.452 ms</td>
                <td class="percent">
                    
                    
                    
                    99.7 %
                </td>
                </tr>
                <tr class="table-detail">
                <td class="node-type">HashAggregate</td>
                <td class="count">1</td>
                <td class="time">0.709 ms</td>
                <td class="percent">
                    
                    
                    
                    0.2 %
                </td>
                </tr>
                <tr class="table-detail">
                <td class="node-type">Limit</td>
                <td class="count">1</td>
                <td class="time">0.262 ms</td>
                <td class="percent">
                    
                    
                    
                    0.1 %
                </td>
                </tr>
                <tr class="table-detail">
                <td class="node-type">Result</td>
                <td class="count">1</td>
                <td class="time">0.296 ms</td>
                <td class="percent">
                    
                    
                    
                    0.1 %
                </td>
                </tr>
            </tbody>
        </table>
        <h1>Per table stats</h1>
        <table class="stats">
            <thead>
            <tr><th>Table name</th><th>Scan count</th><th>Total time</th><th>% of query</th></tr>
            <tr><th>scan type</th><th>count</th><th>sum of times</th><th>% of table</th></tr>
            </thead>
            <tbody>
            </tbody>
        </table>
    </div>
</div>



            </section>

            <footer>
                <div>
                    <p class="copyright">Copyright &copy; 2009-2013 <a href="mailto:depesz@depesz.com" title="mail me">Hubert &quot;depesz&quot; Lubaczewski</a>, <a href="mailto:lukasz.metys.lewandowski@gmail.com">≈Åukasz &quot;metys&quot; Lewandowski</a></p>
                    <p class="powered-by">powered by <a href="http://www.mojolicious.org" title="mojolicious web framework">mojolicious</a></p>
                </div>
            </footer>

        </div>
        <!-- /wrapper -->

    </body>
</html>

