http://explain.depesz.com/s/oQd
HTTP/1.1 200 OK
Server: nginx
Date: Thu, 24 Jul 2014 13:03:50 GMT
Content-Type: text/html;charset=utf8
Content-Length: 149199
Connection: close
X-Powered-By: Mojolicious (Perl)

<!doctype html>
<html lang="en">
    <head>
        <meta charset="utf-8" />

        <title>oQd | explain.depesz.com</title>

        <link rel="stylesheet" href="/css/style.css" />

        <!--[if lt IE 9]>
        <script>

            /* html5 elements */
            var elements = ( "abbr,article,aside,audio,cavnas,datalist,"
                           + "details,figure,footer,header,hgroup,mark,"
                           + "menu,meter,output,progress,section,video,"
                           + "time,nav" ).split( ',' );

            for ( var i = 0 ; i < elements.length ; i++ ) {
                document.createElement( elements[ i ] );
            }

        </script>
        <![endif]-->

        <script src="/js/jquery-1.5.1.min.js"></script>

        <script src="/js/jquery.cookie.min.js"></script>

        <script src="/js/explain.js"></script>

        
    <script>
        $( document ).ready( function( ) {

            /* startup */
            $.fn.explain( 'init', $( '#explain-form' ), $( '#explain' ) );

        } );
    </script>

    </head>
    <body class="show">

        <!-- wrapper -->
        <div id="wrapper">

            <header>
                <hgroup>
                    <h1>
                        <a href="/" title="link to: new explain" rel="permalink"><strong>explain</strong>.depesz.com</a>
                    </h1>
                    <h2><span>A tool for finding a real cause for slow queries.</span></h2>
                </hgroup>
            </header>

            <nav>
                <ul>
                    <li class="item item-new-explain">
                        <a href="/" title="link to: new explain" rel="permalink">new explain</a>
                    </li>
                    <li class="item item-history">
                        <a href="/history" title="link to: history" rel="permalink">history</a>
                    </li>
                    <li class="item item-help">
                        <a href="/help" title="link to: help" rel="permalink">help</a>
                    </li>
                    <li class="item item-about">
                        <a href="http://www.depesz.com/index.php/tag/explaindepeszcom/" title="about explain.depesz.com" rel="permalink">about</a>
                    </li>
                    <li class="item item-contact">
                        <a href="/contact" title="link to: contact" rel="permalink">contact</a>
                    </li>
                </ul>
                <ul class="right">
                    <li>
                            <a href="/login" title="link to: login/register" rel="permalink">login</a>
                    </li>
                </ul>
            </nav>

            <section>
                












<h1>Result: oQd</h1>


<div class="explain-form">

    <form id="explain-form" class="hidden" method="get" action="/s/oQd" autocomplete="off">

        <h3>Colorize:</h3>
        <ul>
            <li>
                <input type="radio" name="c" id="ce" value="e" />
                <label for="ce">exclusive</label>
            </li>
            <li>
                <input type="radio" name="c" id="ci" value="i" />
                <label for="ci">inclusive</label>
            </li>
            <li>
                <input type="radio" name="c" id="cx" value="x" />
                <label for="cx">rows x</label>
            </li>
            <li>
                <input type="radio" name="c" id="cm" value="m" checked=&quot;checked&quot; />
                <label for="cm">mixed</label>
            </li>
        </ul>

        <h3>Columns visibility:</h3>
        <ul>
            <li>
                <input type="checkbox" name="vu" id="vu" value="1" checked=&quot;checked&quot; />
                <label for="vu">#</label>
            </li>
            <li>
                <input type="checkbox" name="ve" id="ve" value="1" checked=&quot;checked&quot; />
                <label for="ve">exclusive</label>
            </li>
            <li>
                <input type="checkbox" name="vi" id="vi" value="1" checked=&quot;checked&quot; />
                <label for="vi">inclusive</label>
            </li>
            <li>
                <input type="checkbox" name="vx" id="vx" value="1" checked=&quot;checked&quot; />
                <label for="vx">rows x</label>
            </li>
            <li>
                <input type="checkbox" name="vr" id="vr" value="1" checked=&quot;checked&quot; />
                <label for="vr">rows</label>
            </li>
            <li>
                <input type="checkbox" name="vl" id="vl" value="1" checked=&quot;checked&quot; />
                <label for="vl">loops</label>
            </li>
        </ul>

        <div class="fe fe-buttons">
            <button type="submit" name="save-settings" id="save-settings"><span>Save settings</span></button>
        </div>

    </form>

    <a href="#" onclick="$.fn.explain( 'toggleCfgForm', this ); return false;" onkeypress="return this.onclick( );"><span>options</span></a>

</div>

<div class="result">

    <div class="plea">
        Did it help? Consider supporting us - Bitcoin address: <a href="https://blockchain.info/address/12v2hUztAk2LgzQ9H9LMwuU32urHMjZQnq">12v2hUztAk2LgzQ9H9LMwuU32urHMjZQnq</a>
    </div>


    <div class="tabs">
        <ul class="clearfix">
            <li class="html">
                <a href="#html"
                   title="view HTML"
                   class="current"
                   onclick="$( this ).explain( 'toggleView', 'html', this ); return false;"
                   onkeypress="return this.onclick( );">HTML</a>
            </li>
            <li class="text">
                <a href="#text"
                   title="view plain text"
                   onclick="$( this ).explain( 'toggleView', 'text', this ); return false;"
                   onkeypress="return this.onclick( );">TEXT</a>
            </li>
            <li class="stats">
                <a href="#stats"
                   title="view plan stats"
                   onclick="$( this ).explain( 'toggleView', 'stats', this ); return false;"
                   onkeypress="return this.onclick( );">STATS</a>
            </li>
        </ul>
    </div>

    <div class="result-html">
        <table id="explain">
            <thead>
                <tr>
                    <th class="u">
                        <span>#</span>
                    </th>
                    <th class="e">
                        <a href="#colorize-exclusive"
                            title="colorize rows based on &quot;exclusive&quot;"
                            onclick="$.fn.explain( 'colorize', 'e', this ); return false"
                            onkeypress="return this.onclick( );">exclusive</a>
                    </th>
                    <th class="i">
                        <a href="#colorize-inclusive"
                            title="colorize rows based on &quot;inclusive&quot;"
                            onclick="$.fn.explain( 'colorize', 'i', this ); return false"
                            onkeypress="return this.onclick( );">inclusive</a>
                    </th>
                    <th class="x">
                        <a href="#colorize-rows-x"
                            title="colorize rows based on &quot;rows x&quot;"
                            onclick="$.fn.explain( 'colorize', 'x', this ); return false"
                            onkeypress="return this.onclick( );">rows x</a>
                    </th>
                    <th class="r">
                        <span>rows</span>
                    </th>
                    <th class="l">
                        <span>loops</span>
                    </th>
                    <th class="n">
                        <span>node</span>
                    </th>
                </tr>
            </thead>
            <tbody>
                






    <tr id="l1" class="n odd c-m" data-node_id="0" data-node_parent="" data-level="0" data-e="2" data-i="4" data-x="1">
        <td class="u "><a href="#l1">1.</a></td>
        <td class="e c-2">
            <span>198.998</span>
        </td>
        <td class="i c-4">
            <span>702.431</span>
        </td>
        <td class="x c-1">
            <span>
                &darr;
                1.4
            </span>
        </td>
        <td class="r"><span>13516</span></td>
        <td class="l"><span>1</span></td>
        <td class="n">
            <div class="n" style="margin-left:22px">

                <div class="ico">&rarr;</div>

                <p>
                    <span class="node">

                        HashAggregate


                    </span>

                    <span class="est">
                        (cost=106482.86..106676.12
                        rows=9663
                        width=86)
                    </span>

                    <span class="act">
                        (actual
                        time=676.065..702.431
                        rows=13516
                        loops=1)
                    </span>
                </p>


            </div>
        </td>
    </tr>





                <tr id="l2" class="cte" data-node_id="1" data-node_parent="0" data-level="0">
                    <td class="u"><span><a href="#l2">2.</a></span></td>
                    <td class="e"><span>&nbsp;</span></td>
                    <td class="i"><span>&nbsp;</span></td>
                    <td class="x"><span>&nbsp;</span></td>
                    <td class="r"><span>&nbsp;</span></td>
                    <td class="l"><span>&nbsp;</span></td>
                    <td class="n">
                        <div class="n" style="margin-left:22px">
                            <p><span>CTE datas</span></p>
                        </div>
                    </td>
                </tr>

                






    <tr id="l3" class="n even c-m" data-node_id="2" data-node_parent="1" data-level="1" data-e="1" data-i="1" data-x="1">
        <td class="u "><a href="#l3">3.</a></td>
        <td class="e c-1">
            <span>0.027</span>
        </td>
        <td class="i c-1">
            <span>0.043</span>
        </td>
        <td class="x c-1">
            <span>
                &uarr;
                1.0
            </span>
        </td>
        <td class="r"><span>1</span></td>
        <td class="l"><span>1</span></td>
        <td class="n">
            <div class="n" style="margin-left:44px">

                <div class="ico">&rarr;</div>

                <p>
                    <span class="node">

                        Index Scan

                            using pk_mapa_datas_ref on mapa_datas datas

                    </span>

                    <span class="est">
                        (cost=0.08..8.36
                        rows=1
                        width=16)
                    </span>

                    <span class="act">
                        (actual
                        time=0.042..0.043
                        rows=1
                        loops=1)
                    </span>
                </p>

                    <ul class="ex-nfo">
                            <li>Index Cond: (md_data_ref = $0)</li>
                    </ul>

            </div>
        </td>
    </tr>






        <tr id="l4" class="ip" data-node_id="3" data-node_parent="2" data-level="1">
            <td class="u"><span><a href="#l4">4.</a></span></td>
            <td class="e"><span>&nbsp;</span></td>
            <td class="i"><span>&nbsp;</span></td>
            <td class="x"><span>&nbsp;</span></td>
            <td class="r"><span>&nbsp;</span></td>
            <td class="l"><span>&nbsp;</span></td>
            <td class="n">
                <div class="n" style="margin-left:44px">
                    <p><span>Initplan (forIndex Scan)</span></p>
                </div>
            </td>
        </tr>

            






    <tr id="l5" class="n odd c-m" data-node_id="4" data-node_parent="3" data-level="2" data-e="1" data-i="1" data-x="1">
        <td class="u "><a href="#l5">5.</a></td>
        <td class="e c-1">
            <span>0.002</span>
        </td>
        <td class="i c-1">
            <span>0.016</span>
        </td>
        <td class="x c-1">
            <span>
                &uarr;
                1.0
            </span>
        </td>
        <td class="r"><span>1</span></td>
        <td class="l"><span>1</span></td>
        <td class="n">
            <div class="n" style="margin-left:66px">

                <div class="ico">&rarr;</div>

                <p>
                    <span class="node">

                        Limit


                    </span>

                    <span class="est">
                        (cost=0.00..0.07
                        rows=1
                        width=4)
                    </span>

                    <span class="act">
                        (actual
                        time=0.015..0.016
                        rows=1
                        loops=1)
                    </span>
                </p>


            </div>
        </td>
    </tr>





            






    <tr id="l6" class="n even c-m" data-node_id="5" data-node_parent="4" data-level="3" data-e="1" data-i="1" data-x="4">
        <td class="u "><a href="#l6">6.</a></td>
        <td class="e c-1">
            <span>0.014</span>
        </td>
        <td class="i c-1">
            <span>0.014</span>
        </td>
        <td class="x c-4">
            <span>
                &uarr;
                12686295.0
            </span>
        </td>
        <td class="r"><span>1</span></td>
        <td class="l"><span>1</span></td>
        <td class="n">
            <div class="n" style="margin-left:88px">

                <div class="ico">&rarr;</div>

                <p>
                    <span class="node">

                        Index Scan Backward

                            using indicadores_realizado_prefixo_common_idx on indicadores_realizado_prefixo 

                    </span>

                    <span class="est">
                        (cost=0.00..907672.32
                        rows=12686295
                        width=4)
                    </span>

                    <span class="act">
                        (actual
                        time=0.014..0.014
                        rows=1
                        loops=1)
                    </span>
                </p>


            </div>
        </td>
    </tr>





















        <tr id="l7" class="ip" data-node_id="6" data-node_parent="0" data-level="0">
            <td class="u"><span><a href="#l7">7.</a></span></td>
            <td class="e"><span>&nbsp;</span></td>
            <td class="i"><span>&nbsp;</span></td>
            <td class="x"><span>&nbsp;</span></td>
            <td class="r"><span>&nbsp;</span></td>
            <td class="l"><span>&nbsp;</span></td>
            <td class="n">
                <div class="n" style="margin-left:22px">
                    <p><span>Initplan (forHashAggregate)</span></p>
                </div>
            </td>
        </tr>

            






    <tr id="l8" class="n odd c-m" data-node_id="7" data-node_parent="6" data-level="1" data-e="1" data-i="1" data-x="1">
        <td class="u "><a href="#l8">8.</a></td>
        <td class="e c-1">
            <span>0.002</span>
        </td>
        <td class="i c-1">
            <span>0.002</span>
        </td>
        <td class="x c-1">
            <span>
                &uarr;
                1.0
            </span>
        </td>
        <td class="r"><span>1</span></td>
        <td class="l"><span>1</span></td>
        <td class="n">
            <div class="n" style="margin-left:44px">

                <div class="ico">&rarr;</div>

                <p>
                    <span class="node">

                        CTE Scan

                            on datas 

                    </span>

                    <span class="est">
                        (cost=0.00..0.02
                        rows=1
                        width=4)
                    </span>

                    <span class="act">
                        (actual
                        time=0.002..0.002
                        rows=1
                        loops=1)
                    </span>
                </p>


            </div>
        </td>
    </tr>








            






    <tr id="l9" class="n odd c-m" data-node_id="8" data-node_parent="6" data-level="1" data-e="1" data-i="1" data-x="1">
        <td class="u "><a href="#l9">9.</a></td>
        <td class="e c-1">
            <span>0.002</span>
        </td>
        <td class="i c-1">
            <span>0.002</span>
        </td>
        <td class="x c-1">
            <span>
                &uarr;
                1.0
            </span>
        </td>
        <td class="r"><span>1</span></td>
        <td class="l"><span>1</span></td>
        <td class="n">
            <div class="n" style="margin-left:44px">

                <div class="ico">&rarr;</div>

                <p>
                    <span class="node">

                        CTE Scan

                            on datas 

                    </span>

                    <span class="est">
                        (cost=0.00..0.02
                        rows=1
                        width=4)
                    </span>

                    <span class="act">
                        (actual
                        time=0.002..0.002
                        rows=1
                        loops=1)
                    </span>
                </p>


            </div>
        </td>
    </tr>








            






    <tr id="l10" class="n odd c-m" data-node_id="9" data-node_parent="6" data-level="1" data-e="1" data-i="1" data-x="1">
        <td class="u "><a href="#l10">10.</a></td>
        <td class="e c-1">
            <span>0.002</span>
        </td>
        <td class="i c-1">
            <span>0.002</span>
        </td>
        <td class="x c-1">
            <span>
                &uarr;
                1.0
            </span>
        </td>
        <td class="r"><span>1</span></td>
        <td class="l"><span>1</span></td>
        <td class="n">
            <div class="n" style="margin-left:44px">

                <div class="ico">&rarr;</div>

                <p>
                    <span class="node">

                        CTE Scan

                            on datas 

                    </span>

                    <span class="est">
                        (cost=0.00..0.02
                        rows=1
                        width=4)
                    </span>

                    <span class="act">
                        (actual
                        time=0.002..0.002
                        rows=1
                        loops=1)
                    </span>
                </p>


            </div>
        </td>
    </tr>








            






    <tr id="l11" class="n odd c-m" data-node_id="10" data-node_parent="6" data-level="1" data-e="1" data-i="1" data-x="1">
        <td class="u "><a href="#l11">11.</a></td>
        <td class="e c-1">
            <span>0.002</span>
        </td>
        <td class="i c-1">
            <span>0.002</span>
        </td>
        <td class="x c-1">
            <span>
                &uarr;
                1.0
            </span>
        </td>
        <td class="r"><span>1</span></td>
        <td class="l"><span>1</span></td>
        <td class="n">
            <div class="n" style="margin-left:44px">

                <div class="ico">&rarr;</div>

                <p>
                    <span class="node">

                        CTE Scan

                            on datas 

                    </span>

                    <span class="est">
                        (cost=0.00..0.02
                        rows=1
                        width=4)
                    </span>

                    <span class="act">
                        (actual
                        time=0.002..0.002
                        rows=1
                        loops=1)
                    </span>
                </p>


            </div>
        </td>
    </tr>








            






    <tr id="l12" class="n odd c-m" data-node_id="11" data-node_parent="6" data-level="1" data-e="1" data-i="1" data-x="1">
        <td class="u "><a href="#l12">12.</a></td>
        <td class="e c-1">
            <span>0.047</span>
        </td>
        <td class="i c-1">
            <span>0.047</span>
        </td>
        <td class="x c-1">
            <span>
                &uarr;
                1.0
            </span>
        </td>
        <td class="r"><span>1</span></td>
        <td class="l"><span>1</span></td>
        <td class="n">
            <div class="n" style="margin-left:44px">

                <div class="ico">&rarr;</div>

                <p>
                    <span class="node">

                        CTE Scan

                            on datas 

                    </span>

                    <span class="est">
                        (cost=0.00..0.02
                        rows=1
                        width=4)
                    </span>

                    <span class="act">
                        (actual
                        time=0.046..0.047
                        rows=1
                        loops=1)
                    </span>
                </p>


            </div>
        </td>
    </tr>








            






    <tr id="l13" class="n odd c-m" data-node_id="12" data-node_parent="6" data-level="1" data-e="1" data-i="1" data-x="1">
        <td class="u "><a href="#l13">13.</a></td>
        <td class="e c-1">
            <span>0.002</span>
        </td>
        <td class="i c-1">
            <span>0.020</span>
        </td>
        <td class="x c-1">
            <span>
                &uarr;
                1.0
            </span>
        </td>
        <td class="r"><span>1</span></td>
        <td class="l"><span>1</span></td>
        <td class="n">
            <div class="n" style="margin-left:44px">

                <div class="ico">&rarr;</div>

                <p>
                    <span class="node">

                        Limit


                    </span>

                    <span class="est">
                        (cost=0.00..0.07
                        rows=1
                        width=4)
                    </span>

                    <span class="act">
                        (actual
                        time=0.020..0.020
                        rows=1
                        loops=1)
                    </span>
                </p>


            </div>
        </td>
    </tr>





            






    <tr id="l14" class="n even c-m" data-node_id="13" data-node_parent="12" data-level="2" data-e="1" data-i="1" data-x="4">
        <td class="u "><a href="#l14">14.</a></td>
        <td class="e c-1">
            <span>0.018</span>
        </td>
        <td class="i c-1">
            <span>0.018</span>
        </td>
        <td class="x c-4">
            <span>
                &uarr;
                12686295.0
            </span>
        </td>
        <td class="r"><span>1</span></td>
        <td class="l"><span>1</span></td>
        <td class="n">
            <div class="n" style="margin-left:66px">

                <div class="ico">&rarr;</div>

                <p>
                    <span class="node">

                        Index Scan Backward

                            using indicadores_realizado_prefixo_common_idx on indicadores_realizado_prefixo 

                    </span>

                    <span class="est">
                        (cost=0.00..907672.32
                        rows=12686295
                        width=4)
                    </span>

                    <span class="act">
                        (actual
                        time=0.018..0.018
                        rows=1
                        loops=1)
                    </span>
                </p>


            </div>
        </td>
    </tr>











            






    <tr id="l15" class="n odd c-m" data-node_id="14" data-node_parent="6" data-level="1" data-e="1" data-i="1" data-x="1">
        <td class="u "><a href="#l15">15.</a></td>
        <td class="e c-1">
            <span>0.001</span>
        </td>
        <td class="i c-1">
            <span>0.017</span>
        </td>
        <td class="x c-1">
            <span>
                &uarr;
                1.0
            </span>
        </td>
        <td class="r"><span>1</span></td>
        <td class="l"><span>1</span></td>
        <td class="n">
            <div class="n" style="margin-left:44px">

                <div class="ico">&rarr;</div>

                <p>
                    <span class="node">

                        Limit


                    </span>

                    <span class="est">
                        (cost=0.00..0.07
                        rows=1
                        width=4)
                    </span>

                    <span class="act">
                        (actual
                        time=0.017..0.017
                        rows=1
                        loops=1)
                    </span>
                </p>


            </div>
        </td>
    </tr>





            






    <tr id="l16" class="n even c-m" data-node_id="15" data-node_parent="14" data-level="2" data-e="1" data-i="1" data-x="4">
        <td class="u "><a href="#l16">16.</a></td>
        <td class="e c-1">
            <span>0.016</span>
        </td>
        <td class="i c-1">
            <span>0.016</span>
        </td>
        <td class="x c-4">
            <span>
                &uarr;
                12686295.0
            </span>
        </td>
        <td class="r"><span>1</span></td>
        <td class="l"><span>1</span></td>
        <td class="n">
            <div class="n" style="margin-left:66px">

                <div class="ico">&rarr;</div>

                <p>
                    <span class="node">

                        Index Scan Backward

                            using indicadores_realizado_prefixo_common_idx on indicadores_realizado_prefixo 

                    </span>

                    <span class="est">
                        (cost=0.00..907672.32
                        rows=12686295
                        width=4)
                    </span>

                    <span class="act">
                        (actual
                        time=0.016..0.016
                        rows=1
                        loops=1)
                    </span>
                </p>


            </div>
        </td>
    </tr>











            






    <tr id="l17" class="n odd c-m" data-node_id="16" data-node_parent="6" data-level="1" data-e="1" data-i="1" data-x="1">
        <td class="u "><a href="#l17">17.</a></td>
        <td class="e c-1">
            <span>0.001</span>
        </td>
        <td class="i c-1">
            <span>0.008</span>
        </td>
        <td class="x c-1">
            <span>
                &uarr;
                1.0
            </span>
        </td>
        <td class="r"><span>1</span></td>
        <td class="l"><span>1</span></td>
        <td class="n">
            <div class="n" style="margin-left:44px">

                <div class="ico">&rarr;</div>

                <p>
                    <span class="node">

                        Limit


                    </span>

                    <span class="est">
                        (cost=0.00..0.07
                        rows=1
                        width=4)
                    </span>

                    <span class="act">
                        (actual
                        time=0.008..0.008
                        rows=1
                        loops=1)
                    </span>
                </p>


            </div>
        </td>
    </tr>





            






    <tr id="l18" class="n even c-m" data-node_id="17" data-node_parent="16" data-level="2" data-e="1" data-i="1" data-x="4">
        <td class="u "><a href="#l18">18.</a></td>
        <td class="e c-1">
            <span>0.007</span>
        </td>
        <td class="i c-1">
            <span>0.007</span>
        </td>
        <td class="x c-4">
            <span>
                &uarr;
                12686295.0
            </span>
        </td>
        <td class="r"><span>1</span></td>
        <td class="l"><span>1</span></td>
        <td class="n">
            <div class="n" style="margin-left:66px">

                <div class="ico">&rarr;</div>

                <p>
                    <span class="node">

                        Index Scan Backward

                            using indicadores_realizado_prefixo_common_idx on indicadores_realizado_prefixo 

                    </span>

                    <span class="est">
                        (cost=0.00..907672.32
                        rows=12686295
                        width=4)
                    </span>

                    <span class="act">
                        (actual
                        time=0.007..0.007
                        rows=1
                        loops=1)
                    </span>
                </p>


            </div>
        </td>
    </tr>











            






    <tr id="l19" class="n odd c-m" data-node_id="18" data-node_parent="6" data-level="1" data-e="1" data-i="1" data-x="1">
        <td class="u "><a href="#l19">19.</a></td>
        <td class="e c-1">
            <span>0.001</span>
        </td>
        <td class="i c-1">
            <span>0.027</span>
        </td>
        <td class="x c-1">
            <span>
                &uarr;
                1.0
            </span>
        </td>
        <td class="r"><span>1</span></td>
        <td class="l"><span>1</span></td>
        <td class="n">
            <div class="n" style="margin-left:44px">

                <div class="ico">&rarr;</div>

                <p>
                    <span class="node">

                        Limit


                    </span>

                    <span class="est">
                        (cost=0.00..0.07
                        rows=1
                        width=4)
                    </span>

                    <span class="act">
                        (actual
                        time=0.027..0.027
                        rows=1
                        loops=1)
                    </span>
                </p>


            </div>
        </td>
    </tr>





            






    <tr id="l20" class="n even c-m" data-node_id="19" data-node_parent="18" data-level="2" data-e="1" data-i="1" data-x="4">
        <td class="u "><a href="#l20">20.</a></td>
        <td class="e c-1">
            <span>0.026</span>
        </td>
        <td class="i c-1">
            <span>0.026</span>
        </td>
        <td class="x c-4">
            <span>
                &uarr;
                12686295.0
            </span>
        </td>
        <td class="r"><span>1</span></td>
        <td class="l"><span>1</span></td>
        <td class="n">
            <div class="n" style="margin-left:66px">

                <div class="ico">&rarr;</div>

                <p>
                    <span class="node">

                        Index Scan Backward

                            using indicadores_realizado_prefixo_common_idx on indicadores_realizado_prefixo 

                    </span>

                    <span class="est">
                        (cost=0.00..907672.32
                        rows=12686295
                        width=4)
                    </span>

                    <span class="act">
                        (actual
                        time=0.026..0.026
                        rows=1
                        loops=1)
                    </span>
                </p>


            </div>
        </td>
    </tr>











            






    <tr id="l21" class="n odd c-m" data-node_id="20" data-node_parent="6" data-level="1" data-e="1" data-i="1" data-x="1">
        <td class="u "><a href="#l21">21.</a></td>
        <td class="e c-1">
            <span>0.001</span>
        </td>
        <td class="i c-1">
            <span>0.013</span>
        </td>
        <td class="x c-1">
            <span>
                &uarr;
                1.0
            </span>
        </td>
        <td class="r"><span>1</span></td>
        <td class="l"><span>1</span></td>
        <td class="n">
            <div class="n" style="margin-left:44px">

                <div class="ico">&rarr;</div>

                <p>
                    <span class="node">

                        Limit


                    </span>

                    <span class="est">
                        (cost=0.00..0.07
                        rows=1
                        width=4)
                    </span>

                    <span class="act">
                        (actual
                        time=0.013..0.013
                        rows=1
                        loops=1)
                    </span>
                </p>


            </div>
        </td>
    </tr>





            






    <tr id="l22" class="n even c-m" data-node_id="21" data-node_parent="20" data-level="2" data-e="1" data-i="1" data-x="4">
        <td class="u "><a href="#l22">22.</a></td>
        <td class="e c-1">
            <span>0.012</span>
        </td>
        <td class="i c-1">
            <span>0.012</span>
        </td>
        <td class="x c-4">
            <span>
                &uarr;
                12686295.0
            </span>
        </td>
        <td class="r"><span>1</span></td>
        <td class="l"><span>1</span></td>
        <td class="n">
            <div class="n" style="margin-left:66px">

                <div class="ico">&rarr;</div>

                <p>
                    <span class="node">

                        Index Scan Backward

                            using indicadores_realizado_prefixo_common_idx on indicadores_realizado_prefixo 

                    </span>

                    <span class="est">
                        (cost=0.00..907672.32
                        rows=12686295
                        width=4)
                    </span>

                    <span class="act">
                        (actual
                        time=0.012..0.012
                        rows=1
                        loops=1)
                    </span>
                </p>


            </div>
        </td>
    </tr>











            






    <tr id="l23" class="n odd c-m" data-node_id="22" data-node_parent="6" data-level="1" data-e="1" data-i="3" data-x="1">
        <td class="u "><a href="#l23">23.</a></td>
        <td class="e c-1">
            <span>23.916</span>
        </td>
        <td class="i c-3">
            <span>503.293</span>
        </td>
        <td class="x c-1">
            <span>
                &uarr;
                1.0
            </span>
        </td>
        <td class="r"><span>39237</span></td>
        <td class="l"><span>1</span></td>
        <td class="n">
            <div class="n" style="margin-left:44px">

                <div class="ico">&rarr;</div>

                <p>
                    <span class="node">

                        Hash Left Join


                    </span>

                    <span class="est">
                        (cost=90513.10..105100.70
                        rows=39237
                        width=86)
                    </span>

                    <span class="act">
                        (actual
                        time=416.748..503.293
                        rows=39237
                        loops=1)
                    </span>
                </p>

                    <ul class="ex-nfo">
                            <li>Hash Cond: ((d.dbh_uor)::integer = rlz_557.ir_uor)</li>
                    </ul>

            </div>
        </td>
    </tr>





            






    <tr id="l24" class="n even c-m" data-node_id="23" data-node_parent="22" data-level="2" data-e="1" data-i="3" data-x="1">
        <td class="u "><a href="#l24">24.</a></td>
        <td class="e c-1">
            <span>24.561</span>
        </td>
        <td class="i c-3">
            <span>470.530</span>
        </td>
        <td class="x c-1">
            <span>
                &uarr;
                1.0
            </span>
        </td>
        <td class="r"><span>39237</span></td>
        <td class="l"><span>1</span></td>
        <td class="n">
            <div class="n" style="margin-left:66px">

                <div class="ico">&rarr;</div>

                <p>
                    <span class="node">

                        Hash Left Join


                    </span>

                    <span class="est">
                        (cost=80247.06..93224.96
                        rows=39237
                        width=83)
                    </span>

                    <span class="act">
                        (actual
                        time=407.876..470.530
                        rows=39237
                        loops=1)
                    </span>
                </p>

                    <ul class="ex-nfo">
                            <li>Hash Cond: ((d.dbh_uor)::integer = rlz_385.ir_uor)</li>
                    </ul>

            </div>
        </td>
    </tr>





            






    <tr id="l25" class="n odd c-m" data-node_id="24" data-node_parent="23" data-level="3" data-e="1" data-i="3" data-x="1">
        <td class="u "><a href="#l25">25.</a></td>
        <td class="e c-1">
            <span>29.786</span>
        </td>
        <td class="i c-3">
            <span>435.201</span>
        </td>
        <td class="x c-1">
            <span>
                &uarr;
                1.0
            </span>
        </td>
        <td class="r"><span>39237</span></td>
        <td class="l"><span>1</span></td>
        <td class="n">
            <div class="n" style="margin-left:88px">

                <div class="ico">&rarr;</div>

                <p>
                    <span class="node">

                        Hash Right Join


                    </span>

                    <span class="est">
                        (cost=69570.24..80881.73
                        rows=39237
                        width=76)
                    </span>

                    <span class="act">
                        (actual
                        time=397.077..435.201
                        rows=39237
                        loops=1)
                    </span>
                </p>

                    <ul class="ex-nfo">
                            <li>Hash Cond: (rlz_386.ir_uor = (d.dbh_uor)::integer)</li>
                    </ul>

            </div>
        </td>
    </tr>





            






    <tr id="l26" class="n even c-m" data-node_id="25" data-node_parent="24" data-level="4" data-e="1" data-i="1" data-x="1">
        <td class="u "><a href="#l26">26.</a></td>
        <td class="e c-1">
            <span>1.090</span>
        </td>
        <td class="i c-1">
            <span>8.427</span>
        </td>
        <td class="x c-1">
            <span>
                &darr;
                1.1
            </span>
        </td>
        <td class="r"><span>5292</span></td>
        <td class="l"><span>1</span></td>
        <td class="n">
            <div class="n" style="margin-left:110px">

                <div class="ico">&rarr;</div>

                <p>
                    <span class="node">

                        Append


                    </span>

                    <span class="est">
                        (cost=0.00..10894.31
                        rows=4959
                        width=11)
                    </span>

                    <span class="act">
                        (actual
                        time=0.062..8.427
                        rows=5292
                        loops=1)
                    </span>
                </p>


            </div>
        </td>
    </tr>





            






    <tr id="l27" class="n odd c-m" data-node_id="26" data-node_parent="25" data-level="5" data-e="1" data-i="1" data-x="1">
        <td class="u "><a href="#l27">27.</a></td>
        <td class="e c-1">
            <span>0.001</span>
        </td>
        <td class="i c-1">
            <span>0.001</span>
        </td>
        <td class="x c-1">
            <span>
                &darr;
                0.0
            </span>
        </td>
        <td class="r"><span>0</span></td>
        <td class="l"><span>1</span></td>
        <td class="n">
            <div class="n" style="margin-left:132px">

                <div class="ico">&rarr;</div>

                <p>
                    <span class="node">

                        Seq Scan

                            on indicadores_realizado rlz_386

                    </span>

                    <span class="est">
                        (cost=0.00..0.00
                        rows=1
                        width=22)
                    </span>

                    <span class="act">
                        (actual
                        time=0.001..0.001
                        rows=0
                        loops=1)
                    </span>
                </p>

                    <ul class="ex-nfo">
                            <li>Filter: ((ir_carteira = (-1)) AND (ir_indicador = 386) AND (ir_data = $10))</li>
                    </ul>

            </div>
        </td>
    </tr>








            






    <tr id="l28" class="n odd c-m" data-node_id="27" data-node_parent="25" data-level="5" data-e="1" data-i="1" data-x="1">
        <td class="u "><a href="#l28">28.</a></td>
        <td class="e c-1">
            <span>7.336</span>
        </td>
        <td class="i c-1">
            <span>7.336</span>
        </td>
        <td class="x c-1">
            <span>
                &darr;
                1.1
            </span>
        </td>
        <td class="r"><span>5292</span></td>
        <td class="l"><span>1</span></td>
        <td class="n">
            <div class="n" style="margin-left:132px">

                <div class="ico">&rarr;</div>

                <p>
                    <span class="node">

                        Index Scan

                            using indicadores_realiado_prefixo_pk on indicadores_realizado_prefixo rlz_386

                    </span>

                    <span class="est">
                        (cost=0.00..10894.31
                        rows=4958
                        width=11)
                    </span>

                    <span class="act">
                        (actual
                        time=0.059..7.336
                        rows=5292
                        loops=1)
                    </span>
                </p>

                    <ul class="ex-nfo">
                            <li>Index Cond: ((ir_data = $10) AND (ir_indicador = 386))</li>
                            <li>Filter: (ir_carteira = (-1))</li>
                    </ul>

            </div>
        </td>
    </tr>











            






    <tr id="l29" class="n even c-m" data-node_id="28" data-node_parent="24" data-level="4" data-e="1" data-i="3" data-x="1">
        <td class="u "><a href="#l29">29.</a></td>
        <td class="e c-1">
            <span>21.338</span>
        </td>
        <td class="i c-3">
            <span>396.988</span>
        </td>
        <td class="x c-1">
            <span>
                &uarr;
                1.0
            </span>
        </td>
        <td class="r"><span>39237</span></td>
        <td class="l"><span>1</span></td>
        <td class="n">
            <div class="n" style="margin-left:110px">

                <div class="ico">&rarr;</div>

                <p>
                    <span class="node">

                        Hash


                    </span>

                    <span class="est">
                        (cost=69079.77..69079.77
                        rows=39237
                        width=69)
                    </span>

                    <span class="act">
                        (actual
                        time=396.988..396.988
                        rows=39237
                        loops=1)
                    </span>
                </p>

                    <ul class="ex-nfo">
                            <li>Buckets: 4096  Batches: 1  Memory Usage: 3541kB</li>
                    </ul>

            </div>
        </td>
    </tr>





            






    <tr id="l30" class="n odd c-m" data-node_id="29" data-node_parent="28" data-level="5" data-e="1" data-i="3" data-x="1">
        <td class="u "><a href="#l30">30.</a></td>
        <td class="e c-1">
            <span>19.079</span>
        </td>
        <td class="i c-3">
            <span>375.650</span>
        </td>
        <td class="x c-1">
            <span>
                &uarr;
                1.0
            </span>
        </td>
        <td class="r"><span>39237</span></td>
        <td class="l"><span>1</span></td>
        <td class="n">
            <div class="n" style="margin-left:132px">

                <div class="ico">&rarr;</div>

                <p>
                    <span class="node">

                        Hash Right Join


                    </span>

                    <span class="est">
                        (cost=58581.58..69079.77
                        rows=39237
                        width=69)
                    </span>

                    <span class="act">
                        (actual
                        time=350.024..375.650
                        rows=39237
                        loops=1)
                    </span>
                </p>

                    <ul class="ex-nfo">
                            <li>Hash Cond: (rlz_383.ir_uor = (d.dbh_uor)::integer)</li>
                    </ul>

            </div>
        </td>
    </tr>





            






    <tr id="l31" class="n even c-m" data-node_id="30" data-node_parent="29" data-level="6" data-e="1" data-i="1" data-x="1">
        <td class="u "><a href="#l31">31.</a></td>
        <td class="e c-1">
            <span>0.937</span>
        </td>
        <td class="i c-1">
            <span>6.783</span>
        </td>
        <td class="x c-1">
            <span>
                &darr;
                1.1
            </span>
        </td>
        <td class="r"><span>5263</span></td>
        <td class="l"><span>1</span></td>
        <td class="n">
            <div class="n" style="margin-left:154px">

                <div class="ico">&rarr;</div>

                <p>
                    <span class="node">

                        Append


                    </span>

                    <span class="est">
                        (cost=0.00..10111.46
                        rows=4597
                        width=11)
                    </span>

                    <span class="act">
                        (actual
                        time=0.215..6.783
                        rows=5263
                        loops=1)
                    </span>
                </p>


            </div>
        </td>
    </tr>





            






    <tr id="l32" class="n odd c-m" data-node_id="31" data-node_parent="30" data-level="7" data-e="1" data-i="1" data-x="1">
        <td class="u "><a href="#l32">32.</a></td>
        <td class="e c-1">
            <span>0.159</span>
        </td>
        <td class="i c-1">
            <span>0.159</span>
        </td>
        <td class="x c-1">
            <span>
                &darr;
                0.0
            </span>
        </td>
        <td class="r"><span>0</span></td>
        <td class="l"><span>1</span></td>
        <td class="n">
            <div class="n" style="margin-left:176px">

                <div class="ico">&rarr;</div>

                <p>
                    <span class="node">

                        Seq Scan

                            on indicadores_realizado rlz_383

                    </span>

                    <span class="est">
                        (cost=0.00..0.00
                        rows=1
                        width=22)
                    </span>

                    <span class="act">
                        (actual
                        time=0.159..0.159
                        rows=0
                        loops=1)
                    </span>
                </p>

                    <ul class="ex-nfo">
                            <li>Filter: ((ir_carteira = (-1)) AND (ir_indicador = 383) AND (ir_data = $7))</li>
                    </ul>

            </div>
        </td>
    </tr>








            






    <tr id="l33" class="n odd c-m" data-node_id="32" data-node_parent="30" data-level="7" data-e="1" data-i="1" data-x="1">
        <td class="u "><a href="#l33">33.</a></td>
        <td class="e c-1">
            <span>5.687</span>
        </td>
        <td class="i c-1">
            <span>5.687</span>
        </td>
        <td class="x c-1">
            <span>
                &darr;
                1.1
            </span>
        </td>
        <td class="r"><span>5263</span></td>
        <td class="l"><span>1</span></td>
        <td class="n">
            <div class="n" style="margin-left:176px">

                <div class="ico">&rarr;</div>

                <p>
                    <span class="node">

                        Index Scan

                            using indicadores_realiado_prefixo_pk on indicadores_realizado_prefixo rlz_383

                    </span>

                    <span class="est">
                        (cost=0.00..10111.46
                        rows=4596
                        width=11)
                    </span>

                    <span class="act">
                        (actual
                        time=0.055..5.687
                        rows=5263
                        loops=1)
                    </span>
                </p>

                    <ul class="ex-nfo">
                            <li>Index Cond: ((ir_data = $7) AND (ir_indicador = 383))</li>
                            <li>Filter: (ir_carteira = (-1))</li>
                    </ul>

            </div>
        </td>
    </tr>











            






    <tr id="l34" class="n even c-m" data-node_id="33" data-node_parent="29" data-level="6" data-e="1" data-i="2" data-x="1">
        <td class="u "><a href="#l34">34.</a></td>
        <td class="e c-1">
            <span>19.016</span>
        </td>
        <td class="i c-2">
            <span>349.788</span>
        </td>
        <td class="x c-1">
            <span>
                &uarr;
                1.0
            </span>
        </td>
        <td class="r"><span>39237</span></td>
        <td class="l"><span>1</span></td>
        <td class="n">
            <div class="n" style="margin-left:154px">

                <div class="ico">&rarr;</div>

                <p>
                    <span class="node">

                        Hash


                    </span>

                    <span class="est">
                        (cost=58091.11..58091.11
                        rows=39237
                        width=62)
                    </span>

                    <span class="act">
                        (actual
                        time=349.788..349.788
                        rows=39237
                        loops=1)
                    </span>
                </p>

                    <ul class="ex-nfo">
                            <li>Buckets: 4096  Batches: 1  Memory Usage: 3358kB</li>
                    </ul>

            </div>
        </td>
    </tr>





            






    <tr id="l35" class="n odd c-m" data-node_id="34" data-node_parent="33" data-level="7" data-e="1" data-i="2" data-x="1">
        <td class="u "><a href="#l35">35.</a></td>
        <td class="e c-1">
            <span>18.303</span>
        </td>
        <td class="i c-2">
            <span>330.772</span>
        </td>
        <td class="x c-1">
            <span>
                &uarr;
                1.0
            </span>
        </td>
        <td class="r"><span>39237</span></td>
        <td class="l"><span>1</span></td>
        <td class="n">
            <div class="n" style="margin-left:176px">

                <div class="ico">&rarr;</div>

                <p>
                    <span class="node">

                        Hash Right Join


                    </span>

                    <span class="est">
                        (cost=47962.29..58091.11
                        rows=39237
                        width=62)
                    </span>

                    <span class="act">
                        (actual
                        time=306.285..330.772
                        rows=39237
                        loops=1)
                    </span>
                </p>

                    <ul class="ex-nfo">
                            <li>Hash Cond: (rlz_384.ir_uor = (d.dbh_uor)::integer)</li>
                    </ul>

            </div>
        </td>
    </tr>





            






    <tr id="l36" class="n even c-m" data-node_id="35" data-node_parent="34" data-level="8" data-e="1" data-i="1" data-x="1">
        <td class="u "><a href="#l36">36.</a></td>
        <td class="e c-1">
            <span>0.685</span>
        </td>
        <td class="i c-1">
            <span>6.250</span>
        </td>
        <td class="x c-1">
            <span>
                &darr;
                1.2
            </span>
        </td>
        <td class="r"><span>5252</span></td>
        <td class="l"><span>1</span></td>
        <td class="n">
            <div class="n" style="margin-left:198px">

                <div class="ico">&rarr;</div>

                <p>
                    <span class="node">

                        Append


                    </span>

                    <span class="est">
                        (cost=0.00..9755.98
                        rows=4432
                        width=11)
                    </span>

                    <span class="act">
                        (actual
                        time=0.043..6.250
                        rows=5252
                        loops=1)
                    </span>
                </p>


            </div>
        </td>
    </tr>





            






    <tr id="l37" class="n odd c-m" data-node_id="36" data-node_parent="35" data-level="9" data-e="1" data-i="1" data-x="1">
        <td class="u "><a href="#l37">37.</a></td>
        <td class="e c-1">
            <span>0.001</span>
        </td>
        <td class="i c-1">
            <span>0.001</span>
        </td>
        <td class="x c-1">
            <span>
                &darr;
                0.0
            </span>
        </td>
        <td class="r"><span>0</span></td>
        <td class="l"><span>1</span></td>
        <td class="n">
            <div class="n" style="margin-left:220px">

                <div class="ico">&rarr;</div>

                <p>
                    <span class="node">

                        Seq Scan

                            on indicadores_realizado rlz_384

                    </span>

                    <span class="est">
                        (cost=0.00..0.00
                        rows=1
                        width=22)
                    </span>

                    <span class="act">
                        (actual
                        time=0.001..0.001
                        rows=0
                        loops=1)
                    </span>
                </p>

                    <ul class="ex-nfo">
                            <li>Filter: ((ir_carteira = (-1)) AND (ir_indicador = 384) AND (ir_data = $8))</li>
                    </ul>

            </div>
        </td>
    </tr>








            






    <tr id="l38" class="n odd c-m" data-node_id="37" data-node_parent="35" data-level="9" data-e="1" data-i="1" data-x="1">
        <td class="u "><a href="#l38">38.</a></td>
        <td class="e c-1">
            <span>5.564</span>
        </td>
        <td class="i c-1">
            <span>5.564</span>
        </td>
        <td class="x c-1">
            <span>
                &darr;
                1.2
            </span>
        </td>
        <td class="r"><span>5252</span></td>
        <td class="l"><span>1</span></td>
        <td class="n">
            <div class="n" style="margin-left:220px">

                <div class="ico">&rarr;</div>

                <p>
                    <span class="node">

                        Index Scan

                            using indicadores_realiado_prefixo_pk on indicadores_realizado_prefixo rlz_384

                    </span>

                    <span class="est">
                        (cost=0.00..9755.98
                        rows=4431
                        width=11)
                    </span>

                    <span class="act">
                        (actual
                        time=0.042..5.564
                        rows=5252
                        loops=1)
                    </span>
                </p>

                    <ul class="ex-nfo">
                            <li>Index Cond: ((ir_data = $8) AND (ir_indicador = 384))</li>
                            <li>Filter: (ir_carteira = (-1))</li>
                    </ul>

            </div>
        </td>
    </tr>











            






    <tr id="l39" class="n even c-m" data-node_id="38" data-node_parent="34" data-level="8" data-e="1" data-i="2" data-x="1">
        <td class="u "><a href="#l39">39.</a></td>
        <td class="e c-1">
            <span>15.457</span>
        </td>
        <td class="i c-2">
            <span>306.219</span>
        </td>
        <td class="x c-1">
            <span>
                &uarr;
                1.0
            </span>
        </td>
        <td class="r"><span>39237</span></td>
        <td class="l"><span>1</span></td>
        <td class="n">
            <div class="n" style="margin-left:198px">

                <div class="ico">&rarr;</div>

                <p>
                    <span class="node">

                        Hash


                    </span>

                    <span class="est">
                        (cost=47471.82..47471.82
                        rows=39237
                        width=55)
                    </span>

                    <span class="act">
                        (actual
                        time=306.219..306.219
                        rows=39237
                        loops=1)
                    </span>
                </p>

                    <ul class="ex-nfo">
                            <li>Buckets: 4096  Batches: 1  Memory Usage: 3160kB</li>
                    </ul>

            </div>
        </td>
    </tr>





            






    <tr id="l40" class="n odd c-m" data-node_id="39" data-node_parent="38" data-level="9" data-e="1" data-i="2" data-x="1">
        <td class="u "><a href="#l40">40.</a></td>
        <td class="e c-1">
            <span>16.511</span>
        </td>
        <td class="i c-2">
            <span>290.762</span>
        </td>
        <td class="x c-1">
            <span>
                &uarr;
                1.0
            </span>
        </td>
        <td class="r"><span>39237</span></td>
        <td class="l"><span>1</span></td>
        <td class="n">
            <div class="n" style="margin-left:220px">

                <div class="ico">&rarr;</div>

                <p>
                    <span class="node">

                        Hash Right Join


                    </span>

                    <span class="est">
                        (cost=38735.97..47471.82
                        rows=39237
                        width=55)
                    </span>

                    <span class="act">
                        (actual
                        time=265.512..290.762
                        rows=39237
                        loops=1)
                    </span>
                </p>

                    <ul class="ex-nfo">
                            <li>Hash Cond: (orc_385.io_uor = (d.dbh_uor)::integer)</li>
                    </ul>

            </div>
        </td>
    </tr>





            






    <tr id="l41" class="n even c-m" data-node_id="40" data-node_parent="39" data-level="10" data-e="1" data-i="1" data-x="1">
        <td class="u "><a href="#l41">41.</a></td>
        <td class="e c-1">
            <span>0.606</span>
        </td>
        <td class="i c-1">
            <span>10.902</span>
        </td>
        <td class="x c-1">
            <span>
                &uarr;
                1.0
            </span>
        </td>
        <td class="r"><span>5279</span></td>
        <td class="l"><span>1</span></td>
        <td class="n">
            <div class="n" style="margin-left:242px">

                <div class="ico">&rarr;</div>

                <p>
                    <span class="node">

                        Append


                    </span>

                    <span class="est">
                        (cost=0.00..8282.70
                        rows=5387
                        width=10)
                    </span>

                    <span class="act">
                        (actual
                        time=2.145..10.902
                        rows=5279
                        loops=1)
                    </span>
                </p>


            </div>
        </td>
    </tr>





            






    <tr id="l42" class="n odd c-m" data-node_id="41" data-node_parent="40" data-level="11" data-e="1" data-i="1" data-x="1">
        <td class="u "><a href="#l42">42.</a></td>
        <td class="e c-1">
            <span>0.002</span>
        </td>
        <td class="i c-1">
            <span>0.002</span>
        </td>
        <td class="x c-1">
            <span>
                &darr;
                0.0
            </span>
        </td>
        <td class="r"><span>0</span></td>
        <td class="l"><span>1</span></td>
        <td class="n">
            <div class="n" style="margin-left:264px">

                <div class="ico">&rarr;</div>

                <p>
                    <span class="node">

                        Seq Scan

                            on indicadores_orcado orc_385

                    </span>

                    <span class="est">
                        (cost=0.00..0.00
                        rows=1
                        width=22)
                    </span>

                    <span class="act">
                        (actual
                        time=0.002..0.002
                        rows=0
                        loops=1)
                    </span>
                </p>

                    <ul class="ex-nfo">
                            <li>Filter: ((io_carteira = (-1)) AND (io_indicador = 385) AND (io_data = $4))</li>
                    </ul>

            </div>
        </td>
    </tr>








            






    <tr id="l43" class="n odd c-m" data-node_id="42" data-node_parent="40" data-level="11" data-e="1" data-i="1" data-x="1">
        <td class="u "><a href="#l43">43.</a></td>
        <td class="e c-1">
            <span>9.081</span>
        </td>
        <td class="i c-1">
            <span>10.294</span>
        </td>
        <td class="x c-1">
            <span>
                &uarr;
                1.0
            </span>
        </td>
        <td class="r"><span>5279</span></td>
        <td class="l"><span>1</span></td>
        <td class="n">
            <div class="n" style="margin-left:264px">

                <div class="ico">&rarr;</div>

                <p>
                    <span class="node">

                        Bitmap Heap Scan

                            on indicadores_orcado_prefixo orc_385

                    </span>

                    <span class="est">
                        (cost=211.80..8282.70
                        rows=5386
                        width=10)
                    </span>

                    <span class="act">
                        (actual
                        time=2.143..10.294
                        rows=5279
                        loops=1)
                    </span>
                </p>

                    <ul class="ex-nfo">
                            <li>Recheck Cond: ((io_data = $4) AND (io_indicador = 385))</li>
                            <li>Filter: (io_carteira = (-1))</li>
                    </ul>

            </div>
        </td>
    </tr>





            






    <tr id="l44" class="n even c-m" data-node_id="43" data-node_parent="42" data-level="12" data-e="1" data-i="1" data-x="1">
        <td class="u "><a href="#l44">44.</a></td>
        <td class="e c-1">
            <span>1.213</span>
        </td>
        <td class="i c-1">
            <span>1.213</span>
        </td>
        <td class="x c-1">
            <span>
                &uarr;
                1.0
            </span>
        </td>
        <td class="r"><span>5279</span></td>
        <td class="l"><span>1</span></td>
        <td class="n">
            <div class="n" style="margin-left:286px">

                <div class="ico">&rarr;</div>

                <p>
                    <span class="node">

                        Bitmap Index Scan

                            on indicadores_orcado_prefixo_pk

                    </span>

                    <span class="est">
                        (cost=0.00..210.45
                        rows=5386
                        width=0)
                    </span>

                    <span class="act">
                        (actual
                        time=1.213..1.213
                        rows=5279
                        loops=1)
                    </span>
                </p>

                    <ul class="ex-nfo">
                            <li>Index Cond: ((io_data = $4) AND (io_indicador = 385))</li>
                    </ul>

            </div>
        </td>
    </tr>














            






    <tr id="l45" class="n odd c-m" data-node_id="44" data-node_parent="39" data-level="10" data-e="1" data-i="2" data-x="1">
        <td class="u "><a href="#l45">45.</a></td>
        <td class="e c-1">
            <span>14.813</span>
        </td>
        <td class="i c-2">
            <span>263.349</span>
        </td>
        <td class="x c-1">
            <span>
                &uarr;
                1.0
            </span>
        </td>
        <td class="r"><span>39237</span></td>
        <td class="l"><span>1</span></td>
        <td class="n">
            <div class="n" style="margin-left:242px">

                <div class="ico">&rarr;</div>

                <p>
                    <span class="node">

                        Hash


                    </span>

                    <span class="est">
                        (cost=38245.50..38245.50
                        rows=39237
                        width=49)
                    </span>

                    <span class="act">
                        (actual
                        time=263.349..263.349
                        rows=39237
                        loops=1)
                    </span>
                </p>

                    <ul class="ex-nfo">
                            <li>Buckets: 4096  Batches: 1  Memory Usage: 3008kB</li>
                    </ul>

            </div>
        </td>
    </tr>





            






    <tr id="l46" class="n even c-m" data-node_id="45" data-node_parent="44" data-level="11" data-e="1" data-i="2" data-x="1">
        <td class="u "><a href="#l46">46.</a></td>
        <td class="e c-1">
            <span>15.137</span>
        </td>
        <td class="i c-2">
            <span>248.536</span>
        </td>
        <td class="x c-1">
            <span>
                &uarr;
                1.0
            </span>
        </td>
        <td class="r"><span>39237</span></td>
        <td class="l"><span>1</span></td>
        <td class="n">
            <div class="n" style="margin-left:264px">

                <div class="ico">&rarr;</div>

                <p>
                    <span class="node">

                        Hash Right Join


                    </span>

                    <span class="est">
                        (cost=29813.33..38245.50
                        rows=39237
                        width=49)
                    </span>

                    <span class="act">
                        (actual
                        time=224.328..248.536
                        rows=39237
                        loops=1)
                    </span>
                </p>

                    <ul class="ex-nfo">
                            <li>Hash Cond: (orc_384.io_uor = (d.dbh_uor)::integer)</li>
                    </ul>

            </div>
        </td>
    </tr>





            






    <tr id="l47" class="n odd c-m" data-node_id="46" data-node_parent="45" data-level="12" data-e="1" data-i="1" data-x="1">
        <td class="u "><a href="#l47">47.</a></td>
        <td class="e c-1">
            <span>0.765</span>
        </td>
        <td class="i c-1">
            <span>11.253</span>
        </td>
        <td class="x c-1">
            <span>
                &darr;
                1.1
            </span>
        </td>
        <td class="r"><span>5271</span></td>
        <td class="l"><span>1</span></td>
        <td class="n">
            <div class="n" style="margin-left:286px">

                <div class="ico">&rarr;</div>

                <p>
                    <span class="node">

                        Append


                    </span>

                    <span class="est">
                        (cost=0.00..8015.03
                        rows=4959
                        width=10)
                    </span>

                    <span class="act">
                        (actual
                        time=2.159..11.253
                        rows=5271
                        loops=1)
                    </span>
                </p>


            </div>
        </td>
    </tr>





            






    <tr id="l48" class="n even c-m" data-node_id="47" data-node_parent="46" data-level="13" data-e="1" data-i="1" data-x="1">
        <td class="u "><a href="#l48">48.</a></td>
        <td class="e c-1">
            <span>0.002</span>
        </td>
        <td class="i c-1">
            <span>0.002</span>
        </td>
        <td class="x c-1">
            <span>
                &darr;
                0.0
            </span>
        </td>
        <td class="r"><span>0</span></td>
        <td class="l"><span>1</span></td>
        <td class="n">
            <div class="n" style="margin-left:308px">

                <div class="ico">&rarr;</div>

                <p>
                    <span class="node">

                        Seq Scan

                            on indicadores_orcado orc_384

                    </span>

                    <span class="est">
                        (cost=0.00..0.00
                        rows=1
                        width=22)
                    </span>

                    <span class="act">
                        (actual
                        time=0.002..0.002
                        rows=0
                        loops=1)
                    </span>
                </p>

                    <ul class="ex-nfo">
                            <li>Filter: ((io_carteira = (-1)) AND (io_indicador = 384) AND (io_data = $3))</li>
                    </ul>

            </div>
        </td>
    </tr>








            






    <tr id="l49" class="n even c-m" data-node_id="48" data-node_parent="46" data-level="13" data-e="1" data-i="1" data-x="1">
        <td class="u "><a href="#l49">49.</a></td>
        <td class="e c-1">
            <span>9.256</span>
        </td>
        <td class="i c-1">
            <span>10.486</span>
        </td>
        <td class="x c-1">
            <span>
                &darr;
                1.1
            </span>
        </td>
        <td class="r"><span>5271</span></td>
        <td class="l"><span>1</span></td>
        <td class="n">
            <div class="n" style="margin-left:308px">

                <div class="ico">&rarr;</div>

                <p>
                    <span class="node">

                        Bitmap Heap Scan

                            on indicadores_orcado_prefixo orc_384

                    </span>

                    <span class="est">
                        (cost=195.41..8015.03
                        rows=4958
                        width=10)
                    </span>

                    <span class="act">
                        (actual
                        time=2.157..10.486
                        rows=5271
                        loops=1)
                    </span>
                </p>

                    <ul class="ex-nfo">
                            <li>Recheck Cond: ((io_data = $3) AND (io_indicador = 384))</li>
                            <li>Filter: (io_carteira = (-1))</li>
                    </ul>

            </div>
        </td>
    </tr>





            






    <tr id="l50" class="n odd c-m" data-node_id="49" data-node_parent="48" data-level="14" data-e="1" data-i="1" data-x="1">
        <td class="u "><a href="#l50">50.</a></td>
        <td class="e c-1">
            <span>1.230</span>
        </td>
        <td class="i c-1">
            <span>1.230</span>
        </td>
        <td class="x c-1">
            <span>
                &darr;
                1.1
            </span>
        </td>
        <td class="r"><span>5271</span></td>
        <td class="l"><span>1</span></td>
        <td class="n">
            <div class="n" style="margin-left:330px">

                <div class="ico">&rarr;</div>

                <p>
                    <span class="node">

                        Bitmap Index Scan

                            on indicadores_orcado_prefixo_pk

                    </span>

                    <span class="est">
                        (cost=0.00..194.17
                        rows=4958
                        width=0)
                    </span>

                    <span class="act">
                        (actual
                        time=1.230..1.230
                        rows=5271
                        loops=1)
                    </span>
                </p>

                    <ul class="ex-nfo">
                            <li>Index Cond: ((io_data = $3) AND (io_indicador = 384))</li>
                    </ul>

            </div>
        </td>
    </tr>














            






    <tr id="l51" class="n even c-m" data-node_id="50" data-node_parent="45" data-level="12" data-e="1" data-i="2" data-x="1">
        <td class="u "><a href="#l51">51.</a></td>
        <td class="e c-1">
            <span>14.317</span>
        </td>
        <td class="i c-2">
            <span>222.146</span>
        </td>
        <td class="x c-1">
            <span>
                &uarr;
                1.0
            </span>
        </td>
        <td class="r"><span>39237</span></td>
        <td class="l"><span>1</span></td>
        <td class="n">
            <div class="n" style="margin-left:286px">

                <div class="ico">&rarr;</div>

                <p>
                    <span class="node">

                        Hash


                    </span>

                    <span class="est">
                        (cost=29322.87..29322.87
                        rows=39237
                        width=43)
                    </span>

                    <span class="act">
                        (actual
                        time=222.146..222.146
                        rows=39237
                        loops=1)
                    </span>
                </p>

                    <ul class="ex-nfo">
                            <li>Buckets: 4096  Batches: 1  Memory Usage: 2706kB</li>
                    </ul>

            </div>
        </td>
    </tr>





            






    <tr id="l52" class="n odd c-m" data-node_id="51" data-node_parent="50" data-level="13" data-e="1" data-i="2" data-x="1">
        <td class="u "><a href="#l52">52.</a></td>
        <td class="e c-1">
            <span>14.309</span>
        </td>
        <td class="i c-2">
            <span>207.829</span>
        </td>
        <td class="x c-1">
            <span>
                &uarr;
                1.0
            </span>
        </td>
        <td class="r"><span>39237</span></td>
        <td class="l"><span>1</span></td>
        <td class="n">
            <div class="n" style="margin-left:308px">

                <div class="ico">&rarr;</div>

                <p>
                    <span class="node">

                        Hash Right Join


                    </span>

                    <span class="est">
                        (cost=20899.18..29322.87
                        rows=39237
                        width=43)
                    </span>

                    <span class="act">
                        (actual
                        time=184.912..207.829
                        rows=39237
                        loops=1)
                    </span>
                </p>

                    <ul class="ex-nfo">
                            <li>Hash Cond: (orc_386.io_uor = (d.dbh_uor)::integer)</li>
                    </ul>

            </div>
        </td>
    </tr>





            






    <tr id="l53" class="n even c-m" data-node_id="52" data-node_parent="51" data-level="14" data-e="1" data-i="1" data-x="1">
        <td class="u "><a href="#l53">53.</a></td>
        <td class="e c-1">
            <span>0.646</span>
        </td>
        <td class="i c-1">
            <span>10.907</span>
        </td>
        <td class="x c-1">
            <span>
                &darr;
                1.1
            </span>
        </td>
        <td class="r"><span>5280</span></td>
        <td class="l"><span>1</span></td>
        <td class="n">
            <div class="n" style="margin-left:330px">

                <div class="ico">&rarr;</div>

                <p>
                    <span class="node">

                        Append


                    </span>

                    <span class="est">
                        (cost=0.00..8007.63
                        rows=4946
                        width=10)
                    </span>

                    <span class="act">
                        (actual
                        time=2.280..10.907
                        rows=5280
                        loops=1)
                    </span>
                </p>


            </div>
        </td>
    </tr>





            






    <tr id="l54" class="n odd c-m" data-node_id="53" data-node_parent="52" data-level="15" data-e="1" data-i="1" data-x="1">
        <td class="u "><a href="#l54">54.</a></td>
        <td class="e c-1">
            <span>0.001</span>
        </td>
        <td class="i c-1">
            <span>0.001</span>
        </td>
        <td class="x c-1">
            <span>
                &darr;
                0.0
            </span>
        </td>
        <td class="r"><span>0</span></td>
        <td class="l"><span>1</span></td>
        <td class="n">
            <div class="n" style="margin-left:352px">

                <div class="ico">&rarr;</div>

                <p>
                    <span class="node">

                        Seq Scan

                            on indicadores_orcado orc_386

                    </span>

                    <span class="est">
                        (cost=0.00..0.00
                        rows=1
                        width=22)
                    </span>

                    <span class="act">
                        (actual
                        time=0.001..0.001
                        rows=0
                        loops=1)
                    </span>
                </p>

                    <ul class="ex-nfo">
                            <li>Filter: ((io_carteira = (-1)) AND (io_indicador = 386) AND (io_data = $5))</li>
                    </ul>

            </div>
        </td>
    </tr>








            






    <tr id="l55" class="n odd c-m" data-node_id="54" data-node_parent="52" data-level="15" data-e="1" data-i="1" data-x="1">
        <td class="u "><a href="#l55">55.</a></td>
        <td class="e c-1">
            <span>8.874</span>
        </td>
        <td class="i c-1">
            <span>10.260</span>
        </td>
        <td class="x c-1">
            <span>
                &darr;
                1.1
            </span>
        </td>
        <td class="r"><span>5280</span></td>
        <td class="l"><span>1</span></td>
        <td class="n">
            <div class="n" style="margin-left:352px">

                <div class="ico">&rarr;</div>

                <p>
                    <span class="node">

                        Bitmap Heap Scan

                            on indicadores_orcado_prefixo orc_386

                    </span>

                    <span class="est">
                        (cost=195.28..8007.63
                        rows=4945
                        width=10)
                    </span>

                    <span class="act">
                        (actual
                        time=2.278..10.260
                        rows=5280
                        loops=1)
                    </span>
                </p>

                    <ul class="ex-nfo">
                            <li>Recheck Cond: ((io_data = $5) AND (io_indicador = 386))</li>
                            <li>Filter: (io_carteira = (-1))</li>
                    </ul>

            </div>
        </td>
    </tr>





            






    <tr id="l56" class="n even c-m" data-node_id="55" data-node_parent="54" data-level="16" data-e="1" data-i="1" data-x="1">
        <td class="u "><a href="#l56">56.</a></td>
        <td class="e c-1">
            <span>1.386</span>
        </td>
        <td class="i c-1">
            <span>1.386</span>
        </td>
        <td class="x c-1">
            <span>
                &darr;
                1.1
            </span>
        </td>
        <td class="r"><span>5280</span></td>
        <td class="l"><span>1</span></td>
        <td class="n">
            <div class="n" style="margin-left:374px">

                <div class="ico">&rarr;</div>

                <p>
                    <span class="node">

                        Bitmap Index Scan

                            on indicadores_orcado_prefixo_pk

                    </span>

                    <span class="est">
                        (cost=0.00..194.04
                        rows=4945
                        width=0)
                    </span>

                    <span class="act">
                        (actual
                        time=1.386..1.386
                        rows=5280
                        loops=1)
                    </span>
                </p>

                    <ul class="ex-nfo">
                            <li>Index Cond: ((io_data = $5) AND (io_indicador = 386))</li>
                    </ul>

            </div>
        </td>
    </tr>














            






    <tr id="l57" class="n odd c-m" data-node_id="56" data-node_parent="51" data-level="14" data-e="1" data-i="2" data-x="1">
        <td class="u "><a href="#l57">57.</a></td>
        <td class="e c-1">
            <span>17.446</span>
        </td>
        <td class="i c-2">
            <span>182.613</span>
        </td>
        <td class="x c-1">
            <span>
                &uarr;
                1.0
            </span>
        </td>
        <td class="r"><span>39237</span></td>
        <td class="l"><span>1</span></td>
        <td class="n">
            <div class="n" style="margin-left:330px">

                <div class="ico">&rarr;</div>

                <p>
                    <span class="node">

                        Hash


                    </span>

                    <span class="est">
                        (cost=20408.72..20408.72
                        rows=39237
                        width=37)
                    </span>

                    <span class="act">
                        (actual
                        time=182.613..182.613
                        rows=39237
                        loops=1)
                    </span>
                </p>

                    <ul class="ex-nfo">
                            <li>Buckets: 4096  Batches: 1  Memory Usage: 2547kB</li>
                    </ul>

            </div>
        </td>
    </tr>





            






    <tr id="l58" class="n even c-m" data-node_id="57" data-node_parent="56" data-level="15" data-e="1" data-i="2" data-x="1">
        <td class="u "><a href="#l58">58.</a></td>
        <td class="e c-1">
            <span>17.312</span>
        </td>
        <td class="i c-2">
            <span>165.167</span>
        </td>
        <td class="x c-1">
            <span>
                &uarr;
                1.0
            </span>
        </td>
        <td class="r"><span>39237</span></td>
        <td class="l"><span>1</span></td>
        <td class="n">
            <div class="n" style="margin-left:352px">

                <div class="ico">&rarr;</div>

                <p>
                    <span class="node">

                        Hash Right Join


                    </span>

                    <span class="est">
                        (cost=11811.32..20408.72
                        rows=39237
                        width=37)
                    </span>

                    <span class="act">
                        (actual
                        time=136.308..165.167
                        rows=39237
                        loops=1)
                    </span>
                </p>

                    <ul class="ex-nfo">
                            <li>Hash Cond: (orc_383.io_uor = (d.dbh_uor)::integer)</li>
                    </ul>

            </div>
        </td>
    </tr>





            






    <tr id="l59" class="n odd c-m" data-node_id="58" data-node_parent="57" data-level="16" data-e="1" data-i="1" data-x="1">
        <td class="u "><a href="#l59">59.</a></td>
        <td class="e c-1">
            <span>1.172</span>
        </td>
        <td class="i c-1">
            <span>15.645</span>
        </td>
        <td class="x c-1">
            <span>
                &darr;
                1.0
            </span>
        </td>
        <td class="r"><span>5265</span></td>
        <td class="l"><span>1</span></td>
        <td class="n">
            <div class="n" style="margin-left:374px">

                <div class="ico">&rarr;</div>

                <p>
                    <span class="node">

                        Append


                    </span>

                    <span class="est">
                        (cost=0.00..8161.41
                        rows=5183
                        width=10)
                    </span>

                    <span class="act">
                        (actual
                        time=4.073..15.645
                        rows=5265
                        loops=1)
                    </span>
                </p>


            </div>
        </td>
    </tr>





            






    <tr id="l60" class="n even c-m" data-node_id="59" data-node_parent="58" data-level="17" data-e="1" data-i="1" data-x="1">
        <td class="u "><a href="#l60">60.</a></td>
        <td class="e c-1">
            <span>0.002</span>
        </td>
        <td class="i c-1">
            <span>0.002</span>
        </td>
        <td class="x c-1">
            <span>
                &darr;
                0.0
            </span>
        </td>
        <td class="r"><span>0</span></td>
        <td class="l"><span>1</span></td>
        <td class="n">
            <div class="n" style="margin-left:396px">

                <div class="ico">&rarr;</div>

                <p>
                    <span class="node">

                        Seq Scan

                            on indicadores_orcado orc_383

                    </span>

                    <span class="est">
                        (cost=0.00..0.00
                        rows=1
                        width=22)
                    </span>

                    <span class="act">
                        (actual
                        time=0.002..0.002
                        rows=0
                        loops=1)
                    </span>
                </p>

                    <ul class="ex-nfo">
                            <li>Filter: ((io_carteira = (-1)) AND (io_indicador = 383) AND (io_data = $2))</li>
                    </ul>

            </div>
        </td>
    </tr>








            






    <tr id="l61" class="n even c-m" data-node_id="60" data-node_parent="58" data-level="17" data-e="1" data-i="1" data-x="1">
        <td class="u "><a href="#l61">61.</a></td>
        <td class="e c-1">
            <span>12.153</span>
        </td>
        <td class="i c-1">
            <span>14.471</span>
        </td>
        <td class="x c-1">
            <span>
                &darr;
                1.0
            </span>
        </td>
        <td class="r"><span>5265</span></td>
        <td class="l"><span>1</span></td>
        <td class="n">
            <div class="n" style="margin-left:396px">

                <div class="ico">&rarr;</div>

                <p>
                    <span class="node">

                        Bitmap Heap Scan

                            on indicadores_orcado_prefixo orc_383

                    </span>

                    <span class="est">
                        (cost=205.71..8161.41
                        rows=5182
                        width=10)
                    </span>

                    <span class="act">
                        (actual
                        time=4.071..14.471
                        rows=5265
                        loops=1)
                    </span>
                </p>

                    <ul class="ex-nfo">
                            <li>Recheck Cond: ((io_data = $2) AND (io_indicador = 383))</li>
                            <li>Filter: (io_carteira = (-1))</li>
                    </ul>

            </div>
        </td>
    </tr>





            






    <tr id="l62" class="n odd c-m" data-node_id="61" data-node_parent="60" data-level="18" data-e="1" data-i="1" data-x="1">
        <td class="u "><a href="#l62">62.</a></td>
        <td class="e c-1">
            <span>2.318</span>
        </td>
        <td class="i c-1">
            <span>2.318</span>
        </td>
        <td class="x c-1">
            <span>
                &darr;
                1.0
            </span>
        </td>
        <td class="r"><span>5265</span></td>
        <td class="l"><span>1</span></td>
        <td class="n">
            <div class="n" style="margin-left:418px">

                <div class="ico">&rarr;</div>

                <p>
                    <span class="node">

                        Bitmap Index Scan

                            on indicadores_orcado_prefixo_pk

                    </span>

                    <span class="est">
                        (cost=0.00..204.41
                        rows=5182
                        width=0)
                    </span>

                    <span class="act">
                        (actual
                        time=2.318..2.318
                        rows=5265
                        loops=1)
                    </span>
                </p>

                    <ul class="ex-nfo">
                            <li>Index Cond: ((io_data = $2) AND (io_indicador = 383))</li>
                    </ul>

            </div>
        </td>
    </tr>














            






    <tr id="l63" class="n even c-m" data-node_id="62" data-node_parent="57" data-level="16" data-e="1" data-i="2" data-x="1">
        <td class="u "><a href="#l63">63.</a></td>
        <td class="e c-1">
            <span>24.454</span>
        </td>
        <td class="i c-2">
            <span>132.210</span>
        </td>
        <td class="x c-1">
            <span>
                &uarr;
                1.0
            </span>
        </td>
        <td class="r"><span>39237</span></td>
        <td class="l"><span>1</span></td>
        <td class="n">
            <div class="n" style="margin-left:374px">

                <div class="ico">&rarr;</div>

                <p>
                    <span class="node">

                        Hash


                    </span>

                    <span class="est">
                        (cost=11320.85..11320.85
                        rows=39237
                        width=31)
                    </span>

                    <span class="act">
                        (actual
                        time=132.210..132.210
                        rows=39237
                        loops=1)
                    </span>
                </p>

                    <ul class="ex-nfo">
                            <li>Buckets: 4096  Batches: 1  Memory Usage: 2407kB</li>
                    </ul>

            </div>
        </td>
    </tr>





            






    <tr id="l64" class="n odd c-m" data-node_id="63" data-node_parent="62" data-level="17" data-e="1" data-i="2" data-x="1">
        <td class="u "><a href="#l64">64.</a></td>
        <td class="e c-1">
            <span>25.789</span>
        </td>
        <td class="i c-2">
            <span>107.756</span>
        </td>
        <td class="x c-1">
            <span>
                &uarr;
                1.0
            </span>
        </td>
        <td class="r"><span>39237</span></td>
        <td class="l"><span>1</span></td>
        <td class="n">
            <div class="n" style="margin-left:396px">

                <div class="ico">&rarr;</div>

                <p>
                    <span class="node">

                        Hash Right Join


                    </span>

                    <span class="est">
                        (cost=2791.83..11320.85
                        rows=39237
                        width=31)
                    </span>

                    <span class="act">
                        (actual
                        time=69.428..107.756
                        rows=39237
                        loops=1)
                    </span>
                </p>

                    <ul class="ex-nfo">
                            <li>Hash Cond: (orc_557.io_uor = (d.dbh_uor)::integer)</li>
                    </ul>

            </div>
        </td>
    </tr>





            






    <tr id="l65" class="n even c-m" data-node_id="64" data-node_parent="63" data-level="18" data-e="1" data-i="1" data-x="1">
        <td class="u "><a href="#l65">65.</a></td>
        <td class="e c-1">
            <span>1.048</span>
        </td>
        <td class="i c-1">
            <span>16.429</span>
        </td>
        <td class="x c-1">
            <span>
                &uarr;
                1.1
            </span>
        </td>
        <td class="r"><span>4747</span></td>
        <td class="l"><span>1</span></td>
        <td class="n">
            <div class="n" style="margin-left:418px">

                <div class="ico">&rarr;</div>

                <p>
                    <span class="node">

                        Append


                    </span>

                    <span class="est">
                        (cost=0.00..8100.85
                        rows=5090
                        width=10)
                    </span>

                    <span class="act">
                        (actual
                        time=3.868..16.429
                        rows=4747
                        loops=1)
                    </span>
                </p>


            </div>
        </td>
    </tr>





            






    <tr id="l66" class="n odd c-m" data-node_id="65" data-node_parent="64" data-level="19" data-e="1" data-i="1" data-x="1">
        <td class="u "><a href="#l66">66.</a></td>
        <td class="e c-1">
            <span>0.001</span>
        </td>
        <td class="i c-1">
            <span>0.001</span>
        </td>
        <td class="x c-1">
            <span>
                &darr;
                0.0
            </span>
        </td>
        <td class="r"><span>0</span></td>
        <td class="l"><span>1</span></td>
        <td class="n">
            <div class="n" style="margin-left:440px">

                <div class="ico">&rarr;</div>

                <p>
                    <span class="node">

                        Seq Scan

                            on indicadores_orcado orc_557

                    </span>

                    <span class="est">
                        (cost=0.00..0.00
                        rows=1
                        width=22)
                    </span>

                    <span class="act">
                        (actual
                        time=0.001..0.001
                        rows=0
                        loops=1)
                    </span>
                </p>

                    <ul class="ex-nfo">
                            <li>Filter: ((io_carteira = (-1)) AND (io_indicador = 557) AND (io_data = $6))</li>
                    </ul>

            </div>
        </td>
    </tr>








            






    <tr id="l67" class="n odd c-m" data-node_id="66" data-node_parent="64" data-level="19" data-e="1" data-i="1" data-x="1">
        <td class="u "><a href="#l67">67.</a></td>
        <td class="e c-1">
            <span>13.073</span>
        </td>
        <td class="i c-1">
            <span>15.380</span>
        </td>
        <td class="x c-1">
            <span>
                &uarr;
                1.1
            </span>
        </td>
        <td class="r"><span>4747</span></td>
        <td class="l"><span>1</span></td>
        <td class="n">
            <div class="n" style="margin-left:440px">

                <div class="ico">&rarr;</div>

                <p>
                    <span class="node">

                        Bitmap Heap Scan

                            on indicadores_orcado_prefixo orc_557

                    </span>

                    <span class="est">
                        (cost=200.75..8100.85
                        rows=5089
                        width=10)
                    </span>

                    <span class="act">
                        (actual
                        time=3.867..15.380
                        rows=4747
                        loops=1)
                    </span>
                </p>

                    <ul class="ex-nfo">
                            <li>Recheck Cond: ((io_data = $6) AND (io_indicador = 557))</li>
                            <li>Filter: (io_carteira = (-1))</li>
                    </ul>

            </div>
        </td>
    </tr>





            






    <tr id="l68" class="n even c-m" data-node_id="67" data-node_parent="66" data-level="20" data-e="1" data-i="1" data-x="1">
        <td class="u "><a href="#l68">68.</a></td>
        <td class="e c-1">
            <span>2.307</span>
        </td>
        <td class="i c-1">
            <span>2.307</span>
        </td>
        <td class="x c-1">
            <span>
                &uarr;
                1.1
            </span>
        </td>
        <td class="r"><span>4747</span></td>
        <td class="l"><span>1</span></td>
        <td class="n">
            <div class="n" style="margin-left:462px">

                <div class="ico">&rarr;</div>

                <p>
                    <span class="node">

                        Bitmap Index Scan

                            on indicadores_orcado_prefixo_pk

                    </span>

                    <span class="est">
                        (cost=0.00..199.48
                        rows=5089
                        width=0)
                    </span>

                    <span class="act">
                        (actual
                        time=2.307..2.307
                        rows=4747
                        loops=1)
                    </span>
                </p>

                    <ul class="ex-nfo">
                            <li>Index Cond: ((io_data = $6) AND (io_indicador = 557))</li>
                    </ul>

            </div>
        </td>
    </tr>














            






    <tr id="l69" class="n odd c-m" data-node_id="68" data-node_parent="63" data-level="18" data-e="1" data-i="1" data-x="1">
        <td class="u "><a href="#l69">69.</a></td>
        <td class="e c-1">
            <span>25.778</span>
        </td>
        <td class="i c-1">
            <span>65.538</span>
        </td>
        <td class="x c-1">
            <span>
                &uarr;
                1.0
            </span>
        </td>
        <td class="r"><span>39237</span></td>
        <td class="l"><span>1</span></td>
        <td class="n">
            <div class="n" style="margin-left:418px">

                <div class="ico">&rarr;</div>

                <p>
                    <span class="node">

                        Hash


                    </span>

                    <span class="est">
                        (cost=2301.37..2301.37
                        rows=39237
                        width=25)
                    </span>

                    <span class="act">
                        (actual
                        time=65.538..65.538
                        rows=39237
                        loops=1)
                    </span>
                </p>

                    <ul class="ex-nfo">
                            <li>Buckets: 4096  Batches: 1  Memory Usage: 2262kB</li>
                    </ul>

            </div>
        </td>
    </tr>





            






    <tr id="l70" class="n even c-m" data-node_id="69" data-node_parent="68" data-level="19" data-e="1" data-i="1" data-x="1">
        <td class="u "><a href="#l70">70.</a></td>
        <td class="e c-1">
            <span>9.373</span>
        </td>
        <td class="i c-1">
            <span>39.760</span>
        </td>
        <td class="x c-1">
            <span>
                &uarr;
                1.0
            </span>
        </td>
        <td class="r"><span>39237</span></td>
        <td class="l"><span>1</span></td>
        <td class="n">
            <div class="n" style="margin-left:440px">

                <div class="ico">&rarr;</div>

                <p>
                    <span class="node">

                        Append


                    </span>

                    <span class="est">
                        (cost=0.00..2301.37
                        rows=39237
                        width=25)
                    </span>

                    <span class="act">
                        (actual
                        time=0.008..39.760
                        rows=39237
                        loops=1)
                    </span>
                </p>


            </div>
        </td>
    </tr>





            






    <tr id="l71" class="n odd c-m" data-node_id="70" data-node_parent="69" data-level="20" data-e="1" data-i="1" data-x="1">
        <td class="u "><a href="#l71">71.</a></td>
        <td class="e c-1">
            <span>7.302</span>
        </td>
        <td class="i c-1">
            <span>7.302</span>
        </td>
        <td class="x c-1">
            <span>
                &uarr;
                1.0
            </span>
        </td>
        <td class="r"><span>9220</span></td>
        <td class="l"><span>1</span></td>
        <td class="n">
            <div class="n" style="margin-left:462px">

                <div class="ico">&rarr;</div>

                <p>
                    <span class="node">

                        Seq Scan

                            on prefixos d

                    </span>

                    <span class="est">
                        (cost=0.00..783.20
                        rows=9220
                        width=25)
                    </span>

                    <span class="act">
                        (actual
                        time=0.007..7.302
                        rows=9220
                        loops=1)
                    </span>
                </p>


            </div>
        </td>
    </tr>








            






    <tr id="l72" class="n odd c-m" data-node_id="71" data-node_parent="69" data-level="20" data-e="1" data-i="1" data-x="1">
        <td class="u "><a href="#l72">72.</a></td>
        <td class="e c-1">
            <span>23.085</span>
        </td>
        <td class="i c-1">
            <span>23.085</span>
        </td>
        <td class="x c-1">
            <span>
                &uarr;
                1.0
            </span>
        </td>
        <td class="r"><span>30017</span></td>
        <td class="l"><span>1</span></td>
        <td class="n">
            <div class="n" style="margin-left:462px">

                <div class="ico">&rarr;</div>

                <p>
                    <span class="node">

                        Seq Scan

                            on prefixos_historico d

                    </span>

                    <span class="est">
                        (cost=0.00..1518.17
                        rows=30017
                        width=25)
                    </span>

                    <span class="act">
                        (actual
                        time=0.004..23.085
                        rows=30017
                        loops=1)
                    </span>
                </p>


            </div>
        </td>
    </tr>



























































            






    <tr id="l73" class="n even c-m" data-node_id="72" data-node_parent="23" data-level="3" data-e="1" data-i="1" data-x="1">
        <td class="u "><a href="#l73">73.</a></td>
        <td class="e c-1">
            <span>2.513</span>
        </td>
        <td class="i c-1">
            <span>10.768</span>
        </td>
        <td class="x c-1">
            <span>
                &darr;
                1.1
            </span>
        </td>
        <td class="r"><span>5272</span></td>
        <td class="l"><span>1</span></td>
        <td class="n">
            <div class="n" style="margin-left:88px">

                <div class="ico">&rarr;</div>

                <p>
                    <span class="node">

                        Hash


                    </span>

                    <span class="est">
                        (cost=10616.45..10616.45
                        rows=4830
                        width=11)
                    </span>

                    <span class="act">
                        (actual
                        time=10.768..10.768
                        rows=5272
                        loops=1)
                    </span>
                </p>

                    <ul class="ex-nfo">
                            <li>Buckets: 1024  Batches: 1  Memory Usage: 243kB</li>
                    </ul>

            </div>
        </td>
    </tr>





            






    <tr id="l74" class="n odd c-m" data-node_id="73" data-node_parent="72" data-level="4" data-e="1" data-i="1" data-x="1">
        <td class="u "><a href="#l74">74.</a></td>
        <td class="e c-1">
            <span>1.289</span>
        </td>
        <td class="i c-1">
            <span>8.255</span>
        </td>
        <td class="x c-1">
            <span>
                &darr;
                1.1
            </span>
        </td>
        <td class="r"><span>5272</span></td>
        <td class="l"><span>1</span></td>
        <td class="n">
            <div class="n" style="margin-left:110px">

                <div class="ico">&rarr;</div>

                <p>
                    <span class="node">

                        Append


                    </span>

                    <span class="est">
                        (cost=0.00..10616.45
                        rows=4830
                        width=11)
                    </span>

                    <span class="act">
                        (actual
                        time=0.027..8.255
                        rows=5272
                        loops=1)
                    </span>
                </p>


            </div>
        </td>
    </tr>





            






    <tr id="l75" class="n even c-m" data-node_id="74" data-node_parent="73" data-level="5" data-e="1" data-i="1" data-x="1">
        <td class="u "><a href="#l75">75.</a></td>
        <td class="e c-1">
            <span>0.001</span>
        </td>
        <td class="i c-1">
            <span>0.001</span>
        </td>
        <td class="x c-1">
            <span>
                &darr;
                0.0
            </span>
        </td>
        <td class="r"><span>0</span></td>
        <td class="l"><span>1</span></td>
        <td class="n">
            <div class="n" style="margin-left:132px">

                <div class="ico">&rarr;</div>

                <p>
                    <span class="node">

                        Seq Scan

                            on indicadores_realizado rlz_385

                    </span>

                    <span class="est">
                        (cost=0.00..0.00
                        rows=1
                        width=22)
                    </span>

                    <span class="act">
                        (actual
                        time=0.001..0.001
                        rows=0
                        loops=1)
                    </span>
                </p>

                    <ul class="ex-nfo">
                            <li>Filter: ((ir_carteira = (-1)) AND (ir_indicador = 385) AND (ir_data = $9))</li>
                    </ul>

            </div>
        </td>
    </tr>








            






    <tr id="l76" class="n even c-m" data-node_id="75" data-node_parent="73" data-level="5" data-e="1" data-i="1" data-x="1">
        <td class="u "><a href="#l76">76.</a></td>
        <td class="e c-1">
            <span>6.965</span>
        </td>
        <td class="i c-1">
            <span>6.965</span>
        </td>
        <td class="x c-1">
            <span>
                &darr;
                1.1
            </span>
        </td>
        <td class="r"><span>5272</span></td>
        <td class="l"><span>1</span></td>
        <td class="n">
            <div class="n" style="margin-left:132px">

                <div class="ico">&rarr;</div>

                <p>
                    <span class="node">

                        Index Scan

                            using indicadores_realiado_prefixo_pk on indicadores_realizado_prefixo rlz_385

                    </span>

                    <span class="est">
                        (cost=0.00..10616.45
                        rows=4829
                        width=11)
                    </span>

                    <span class="act">
                        (actual
                        time=0.025..6.965
                        rows=5272
                        loops=1)
                    </span>
                </p>

                    <ul class="ex-nfo">
                            <li>Index Cond: ((ir_data = $9) AND (ir_indicador = 385))</li>
                            <li>Filter: (ir_carteira = (-1))</li>
                    </ul>

            </div>
        </td>
    </tr>

















            






    <tr id="l77" class="n odd c-m" data-node_id="76" data-node_parent="22" data-level="2" data-e="1" data-i="1" data-x="1">
        <td class="u "><a href="#l77">77.</a></td>
        <td class="e c-1">
            <span>2.033</span>
        </td>
        <td class="i c-1">
            <span>8.847</span>
        </td>
        <td class="x c-1">
            <span>
                &darr;
                1.1
            </span>
        </td>
        <td class="r"><span>5051</span></td>
        <td class="l"><span>1</span></td>
        <td class="n">
            <div class="n" style="margin-left:66px">

                <div class="ico">&rarr;</div>

                <p>
                    <span class="node">

                        Hash


                    </span>

                    <span class="est">
                        (cost=10208.05..10208.05
                        rows=4640
                        width=11)
                    </span>

                    <span class="act">
                        (actual
                        time=8.847..8.847
                        rows=5051
                        loops=1)
                    </span>
                </p>

                    <ul class="ex-nfo">
                            <li>Buckets: 1024  Batches: 1  Memory Usage: 232kB</li>
                    </ul>

            </div>
        </td>
    </tr>





            






    <tr id="l78" class="n even c-m" data-node_id="77" data-node_parent="76" data-level="3" data-e="1" data-i="1" data-x="1">
        <td class="u "><a href="#l78">78.</a></td>
        <td class="e c-1">
            <span>1.122</span>
        </td>
        <td class="i c-1">
            <span>6.814</span>
        </td>
        <td class="x c-1">
            <span>
                &darr;
                1.1
            </span>
        </td>
        <td class="r"><span>5051</span></td>
        <td class="l"><span>1</span></td>
        <td class="n">
            <div class="n" style="margin-left:88px">

                <div class="ico">&rarr;</div>

                <p>
                    <span class="node">

                        Append


                    </span>

                    <span class="est">
                        (cost=0.00..10208.05
                        rows=4640
                        width=11)
                    </span>

                    <span class="act">
                        (actual
                        time=0.044..6.814
                        rows=5051
                        loops=1)
                    </span>
                </p>


            </div>
        </td>
    </tr>





            






    <tr id="l79" class="n odd c-m" data-node_id="78" data-node_parent="77" data-level="4" data-e="1" data-i="1" data-x="1">
        <td class="u "><a href="#l79">79.</a></td>
        <td class="e c-1">
            <span>0.002</span>
        </td>
        <td class="i c-1">
            <span>0.002</span>
        </td>
        <td class="x c-1">
            <span>
                &darr;
                0.0
            </span>
        </td>
        <td class="r"><span>0</span></td>
        <td class="l"><span>1</span></td>
        <td class="n">
            <div class="n" style="margin-left:110px">

                <div class="ico">&rarr;</div>

                <p>
                    <span class="node">

                        Seq Scan

                            on indicadores_realizado rlz_557

                    </span>

                    <span class="est">
                        (cost=0.00..0.00
                        rows=1
                        width=22)
                    </span>

                    <span class="act">
                        (actual
                        time=0.002..0.002
                        rows=0
                        loops=1)
                    </span>
                </p>

                    <ul class="ex-nfo">
                            <li>Filter: ((ir_carteira = (-1)) AND (ir_indicador = 557) AND (ir_data = $11))</li>
                    </ul>

            </div>
        </td>
    </tr>








            






    <tr id="l80" class="n odd c-m" data-node_id="79" data-node_parent="77" data-level="4" data-e="1" data-i="1" data-x="1">
        <td class="u "><a href="#l80">80.</a></td>
        <td class="e c-1">
            <span>5.690</span>
        </td>
        <td class="i c-1">
            <span>5.690</span>
        </td>
        <td class="x c-1">
            <span>
                &darr;
                1.1
            </span>
        </td>
        <td class="r"><span>5051</span></td>
        <td class="l"><span>1</span></td>
        <td class="n">
            <div class="n" style="margin-left:110px">

                <div class="ico">&rarr;</div>

                <p>
                    <span class="node">

                        Index Scan

                            using indicadores_realiado_prefixo_pk on indicadores_realizado_prefixo rlz_557

                    </span>

                    <span class="est">
                        (cost=0.00..10208.05
                        rows=4639
                        width=11)
                    </span>

                    <span class="act">
                        (actual
                        time=0.040..5.690
                        rows=5051
                        loops=1)
                    </span>
                </p>

                    <ul class="ex-nfo">
                            <li>Index Cond: ((ir_data = $11) AND (ir_indicador = 557))</li>
                            <li>Filter: (ir_carteira = (-1))</li>
                    </ul>

            </div>
        </td>
    </tr>





















            </tbody>
        </table>
    </div>

    <div class="result-text hidden">
        <pre id="source">HashAggregate  (cost=106482.86..106676.12 rows=9663 width=86) (actual time=676.065..702.431 rows=13516 loops=1)
  CTE datas
    -&gt;  Index Scan using pk_mapa_datas_ref on mapa_datas datas  (cost=0.08..8.36 rows=1 width=16) (actual time=0.042..0.043 rows=1 loops=1)
          Index Cond: (md_data_ref = $0)
          InitPlan 1 (returns $0)
            -&gt;  Limit  (cost=0.00..0.07 rows=1 width=4) (actual time=0.015..0.016 rows=1 loops=1)
                  -&gt;  Index Scan Backward using indicadores_realizado_prefixo_common_idx on indicadores_realizado_prefixo  (cost=0.00..907672.32 rows=12686295 width=4) (actual time=0.014..0.014 rows=1 loops=1)
  InitPlan 3 (returns $2)
    -&gt;  CTE Scan on datas  (cost=0.00..0.02 rows=1 width=4) (actual time=0.002..0.002 rows=1 loops=1)
  InitPlan 4 (returns $3)
    -&gt;  CTE Scan on datas  (cost=0.00..0.02 rows=1 width=4) (actual time=0.002..0.002 rows=1 loops=1)
  InitPlan 5 (returns $4)
    -&gt;  CTE Scan on datas  (cost=0.00..0.02 rows=1 width=4) (actual time=0.002..0.002 rows=1 loops=1)
  InitPlan 6 (returns $5)
    -&gt;  CTE Scan on datas  (cost=0.00..0.02 rows=1 width=4) (actual time=0.002..0.002 rows=1 loops=1)
  InitPlan 7 (returns $6)
    -&gt;  CTE Scan on datas  (cost=0.00..0.02 rows=1 width=4) (actual time=0.046..0.047 rows=1 loops=1)
  InitPlan 8 (returns $7)
    -&gt;  Limit  (cost=0.00..0.07 rows=1 width=4) (actual time=0.020..0.020 rows=1 loops=1)
          -&gt;  Index Scan Backward using indicadores_realizado_prefixo_common_idx on indicadores_realizado_prefixo  (cost=0.00..907672.32 rows=12686295 width=4) (actual time=0.018..0.018 rows=1 loops=1)
  InitPlan 9 (returns $8)
    -&gt;  Limit  (cost=0.00..0.07 rows=1 width=4) (actual time=0.017..0.017 rows=1 loops=1)
          -&gt;  Index Scan Backward using indicadores_realizado_prefixo_common_idx on indicadores_realizado_prefixo  (cost=0.00..907672.32 rows=12686295 width=4) (actual time=0.016..0.016 rows=1 loops=1)
  InitPlan 10 (returns $9)
    -&gt;  Limit  (cost=0.00..0.07 rows=1 width=4) (actual time=0.008..0.008 rows=1 loops=1)
          -&gt;  Index Scan Backward using indicadores_realizado_prefixo_common_idx on indicadores_realizado_prefixo  (cost=0.00..907672.32 rows=12686295 width=4) (actual time=0.007..0.007 rows=1 loops=1)
  InitPlan 11 (returns $10)
    -&gt;  Limit  (cost=0.00..0.07 rows=1 width=4) (actual time=0.027..0.027 rows=1 loops=1)
          -&gt;  Index Scan Backward using indicadores_realizado_prefixo_common_idx on indicadores_realizado_prefixo  (cost=0.00..907672.32 rows=12686295 width=4) (actual time=0.026..0.026 rows=1 loops=1)
  InitPlan 12 (returns $11)
    -&gt;  Limit  (cost=0.00..0.07 rows=1 width=4) (actual time=0.013..0.013 rows=1 loops=1)
          -&gt;  Index Scan Backward using indicadores_realizado_prefixo_common_idx on indicadores_realizado_prefixo  (cost=0.00..907672.32 rows=12686295 width=4) (actual time=0.012..0.012 rows=1 loops=1)
  -&gt;  Hash Left Join  (cost=90513.10..105100.70 rows=39237 width=86) (actual time=416.748..503.293 rows=39237 loops=1)
        Hash Cond: ((d.dbh_uor)::integer = rlz_557.ir_uor)
        -&gt;  Hash Left Join  (cost=80247.06..93224.96 rows=39237 width=83) (actual time=407.876..470.530 rows=39237 loops=1)
              Hash Cond: ((d.dbh_uor)::integer = rlz_385.ir_uor)
              -&gt;  Hash Right Join  (cost=69570.24..80881.73 rows=39237 width=76) (actual time=397.077..435.201 rows=39237 loops=1)
                    Hash Cond: (rlz_386.ir_uor = (d.dbh_uor)::integer)
                    -&gt;  Append  (cost=0.00..10894.31 rows=4959 width=11) (actual time=0.062..8.427 rows=5292 loops=1)
                          -&gt;  Seq Scan on indicadores_realizado rlz_386  (cost=0.00..0.00 rows=1 width=22) (actual time=0.001..0.001 rows=0 loops=1)
                                Filter: ((ir_carteira = (-1)) AND (ir_indicador = 386) AND (ir_data = $10))
                          -&gt;  Index Scan using indicadores_realiado_prefixo_pk on indicadores_realizado_prefixo rlz_386  (cost=0.00..10894.31 rows=4958 width=11) (actual time=0.059..7.336 rows=5292 loops=1)
                                Index Cond: ((ir_data = $10) AND (ir_indicador = 386))
                                Filter: (ir_carteira = (-1))
                    -&gt;  Hash  (cost=69079.77..69079.77 rows=39237 width=69) (actual time=396.988..396.988 rows=39237 loops=1)
                          Buckets: 4096  Batches: 1  Memory Usage: 3541kB
                          -&gt;  Hash Right Join  (cost=58581.58..69079.77 rows=39237 width=69) (actual time=350.024..375.650 rows=39237 loops=1)
                                Hash Cond: (rlz_383.ir_uor = (d.dbh_uor)::integer)
                                -&gt;  Append  (cost=0.00..10111.46 rows=4597 width=11) (actual time=0.215..6.783 rows=5263 loops=1)
                                      -&gt;  Seq Scan on indicadores_realizado rlz_383  (cost=0.00..0.00 rows=1 width=22) (actual time=0.159..0.159 rows=0 loops=1)
                                            Filter: ((ir_carteira = (-1)) AND (ir_indicador = 383) AND (ir_data = $7))
                                      -&gt;  Index Scan using indicadores_realiado_prefixo_pk on indicadores_realizado_prefixo rlz_383  (cost=0.00..10111.46 rows=4596 width=11) (actual time=0.055..5.687 rows=5263 loops=1)
                                            Index Cond: ((ir_data = $7) AND (ir_indicador = 383))
                                            Filter: (ir_carteira = (-1))
                                -&gt;  Hash  (cost=58091.11..58091.11 rows=39237 width=62) (actual time=349.788..349.788 rows=39237 loops=1)
                                      Buckets: 4096  Batches: 1  Memory Usage: 3358kB
                                      -&gt;  Hash Right Join  (cost=47962.29..58091.11 rows=39237 width=62) (actual time=306.285..330.772 rows=39237 loops=1)
                                            Hash Cond: (rlz_384.ir_uor = (d.dbh_uor)::integer)
                                            -&gt;  Append  (cost=0.00..9755.98 rows=4432 width=11) (actual time=0.043..6.250 rows=5252 loops=1)
                                                  -&gt;  Seq Scan on indicadores_realizado rlz_384  (cost=0.00..0.00 rows=1 width=22) (actual time=0.001..0.001 rows=0 loops=1)
                                                        Filter: ((ir_carteira = (-1)) AND (ir_indicador = 384) AND (ir_data = $8))
                                                  -&gt;  Index Scan using indicadores_realiado_prefixo_pk on indicadores_realizado_prefixo rlz_384  (cost=0.00..9755.98 rows=4431 width=11) (actual time=0.042..5.564 rows=5252 loops=1)
                                                        Index Cond: ((ir_data = $8) AND (ir_indicador = 384))
                                                        Filter: (ir_carteira = (-1))
                                            -&gt;  Hash  (cost=47471.82..47471.82 rows=39237 width=55) (actual time=306.219..306.219 rows=39237 loops=1)
                                                  Buckets: 4096  Batches: 1  Memory Usage: 3160kB
                                                  -&gt;  Hash Right Join  (cost=38735.97..47471.82 rows=39237 width=55) (actual time=265.512..290.762 rows=39237 loops=1)
                                                        Hash Cond: (orc_385.io_uor = (d.dbh_uor)::integer)
                                                        -&gt;  Append  (cost=0.00..8282.70 rows=5387 width=10) (actual time=2.145..10.902 rows=5279 loops=1)
                                                              -&gt;  Seq Scan on indicadores_orcado orc_385  (cost=0.00..0.00 rows=1 width=22) (actual time=0.002..0.002 rows=0 loops=1)
                                                                    Filter: ((io_carteira = (-1)) AND (io_indicador = 385) AND (io_data = $4))
                                                              -&gt;  Bitmap Heap Scan on indicadores_orcado_prefixo orc_385  (cost=211.80..8282.70 rows=5386 width=10) (actual time=2.143..10.294 rows=5279 loops=1)
                                                                    Recheck Cond: ((io_data = $4) AND (io_indicador = 385))
                                                                    Filter: (io_carteira = (-1))
                                                                    -&gt;  Bitmap Index Scan on indicadores_orcado_prefixo_pk  (cost=0.00..210.45 rows=5386 width=0) (actual time=1.213..1.213 rows=5279 loops=1)
                                                                          Index Cond: ((io_data = $4) AND (io_indicador = 385))
                                                        -&gt;  Hash  (cost=38245.50..38245.50 rows=39237 width=49) (actual time=263.349..263.349 rows=39237 loops=1)
                                                              Buckets: 4096  Batches: 1  Memory Usage: 3008kB
                                                              -&gt;  Hash Right Join  (cost=29813.33..38245.50 rows=39237 width=49) (actual time=224.328..248.536 rows=39237 loops=1)
                                                                    Hash Cond: (orc_384.io_uor = (d.dbh_uor)::integer)
                                                                    -&gt;  Append  (cost=0.00..8015.03 rows=4959 width=10) (actual time=2.159..11.253 rows=5271 loops=1)
                                                                          -&gt;  Seq Scan on indicadores_orcado orc_384  (cost=0.00..0.00 rows=1 width=22) (actual time=0.002..0.002 rows=0 loops=1)
                                                                                Filter: ((io_carteira = (-1)) AND (io_indicador = 384) AND (io_data = $3))
                                                                          -&gt;  Bitmap Heap Scan on indicadores_orcado_prefixo orc_384  (cost=195.41..8015.03 rows=4958 width=10) (actual time=2.157..10.486 rows=5271 loops=1)
                                                                                Recheck Cond: ((io_data = $3) AND (io_indicador = 384))
                                                                                Filter: (io_carteira = (-1))
                                                                                -&gt;  Bitmap Index Scan on indicadores_orcado_prefixo_pk  (cost=0.00..194.17 rows=4958 width=0) (actual time=1.230..1.230 rows=5271 loops=1)
                                                                                      Index Cond: ((io_data = $3) AND (io_indicador = 384))
                                                                    -&gt;  Hash  (cost=29322.87..29322.87 rows=39237 width=43) (actual time=222.146..222.146 rows=39237 loops=1)
                                                                          Buckets: 4096  Batches: 1  Memory Usage: 2706kB
                                                                          -&gt;  Hash Right Join  (cost=20899.18..29322.87 rows=39237 width=43) (actual time=184.912..207.829 rows=39237 loops=1)
                                                                                Hash Cond: (orc_386.io_uor = (d.dbh_uor)::integer)
                                                                                -&gt;  Append  (cost=0.00..8007.63 rows=4946 width=10) (actual time=2.280..10.907 rows=5280 loops=1)
                                                                                      -&gt;  Seq Scan on indicadores_orcado orc_386  (cost=0.00..0.00 rows=1 width=22) (actual time=0.001..0.001 rows=0 loops=1)
                                                                                            Filter: ((io_carteira = (-1)) AND (io_indicador = 386) AND (io_data = $5))
                                                                                      -&gt;  Bitmap Heap Scan on indicadores_orcado_prefixo orc_386  (cost=195.28..8007.63 rows=4945 width=10) (actual time=2.278..10.260 rows=5280 loops=1)
                                                                                            Recheck Cond: ((io_data = $5) AND (io_indicador = 386))
                                                                                            Filter: (io_carteira = (-1))
                                                                                            -&gt;  Bitmap Index Scan on indicadores_orcado_prefixo_pk  (cost=0.00..194.04 rows=4945 width=0) (actual time=1.386..1.386 rows=5280 loops=1)
                                                                                                  Index Cond: ((io_data = $5) AND (io_indicador = 386))
                                                                                -&gt;  Hash  (cost=20408.72..20408.72 rows=39237 width=37) (actual time=182.613..182.613 rows=39237 loops=1)
                                                                                      Buckets: 4096  Batches: 1  Memory Usage: 2547kB
                                                                                      -&gt;  Hash Right Join  (cost=11811.32..20408.72 rows=39237 width=37) (actual time=136.308..165.167 rows=39237 loops=1)
                                                                                            Hash Cond: (orc_383.io_uor = (d.dbh_uor)::integer)
                                                                                            -&gt;  Append  (cost=0.00..8161.41 rows=5183 width=10) (actual time=4.073..15.645 rows=5265 loops=1)
                                                                                                  -&gt;  Seq Scan on indicadores_orcado orc_383  (cost=0.00..0.00 rows=1 width=22) (actual time=0.002..0.002 rows=0 loops=1)
                                                                                                        Filter: ((io_carteira = (-1)) AND (io_indicador = 383) AND (io_data = $2))
                                                                                                  -&gt;  Bitmap Heap Scan on indicadores_orcado_prefixo orc_383  (cost=205.71..8161.41 rows=5182 width=10) (actual time=4.071..14.471 rows=5265 loops=1)
                                                                                                        Recheck Cond: ((io_data = $2) AND (io_indicador = 383))
                                                                                                        Filter: (io_carteira = (-1))
                                                                                                        -&gt;  Bitmap Index Scan on indicadores_orcado_prefixo_pk  (cost=0.00..204.41 rows=5182 width=0) (actual time=2.318..2.318 rows=5265 loops=1)
                                                                                                              Index Cond: ((io_data = $2) AND (io_indicador = 383))
                                                                                            -&gt;  Hash  (cost=11320.85..11320.85 rows=39237 width=31) (actual time=132.210..132.210 rows=39237 loops=1)
                                                                                                  Buckets: 4096  Batches: 1  Memory Usage: 2407kB
                                                                                                  -&gt;  Hash Right Join  (cost=2791.83..11320.85 rows=39237 width=31) (actual time=69.428..107.756 rows=39237 loops=1)
                                                                                                        Hash Cond: (orc_557.io_uor = (d.dbh_uor)::integer)
                                                                                                        -&gt;  Append  (cost=0.00..8100.85 rows=5090 width=10) (actual time=3.868..16.429 rows=4747 loops=1)
                                                                                                              -&gt;  Seq Scan on indicadores_orcado orc_557  (cost=0.00..0.00 rows=1 width=22) (actual time=0.001..0.001 rows=0 loops=1)
                                                                                                                    Filter: ((io_carteira = (-1)) AND (io_indicador = 557) AND (io_data = $6))
                                                                                                              -&gt;  Bitmap Heap Scan on indicadores_orcado_prefixo orc_557  (cost=200.75..8100.85 rows=5089 width=10) (actual time=3.867..15.380 rows=4747 loops=1)
                                                                                                                    Recheck Cond: ((io_data = $6) AND (io_indicador = 557))
                                                                                                                    Filter: (io_carteira = (-1))
                                                                                                                    -&gt;  Bitmap Index Scan on indicadores_orcado_prefixo_pk  (cost=0.00..199.48 rows=5089 width=0) (actual time=2.307..2.307 rows=4747 loops=1)
                                                                                                                          Index Cond: ((io_data = $6) AND (io_indicador = 557))
                                                                                                        -&gt;  Hash  (cost=2301.37..2301.37 rows=39237 width=25) (actual time=65.538..65.538 rows=39237 loops=1)
                                                                                                              Buckets: 4096  Batches: 1  Memory Usage: 2262kB
                                                                                                              -&gt;  Append  (cost=0.00..2301.37 rows=39237 width=25) (actual time=0.008..39.760 rows=39237 loops=1)
                                                                                                                    -&gt;  Seq Scan on prefixos d  (cost=0.00..783.20 rows=9220 width=25) (actual time=0.007..7.302 rows=9220 loops=1)
                                                                                                                    -&gt;  Seq Scan on prefixos_historico d  (cost=0.00..1518.17 rows=30017 width=25) (actual time=0.004..23.085 rows=30017 loops=1)
              -&gt;  Hash  (cost=10616.45..10616.45 rows=4830 width=11) (actual time=10.768..10.768 rows=5272 loops=1)
                    Buckets: 1024  Batches: 1  Memory Usage: 243kB
                    -&gt;  Append  (cost=0.00..10616.45 rows=4830 width=11) (actual time=0.027..8.255 rows=5272 loops=1)
                          -&gt;  Seq Scan on indicadores_realizado rlz_385  (cost=0.00..0.00 rows=1 width=22) (actual time=0.001..0.001 rows=0 loops=1)
                                Filter: ((ir_carteira = (-1)) AND (ir_indicador = 385) AND (ir_data = $9))
                          -&gt;  Index Scan using indicadores_realiado_prefixo_pk on indicadores_realizado_prefixo rlz_385  (cost=0.00..10616.45 rows=4829 width=11) (actual time=0.025..6.965 rows=5272 loops=1)
                                Index Cond: ((ir_data = $9) AND (ir_indicador = 385))
                                Filter: (ir_carteira = (-1))
        -&gt;  Hash  (cost=10208.05..10208.05 rows=4640 width=11) (actual time=8.847..8.847 rows=5051 loops=1)
              Buckets: 1024  Batches: 1  Memory Usage: 232kB
              -&gt;  Append  (cost=0.00..10208.05 rows=4640 width=11) (actual time=0.044..6.814 rows=5051 loops=1)
                    -&gt;  Seq Scan on indicadores_realizado rlz_557  (cost=0.00..0.00 rows=1 width=22) (actual time=0.002..0.002 rows=0 loops=1)
                          Filter: ((ir_carteira = (-1)) AND (ir_indicador = 557) AND (ir_data = $11))
                    -&gt;  Index Scan using indicadores_realiado_prefixo_pk on indicadores_realizado_prefixo rlz_557  (cost=0.00..10208.05 rows=4639 width=11) (actual time=0.040..5.690 rows=5051 loops=1)
                          Index Cond: ((ir_data = $11) AND (ir_indicador = 557))
                          Filter: (ir_carteira = (-1))
Total runtime: 705.580 ms
</pre>
    </div>

    <div class="result-stats hidden">
        <h1>Per node type stats</h1>
        <table class="stats">
            <thead>
            <tr><th>node type</th><th>count</th><th>sum of times</th><th>% of query</th></tr>
            </thead>
            <tbody>
                <tr class="table-detail">
                <td class="node-type">Append</td>
                <td class="count">11</td>
                <td class="time">18.733 ms</td>
                <td class="percent">
                    
                    
                    
                    2.7 %
                </td>
                </tr>
                <tr class="table-detail">
                <td class="node-type">Bitmap Heap Scan</td>
                <td class="count">5</td>
                <td class="time">52.437 ms</td>
                <td class="percent">
                    
                    
                    
                    7.5 %
                </td>
                </tr>
                <tr class="table-detail">
                <td class="node-type">Bitmap Index Scan</td>
                <td class="count">5</td>
                <td class="time">8.454 ms</td>
                <td class="percent">
                    
                    
                    
                    1.2 %
                </td>
                </tr>
                <tr class="table-detail">
                <td class="node-type">CTE Scan</td>
                <td class="count">5</td>
                <td class="time">0.055 ms</td>
                <td class="percent">
                    
                    
                    
                    0.0 %
                </td>
                </tr>
                <tr class="table-detail">
                <td class="node-type">Hash</td>
                <td class="count">10</td>
                <td class="time">157.165 ms</td>
                <td class="percent">
                    
                    
                    
                    22.4 %
                </td>
                </tr>
                <tr class="table-detail">
                <td class="node-type">Hash Left Join</td>
                <td class="count">2</td>
                <td class="time">48.477 ms</td>
                <td class="percent">
                    
                    
                    
                    6.9 %
                </td>
                </tr>
                <tr class="table-detail">
                <td class="node-type">Hash Right Join</td>
                <td class="count">8</td>
                <td class="time">156.226 ms</td>
                <td class="percent">
                    
                    
                    
                    22.2 %
                </td>
                </tr>
                <tr class="table-detail">
                <td class="node-type">HashAggregate</td>
                <td class="count">1</td>
                <td class="time">198.998 ms</td>
                <td class="percent">
                    
                    
                    
                    28.3 %
                </td>
                </tr>
                <tr class="table-detail">
                <td class="node-type">Index Scan</td>
                <td class="count">6</td>
                <td class="time">31.269 ms</td>
                <td class="percent">
                    
                    
                    
                    4.5 %
                </td>
                </tr>
                <tr class="table-detail">
                <td class="node-type">Index Scan Backward</td>
                <td class="count">6</td>
                <td class="time">0.093 ms</td>
                <td class="percent">
                    
                    
                    
                    0.0 %
                </td>
                </tr>
                <tr class="table-detail">
                <td class="node-type">Limit</td>
                <td class="count">6</td>
                <td class="time">0.008 ms</td>
                <td class="percent">
                    
                    
                    
                    0.0 %
                </td>
                </tr>
                <tr class="table-detail">
                <td class="node-type">Seq Scan</td>
                <td class="count">12</td>
                <td class="time">30.559 ms</td>
                <td class="percent">
                    
                    
                    
                    4.4 %
                </td>
                </tr>
            </tbody>
        </table>
        <h1>Per table stats</h1>
        <table class="stats">
            <thead>
            <tr><th>Table name</th><th>Scan count</th><th>Total time</th><th>% of query</th></tr>
            <tr><th>scan type</th><th>count</th><th>sum of times</th><th>% of table</th></tr>
            </thead>
            <tbody>
                <tr class="table-summary">
                <td class="table-name">indicadores_orcado</td>
                <td class="count">5</td>
                <td class="time">0.008 ms</td>
                <td class="percent">
                    
                    
                    
                    0.0 %
                </td>
                </tr>
                <tr class="table-detail">
                <td class="scan-type">Seq Scan</td>
                <td class="count">5</td>
                <td class="time">0.008 ms</td>
                <td class="percent">
                    
                    
                    
                    100.0 %
                </td>
                </tr>
                <tr class="table-summary">
                <td class="table-name">indicadores_orcado_prefixo</td>
                <td class="count">5</td>
                <td class="time">52.437 ms</td>
                <td class="percent">
                    
                    
                    
                    7.5 %
                </td>
                </tr>
                <tr class="table-detail">
                <td class="scan-type">Bitmap Heap Scan</td>
                <td class="count">5</td>
                <td class="time">52.437 ms</td>
                <td class="percent">
                    
                    
                    
                    100.0 %
                </td>
                </tr>
                <tr class="table-summary">
                <td class="table-name">indicadores_realizado</td>
                <td class="count">5</td>
                <td class="time">0.164 ms</td>
                <td class="percent">
                    
                    
                    
                    0.0 %
                </td>
                </tr>
                <tr class="table-detail">
                <td class="scan-type">Seq Scan</td>
                <td class="count">5</td>
                <td class="time">0.164 ms</td>
                <td class="percent">
                    
                    
                    
                    100.0 %
                </td>
                </tr>
                <tr class="table-summary">
                <td class="table-name">indicadores_realizado_prefixo</td>
                <td class="count">11</td>
                <td class="time">31.335 ms</td>
                <td class="percent">
                    
                    
                    
                    4.5 %
                </td>
                </tr>
                <tr class="table-detail">
                <td class="scan-type">Index Scan</td>
                <td class="count">5</td>
                <td class="time">31.242 ms</td>
                <td class="percent">
                    
                    
                    
                    99.7 %
                </td>
                </tr>
                <tr class="table-detail">
                <td class="scan-type">Index Scan Backward</td>
                <td class="count">6</td>
                <td class="time">0.093 ms</td>
                <td class="percent">
                    
                    
                    
                    0.3 %
                </td>
                </tr>
                <tr class="table-summary">
                <td class="table-name">mapa_datas</td>
                <td class="count">1</td>
                <td class="time">0.027 ms</td>
                <td class="percent">
                    
                    
                    
                    0.0 %
                </td>
                </tr>
                <tr class="table-detail">
                <td class="scan-type">Index Scan</td>
                <td class="count">1</td>
                <td class="time">0.027 ms</td>
                <td class="percent">
                    
                    
                    
                    100.0 %
                </td>
                </tr>
                <tr class="table-summary">
                <td class="table-name">prefixos</td>
                <td class="count">1</td>
                <td class="time">7.302 ms</td>
                <td class="percent">
                    
                    
                    
                    1.0 %
                </td>
                </tr>
                <tr class="table-detail">
                <td class="scan-type">Seq Scan</td>
                <td class="count">1</td>
                <td class="time">7.302 ms</td>
                <td class="percent">
                    
                    
                    
                    100.0 %
                </td>
                </tr>
                <tr class="table-summary">
                <td class="table-name">prefixos_historico</td>
                <td class="count">1</td>
                <td class="time">23.085 ms</td>
                <td class="percent">
                    
                    
                    
                    3.3 %
                </td>
                </tr>
                <tr class="table-detail">
                <td class="scan-type">Seq Scan</td>
                <td class="count">1</td>
                <td class="time">23.085 ms</td>
                <td class="percent">
                    
                    
                    
                    100.0 %
                </td>
                </tr>
            </tbody>
        </table>
    </div>
</div>



            </section>

            <footer>
                <div>
                    <p class="copyright">Copyright &copy; 2009-2013 <a href="mailto:depesz@depesz.com" title="mail me">Hubert &quot;depesz&quot; Lubaczewski</a>, <a href="mailto:lukasz.metys.lewandowski@gmail.com">ukasz &quot;metys&quot; Lewandowski</a></p>
                    <p class="powered-by">powered by <a href="http://www.mojolicious.org" title="mojolicious web framework">mojolicious</a></p>
                </div>
            </footer>

        </div>
        <!-- /wrapper -->

    </body>
</html>

