http://explain.depesz.com/s/wmC
HTTP/1.1 200 OK
Server: nginx
Date: Wed, 23 Jul 2014 10:15:15 GMT
Content-Type: text/html;charset=utf8
Content-Length: 269557
Connection: close
X-Powered-By: Mojolicious (Perl)

<!doctype html>
<html lang="en">
    <head>
        <meta charset="utf-8" />

        <title>wmC | explain.depesz.com</title>

        <link rel="stylesheet" href="/css/style.css" />

        <!--[if lt IE 9]>
        <script>

            /* html5 elements */
            var elements = ( "abbr,article,aside,audio,cavnas,datalist,"
                           + "details,figure,footer,header,hgroup,mark,"
                           + "menu,meter,output,progress,section,video,"
                           + "time,nav" ).split( ',' );

            for ( var i = 0 ; i < elements.length ; i++ ) {
                document.createElement( elements[ i ] );
            }

        </script>
        <![endif]-->

        <script src="/js/jquery-1.5.1.min.js"></script>

        <script src="/js/jquery.cookie.min.js"></script>

        <script src="/js/explain.js"></script>

        
    <script>
        $( document ).ready( function( ) {

            /* startup */
            $.fn.explain( 'init', $( '#explain-form' ), $( '#explain' ) );

        } );
    </script>

    </head>
    <body class="show">

        <!-- wrapper -->
        <div id="wrapper">

            <header>
                <hgroup>
                    <h1>
                        <a href="/" title="link to: new explain" rel="permalink"><strong>explain</strong>.depesz.com</a>
                    </h1>
                    <h2><span>A tool for finding a real cause for slow queries.</span></h2>
                </hgroup>
            </header>

            <nav>
                <ul>
                    <li class="item item-new-explain">
                        <a href="/" title="link to: new explain" rel="permalink">new explain</a>
                    </li>
                    <li class="item item-history">
                        <a href="/history" title="link to: history" rel="permalink">history</a>
                    </li>
                    <li class="item item-help">
                        <a href="/help" title="link to: help" rel="permalink">help</a>
                    </li>
                    <li class="item item-about">
                        <a href="http://www.depesz.com/index.php/tag/explaindepeszcom/" title="about explain.depesz.com" rel="permalink">about</a>
                    </li>
                    <li class="item item-contact">
                        <a href="/contact" title="link to: contact" rel="permalink">contact</a>
                    </li>
                </ul>
                <ul class="right">
                    <li>
                            <a href="/login" title="link to: login/register" rel="permalink">login</a>
                    </li>
                </ul>
            </nav>

            <section>
                












<h1>Result: wmC</h1>


<div class="explain-form">

    <form id="explain-form" class="hidden" method="get" action="/s/wmC" autocomplete="off">

        <h3>Colorize:</h3>
        <ul>
            <li>
                <input type="radio" name="c" id="ce" value="e" />
                <label for="ce">exclusive</label>
            </li>
            <li>
                <input type="radio" name="c" id="ci" value="i" />
                <label for="ci">inclusive</label>
            </li>
            <li>
                <input type="radio" name="c" id="cx" value="x" />
                <label for="cx">rows x</label>
            </li>
            <li>
                <input type="radio" name="c" id="cm" value="m" checked=&quot;checked&quot; />
                <label for="cm">mixed</label>
            </li>
        </ul>

        <h3>Columns visibility:</h3>
        <ul>
            <li>
                <input type="checkbox" name="vu" id="vu" value="1" checked=&quot;checked&quot; />
                <label for="vu">#</label>
            </li>
            <li>
                <input type="checkbox" name="ve" id="ve" value="1" checked=&quot;checked&quot; />
                <label for="ve">exclusive</label>
            </li>
            <li>
                <input type="checkbox" name="vi" id="vi" value="1" checked=&quot;checked&quot; />
                <label for="vi">inclusive</label>
            </li>
            <li>
                <input type="checkbox" name="vx" id="vx" value="1" checked=&quot;checked&quot; />
                <label for="vx">rows x</label>
            </li>
            <li>
                <input type="checkbox" name="vr" id="vr" value="1" checked=&quot;checked&quot; />
                <label for="vr">rows</label>
            </li>
            <li>
                <input type="checkbox" name="vl" id="vl" value="1" checked=&quot;checked&quot; />
                <label for="vl">loops</label>
            </li>
        </ul>

        <div class="fe fe-buttons">
            <button type="submit" name="save-settings" id="save-settings"><span>Save settings</span></button>
        </div>

    </form>

    <a href="#" onclick="$.fn.explain( 'toggleCfgForm', this ); return false;" onkeypress="return this.onclick( );"><span>options</span></a>

</div>

<div class="result">

    <div class="plea">
        Did it help? Consider supporting us - Bitcoin address: <a href="https://blockchain.info/address/12v2hUztAk2LgzQ9H9LMwuU32urHMjZQnq">12v2hUztAk2LgzQ9H9LMwuU32urHMjZQnq</a>
    </div>


    <div class="tabs">
        <ul class="clearfix">
            <li class="html">
                <a href="#html"
                   title="view HTML"
                   class="current"
                   onclick="$( this ).explain( 'toggleView', 'html', this ); return false;"
                   onkeypress="return this.onclick( );">HTML</a>
            </li>
            <li class="text">
                <a href="#text"
                   title="view plain text"
                   onclick="$( this ).explain( 'toggleView', 'text', this ); return false;"
                   onkeypress="return this.onclick( );">TEXT</a>
            </li>
            <li class="stats">
                <a href="#stats"
                   title="view plan stats"
                   onclick="$( this ).explain( 'toggleView', 'stats', this ); return false;"
                   onkeypress="return this.onclick( );">STATS</a>
            </li>
        </ul>
    </div>

    <div class="result-html">
        <table id="explain">
            <thead>
                <tr>
                    <th class="u">
                        <span>#</span>
                    </th>
                    <th class="e">
                        <a href="#colorize-exclusive"
                            title="colorize rows based on &quot;exclusive&quot;"
                            onclick="$.fn.explain( 'colorize', 'e', this ); return false"
                            onkeypress="return this.onclick( );">exclusive</a>
                    </th>
                    <th class="i">
                        <a href="#colorize-inclusive"
                            title="colorize rows based on &quot;inclusive&quot;"
                            onclick="$.fn.explain( 'colorize', 'i', this ); return false"
                            onkeypress="return this.onclick( );">inclusive</a>
                    </th>
                    <th class="x">
                        <a href="#colorize-rows-x"
                            title="colorize rows based on &quot;rows x&quot;"
                            onclick="$.fn.explain( 'colorize', 'x', this ); return false"
                            onkeypress="return this.onclick( );">rows x</a>
                    </th>
                    <th class="r">
                        <span>rows</span>
                    </th>
                    <th class="l">
                        <span>loops</span>
                    </th>
                    <th class="n">
                        <span>node</span>
                    </th>
                </tr>
            </thead>
            <tbody>
                






    <tr id="l1" class="n odd c-m" data-node_id="0" data-node_parent="" data-level="0" data-e="1" data-i="4" data-x="1">
        <td class="u "><a href="#l1">1.</a></td>
        <td class="e c-1">
            <span>0.001</span>
        </td>
        <td class="i c-4">
            <span>148822.439</span>
        </td>
        <td class="x c-1">
            <span>
                &uarr;
                1.0
            </span>
        </td>
        <td class="r"><span>30</span></td>
        <td class="l"><span>1</span></td>
        <td class="n">
            <div class="n" style="margin-left:22px">

                <div class="ico">&rarr;</div>

                <p>
                    <span class="node">

                        Limit


                    </span>

                    <span class="est">
                        (cost=406142.72..406142.79
                        rows=30
                        width=440)
                    </span>

                    <span class="act">
                        (actual
                        time=148822.435..148822.439
                        rows=30
                        loops=1)
                    </span>
                </p>


            </div>
        </td>
    </tr>





            






    <tr id="l2" class="n even c-m" data-node_id="1" data-node_parent="0" data-level="1" data-e="1" data-i="4" data-x="1">
        <td class="u "><a href="#l2">2.</a></td>
        <td class="e c-1">
            <span>403.477</span>
        </td>
        <td class="i c-4">
            <span>148822.438</span>
        </td>
        <td class="x c-1">
            <span>
                &uarr;
                2.0
            </span>
        </td>
        <td class="r"><span>30</span></td>
        <td class="l"><span>1</span></td>
        <td class="n">
            <div class="n" style="margin-left:44px">

                <div class="ico">&rarr;</div>

                <p>
                    <span class="node">

                        Sort


                    </span>

                    <span class="est">
                        (cost=406142.72..406142.86
                        rows=59
                        width=440)
                    </span>

                    <span class="act">
                        (actual
                        time=148822.435..148822.438
                        rows=30
                        loops=1)
                    </span>
                </p>

                    <ul class="ex-nfo">
                            <li>Sort Key: br.created_at</li>
                            <li>Sort Method: top-N heapsort  Memory: 40kB</li>
                    </ul>

            </div>
        </td>
    </tr>





            






    <tr id="l3" class="n odd c-m" data-node_id="2" data-node_parent="1" data-level="2" data-e="1" data-i="4" data-x="4">
        <td class="u "><a href="#l3">3.</a></td>
        <td class="e c-1">
            <span>275.605</span>
        </td>
        <td class="i c-4">
            <span>148418.961</span>
        </td>
        <td class="x c-4">
            <span>
                &darr;
                3062.5
            </span>
        </td>
        <td class="r"><span>180688</span></td>
        <td class="l"><span>1</span></td>
        <td class="n">
            <div class="n" style="margin-left:66px">

                <div class="ico">&rarr;</div>

                <p>
                    <span class="node">

                        Hash Left Join


                    </span>

                    <span class="est">
                        (cost=397268.03..406140.98
                        rows=59
                        width=440)
                    </span>

                    <span class="act">
                        (actual
                        time=135968.359..148418.961
                        rows=180688
                        loops=1)
                    </span>
                </p>

                    <ul class="ex-nfo">
                            <li>Hash Cond: (results.result_type_id = result_types.result_type_id)</li>
                    </ul>

            </div>
        </td>
    </tr>





            






    <tr id="l4" class="n even c-m" data-node_id="3" data-node_parent="2" data-level="3" data-e="1" data-i="4" data-x="4">
        <td class="u "><a href="#l4">4.</a></td>
        <td class="e c-1">
            <span>58.550</span>
        </td>
        <td class="i c-4">
            <span>148143.351</span>
        </td>
        <td class="x c-4">
            <span>
                &darr;
                3062.5
            </span>
        </td>
        <td class="r"><span>180688</span></td>
        <td class="l"><span>1</span></td>
        <td class="n">
            <div class="n" style="margin-left:88px">

                <div class="ico">&rarr;</div>

                <p>
                    <span class="node">

                        Nested Loop Left Join


                    </span>

                    <span class="est">
                        (cost=397266.94..406138.05
                        rows=59
                        width=410)
                    </span>

                    <span class="act">
                        (actual
                        time=135968.326..148143.351
                        rows=180688
                        loops=1)
                    </span>
                </p>


            </div>
        </td>
    </tr>





            






    <tr id="l5" class="n odd c-m" data-node_id="4" data-node_parent="3" data-level="4" data-e="1" data-i="4" data-x="4">
        <td class="u "><a href="#l5">5.</a></td>
        <td class="e c-1">
            <span>181.705</span>
        </td>
        <td class="i c-4">
            <span>147362.049</span>
        </td>
        <td class="x c-4">
            <span>
                &darr;
                3062.5
            </span>
        </td>
        <td class="r"><span>180688</span></td>
        <td class="l"><span>1</span></td>
        <td class="n">
            <div class="n" style="margin-left:110px">

                <div class="ico">&rarr;</div>

                <p>
                    <span class="node">

                        Nested Loop Left Join


                    </span>

                    <span class="est">
                        (cost=397266.94..406119.85
                        rows=59
                        width=404)
                    </span>

                    <span class="act">
                        (actual
                        time=135968.308..147362.049
                        rows=180688
                        loops=1)
                    </span>
                </p>

                    <ul class="ex-nfo">
                            <li>Join Filter: ((max(cl.created_at)) = cl.created_at)</li>
                    </ul>

            </div>
        </td>
    </tr>





            






    <tr id="l6" class="n even c-m" data-node_id="5" data-node_parent="4" data-level="5" data-e="1" data-i="4" data-x="4">
        <td class="u "><a href="#l6">6.</a></td>
        <td class="e c-1">
            <span>100.578</span>
        </td>
        <td class="i c-4">
            <span>146638.280</span>
        </td>
        <td class="x c-4">
            <span>
                &darr;
                3062.5
            </span>
        </td>
        <td class="r"><span>180688</span></td>
        <td class="l"><span>1</span></td>
        <td class="n">
            <div class="n" style="margin-left:132px">

                <div class="ico">&rarr;</div>

                <p>
                    <span class="node">

                        Hash Left Join


                    </span>

                    <span class="est">
                        (cost=397266.94..406004.13
                        rows=59
                        width=400)
                    </span>

                    <span class="act">
                        (actual
                        time=135968.290..146638.280
                        rows=180688
                        loops=1)
                    </span>
                </p>

                    <ul class="ex-nfo">
                            <li>Hash Cond: (c.customer_id = cl.customer_id)</li>
                    </ul>

            </div>
        </td>
    </tr>





            






    <tr id="l7" class="n odd c-m" data-node_id="6" data-node_parent="5" data-level="6" data-e="1" data-i="4" data-x="4">
        <td class="u "><a href="#l7">7.</a></td>
        <td class="e c-1">
            <span>10139.254</span>
        </td>
        <td class="i c-4">
            <span>146436.235</span>
        </td>
        <td class="x c-4">
            <span>
                &darr;
                3062.5
            </span>
        </td>
        <td class="r"><span>180688</span></td>
        <td class="l"><span>1</span></td>
        <td class="n">
            <div class="n" style="margin-left:154px">

                <div class="ico">&rarr;</div>

                <p>
                    <span class="node">

                        Hash Right Join


                    </span>

                    <span class="est">
                        (cost=382757.74..391482.73
                        rows=59
                        width=392)
                    </span>

                    <span class="act">
                        (actual
                        time=135866.806..146436.235
                        rows=180688
                        loops=1)
                    </span>
                </p>

                    <ul class="ex-nfo">
                            <li>Hash Cond: (s.selection_id = sel.selection_id)</li>
                    </ul>

            </div>
        </td>
    </tr>





            






    <tr id="l8" class="n even c-m" data-node_id="7" data-node_parent="6" data-level="7" data-e="1" data-i="1" data-x="1">
        <td class="u "><a href="#l8">8.</a></td>
        <td class="e c-1">
            <span>1019.855</span>
        </td>
        <td class="i c-1">
            <span>3302.260</span>
        </td>
        <td class="x c-1">
            <span>
                &darr;
                3.1
            </span>
        </td>
        <td class="r"><span>1153698</span></td>
        <td class="l"><span>1</span></td>
        <td class="n">
            <div class="n" style="margin-left:176px">

                <div class="ico">&rarr;</div>

                <p>
                    <span class="node">

                        HashAggregate


                    </span>

                    <span class="est">
                        (cost=221571.69..225245.29
                        rows=367360
                        width=12)
                    </span>

                    <span class="act">
                        (actual
                        time=2872.051..3302.260
                        rows=1153698
                        loops=1)
                    </span>
                </p>


            </div>
        </td>
    </tr>





            






    <tr id="l9" class="n odd c-m" data-node_id="8" data-node_parent="7" data-level="8" data-e="1" data-i="1" data-x="1">
        <td class="u "><a href="#l9">9.</a></td>
        <td class="e c-1">
            <span>335.993</span>
        </td>
        <td class="i c-1">
            <span>2282.405</span>
        </td>
        <td class="x c-1">
            <span>
                &darr;
                3.2
            </span>
        </td>
        <td class="r"><span>1163023</span></td>
        <td class="l"><span>1</span></td>
        <td class="n">
            <div class="n" style="margin-left:198px">

                <div class="ico">&rarr;</div>

                <p>
                    <span class="node">

                        Hash Left Join


                    </span>

                    <span class="est">
                        (cost=173739.49..219734.89
                        rows=367360
                        width=12)
                    </span>

                    <span class="act">
                        (actual
                        time=1152.297..2282.405
                        rows=1163023
                        loops=1)
                    </span>
                </p>

                    <ul class="ex-nfo">
                            <li>Hash Cond: ((s.placement_id = s.placement_id) AND (s.selection_id = s.selection_id))</li>
                            <li>Filter: (((s.placement_id IS NULL) AND (r.placement_id IS NULL)) OR ((s.placement_id IS NOT NULL) AND (r.placement_id IS NULL) AND (r.created_at &lt; (min(r.created_at)))) OR (s.placement_id = r.placement_id))</li>
                    </ul>

            </div>
        </td>
    </tr>





            






    <tr id="l10" class="n even c-m" data-node_id="9" data-node_parent="8" data-level="9" data-e="1" data-i="1" data-x="1">
        <td class="u "><a href="#l10">10.</a></td>
        <td class="e c-1">
            <span>475.995</span>
        </td>
        <td class="i c-1">
            <span>1618.252</span>
        </td>
        <td class="x c-1">
            <span>
                &darr;
                1.1
            </span>
        </td>
        <td class="r"><span>1179190</span></td>
        <td class="l"><span>1</span></td>
        <td class="n">
            <div class="n" style="margin-left:220px">

                <div class="ico">&rarr;</div>

                <p>
                    <span class="node">

                        Merge Join


                    </span>

                    <span class="est">
                        (cost=139240.12..176966.30
                        rows=1102561
                        width=36)
                    </span>

                    <span class="act">
                        (actual
                        time=824.114..1618.252
                        rows=1179190
                        loops=1)
                    </span>
                </p>

                    <ul class="ex-nfo">
                            <li>Merge Cond: (r.outcome_id = s.outcome_id)</li>
                            <li>Join Filter: (s.handicap = r.handicap)</li>
                    </ul>

            </div>
        </td>
    </tr>





            






    <tr id="l11" class="n odd c-m" data-node_id="10" data-node_parent="9" data-level="10" data-e="1" data-i="1" data-x="1">
        <td class="u "><a href="#l11">11.</a></td>
        <td class="e c-1">
            <span>134.954</span>
        </td>
        <td class="i c-1">
            <span>134.954</span>
        </td>
        <td class="x c-1">
            <span>
                &uarr;
                1.0
            </span>
        </td>
        <td class="r"><span>346262</span></td>
        <td class="l"><span>1</span></td>
        <td class="n">
            <div class="n" style="margin-left:242px">

                <div class="ico">&rarr;</div>

                <p>
                    <span class="node">

                        Index Scan

                            using results_outcome_id_idx on results r

                    </span>

                    <span class="est">
                        (cost=0.00..12126.62
                        rows=346291
                        width=28)
                    </span>

                    <span class="act">
                        (actual
                        time=0.009..134.954
                        rows=346262
                        loops=1)
                    </span>
                </p>


            </div>
        </td>
    </tr>








            






    <tr id="l12" class="n odd c-m" data-node_id="11" data-node_parent="9" data-level="10" data-e="1" data-i="1" data-x="1">
        <td class="u "><a href="#l12">12.</a></td>
        <td class="e c-1">
            <span>829.461</span>
        </td>
        <td class="i c-1">
            <span>1007.303</span>
        </td>
        <td class="x c-1">
            <span>
                &darr;
                1.1
            </span>
        </td>
        <td class="r"><span>1301751</span></td>
        <td class="l"><span>1</span></td>
        <td class="n">
            <div class="n" style="margin-left:242px">

                <div class="ico">&rarr;</div>

                <p>
                    <span class="node">

                        Sort


                    </span>

                    <span class="est">
                        (cost=139239.50..142138.58
                        rows=1159631
                        width=24)
                    </span>

                    <span class="act">
                        (actual
                        time=824.090..1007.303
                        rows=1301751
                        loops=1)
                    </span>
                </p>

                    <ul class="ex-nfo">
                            <li>Sort Key: s.outcome_id</li>
                            <li>Sort Method: quicksort  Memory: 139745kB</li>
                    </ul>

            </div>
        </td>
    </tr>





            






    <tr id="l13" class="n even c-m" data-node_id="12" data-node_parent="11" data-level="11" data-e="1" data-i="1" data-x="1">
        <td class="u "><a href="#l13">13.</a></td>
        <td class="e c-1">
            <span>177.842</span>
        </td>
        <td class="i c-1">
            <span>177.842</span>
        </td>
        <td class="x c-1">
            <span>
                &uarr;
                1.0
            </span>
        </td>
        <td class="r"><span>1159586</span></td>
        <td class="l"><span>1</span></td>
        <td class="n">
            <div class="n" style="margin-left:264px">

                <div class="ico">&rarr;</div>

                <p>
                    <span class="node">

                        Seq Scan

                            on selections s

                    </span>

                    <span class="est">
                        (cost=0.00..22434.31
                        rows=1159631
                        width=24)
                    </span>

                    <span class="act">
                        (actual
                        time=0.005..177.842
                        rows=1159586
                        loops=1)
                    </span>
                </p>


            </div>
        </td>
    </tr>














            






    <tr id="l14" class="n odd c-m" data-node_id="13" data-node_parent="8" data-level="9" data-e="1" data-i="1" data-x="4">
        <td class="u "><a href="#l14">14.</a></td>
        <td class="e c-1">
            <span>0.249</span>
        </td>
        <td class="i c-1">
            <span>328.160</span>
        </td>
        <td class="x c-4">
            <span>
                &darr;
                1308.0
            </span>
        </td>
        <td class="r"><span>1308</span></td>
        <td class="l"><span>1</span></td>
        <td class="n">
            <div class="n" style="margin-left:220px">

                <div class="ico">&rarr;</div>

                <p>
                    <span class="node">

                        Hash


                    </span>

                    <span class="est">
                        (cost=34499.35..34499.35
                        rows=1
                        width=24)
                    </span>

                    <span class="act">
                        (actual
                        time=328.160..328.160
                        rows=1308
                        loops=1)
                    </span>
                </p>

                    <ul class="ex-nfo">
                            <li>Buckets: 1024  Batches: 1  Memory Usage: 72kB</li>
                    </ul>

            </div>
        </td>
    </tr>





            






    <tr id="l15" class="n even c-m" data-node_id="14" data-node_parent="13" data-level="10" data-e="1" data-i="1" data-x="4">
        <td class="u "><a href="#l15">15.</a></td>
        <td class="e c-1">
            <span>1.314</span>
        </td>
        <td class="i c-1">
            <span>327.911</span>
        </td>
        <td class="x c-4">
            <span>
                &darr;
                1308.0
            </span>
        </td>
        <td class="r"><span>1308</span></td>
        <td class="l"><span>1</span></td>
        <td class="n">
            <div class="n" style="margin-left:242px">

                <div class="ico">&rarr;</div>

                <p>
                    <span class="node">

                        HashAggregate


                    </span>

                    <span class="est">
                        (cost=34499.33..34499.34
                        rows=1
                        width=24)
                    </span>

                    <span class="act">
                        (actual
                        time=327.623..327.911
                        rows=1308
                        loops=1)
                    </span>
                </p>


            </div>
        </td>
    </tr>





            






    <tr id="l16" class="n odd c-m" data-node_id="15" data-node_parent="14" data-level="11" data-e="1" data-i="1" data-x="4">
        <td class="u "><a href="#l16">16.</a></td>
        <td class="e c-1">
            <span>109.912</span>
        </td>
        <td class="i c-1">
            <span>326.597</span>
        </td>
        <td class="x c-4">
            <span>
                &darr;
                1744.0
            </span>
        </td>
        <td class="r"><span>1744</span></td>
        <td class="l"><span>1</span></td>
        <td class="n">
            <div class="n" style="margin-left:264px">

                <div class="ico">&rarr;</div>

                <p>
                    <span class="node">

                        Merge Join


                    </span>

                    <span class="est">
                        (cost=211.63..34499.32
                        rows=1
                        width=24)
                    </span>

                    <span class="act">
                        (actual
                        time=1.341..326.597
                        rows=1744
                        loops=1)
                    </span>
                </p>

                    <ul class="ex-nfo">
                            <li>Merge Cond: (s.placement_id = r.placement_id)</li>
                            <li>Join Filter: ((s.outcome_id = r.outcome_id) AND (s.handicap = r.handicap))</li>
                    </ul>

            </div>
        </td>
    </tr>





            






    <tr id="l17" class="n even c-m" data-node_id="16" data-node_parent="15" data-level="12" data-e="1" data-i="1" data-x="1">
        <td class="u "><a href="#l17">17.</a></td>
        <td class="e c-1">
            <span>215.574</span>
        </td>
        <td class="i c-1">
            <span>215.574</span>
        </td>
        <td class="x c-1">
            <span>
                &uarr;
                1.0
            </span>
        </td>
        <td class="r"><span>1155420</span></td>
        <td class="l"><span>1</span></td>
        <td class="n">
            <div class="n" style="margin-left:286px">

                <div class="ico">&rarr;</div>

                <p>
                    <span class="node">

                        Index Scan

                            using selections_placement_id_idx on selections s

                    </span>

                    <span class="est">
                        (cost=0.00..31414.75
                        rows=1159631
                        width=24)
                    </span>

                    <span class="act">
                        (actual
                        time=0.019..215.574
                        rows=1155420
                        loops=1)
                    </span>
                </p>


            </div>
        </td>
    </tr>








            






    <tr id="l18" class="n even c-m" data-node_id="17" data-node_parent="15" data-level="12" data-e="1" data-i="1" data-x="2">
        <td class="u "><a href="#l18">18.</a></td>
        <td class="e c-1">
            <span>1.111</span>
        </td>
        <td class="i c-1">
            <span>1.111</span>
        </td>
        <td class="x c-2">
            <span>
                &uarr;
                97.2
            </span>
        </td>
        <td class="r"><span>3561</span></td>
        <td class="l"><span>1</span></td>
        <td class="n">
            <div class="n" style="margin-left:286px">

                <div class="ico">&rarr;</div>

                <p>
                    <span class="node">

                        Index Scan

                            using results_placement_id_idx on results r

                    </span>

                    <span class="est">
                        (cost=0.00..12124.62
                        rows=346291
                        width=24)
                    </span>

                    <span class="act">
                        (actual
                        time=0.011..1.111
                        rows=3561
                        loops=1)
                    </span>
                </p>


            </div>
        </td>
    </tr>























            






    <tr id="l19" class="n odd c-m" data-node_id="18" data-node_parent="6" data-level="7" data-e="1" data-i="3" data-x="4">
        <td class="u "><a href="#l19">19.</a></td>
        <td class="e c-1">
            <span>274.162</span>
        </td>
        <td class="i c-3">
            <span>132994.721</span>
        </td>
        <td class="x c-4">
            <span>
                &darr;
                3062.5
            </span>
        </td>
        <td class="r"><span>180688</span></td>
        <td class="l"><span>1</span></td>
        <td class="n">
            <div class="n" style="margin-left:176px">

                <div class="ico">&rarr;</div>

                <p>
                    <span class="node">

                        Hash


                    </span>

                    <span class="est">
                        (cost=161185.32..161185.32
                        rows=59
                        width=388)
                    </span>

                    <span class="act">
                        (actual
                        time=132994.721..132994.721
                        rows=180688
                        loops=1)
                    </span>
                </p>

                    <ul class="ex-nfo">
                            <li>Buckets: 1024  Batches: 1  Memory Usage: 67405kB</li>
                    </ul>

            </div>
        </td>
    </tr>





            






    <tr id="l20" class="n even c-m" data-node_id="19" data-node_parent="18" data-level="8" data-e="1" data-i="3" data-x="4">
        <td class="u "><a href="#l20">20.</a></td>
        <td class="e c-1">
            <span>104.878</span>
        </td>
        <td class="i c-3">
            <span>132720.559</span>
        </td>
        <td class="x c-4">
            <span>
                &darr;
                3062.5
            </span>
        </td>
        <td class="r"><span>180688</span></td>
        <td class="l"><span>1</span></td>
        <td class="n">
            <div class="n" style="margin-left:198px">

                <div class="ico">&rarr;</div>

                <p>
                    <span class="node">

                        Hash Left Join


                    </span>

                    <span class="est">
                        (cost=134515.38..161185.32
                        rows=59
                        width=388)
                    </span>

                    <span class="act">
                        (actual
                        time=119644.414..132720.559
                        rows=180688
                        loops=1)
                    </span>
                </p>

                    <ul class="ex-nfo">
                            <li>Hash Cond: (br.bet_client_id = bc.bet_client_id)</li>
                    </ul>

            </div>
        </td>
    </tr>





            






    <tr id="l21" class="n odd c-m" data-node_id="20" data-node_parent="19" data-level="9" data-e="1" data-i="3" data-x="4">
        <td class="u "><a href="#l21">21.</a></td>
        <td class="e c-1">
            <span>137.292</span>
        </td>
        <td class="i c-3">
            <span>132615.669</span>
        </td>
        <td class="x c-4">
            <span>
                &darr;
                3062.5
            </span>
        </td>
        <td class="r"><span>180688</span></td>
        <td class="l"><span>1</span></td>
        <td class="n">
            <div class="n" style="margin-left:220px">

                <div class="ico">&rarr;</div>

                <p>
                    <span class="node">

                        Nested Loop Left Join


                    </span>

                    <span class="est">
                        (cost=134514.29..161183.42
                        rows=59
                        width=356)
                    </span>

                    <span class="act">
                        (actual
                        time=119644.382..132615.669
                        rows=180688
                        loops=1)
                    </span>
                </p>


            </div>
        </td>
    </tr>





            






    <tr id="l22" class="n even c-m" data-node_id="21" data-node_parent="20" data-level="10" data-e="1" data-i="3" data-x="4">
        <td class="u "><a href="#l22">22.</a></td>
        <td class="e c-1">
            <span>288.621</span>
        </td>
        <td class="i c-3">
            <span>132117.001</span>
        </td>
        <td class="x c-4">
            <span>
                &darr;
                3062.5
            </span>
        </td>
        <td class="r"><span>180688</span></td>
        <td class="l"><span>1</span></td>
        <td class="n">
            <div class="n" style="margin-left:242px">

                <div class="ico">&rarr;</div>

                <p>
                    <span class="node">

                        Hash Left Join


                    </span>

                    <span class="est">
                        (cost=134514.29..161048.89
                        rows=59
                        width=357)
                    </span>

                    <span class="act">
                        (actual
                        time=119644.374..132117.001
                        rows=180688
                        loops=1)
                    </span>
                </p>

                    <ul class="ex-nfo">
                            <li>Hash Cond: (e.event_id = kw_league.event_id)</li>
                    </ul>

            </div>
        </td>
    </tr>





            






    <tr id="l23" class="n odd c-m" data-node_id="22" data-node_parent="21" data-level="11" data-e="1" data-i="3" data-x="4">
        <td class="u "><a href="#l23">23.</a></td>
        <td class="e c-1">
            <span>281.655</span>
        </td>
        <td class="i c-3">
            <span>131693.983</span>
        </td>
        <td class="x c-4">
            <span>
                &darr;
                3062.5
            </span>
        </td>
        <td class="r"><span>180688</span></td>
        <td class="l"><span>1</span></td>
        <td class="n">
            <div class="n" style="margin-left:264px">

                <div class="ico">&rarr;</div>

                <p>
                    <span class="node">

                        Hash Left Join


                    </span>

                    <span class="est">
                        (cost=127535.24..153924.88
                        rows=59
                        width=333)
                    </span>

                    <span class="act">
                        (actual
                        time=119509.950..131693.983
                        rows=180688
                        loops=1)
                    </span>
                </p>

                    <ul class="ex-nfo">
                            <li>Hash Cond: (e.event_id = kw_sport.event_id)</li>
                    </ul>

            </div>
        </td>
    </tr>





            






    <tr id="l24" class="n even c-m" data-node_id="23" data-node_parent="22" data-level="12" data-e="1" data-i="3" data-x="4">
        <td class="u "><a href="#l24">24.</a></td>
        <td class="e c-1">
            <span>102.761</span>
        </td>
        <td class="i c-3">
            <span>131285.056</span>
        </td>
        <td class="x c-4">
            <span>
                &darr;
                3062.5
            </span>
        </td>
        <td class="r"><span>180688</span></td>
        <td class="l"><span>1</span></td>
        <td class="n">
            <div class="n" style="margin-left:286px">

                <div class="ico">&rarr;</div>

                <p>
                    <span class="node">

                        Nested Loop


                    </span>

                    <span class="est">
                        (cost=120556.18..146800.87
                        rows=59
                        width=309)
                    </span>

                    <span class="act">
                        (actual
                        time=119382.657..131285.056
                        rows=180688
                        loops=1)
                    </span>
                </p>


            </div>
        </td>
    </tr>





            






    <tr id="l25" class="n odd c-m" data-node_id="24" data-node_parent="23" data-level="13" data-e="1" data-i="3" data-x="4">
        <td class="u "><a href="#l25">25.</a></td>
        <td class="e c-1">
            <span>45.365</span>
        </td>
        <td class="i c-3">
            <span>130820.919</span>
        </td>
        <td class="x c-4">
            <span>
                &darr;
                3062.5
            </span>
        </td>
        <td class="r"><span>180688</span></td>
        <td class="l"><span>1</span></td>
        <td class="n">
            <div class="n" style="margin-left:308px">

                <div class="ico">&rarr;</div>

                <p>
                    <span class="node">

                        Nested Loop


                    </span>

                    <span class="est">
                        (cost=120556.18..146784.11
                        rows=59
                        width=274)
                    </span>

                    <span class="act">
                        (actual
                        time=119382.649..130820.919
                        rows=180688
                        loops=1)
                    </span>
                </p>


            </div>
        </td>
    </tr>





            






    <tr id="l26" class="n even c-m" data-node_id="25" data-node_parent="24" data-level="14" data-e="1" data-i="3" data-x="4">
        <td class="u "><a href="#l26">26.</a></td>
        <td class="e c-1">
            <span>114.388</span>
        </td>
        <td class="i c-3">
            <span>130233.490</span>
        </td>
        <td class="x c-4">
            <span>
                &darr;
                3062.5
            </span>
        </td>
        <td class="r"><span>180688</span></td>
        <td class="l"><span>1</span></td>
        <td class="n">
            <div class="n" style="margin-left:330px">

                <div class="ico">&rarr;</div>

                <p>
                    <span class="node">

                        Nested Loop


                    </span>

                    <span class="est">
                        (cost=120556.18..146766.06
                        rows=59
                        width=248)
                    </span>

                    <span class="act">
                        (actual
                        time=119382.636..130233.490
                        rows=180688
                        loops=1)
                    </span>
                </p>


            </div>
        </td>
    </tr>





            






    <tr id="l27" class="n odd c-m" data-node_id="26" data-node_parent="25" data-level="15" data-e="1" data-i="3" data-x="4">
        <td class="u "><a href="#l27">27.</a></td>
        <td class="e c-1">
            <span>610.070</span>
        </td>
        <td class="i c-3">
            <span>129577.038</span>
        </td>
        <td class="x c-4">
            <span>
                &darr;
                3062.5
            </span>
        </td>
        <td class="r"><span>180688</span></td>
        <td class="l"><span>1</span></td>
        <td class="n">
            <div class="n" style="margin-left:352px">

                <div class="ico">&rarr;</div>

                <p>
                    <span class="node">

                        Hash Join


                    </span>

                    <span class="est">
                        (cost=120556.18..146627.37
                        rows=59
                        width=236)
                    </span>

                    <span class="act">
                        (actual
                        time=119382.622..129577.038
                        rows=180688
                        loops=1)
                    </span>
                </p>

                    <ul class="ex-nfo">
                            <li>Hash Cond: (s.placement_id = s.placement_id)</li>
                    </ul>

            </div>
        </td>
    </tr>





            






    <tr id="l28" class="n even c-m" data-node_id="27" data-node_parent="26" data-level="16" data-e="1" data-i="3" data-x="4">
        <td class="u "><a href="#l28">28.</a></td>
        <td class="e c-1">
            <span>93.635</span>
        </td>
        <td class="i c-3">
            <span>126182.919</span>
        </td>
        <td class="x c-4">
            <span>
                &darr;
                4439.9
            </span>
        </td>
        <td class="r"><span>261957</span></td>
        <td class="l"><span>1</span></td>
        <td class="n">
            <div class="n" style="margin-left:374px">

                <div class="ico">&rarr;</div>

                <p>
                    <span class="node">

                        Nested Loop


                    </span>

                    <span class="est">
                        (cost=91051.94..117122.32
                        rows=59
                        width=260)
                    </span>

                    <span class="act">
                        (actual
                        time=116598.563..126182.919
                        rows=261957
                        loops=1)
                    </span>
                </p>


            </div>
        </td>
    </tr>





            






    <tr id="l29" class="n odd c-m" data-node_id="28" data-node_parent="27" data-level="17" data-e="1" data-i="3" data-x="4">
        <td class="u "><a href="#l29">29.</a></td>
        <td class="e c-1">
            <span>510.579</span>
        </td>
        <td class="i c-3">
            <span>125734.632</span>
        </td>
        <td class="x c-4">
            <span>
                &darr;
                5910.9
            </span>
        </td>
        <td class="r"><span>88663</span></td>
        <td class="l"><span>1</span></td>
        <td class="n">
            <div class="n" style="margin-left:396px">

                <div class="ico">&rarr;</div>

                <p>
                    <span class="node">

                        Hash Join


                    </span>

                    <span class="est">
                        (cost=91051.94..117085.80
                        rows=15
                        width=227)
                    </span>

                    <span class="act">
                        (actual
                        time=116598.553..125734.632
                        rows=88663
                        loops=1)
                    </span>
                </p>

                    <ul class="ex-nfo">
                            <li>Hash Cond: (er.target_id = erc.currency_id)</li>
                    </ul>

            </div>
        </td>
    </tr>





            






    <tr id="l30" class="n even c-m" data-node_id="29" data-node_parent="28" data-level="18" data-e="1" data-i="3" data-x="4">
        <td class="u "><a href="#l30">30.</a></td>
        <td class="e c-1">
            <span>1200.189</span>
        </td>
        <td class="i c-3">
            <span>125224.030</span>
        </td>
        <td class="x c-4">
            <span>
                &darr;
                5432.4
            </span>
        </td>
        <td class="r"><span>4622954</span></td>
        <td class="l"><span>1</span></td>
        <td class="n">
            <div class="n" style="margin-left:418px">

                <div class="ico">&rarr;</div>

                <p>
                    <span class="node">

                        Nested Loop


                    </span>

                    <span class="est">
                        (cost=91050.23..117080.75
                        rows=851
                        width=229)
                    </span>

                    <span class="act">
                        (actual
                        time=116598.498..125224.030
                        rows=4622954
                        loops=1)
                    </span>
                </p>


            </div>
        </td>
    </tr>





            






    <tr id="l31" class="n odd c-m" data-node_id="30" data-node_parent="29" data-level="19" data-e="1" data-i="3" data-x="4">
        <td class="u "><a href="#l31">31.</a></td>
        <td class="e c-1">
            <span>2461.023</span>
        </td>
        <td class="i c-3">
            <span>122693.896</span>
        </td>
        <td class="x c-4">
            <span>
                &darr;
                3057.3
            </span>
        </td>
        <td class="r"><span>88663</span></td>
        <td class="l"><span>1</span></td>
        <td class="n">
            <div class="n" style="margin-left:440px">

                <div class="ico">&rarr;</div>

                <p>
                    <span class="node">

                        Hash Join


                    </span>

                    <span class="est">
                        (cost=91050.22..116490.17
                        rows=29
                        width=221)
                    </span>

                    <span class="act">
                        (actual
                        time=116598.444..122693.896
                        rows=88663
                        loops=1)
                    </span>
                </p>

                    <ul class="ex-nfo">
                            <li>Hash Cond: (s.placement_id = s.placement_id)</li>
                    </ul>

            </div>
        </td>
    </tr>





            






    <tr id="l32" class="n even c-m" data-node_id="31" data-node_parent="30" data-level="20" data-e="1" data-i="2" data-x="4">
        <td class="u "><a href="#l32">32.</a></td>
        <td class="e c-1">
            <span>2866.586</span>
        </td>
        <td class="i c-2">
            <span>16689.330</span>
        </td>
        <td class="x c-4">
            <span>
                &darr;
                1036.8
            </span>
        </td>
        <td class="r"><span>89162</span></td>
        <td class="l"><span>1</span></td>
        <td class="n">
            <div class="n" style="margin-left:462px">

                <div class="ico">&rarr;</div>

                <p>
                    <span class="node">

                        Hash Right Join


                    </span>

                    <span class="est">
                        (cost=61005.17..86444.51
                        rows=86
                        width=213)
                    </span>

                    <span class="act">
                        (actual
                        time=13054.881..16689.330
                        rows=89162
                        loops=1)
                    </span>
                </p>

                    <ul class="ex-nfo">
                            <li>Hash Cond: (s.placement_id = p.placement_id)</li>
                    </ul>

            </div>
        </td>
    </tr>





            






    <tr id="l33" class="n odd c-m" data-node_id="32" data-node_parent="31" data-level="21" data-e="1" data-i="1" data-x="1">
        <td class="u "><a href="#l33">33.</a></td>
        <td class="e c-1">
            <span>0.000</span>
        </td>
        <td class="i c-1">
            <span>1530.638</span>
        </td>
        <td class="x c-1">
            <span>
                &darr;
                5.7
            </span>
        </td>
        <td class="r"><span>615797</span></td>
        <td class="l"><span>1</span></td>
        <td class="n">
            <div class="n" style="margin-left:484px">

                <div class="ico">&rarr;</div>

                <p>
                    <span class="node">

                        Hash Join


                    </span>

                    <span class="est">
                        (cost=31236.14..56271.42
                        rows=107712
                        width=32)
                    </span>

                    <span class="act">
                        (actual
                        time=762.554..1530.638
                        rows=615797
                        loops=1)
                    </span>
                </p>

                    <ul class="ex-nfo">
                            <li>Hash Cond: (s.operation_id = so.id)</li>
                            <li>Filter: (hashed SubPlan 1)</li>
                            <li>Buckets: 1024  Batches: 1  Memory Usage: 1kB</li>
                            <li>Filter: (cname = &#39;settle&#39;::text)</li>
                    </ul>

            </div>
        </td>
    </tr>





            






    <tr id="l34" class="n even c-m" data-node_id="33" data-node_parent="32" data-level="22" data-e="1" data-i="1" data-x="1">
        <td class="u "><a href="#l34">34.</a></td>
        <td class="e c-1">
            <span>1242.632</span>
        </td>
        <td class="i c-1">
            <span>1242.632</span>
        </td>
        <td class="x c-1">
            <span>
                &darr;
                1.9
            </span>
        </td>
        <td class="r"><span>615830</span></td>
        <td class="l"><span>1</span></td>
        <td class="n">
            <div class="n" style="margin-left:506px">

                <div class="ico">&rarr;</div>

                <p>
                    <span class="node">

                        Seq Scan

                            on settlements s

                    </span>

                    <span class="est">
                        (cost=31235.09..53981.49
                        rows=323136
                        width=34)
                    </span>

                    <span class="act">
                        (actual
                        time=762.516..1242.632
                        rows=615830
                        loops=1)
                    </span>
                </p>


            </div>
        </td>
    </tr>











        <tr id="l35" class="sp" data-node_id="34" data-node_parent="32" data-level="21">
            <td class="u"><span><a href="#l35">35.</a></span></td>
            <td class="e"><span>&nbsp;</span></td>
            <td class="i"><span>&nbsp;</span></td>
            <td class="x"><span>&nbsp;</span></td>
            <td class="r"><span>&nbsp;</span></td>
            <td class="l"><span>&nbsp;</span></td>
            <td class="n">
                <div class="n" style="margin-left:484px">
                    <p><span>SubPlan (forHash Join)</span></p>
                </div>
            </td>
        </tr>

            






    <tr id="l36" class="n even c-m" data-node_id="35" data-node_parent="34" data-level="22" data-e="1" data-i="1" data-x="1">
        <td class="u "><a href="#l36">36.</a></td>
        <td class="e c-1">
            <span>566.469</span>
        </td>
        <td class="i c-1">
            <span>566.469</span>
        </td>
        <td class="x c-1">
            <span>
                &darr;
                1.1
            </span>
        </td>
        <td class="r"><span>615830</span></td>
        <td class="l"><span>1</span></td>
        <td class="n">
            <div class="n" style="margin-left:506px">

                <div class="ico">&rarr;</div>

                <p>
                    <span class="node">

                        HashAggregate


                    </span>

                    <span class="est">
                        (cost=24362.08..29860.49
                        rows=549841
                        width=16)
                    </span>

                    <span class="act">
                        (actual
                        time=379.239..566.469
                        rows=615830
                        loops=1)
                    </span>
                </p>


            </div>
        </td>
    </tr>








            






    <tr id="l37" class="n even c-m" data-node_id="36" data-node_parent="34" data-level="22" data-e="1" data-i="1" data-x="1">
        <td class="u "><a href="#l37">37.</a></td>
        <td class="e c-1">
            <span>80.265</span>
        </td>
        <td class="i c-1">
            <span>80.265</span>
        </td>
        <td class="x c-1">
            <span>
                &uarr;
                1.0
            </span>
        </td>
        <td class="r"><span>642001</span></td>
        <td class="l"><span>1</span></td>
        <td class="n">
            <div class="n" style="margin-left:506px">

                <div class="ico">&rarr;</div>

                <p>
                    <span class="node">

                        Seq Scan

                            on settlements 

                    </span>

                    <span class="est">
                        (cost=0.00..21130.72
                        rows=646272
                        width=16)
                    </span>

                    <span class="act">
                        (actual
                        time=0.007..80.265
                        rows=642001
                        loops=1)
                    </span>
                </p>


            </div>
        </td>
    </tr>








            






    <tr id="l38" class="n even c-m" data-node_id="37" data-node_parent="34" data-level="22" data-e="1" data-i="1" data-x="1">
        <td class="u "><a href="#l38">38.</a></td>
        <td class="e c-1">
            <span>0.012</span>
        </td>
        <td class="i c-1">
            <span>0.012</span>
        </td>
        <td class="x c-1">
            <span>
                &uarr;
                1.0
            </span>
        </td>
        <td class="r"><span>1</span></td>
        <td class="l"><span>1</span></td>
        <td class="n">
            <div class="n" style="margin-left:506px">

                <div class="ico">&rarr;</div>

                <p>
                    <span class="node">

                        Hash


                    </span>

                    <span class="est">
                        (cost=1.04..1.04
                        rows=1
                        width=2)
                    </span>

                    <span class="act">
                        (actual
                        time=0.012..0.012
                        rows=1
                        loops=1)
                    </span>
                </p>


            </div>
        </td>
    </tr>








            






    <tr id="l39" class="n even c-m" data-node_id="38" data-node_parent="34" data-level="22" data-e="1" data-i="1" data-x="1">
        <td class="u "><a href="#l39">39.</a></td>
        <td class="e c-1">
            <span>0.011</span>
        </td>
        <td class="i c-1">
            <span>0.011</span>
        </td>
        <td class="x c-1">
            <span>
                &uarr;
                1.0
            </span>
        </td>
        <td class="r"><span>1</span></td>
        <td class="l"><span>1</span></td>
        <td class="n">
            <div class="n" style="margin-left:506px">

                <div class="ico">&rarr;</div>

                <p>
                    <span class="node">

                        Seq Scan

                            on settlement_operations so

                    </span>

                    <span class="est">
                        (cost=0.00..1.04
                        rows=1
                        width=2)
                    </span>

                    <span class="act">
                        (actual
                        time=0.010..0.011
                        rows=1
                        loops=1)
                    </span>
                </p>


            </div>
        </td>
    </tr>










            






    <tr id="l40" class="n odd c-m" data-node_id="39" data-node_parent="31" data-level="21" data-e="1" data-i="1" data-x="4">
        <td class="u "><a href="#l40">40.</a></td>
        <td class="e c-1">
            <span>0.000</span>
        </td>
        <td class="i c-1">
            <span>12292.106</span>
        </td>
        <td class="x c-4">
            <span>
                &darr;
                1036.8
            </span>
        </td>
        <td class="r"><span>89162</span></td>
        <td class="l"><span>1</span></td>
        <td class="n">
            <div class="n" style="margin-left:484px">

                <div class="ico">&rarr;</div>

                <p>
                    <span class="node">

                        Hash


                    </span>

                    <span class="est">
                        (cost=29767.95..29767.95
                        rows=86
                        width=189)
                    </span>

                    <span class="act">
                        (actual
                        time=12292.106..12292.106
                        rows=89162
                        loops=1)
                    </span>
                </p>

                    <ul class="ex-nfo">
                            <li>Buckets: 1024  Batches: 1  Memory Usage: 16950kB</li>
                            <li>Merge Cond: (cu.currency_id = p.currency_id)</li>
                            <li>Sort Key: p.currency_id</li>
                            <li>Sort Method: quicksort  Memory: 26756kB</li>
                            <li>Hash Cond: (p.bet_type_id = bt.bet_type_id)</li>
                            <li>Hash Cond: (c.country_id = country.country_id)</li>
                            <li>Join Filter: (c.operator_id = op.operator_id)</li>
                            <li>Hash Cond: (s.outcome_id = o.outcome_id)</li>
                            <li>Buckets: 1024  Batches: 1  Memory Usage: 9730kB</li>
                            <li>Filter: (cname = &#39;country&#39;::text)</li>
                            <li>Index Cond: ((cname = &#39;england&#39;::text) AND (keyword_type_id = kt.keyword_type_id))</li>
                            <li>Index Cond: (keyword_id = k.keyword_id)</li>
                            <li>Index Cond: (event_id = ek.event_id)</li>
                            <li>Index Cond: (event_id = e.event_id)</li>
                            <li>Index Cond: (market_id = m.market_id)</li>
                            <li>Index Cond: (placement_id = s.placement_id)</li>
                            <li>Index Cond: (bet_request_id = p.bet_request_id)</li>
                            <li>Index Cond: (customer_id = br.customer_id)</li>
                            <li>Buckets: 1024  Batches: 1  Memory Usage: 7kB</li>
                            <li>Buckets: 1024  Batches: 1  Memory Usage: 2kB</li>
                    </ul>

            </div>
        </td>
    </tr>





            






    <tr id="l41" class="n even c-m" data-node_id="40" data-node_parent="39" data-level="22" data-e="1" data-i="1" data-x="4">
        <td class="u "><a href="#l41">41.</a></td>
        <td class="e c-1">
            <span>12242.384</span>
        </td>
        <td class="i c-1">
            <span>12242.384</span>
        </td>
        <td class="x c-4">
            <span>
                &darr;
                1036.8
            </span>
        </td>
        <td class="r"><span>89162</span></td>
        <td class="l"><span>1</span></td>
        <td class="n">
            <div class="n" style="margin-left:506px">

                <div class="ico">&rarr;</div>

                <p>
                    <span class="node">

                        Merge Join


                    </span>

                    <span class="est">
                        (cost=29763.41..29767.95
                        rows=86
                        width=189)
                    </span>

                    <span class="act">
                        (actual
                        time=12190.701..12242.384
                        rows=89162
                        loops=1)
                    </span>
                </p>


            </div>
        </td>
    </tr>








            






    <tr id="l42" class="n even c-m" data-node_id="41" data-node_parent="39" data-level="22" data-e="1" data-i="1" data-x="1">
        <td class="u "><a href="#l42">42.</a></td>
        <td class="e c-1">
            <span>0.040</span>
        </td>
        <td class="i c-1">
            <span>0.040</span>
        </td>
        <td class="x c-1">
            <span>
                &uarr;
                1.3
            </span>
        </td>
        <td class="r"><span>44</span></td>
        <td class="l"><span>1</span></td>
        <td class="n">
            <div class="n" style="margin-left:506px">

                <div class="ico">&rarr;</div>

                <p>
                    <span class="node">

                        Index Scan

                            using currencies_pkey on currencies cu

                    </span>

                    <span class="est">
                        (cost=0.00..4.09
                        rows=56
                        width=6)
                    </span>

                    <span class="act">
                        (actual
                        time=0.014..0.040
                        rows=44
                        loops=1)
                    </span>
                </p>


            </div>
        </td>
    </tr>








            






    <tr id="l43" class="n even c-m" data-node_id="42" data-node_parent="39" data-level="22" data-e="1" data-i="1" data-x="4">
        <td class="u "><a href="#l43">43.</a></td>
        <td class="e c-1">
            <span>12202.341</span>
        </td>
        <td class="i c-1">
            <span>12202.341</span>
        </td>
        <td class="x c-4">
            <span>
                &darr;
                1036.8
            </span>
        </td>
        <td class="r"><span>89162</span></td>
        <td class="l"><span>1</span></td>
        <td class="n">
            <div class="n" style="margin-left:506px">

                <div class="ico">&rarr;</div>

                <p>
                    <span class="node">

                        Sort


                    </span>

                    <span class="est">
                        (cost=29763.41..29763.63
                        rows=86
                        width=183)
                    </span>

                    <span class="act">
                        (actual
                        time=12190.678..12202.341
                        rows=89162
                        loops=1)
                    </span>
                </p>


            </div>
        </td>
    </tr>








            






    <tr id="l44" class="n even c-m" data-node_id="43" data-node_parent="39" data-level="22" data-e="1" data-i="1" data-x="4">
        <td class="u "><a href="#l44">44.</a></td>
        <td class="e c-1">
            <span>12110.579</span>
        </td>
        <td class="i c-1">
            <span>12110.579</span>
        </td>
        <td class="x c-4">
            <span>
                &darr;
                1036.8
            </span>
        </td>
        <td class="r"><span>89162</span></td>
        <td class="l"><span>1</span></td>
        <td class="n">
            <div class="n" style="margin-left:506px">

                <div class="ico">&rarr;</div>

                <p>
                    <span class="node">

                        Hash Join


                    </span>

                    <span class="est">
                        (cost=29507.94..29760.65
                        rows=86
                        width=183)
                    </span>

                    <span class="act">
                        (actual
                        time=11013.023..12110.579
                        rows=89162
                        loops=1)
                    </span>
                </p>


            </div>
        </td>
    </tr>








            






    <tr id="l45" class="n even c-m" data-node_id="44" data-node_parent="39" data-level="22" data-e="1" data-i="1" data-x="4">
        <td class="u "><a href="#l45">45.</a></td>
        <td class="e c-1">
            <span>12073.410</span>
        </td>
        <td class="i c-1">
            <span>12073.410</span>
        </td>
        <td class="x c-4">
            <span>
                &darr;
                1036.8
            </span>
        </td>
        <td class="r"><span>89162</span></td>
        <td class="l"><span>1</span></td>
        <td class="n">
            <div class="n" style="margin-left:506px">

                <div class="ico">&rarr;</div>

                <p>
                    <span class="node">

                        Hash Join


                    </span>

                    <span class="est">
                        (cost=29506.36..29757.88
                        rows=86
                        width=151)
                    </span>

                    <span class="act">
                        (actual
                        time=11013.002..12073.410
                        rows=89162
                        loops=1)
                    </span>
                </p>


            </div>
        </td>
    </tr>








            






    <tr id="l46" class="n even c-m" data-node_id="45" data-node_parent="39" data-level="22" data-e="1" data-i="1" data-x="4">
        <td class="u "><a href="#l46">46.</a></td>
        <td class="e c-1">
            <span>12035.265</span>
        </td>
        <td class="i c-1">
            <span>12035.265</span>
        </td>
        <td class="x c-4">
            <span>
                &darr;
                1036.8
            </span>
        </td>
        <td class="r"><span>89162</span></td>
        <td class="l"><span>1</span></td>
        <td class="n">
            <div class="n" style="margin-left:506px">

                <div class="ico">&rarr;</div>

                <p>
                    <span class="node">

                        Nested Loop


                    </span>

                    <span class="est">
                        (cost=29501.44..29751.78
                        rows=86
                        width=148)
                    </span>

                    <span class="act">
                        (actual
                        time=11012.938..12035.265
                        rows=89162
                        loops=1)
                    </span>
                </p>


            </div>
        </td>
    </tr>








            






    <tr id="l47" class="n even c-m" data-node_id="46" data-node_parent="39" data-level="22" data-e="1" data-i="1" data-x="1">
        <td class="u "><a href="#l47">47.</a></td>
        <td class="e c-1">
            <span>0.003</span>
        </td>
        <td class="i c-1">
            <span>0.003</span>
        </td>
        <td class="x c-1">
            <span>
                &uarr;
                1.0
            </span>
        </td>
        <td class="r"><span>1</span></td>
        <td class="l"><span>1</span></td>
        <td class="n">
            <div class="n" style="margin-left:506px">

                <div class="ico">&rarr;</div>

                <p>
                    <span class="node">

                        Seq Scan

                            on operators op

                    </span>

                    <span class="est">
                        (cost=0.00..1.01
                        rows=1
                        width=34)
                    </span>

                    <span class="act">
                        (actual
                        time=0.002..0.003
                        rows=1
                        loops=1)
                    </span>
                </p>


            </div>
        </td>
    </tr>








            






    <tr id="l48" class="n even c-m" data-node_id="47" data-node_parent="39" data-level="22" data-e="1" data-i="1" data-x="4">
        <td class="u "><a href="#l48">48.</a></td>
        <td class="e c-1">
            <span>12010.496</span>
        </td>
        <td class="i c-1">
            <span>12010.496</span>
        </td>
        <td class="x c-4">
            <span>
                &darr;
                1036.8
            </span>
        </td>
        <td class="r"><span>89162</span></td>
        <td class="l"><span>1</span></td>
        <td class="n">
            <div class="n" style="margin-left:506px">

                <div class="ico">&rarr;</div>

                <p>
                    <span class="node">

                        Nested Loop


                    </span>

                    <span class="est">
                        (cost=29501.44..29749.70
                        rows=86
                        width=116)
                    </span>

                    <span class="act">
                        (actual
                        time=11012.930..12010.496
                        rows=89162
                        loops=1)
                    </span>
                </p>


            </div>
        </td>
    </tr>








            






    <tr id="l49" class="n even c-m" data-node_id="48" data-node_parent="39" data-level="22" data-e="1" data-i="1" data-x="4">
        <td class="u "><a href="#l49">49.</a></td>
        <td class="e c-1">
            <span>11739.638</span>
        </td>
        <td class="i c-1">
            <span>11739.638</span>
        </td>
        <td class="x c-4">
            <span>
                &darr;
                1036.8
            </span>
        </td>
        <td class="r"><span>89162</span></td>
        <td class="l"><span>1</span></td>
        <td class="n">
            <div class="n" style="margin-left:506px">

                <div class="ico">&rarr;</div>

                <p>
                    <span class="node">

                        Nested Loop


                    </span>

                    <span class="est">
                        (cost=29501.44..29725.39
                        rows=86
                        width=96)
                    </span>

                    <span class="act">
                        (actual
                        time=11012.921..11739.638
                        rows=89162
                        loops=1)
                    </span>
                </p>


            </div>
        </td>
    </tr>








            






    <tr id="l50" class="n even c-m" data-node_id="49" data-node_parent="39" data-level="22" data-e="1" data-i="1" data-x="4">
        <td class="u "><a href="#l50">50.</a></td>
        <td class="e c-1">
            <span>11410.173</span>
        </td>
        <td class="i c-1">
            <span>11410.173</span>
        </td>
        <td class="x c-4">
            <span>
                &darr;
                1036.8
            </span>
        </td>
        <td class="r"><span>89162</span></td>
        <td class="l"><span>1</span></td>
        <td class="n">
            <div class="n" style="margin-left:506px">

                <div class="ico">&rarr;</div>

                <p>
                    <span class="node">

                        Nested Loop


                    </span>

                    <span class="est">
                        (cost=29501.44..29698.75
                        rows=86
                        width=54)
                    </span>

                    <span class="act">
                        (actual
                        time=11012.902..11410.173
                        rows=89162
                        loops=1)
                    </span>
                </p>


            </div>
        </td>
    </tr>








            






    <tr id="l51" class="n even c-m" data-node_id="50" data-node_parent="39" data-level="22" data-e="1" data-i="1" data-x="4">
        <td class="u "><a href="#l51">51.</a></td>
        <td class="e c-1">
            <span>11046.952</span>
        </td>
        <td class="i c-1">
            <span>11046.952</span>
        </td>
        <td class="x c-4">
            <span>
                &darr;
                1036.8
            </span>
        </td>
        <td class="r"><span>89162</span></td>
        <td class="l"><span>1</span></td>
        <td class="n">
            <div class="n" style="margin-left:506px">

                <div class="ico">&rarr;</div>

                <p>
                    <span class="node">

                        HashAggregate


                    </span>

                    <span class="est">
                        (cost=29501.44..29502.30
                        rows=86
                        width=8)
                    </span>

                    <span class="act">
                        (actual
                        time=11012.868..11046.952
                        rows=89162
                        loops=1)
                    </span>
                </p>


            </div>
        </td>
    </tr>








            






    <tr id="l52" class="n even c-m" data-node_id="51" data-node_parent="39" data-level="22" data-e="1" data-i="1" data-x="4">
        <td class="u "><a href="#l52">52.</a></td>
        <td class="e c-1">
            <span>10930.405</span>
        </td>
        <td class="i c-1">
            <span>10930.405</span>
        </td>
        <td class="x c-4">
            <span>
                &darr;
                1702.4
            </span>
        </td>
        <td class="r"><span>146409</span></td>
        <td class="l"><span>1</span></td>
        <td class="n">
            <div class="n" style="margin-left:506px">

                <div class="ico">&rarr;</div>

                <p>
                    <span class="node">

                        Hash Join


                    </span>

                    <span class="est">
                        (cost=2717.44..29501.23
                        rows=86
                        width=8)
                    </span>

                    <span class="act">
                        (actual
                        time=347.094..10930.405
                        rows=146409
                        loops=1)
                    </span>
                </p>


            </div>
        </td>
    </tr>








            






    <tr id="l53" class="n even c-m" data-node_id="52" data-node_parent="39" data-level="22" data-e="1" data-i="1" data-x="1">
        <td class="u "><a href="#l53">53.</a></td>
        <td class="e c-1">
            <span>141.504</span>
        </td>
        <td class="i c-1">
            <span>141.504</span>
        </td>
        <td class="x c-1">
            <span>
                &uarr;
                1.0
            </span>
        </td>
        <td class="r"><span>1159586</span></td>
        <td class="l"><span>1</span></td>
        <td class="n">
            <div class="n" style="margin-left:506px">

                <div class="ico">&rarr;</div>

                <p>
                    <span class="node">

                        Seq Scan

                            on selections s

                    </span>

                    <span class="est">
                        (cost=0.00..22434.31
                        rows=1159631
                        width=12)
                    </span>

                    <span class="act">
                        (actual
                        time=0.004..141.504
                        rows=1159586
                        loops=1)
                    </span>
                </p>


            </div>
        </td>
    </tr>








            






    <tr id="l54" class="n even c-m" data-node_id="53" data-node_parent="39" data-level="22" data-e="1" data-i="1" data-x="4">
        <td class="u "><a href="#l54">54.</a></td>
        <td class="e c-1">
            <span>345.671</span>
        </td>
        <td class="i c-1">
            <span>345.671</span>
        </td>
        <td class="x c-4">
            <span>
                &darr;
                1456.5
            </span>
        </td>
        <td class="r"><span>276741</span></td>
        <td class="l"><span>1</span></td>
        <td class="n">
            <div class="n" style="margin-left:506px">

                <div class="ico">&rarr;</div>

                <p>
                    <span class="node">

                        Hash


                    </span>

                    <span class="est">
                        (cost=2715.07..2715.07
                        rows=190
                        width=4)
                    </span>

                    <span class="act">
                        (actual
                        time=345.671..345.671
                        rows=276741
                        loops=1)
                    </span>
                </p>


            </div>
        </td>
    </tr>








            






    <tr id="l55" class="n even c-m" data-node_id="54" data-node_parent="39" data-level="22" data-e="1" data-i="1" data-x="4">
        <td class="u "><a href="#l55">55.</a></td>
        <td class="e c-1">
            <span>291.004</span>
        </td>
        <td class="i c-1">
            <span>291.004</span>
        </td>
        <td class="x c-4">
            <span>
                &darr;
                1456.5
            </span>
        </td>
        <td class="r"><span>276741</span></td>
        <td class="l"><span>1</span></td>
        <td class="n">
            <div class="n" style="margin-left:506px">

                <div class="ico">&rarr;</div>

                <p>
                    <span class="node">

                        Nested Loop


                    </span>

                    <span class="est">
                        (cost=0.00..2715.07
                        rows=190
                        width=4)
                    </span>

                    <span class="act">
                        (actual
                        time=0.070..291.004
                        rows=276741
                        loops=1)
                    </span>
                </p>


            </div>
        </td>
    </tr>








            






    <tr id="l56" class="n even c-m" data-node_id="55" data-node_parent="39" data-level="22" data-e="1" data-i="1" data-x="4">
        <td class="u "><a href="#l56">56.</a></td>
        <td class="e c-1">
            <span>55.230</span>
        </td>
        <td class="i c-1">
            <span>55.230</span>
        </td>
        <td class="x c-4">
            <span>
                &darr;
                1173.9
            </span>
        </td>
        <td class="r"><span>64563</span></td>
        <td class="l"><span>1</span></td>
        <td class="n">
            <div class="n" style="margin-left:506px">

                <div class="ico">&rarr;</div>

                <p>
                    <span class="node">

                        Nested Loop


                    </span>

                    <span class="est">
                        (cost=0.00..2673.26
                        rows=55
                        width=4)
                    </span>

                    <span class="act">
                        (actual
                        time=0.062..55.230
                        rows=64563
                        loops=1)
                    </span>
                </p>


            </div>
        </td>
    </tr>








            






    <tr id="l57" class="n even c-m" data-node_id="56" data-node_parent="39" data-level="22" data-e="1" data-i="1" data-x="3">
        <td class="u "><a href="#l57">57.</a></td>
        <td class="e c-1">
            <span>18.564</span>
        </td>
        <td class="i c-1">
            <span>18.564</span>
        </td>
        <td class="x c-3">
            <span>
                &darr;
                703.2
            </span>
        </td>
        <td class="r"><span>3516</span></td>
        <td class="l"><span>1</span></td>
        <td class="n">
            <div class="n" style="margin-left:506px">

                <div class="ico">&rarr;</div>

                <p>
                    <span class="node">

                        Nested Loop


                    </span>

                    <span class="est">
                        (cost=0.00..2668.38
                        rows=5
                        width=8)
                    </span>

                    <span class="act">
                        (actual
                        time=0.054..18.564
                        rows=3516
                        loops=1)
                    </span>
                </p>


            </div>
        </td>
    </tr>








            






    <tr id="l58" class="n even c-m" data-node_id="57" data-node_parent="39" data-level="22" data-e="1" data-i="1" data-x="3">
        <td class="u "><a href="#l58">58.</a></td>
        <td class="e c-1">
            <span>10.147</span>
        </td>
        <td class="i c-1">
            <span>10.147</span>
        </td>
        <td class="x c-3">
            <span>
                &darr;
                703.2
            </span>
        </td>
        <td class="r"><span>3516</span></td>
        <td class="l"><span>1</span></td>
        <td class="n">
            <div class="n" style="margin-left:506px">

                <div class="ico">&rarr;</div>

                <p>
                    <span class="node">

                        Nested Loop


                    </span>

                    <span class="est">
                        (cost=0.00..2666.95
                        rows=5
                        width=4)
                    </span>

                    <span class="act">
                        (actual
                        time=0.045..10.147
                        rows=3516
                        loops=1)
                    </span>
                </p>


            </div>
        </td>
    </tr>








            






    <tr id="l59" class="n even c-m" data-node_id="58" data-node_parent="39" data-level="22" data-e="1" data-i="1" data-x="1">
        <td class="u "><a href="#l59">59.</a></td>
        <td class="e c-1">
            <span>0.035</span>
        </td>
        <td class="i c-1">
            <span>0.035</span>
        </td>
        <td class="x c-1">
            <span>
                &uarr;
                1.0
            </span>
        </td>
        <td class="r"><span>1</span></td>
        <td class="l"><span>1</span></td>
        <td class="n">
            <div class="n" style="margin-left:506px">

                <div class="ico">&rarr;</div>

                <p>
                    <span class="node">

                        Nested Loop


                    </span>

                    <span class="est">
                        (cost=0.00..3.49
                        rows=1
                        width=8)
                    </span>

                    <span class="act">
                        (actual
                        time=0.029..0.035
                        rows=1
                        loops=1)
                    </span>
                </p>


            </div>
        </td>
    </tr>








            






    <tr id="l60" class="n even c-m" data-node_id="59" data-node_parent="39" data-level="22" data-e="1" data-i="1" data-x="1">
        <td class="u "><a href="#l60">60.</a></td>
        <td class="e c-1">
            <span>0.011</span>
        </td>
        <td class="i c-1">
            <span>0.011</span>
        </td>
        <td class="x c-1">
            <span>
                &uarr;
                1.0
            </span>
        </td>
        <td class="r"><span>1</span></td>
        <td class="l"><span>1</span></td>
        <td class="n">
            <div class="n" style="margin-left:506px">

                <div class="ico">&rarr;</div>

                <p>
                    <span class="node">

                        Seq Scan

                            on keyword_types kt

                    </span>

                    <span class="est">
                        (cost=0.00..1.20
                        rows=1
                        width=4)
                    </span>

                    <span class="act">
                        (actual
                        time=0.006..0.011
                        rows=1
                        loops=1)
                    </span>
                </p>


            </div>
        </td>
    </tr>








            






    <tr id="l61" class="n even c-m" data-node_id="60" data-node_parent="39" data-level="22" data-e="1" data-i="1" data-x="1">
        <td class="u "><a href="#l61">61.</a></td>
        <td class="e c-1">
            <span>0.020</span>
        </td>
        <td class="i c-1">
            <span>0.020</span>
        </td>
        <td class="x c-1">
            <span>
                &uarr;
                1.0
            </span>
        </td>
        <td class="r"><span>1</span></td>
        <td class="l"><span>1</span></td>
        <td class="n">
            <div class="n" style="margin-left:506px">

                <div class="ico">&rarr;</div>

                <p>
                    <span class="node">

                        Index Scan

                            using keywords_cname_keyword_type_id_idx on keywords k

                    </span>

                    <span class="est">
                        (cost=0.00..2.27
                        rows=1
                        width=12)
                    </span>

                    <span class="act">
                        (actual
                        time=0.019..0.020
                        rows=1
                        loops=1)
                    </span>
                </p>


            </div>
        </td>
    </tr>








            






    <tr id="l62" class="n even c-m" data-node_id="61" data-node_parent="39" data-level="22" data-e="1" data-i="1" data-x="2">
        <td class="u "><a href="#l62">62.</a></td>
        <td class="e c-1">
            <span>9.508</span>
        </td>
        <td class="i c-1">
            <span>9.508</span>
        </td>
        <td class="x c-2">
            <span>
                &darr;
                74.8
            </span>
        </td>
        <td class="r"><span>3516</span></td>
        <td class="l"><span>1</span></td>
        <td class="n">
            <div class="n" style="margin-left:506px">

                <div class="ico">&rarr;</div>

                <p>
                    <span class="node">

                        Index Scan

                            using events_keywords_event_id_keyword_id_idx on events_keywords ek

                    </span>

                    <span class="est">
                        (cost=0.00..2662.87
                        rows=47
                        width=8)
                    </span>

                    <span class="act">
                        (actual
                        time=0.015..9.508
                        rows=3516
                        loops=1)
                    </span>
                </p>


            </div>
        </td>
    </tr>








            






    <tr id="l63" class="n even c-m" data-node_id="62" data-node_parent="39" data-level="22" data-e="1" data-i="1" data-x="1">
        <td class="u "><a href="#l63">63.</a></td>
        <td class="e c-1">
            <span>7.032</span>
        </td>
        <td class="i c-1">
            <span>7.032</span>
        </td>
        <td class="x c-1">
            <span>
                &uarr;
                1.0
            </span>
        </td>
        <td class="r"><span>1</span></td>
        <td class="l"><span>3516</span></td>
        <td class="n">
            <div class="n" style="margin-left:506px">

                <div class="ico">&rarr;</div>

                <p>
                    <span class="node">

                        Index Scan

                            using events_pkey on events e

                    </span>

                    <span class="est">
                        (cost=0.00..0.27
                        rows=1
                        width=4)
                    </span>

                    <span class="act">
                        (actual
                        time=0.002..0.002
                        rows=1
                        loops=3516)
                    </span>
                </p>


            </div>
        </td>
    </tr>








            






    <tr id="l64" class="n even c-m" data-node_id="63" data-node_parent="39" data-level="22" data-e="1" data-i="1" data-x="1">
        <td class="u "><a href="#l64">64.</a></td>
        <td class="e c-1">
            <span>24.612</span>
        </td>
        <td class="i c-1">
            <span>24.612</span>
        </td>
        <td class="x c-1">
            <span>
                &uarr;
                1.2
            </span>
        </td>
        <td class="r"><span>18</span></td>
        <td class="l"><span>3516</span></td>
        <td class="n">
            <div class="n" style="margin-left:506px">

                <div class="ico">&rarr;</div>

                <p>
                    <span class="node">

                        Index Scan

                            using markets_event_id_idx on markets m

                    </span>

                    <span class="est">
                        (cost=0.00..0.70
                        rows=22
                        width=8)
                    </span>

                    <span class="act">
                        (actual
                        time=0.003..0.007
                        rows=18
                        loops=3516)
                    </span>
                </p>


            </div>
        </td>
    </tr>








            






    <tr id="l65" class="n even c-m" data-node_id="64" data-node_parent="39" data-level="22" data-e="1" data-i="1" data-x="1">
        <td class="u "><a href="#l65">65.</a></td>
        <td class="e c-1">
            <span>193.689</span>
        </td>
        <td class="i c-1">
            <span>193.689</span>
        </td>
        <td class="x c-1">
            <span>
                &uarr;
                3.2
            </span>
        </td>
        <td class="r"><span>4</span></td>
        <td class="l"><span>64563</span></td>
        <td class="n">
            <div class="n" style="margin-left:506px">

                <div class="ico">&rarr;</div>

                <p>
                    <span class="node">

                        Index Scan

                            using outcomes_market_id_idx on outcomes o

                    </span>

                    <span class="est">
                        (cost=0.00..0.60
                        rows=13
                        width=8)
                    </span>

                    <span class="act">
                        (actual
                        time=0.002..0.003
                        rows=4
                        loops=64563)
                    </span>
                </p>


            </div>
        </td>
    </tr>








            






    <tr id="l66" class="n even c-m" data-node_id="65" data-node_parent="39" data-level="22" data-e="1" data-i="1" data-x="1">
        <td class="u "><a href="#l66">66.</a></td>
        <td class="e c-1">
            <span>356.648</span>
        </td>
        <td class="i c-1">
            <span>356.648</span>
        </td>
        <td class="x c-1">
            <span>
                &uarr;
                1.0
            </span>
        </td>
        <td class="r"><span>1</span></td>
        <td class="l"><span>89162</span></td>
        <td class="n">
            <div class="n" style="margin-left:506px">

                <div class="ico">&rarr;</div>

                <p>
                    <span class="node">

                        Index Scan

                            using placements_pkey on placements p

                    </span>

                    <span class="est">
                        (cost=0.00..2.26
                        rows=1
                        width=46)
                    </span>

                    <span class="act">
                        (actual
                        time=0.003..0.004
                        rows=1
                        loops=89162)
                    </span>
                </p>


            </div>
        </td>
    </tr>








            






    <tr id="l67" class="n even c-m" data-node_id="66" data-node_parent="39" data-level="22" data-e="1" data-i="1" data-x="1">
        <td class="u "><a href="#l67">67.</a></td>
        <td class="e c-1">
            <span>267.486</span>
        </td>
        <td class="i c-1">
            <span>267.486</span>
        </td>
        <td class="x c-1">
            <span>
                &uarr;
                1.0
            </span>
        </td>
        <td class="r"><span>1</span></td>
        <td class="l"><span>89162</span></td>
        <td class="n">
            <div class="n" style="margin-left:506px">

                <div class="ico">&rarr;</div>

                <p>
                    <span class="node">

                        Index Scan

                            using bet_requests_pkey on bet_requests br

                    </span>

                    <span class="est">
                        (cost=0.00..0.30
                        rows=1
                        width=50)
                    </span>

                    <span class="act">
                        (actual
                        time=0.003..0.003
                        rows=1
                        loops=89162)
                    </span>
                </p>


            </div>
        </td>
    </tr>








            






    <tr id="l68" class="n even c-m" data-node_id="67" data-node_parent="39" data-level="22" data-e="1" data-i="1" data-x="1">
        <td class="u "><a href="#l68">68.</a></td>
        <td class="e c-1">
            <span>267.486</span>
        </td>
        <td class="i c-1">
            <span>267.486</span>
        </td>
        <td class="x c-1">
            <span>
                &uarr;
                1.0
            </span>
        </td>
        <td class="r"><span>1</span></td>
        <td class="l"><span>89162</span></td>
        <td class="n">
            <div class="n" style="margin-left:506px">

                <div class="ico">&rarr;</div>

                <p>
                    <span class="node">

                        Index Scan

                            using customers_pkey on customers c

                    </span>

                    <span class="est">
                        (cost=0.00..0.27
                        rows=1
                        width=36)
                    </span>

                    <span class="act">
                        (actual
                        time=0.002..0.003
                        rows=1
                        loops=89162)
                    </span>
                </p>


            </div>
        </td>
    </tr>








            






    <tr id="l69" class="n even c-m" data-node_id="68" data-node_parent="39" data-level="22" data-e="1" data-i="1" data-x="1">
        <td class="u "><a href="#l69">69.</a></td>
        <td class="e c-1">
            <span>0.058</span>
        </td>
        <td class="i c-1">
            <span>0.058</span>
        </td>
        <td class="x c-1">
            <span>
                &darr;
                1.0
            </span>
        </td>
        <td class="r"><span>177</span></td>
        <td class="l"><span>1</span></td>
        <td class="n">
            <div class="n" style="margin-left:506px">

                <div class="ico">&rarr;</div>

                <p>
                    <span class="node">

                        Hash


                    </span>

                    <span class="est">
                        (cost=2.74..2.74
                        rows=174
                        width=5)
                    </span>

                    <span class="act">
                        (actual
                        time=0.058..0.058
                        rows=177
                        loops=1)
                    </span>
                </p>


            </div>
        </td>
    </tr>








            






    <tr id="l70" class="n even c-m" data-node_id="69" data-node_parent="39" data-level="22" data-e="1" data-i="1" data-x="1">
        <td class="u "><a href="#l70">70.</a></td>
        <td class="e c-1">
            <span>0.029</span>
        </td>
        <td class="i c-1">
            <span>0.029</span>
        </td>
        <td class="x c-1">
            <span>
                &darr;
                1.0
            </span>
        </td>
        <td class="r"><span>177</span></td>
        <td class="l"><span>1</span></td>
        <td class="n">
            <div class="n" style="margin-left:506px">

                <div class="ico">&rarr;</div>

                <p>
                    <span class="node">

                        Seq Scan

                            on countries country

                    </span>

                    <span class="est">
                        (cost=0.00..2.74
                        rows=174
                        width=5)
                    </span>

                    <span class="act">
                        (actual
                        time=0.007..0.029
                        rows=177
                        loops=1)
                    </span>
                </p>


            </div>
        </td>
    </tr>








            






    <tr id="l71" class="n even c-m" data-node_id="70" data-node_parent="39" data-level="22" data-e="1" data-i="1" data-x="1">
        <td class="u "><a href="#l71">71.</a></td>
        <td class="e c-1">
            <span>0.014</span>
        </td>
        <td class="i c-1">
            <span>0.014</span>
        </td>
        <td class="x c-1">
            <span>
                &uarr;
                1.0
            </span>
        </td>
        <td class="r"><span>26</span></td>
        <td class="l"><span>1</span></td>
        <td class="n">
            <div class="n" style="margin-left:506px">

                <div class="ico">&rarr;</div>

                <p>
                    <span class="node">

                        Hash


                    </span>

                    <span class="est">
                        (cost=1.26..1.26
                        rows=26
                        width=34)
                    </span>

                    <span class="act">
                        (actual
                        time=0.014..0.014
                        rows=26
                        loops=1)
                    </span>
                </p>


            </div>
        </td>
    </tr>








            






    <tr id="l72" class="n even c-m" data-node_id="71" data-node_parent="39" data-level="22" data-e="1" data-i="1" data-x="1">
        <td class="u "><a href="#l72">72.</a></td>
        <td class="e c-1">
            <span>0.008</span>
        </td>
        <td class="i c-1">
            <span>0.008</span>
        </td>
        <td class="x c-1">
            <span>
                &uarr;
                1.0
            </span>
        </td>
        <td class="r"><span>26</span></td>
        <td class="l"><span>1</span></td>
        <td class="n">
            <div class="n" style="margin-left:506px">

                <div class="ico">&rarr;</div>

                <p>
                    <span class="node">

                        Seq Scan

                            on bet_types bt

                    </span>

                    <span class="est">
                        (cost=0.00..1.26
                        rows=26
                        width=34)
                    </span>

                    <span class="act">
                        (actual
                        time=0.004..0.008
                        rows=26
                        loops=1)
                    </span>
                </p>


            </div>
        </td>
    </tr>














            






    <tr id="l73" class="n odd c-m" data-node_id="72" data-node_parent="30" data-level="20" data-e="1" data-i="3" data-x="4">
        <td class="u "><a href="#l73">73.</a></td>
        <td class="e c-1">
            <span>59.818</span>
        </td>
        <td class="i c-3">
            <span>103543.543</span>
        </td>
        <td class="x c-4">
            <span>
                &darr;
                12874.0
            </span>
        </td>
        <td class="r"><span>373346</span></td>
        <td class="l"><span>1</span></td>
        <td class="n">
            <div class="n" style="margin-left:462px">

                <div class="ico">&rarr;</div>

                <p>
                    <span class="node">

                        Hash


                    </span>

                    <span class="est">
                        (cost=30044.69..30044.69
                        rows=29
                        width=8)
                    </span>

                    <span class="act">
                        (actual
                        time=103543.543..103543.543
                        rows=373346
                        loops=1)
                    </span>
                </p>

                    <ul class="ex-nfo">
                            <li>Buckets: 1024  Batches: 1  Memory Usage: 14584kB</li>
                    </ul>

            </div>
        </td>
    </tr>





            






    <tr id="l74" class="n even c-m" data-node_id="73" data-node_parent="72" data-level="21" data-e="1" data-i="3" data-x="4">
        <td class="u "><a href="#l74">74.</a></td>
        <td class="e c-1">
            <span>0.000</span>
        </td>
        <td class="i c-3">
            <span>103483.725</span>
        </td>
        <td class="x c-4">
            <span>
                &darr;
                12874.0
            </span>
        </td>
        <td class="r"><span>373346</span></td>
        <td class="l"><span>1</span></td>
        <td class="n">
            <div class="n" style="margin-left:484px">

                <div class="ico">&rarr;</div>

                <p>
                    <span class="node">

                        HashAggregate


                    </span>

                    <span class="est">
                        (cost=30044.11..30044.40
                        rows=29
                        width=8)
                    </span>

                    <span class="act">
                        (actual
                        time=103383.001..103483.725
                        rows=373346
                        loops=1)
                    </span>
                </p>

                    <ul class="ex-nfo">
                            <li>Hash Cond: (s.outcome_id = o.outcome_id)</li>
                            <li>Buckets: 1024  Batches: 1  Memory Usage: 55566kB</li>
                            <li>Join Filter: (k.keyword_type_id = kt.keyword_type_id)</li>
                            <li>Index Cond: (cname = &#39;soccer&#39;::text)</li>
                            <li>Filter: (cname = &#39;sport&#39;::text)</li>
                            <li>Index Cond: (keyword_id = k.keyword_id)</li>
                            <li>Index Cond: (event_id = ek.event_id)</li>
                            <li>Index Cond: (event_id = e.event_id)</li>
                            <li>Index Cond: (market_id = m.market_id)</li>
                    </ul>

            </div>
        </td>
    </tr>





            






    <tr id="l75" class="n odd c-m" data-node_id="74" data-node_parent="73" data-level="22" data-e="3" data-i="3" data-x="4">
        <td class="u "><a href="#l75">75.</a></td>
        <td class="e c-3">
            <span>103004.995</span>
        </td>
        <td class="i c-3">
            <span>103004.995</span>
        </td>
        <td class="x c-4">
            <span>
                &darr;
                24048.6
            </span>
        </td>
        <td class="r"><span>697408</span></td>
        <td class="l"><span>1</span></td>
        <td class="n">
            <div class="n" style="margin-left:506px">

                <div class="ico">&rarr;</div>

                <p>
                    <span class="node">

                        Hash Join


                    </span>

                    <span class="est">
                        (cost=3260.82..30044.03
                        rows=29
                        width=8)
                    </span>

                    <span class="act">
                        (actual
                        time=1942.910..103004.995
                        rows=697408
                        loops=1)
                    </span>
                </p>


            </div>
        </td>
    </tr>








            






    <tr id="l76" class="n odd c-m" data-node_id="75" data-node_parent="73" data-level="22" data-e="1" data-i="1" data-x="1">
        <td class="u "><a href="#l76">76.</a></td>
        <td class="e c-1">
            <span>196.809</span>
        </td>
        <td class="i c-1">
            <span>196.809</span>
        </td>
        <td class="x c-1">
            <span>
                &uarr;
                1.0
            </span>
        </td>
        <td class="r"><span>1159586</span></td>
        <td class="l"><span>1</span></td>
        <td class="n">
            <div class="n" style="margin-left:506px">

                <div class="ico">&rarr;</div>

                <p>
                    <span class="node">

                        Seq Scan

                            on selections s

                    </span>

                    <span class="est">
                        (cost=0.00..22434.31
                        rows=1159631
                        width=12)
                    </span>

                    <span class="act">
                        (actual
                        time=0.005..196.809
                        rows=1159586
                        loops=1)
                    </span>
                </p>


            </div>
        </td>
    </tr>








            






    <tr id="l77" class="n odd c-m" data-node_id="76" data-node_parent="73" data-level="22" data-e="1" data-i="1" data-x="4">
        <td class="u "><a href="#l77">77.</a></td>
        <td class="e c-1">
            <span>1942.771</span>
        </td>
        <td class="i c-1">
            <span>1942.771</span>
        </td>
        <td class="x c-4">
            <span>
                &darr;
                25087.7
            </span>
        </td>
        <td class="r"><span>1580527</span></td>
        <td class="l"><span>1</span></td>
        <td class="n">
            <div class="n" style="margin-left:506px">

                <div class="ico">&rarr;</div>

                <p>
                    <span class="node">

                        Hash


                    </span>

                    <span class="est">
                        (cost=3260.03..3260.03
                        rows=63
                        width=4)
                    </span>

                    <span class="act">
                        (actual
                        time=1942.771..1942.771
                        rows=1580527
                        loops=1)
                    </span>
                </p>


            </div>
        </td>
    </tr>








            






    <tr id="l78" class="n odd c-m" data-node_id="77" data-node_parent="73" data-level="22" data-e="1" data-i="1" data-x="4">
        <td class="u "><a href="#l78">78.</a></td>
        <td class="e c-1">
            <span>1651.972</span>
        </td>
        <td class="i c-1">
            <span>1651.972</span>
        </td>
        <td class="x c-4">
            <span>
                &darr;
                25087.7
            </span>
        </td>
        <td class="r"><span>1580527</span></td>
        <td class="l"><span>1</span></td>
        <td class="n">
            <div class="n" style="margin-left:506px">

                <div class="ico">&rarr;</div>

                <p>
                    <span class="node">

                        Nested Loop


                    </span>

                    <span class="est">
                        (cost=0.00..3260.03
                        rows=63
                        width=4)
                    </span>

                    <span class="act">
                        (actual
                        time=0.079..1651.972
                        rows=1580527
                        loops=1)
                    </span>
                </p>


            </div>
        </td>
    </tr>








            






    <tr id="l79" class="n odd c-m" data-node_id="78" data-node_parent="73" data-level="22" data-e="1" data-i="1" data-x="4">
        <td class="u "><a href="#l79">79.</a></td>
        <td class="e c-1">
            <span>281.364</span>
        </td>
        <td class="i c-1">
            <span>281.364</span>
        </td>
        <td class="x c-4">
            <span>
                &darr;
                20841.6
            </span>
        </td>
        <td class="r"><span>375149</span></td>
        <td class="l"><span>1</span></td>
        <td class="n">
            <div class="n" style="margin-left:506px">

                <div class="ico">&rarr;</div>

                <p>
                    <span class="node">

                        Nested Loop


                    </span>

                    <span class="est">
                        (cost=0.00..3246.35
                        rows=18
                        width=4)
                    </span>

                    <span class="act">
                        (actual
                        time=0.070..281.364
                        rows=375149
                        loops=1)
                    </span>
                </p>


            </div>
        </td>
    </tr>








            






    <tr id="l80" class="n odd c-m" data-node_id="79" data-node_parent="73" data-level="22" data-e="1" data-i="1" data-x="4">
        <td class="u "><a href="#l80">80.</a></td>
        <td class="e c-1">
            <span>65.134</span>
        </td>
        <td class="i c-1">
            <span>65.134</span>
        </td>
        <td class="x c-4">
            <span>
                &darr;
                10064.5
            </span>
        </td>
        <td class="r"><span>20129</span></td>
        <td class="l"><span>1</span></td>
        <td class="n">
            <div class="n" style="margin-left:506px">

                <div class="ico">&rarr;</div>

                <p>
                    <span class="node">

                        Nested Loop


                    </span>

                    <span class="est">
                        (cost=0.00..3244.40
                        rows=2
                        width=8)
                    </span>

                    <span class="act">
                        (actual
                        time=0.061..65.134
                        rows=20129
                        loops=1)
                    </span>
                </p>


            </div>
        </td>
    </tr>








            






    <tr id="l81" class="n odd c-m" data-node_id="80" data-node_parent="73" data-level="22" data-e="1" data-i="1" data-x="4">
        <td class="u "><a href="#l81">81.</a></td>
        <td class="e c-1">
            <span>20.038</span>
        </td>
        <td class="i c-1">
            <span>20.038</span>
        </td>
        <td class="x c-4">
            <span>
                &darr;
                10064.5
            </span>
        </td>
        <td class="r"><span>20129</span></td>
        <td class="l"><span>1</span></td>
        <td class="n">
            <div class="n" style="margin-left:506px">

                <div class="ico">&rarr;</div>

                <p>
                    <span class="node">

                        Nested Loop


                    </span>

                    <span class="est">
                        (cost=0.00..3243.82
                        rows=2
                        width=4)
                    </span>

                    <span class="act">
                        (actual
                        time=0.053..20.038
                        rows=20129
                        loops=1)
                    </span>
                </p>


            </div>
        </td>
    </tr>








            






    <tr id="l82" class="n odd c-m" data-node_id="81" data-node_parent="73" data-level="22" data-e="1" data-i="1" data-x="1">
        <td class="u "><a href="#l82">82.</a></td>
        <td class="e c-1">
            <span>0.049</span>
        </td>
        <td class="i c-1">
            <span>0.049</span>
        </td>
        <td class="x c-1">
            <span>
                &uarr;
                1.0
            </span>
        </td>
        <td class="r"><span>1</span></td>
        <td class="l"><span>1</span></td>
        <td class="n">
            <div class="n" style="margin-left:506px">

                <div class="ico">&rarr;</div>

                <p>
                    <span class="node">

                        Nested Loop


                    </span>

                    <span class="est">
                        (cost=0.00..3.48
                        rows=1
                        width=8)
                    </span>

                    <span class="act">
                        (actual
                        time=0.034..0.049
                        rows=1
                        loops=1)
                    </span>
                </p>


            </div>
        </td>
    </tr>








            






    <tr id="l83" class="n odd c-m" data-node_id="82" data-node_parent="73" data-level="22" data-e="1" data-i="1" data-x="1">
        <td class="u "><a href="#l83">83.</a></td>
        <td class="e c-1">
            <span>0.024</span>
        </td>
        <td class="i c-1">
            <span>0.024</span>
        </td>
        <td class="x c-1">
            <span>
                &darr;
                2.0
            </span>
        </td>
        <td class="r"><span>2</span></td>
        <td class="l"><span>1</span></td>
        <td class="n">
            <div class="n" style="margin-left:506px">

                <div class="ico">&rarr;</div>

                <p>
                    <span class="node">

                        Index Scan

                            using keywords_cname_keyword_type_id_idx on keywords k

                    </span>

                    <span class="est">
                        (cost=0.00..2.27
                        rows=1
                        width=12)
                    </span>

                    <span class="act">
                        (actual
                        time=0.021..0.024
                        rows=2
                        loops=1)
                    </span>
                </p>


            </div>
        </td>
    </tr>








            






    <tr id="l84" class="n odd c-m" data-node_id="83" data-node_parent="73" data-level="22" data-e="1" data-i="1" data-x="1">
        <td class="u "><a href="#l84">84.</a></td>
        <td class="e c-1">
            <span>0.010</span>
        </td>
        <td class="i c-1">
            <span>0.010</span>
        </td>
        <td class="x c-1">
            <span>
                &uarr;
                1.0
            </span>
        </td>
        <td class="r"><span>1</span></td>
        <td class="l"><span>2</span></td>
        <td class="n">
            <div class="n" style="margin-left:506px">

                <div class="ico">&rarr;</div>

                <p>
                    <span class="node">

                        Seq Scan

                            on keyword_types kt

                    </span>

                    <span class="est">
                        (cost=0.00..1.20
                        rows=1
                        width=4)
                    </span>

                    <span class="act">
                        (actual
                        time=0.002..0.005
                        rows=1
                        loops=2)
                    </span>
                </p>


            </div>
        </td>
    </tr>








            






    <tr id="l85" class="n odd c-m" data-node_id="84" data-node_parent="73" data-level="22" data-e="1" data-i="1" data-x="3">
        <td class="u "><a href="#l85">85.</a></td>
        <td class="e c-1">
            <span>16.309</span>
        </td>
        <td class="i c-1">
            <span>16.309</span>
        </td>
        <td class="x c-3">
            <span>
                &darr;
                428.3
            </span>
        </td>
        <td class="r"><span>20129</span></td>
        <td class="l"><span>1</span></td>
        <td class="n">
            <div class="n" style="margin-left:506px">

                <div class="ico">&rarr;</div>

                <p>
                    <span class="node">

                        Index Scan

                            using events_keywords_event_id_keyword_id_idx on events_keywords ek

                    </span>

                    <span class="est">
                        (cost=0.00..3239.75
                        rows=47
                        width=8)
                    </span>

                    <span class="act">
                        (actual
                        time=0.016..16.309
                        rows=20129
                        loops=1)
                    </span>
                </p>


            </div>
        </td>
    </tr>








            






    <tr id="l86" class="n odd c-m" data-node_id="85" data-node_parent="73" data-level="22" data-e="1" data-i="1" data-x="1">
        <td class="u "><a href="#l86">86.</a></td>
        <td class="e c-1">
            <span>40.258</span>
        </td>
        <td class="i c-1">
            <span>40.258</span>
        </td>
        <td class="x c-1">
            <span>
                &uarr;
                1.0
            </span>
        </td>
        <td class="r"><span>1</span></td>
        <td class="l"><span>20129</span></td>
        <td class="n">
            <div class="n" style="margin-left:506px">

                <div class="ico">&rarr;</div>

                <p>
                    <span class="node">

                        Index Scan

                            using events_pkey on events e

                    </span>

                    <span class="est">
                        (cost=0.00..0.27
                        rows=1
                        width=4)
                    </span>

                    <span class="act">
                        (actual
                        time=0.002..0.002
                        rows=1
                        loops=20129)
                    </span>
                </p>


            </div>
        </td>
    </tr>








            






    <tr id="l87" class="n odd c-m" data-node_id="86" data-node_parent="73" data-level="22" data-e="1" data-i="1" data-x="1">
        <td class="u "><a href="#l87">87.</a></td>
        <td class="e c-1">
            <span>161.032</span>
        </td>
        <td class="i c-1">
            <span>161.032</span>
        </td>
        <td class="x c-1">
            <span>
                &uarr;
                1.2
            </span>
        </td>
        <td class="r"><span>19</span></td>
        <td class="l"><span>20129</span></td>
        <td class="n">
            <div class="n" style="margin-left:506px">

                <div class="ico">&rarr;</div>

                <p>
                    <span class="node">

                        Index Scan

                            using markets_event_id_idx on markets m

                    </span>

                    <span class="est">
                        (cost=0.00..0.70
                        rows=22
                        width=8)
                    </span>

                    <span class="act">
                        (actual
                        time=0.002..0.008
                        rows=19
                        loops=20129)
                    </span>
                </p>


            </div>
        </td>
    </tr>








            






    <tr id="l88" class="n odd c-m" data-node_id="87" data-node_parent="73" data-level="22" data-e="1" data-i="1" data-x="1">
        <td class="u "><a href="#l88">88.</a></td>
        <td class="e c-1">
            <span>1125.447</span>
        </td>
        <td class="i c-1">
            <span>1125.447</span>
        </td>
        <td class="x c-1">
            <span>
                &uarr;
                3.2
            </span>
        </td>
        <td class="r"><span>4</span></td>
        <td class="l"><span>375149</span></td>
        <td class="n">
            <div class="n" style="margin-left:506px">

                <div class="ico">&rarr;</div>

                <p>
                    <span class="node">

                        Index Scan

                            using outcomes_market_id_idx on outcomes o

                    </span>

                    <span class="est">
                        (cost=0.00..0.60
                        rows=13
                        width=8)
                    </span>

                    <span class="act">
                        (actual
                        time=0.002..0.003
                        rows=4
                        loops=375149)
                    </span>
                </p>


            </div>
        </td>
    </tr>

















            






    <tr id="l89" class="n even c-m" data-node_id="88" data-node_parent="29" data-level="19" data-e="1" data-i="1" data-x="1">
        <td class="u "><a href="#l89">89.</a></td>
        <td class="e c-1">
            <span>1329.945</span>
        </td>
        <td class="i c-1">
            <span>1329.945</span>
        </td>
        <td class="x c-1">
            <span>
                &darr;
                1.8
            </span>
        </td>
        <td class="r"><span>52</span></td>
        <td class="l"><span>88663</span></td>
        <td class="n">
            <div class="n" style="margin-left:440px">

                <div class="ico">&rarr;</div>

                <p>
                    <span class="node">

                        Index Scan

                            using exchange_rates_date_source_id_target_id_idx on exchange_rates er

                    </span>

                    <span class="est">
                        (cost=0.01..19.64
                        rows=29
                        width=16)
                    </span>

                    <span class="act">
                        (actual
                        time=0.005..0.015
                        rows=52
                        loops=88663)
                    </span>
                </p>

                    <ul class="ex-nfo">
                            <li>Index Cond: ((date = COALESCE((timezone(&#39;UTC&#39;::text, s.created_at))::date, (timezone(&#39;UTC&#39;::text, br.created_at))::date)) AND (source_id = cu.currency_id))</li>
                    </ul>

            </div>
        </td>
    </tr>











            






    <tr id="l90" class="n odd c-m" data-node_id="89" data-node_parent="28" data-level="18" data-e="1" data-i="1" data-x="1">
        <td class="u "><a href="#l90">90.</a></td>
        <td class="e c-1">
            <span>0.003</span>
        </td>
        <td class="i c-1">
            <span>0.023</span>
        </td>
        <td class="x c-1">
            <span>
                &uarr;
                1.0
            </span>
        </td>
        <td class="r"><span>1</span></td>
        <td class="l"><span>1</span></td>
        <td class="n">
            <div class="n" style="margin-left:418px">

                <div class="ico">&rarr;</div>

                <p>
                    <span class="node">

                        Hash


                    </span>

                    <span class="est">
                        (cost=1.70..1.70
                        rows=1
                        width=2)
                    </span>

                    <span class="act">
                        (actual
                        time=0.023..0.023
                        rows=1
                        loops=1)
                    </span>
                </p>

                    <ul class="ex-nfo">
                            <li>Buckets: 1024  Batches: 1  Memory Usage: 1kB</li>
                    </ul>

            </div>
        </td>
    </tr>





            






    <tr id="l91" class="n even c-m" data-node_id="90" data-node_parent="89" data-level="19" data-e="1" data-i="1" data-x="1">
        <td class="u "><a href="#l91">91.</a></td>
        <td class="e c-1">
            <span>0.020</span>
        </td>
        <td class="i c-1">
            <span>0.020</span>
        </td>
        <td class="x c-1">
            <span>
                &uarr;
                1.0
            </span>
        </td>
        <td class="r"><span>1</span></td>
        <td class="l"><span>1</span></td>
        <td class="n">
            <div class="n" style="margin-left:440px">

                <div class="ico">&rarr;</div>

                <p>
                    <span class="node">

                        Seq Scan

                            on currencies erc

                    </span>

                    <span class="est">
                        (cost=0.00..1.70
                        rows=1
                        width=2)
                    </span>

                    <span class="act">
                        (actual
                        time=0.020..0.020
                        rows=1
                        loops=1)
                    </span>
                </p>

                    <ul class="ex-nfo">
                            <li>Filter: (code = &#39;EUR&#39;::bpchar)</li>
                    </ul>

            </div>
        </td>
    </tr>














            






    <tr id="l92" class="n odd c-m" data-node_id="91" data-node_parent="27" data-level="17" data-e="1" data-i="1" data-x="1">
        <td class="u "><a href="#l92">92.</a></td>
        <td class="e c-1">
            <span>354.652</span>
        </td>
        <td class="i c-1">
            <span>354.652</span>
        </td>
        <td class="x c-1">
            <span>
                &uarr;
                1.3
            </span>
        </td>
        <td class="r"><span>3</span></td>
        <td class="l"><span>88663</span></td>
        <td class="n">
            <div class="n" style="margin-left:396px">

                <div class="ico">&rarr;</div>

                <p>
                    <span class="node">

                        Index Scan

                            using selections_placement_id_idx on selections sel

                    </span>

                    <span class="est">
                        (cost=0.00..2.38
                        rows=4
                        width=33)
                    </span>

                    <span class="act">
                        (actual
                        time=0.003..0.004
                        rows=3
                        loops=88663)
                    </span>
                </p>

                    <ul class="ex-nfo">
                            <li>Index Cond: (placement_id = s.placement_id)</li>
                    </ul>

            </div>
        </td>
    </tr>











            






    <tr id="l93" class="n even c-m" data-node_id="92" data-node_parent="26" data-level="16" data-e="1" data-i="1" data-x="3">
        <td class="u "><a href="#l93">93.</a></td>
        <td class="e c-1">
            <span>10.338</span>
        </td>
        <td class="i c-1">
            <span>2784.049</span>
        </td>
        <td class="x c-3">
            <span>
                &darr;
                839.2
            </span>
        </td>
        <td class="r"><span>72169</span></td>
        <td class="l"><span>1</span></td>
        <td class="n">
            <div class="n" style="margin-left:374px">

                <div class="ico">&rarr;</div>

                <p>
                    <span class="node">

                        Hash


                    </span>

                    <span class="est">
                        (cost=29503.16..29503.16
                        rows=86
                        width=8)
                    </span>

                    <span class="act">
                        (actual
                        time=2784.049..2784.049
                        rows=72169
                        loops=1)
                    </span>
                </p>

                    <ul class="ex-nfo">
                            <li>Buckets: 1024  Batches: 1  Memory Usage: 2820kB</li>
                    </ul>

            </div>
        </td>
    </tr>





            






    <tr id="l94" class="n odd c-m" data-node_id="93" data-node_parent="92" data-level="17" data-e="1" data-i="1" data-x="3">
        <td class="u "><a href="#l94">94.</a></td>
        <td class="e c-1">
            <span>60.832</span>
        </td>
        <td class="i c-1">
            <span>2773.711</span>
        </td>
        <td class="x c-3">
            <span>
                &darr;
                839.2
            </span>
        </td>
        <td class="r"><span>72169</span></td>
        <td class="l"><span>1</span></td>
        <td class="n">
            <div class="n" style="margin-left:396px">

                <div class="ico">&rarr;</div>

                <p>
                    <span class="node">

                        HashAggregate


                    </span>

                    <span class="est">
                        (cost=29501.44..29502.30
                        rows=86
                        width=8)
                    </span>

                    <span class="act">
                        (actual
                        time=2758.099..2773.711
                        rows=72169
                        loops=1)
                    </span>
                </p>


            </div>
        </td>
    </tr>





            






    <tr id="l95" class="n even c-m" data-node_id="94" data-node_parent="93" data-level="18" data-e="1" data-i="1" data-x="4">
        <td class="u "><a href="#l95">95.</a></td>
        <td class="e c-1">
            <span>2431.198</span>
        </td>
        <td class="i c-1">
            <span>2712.879</span>
        </td>
        <td class="x c-4">
            <span>
                &darr;
                1201.0
            </span>
        </td>
        <td class="r"><span>103290</span></td>
        <td class="l"><span>1</span></td>
        <td class="n">
            <div class="n" style="margin-left:418px">

                <div class="ico">&rarr;</div>

                <p>
                    <span class="node">

                        Hash Join


                    </span>

                    <span class="est">
                        (cost=2717.44..29501.23
                        rows=86
                        width=8)
                    </span>

                    <span class="act">
                        (actual
                        time=169.622..2712.879
                        rows=103290
                        loops=1)
                    </span>
                </p>

                    <ul class="ex-nfo">
                            <li>Hash Cond: (s.outcome_id = o.outcome_id)</li>
                    </ul>

            </div>
        </td>
    </tr>





            






    <tr id="l96" class="n odd c-m" data-node_id="95" data-node_parent="94" data-level="19" data-e="1" data-i="1" data-x="1">
        <td class="u "><a href="#l96">96.</a></td>
        <td class="e c-1">
            <span>115.624</span>
        </td>
        <td class="i c-1">
            <span>115.624</span>
        </td>
        <td class="x c-1">
            <span>
                &uarr;
                1.0
            </span>
        </td>
        <td class="r"><span>1159586</span></td>
        <td class="l"><span>1</span></td>
        <td class="n">
            <div class="n" style="margin-left:440px">

                <div class="ico">&rarr;</div>

                <p>
                    <span class="node">

                        Seq Scan

                            on selections s

                    </span>

                    <span class="est">
                        (cost=0.00..22434.31
                        rows=1159631
                        width=12)
                    </span>

                    <span class="act">
                        (actual
                        time=0.009..115.624
                        rows=1159586
                        loops=1)
                    </span>
                </p>


            </div>
        </td>
    </tr>








            






    <tr id="l97" class="n odd c-m" data-node_id="96" data-node_parent="94" data-level="19" data-e="1" data-i="1" data-x="3">
        <td class="u "><a href="#l97">97.</a></td>
        <td class="e c-1">
            <span>23.662</span>
        </td>
        <td class="i c-1">
            <span>166.057</span>
        </td>
        <td class="x c-3">
            <span>
                &darr;
                657.7
            </span>
        </td>
        <td class="r"><span>124968</span></td>
        <td class="l"><span>1</span></td>
        <td class="n">
            <div class="n" style="margin-left:440px">

                <div class="ico">&rarr;</div>

                <p>
                    <span class="node">

                        Hash


                    </span>

                    <span class="est">
                        (cost=2715.07..2715.07
                        rows=190
                        width=4)
                    </span>

                    <span class="act">
                        (actual
                        time=166.057..166.057
                        rows=124968
                        loops=1)
                    </span>
                </p>

                    <ul class="ex-nfo">
                            <li>Buckets: 1024  Batches: 1  Memory Usage: 4394kB</li>
                    </ul>

            </div>
        </td>
    </tr>





            






    <tr id="l98" class="n even c-m" data-node_id="97" data-node_parent="96" data-level="20" data-e="1" data-i="1" data-x="3">
        <td class="u "><a href="#l98">98.</a></td>
        <td class="e c-1">
            <span>20.663</span>
        </td>
        <td class="i c-1">
            <span>142.395</span>
        </td>
        <td class="x c-3">
            <span>
                &darr;
                657.7
            </span>
        </td>
        <td class="r"><span>124968</span></td>
        <td class="l"><span>1</span></td>
        <td class="n">
            <div class="n" style="margin-left:462px">

                <div class="ico">&rarr;</div>

                <p>
                    <span class="node">

                        Nested Loop


                    </span>

                    <span class="est">
                        (cost=0.00..2715.07
                        rows=190
                        width=4)
                    </span>

                    <span class="act">
                        (actual
                        time=0.068..142.395
                        rows=124968
                        loops=1)
                    </span>
                </p>


            </div>
        </td>
    </tr>





            






    <tr id="l99" class="n odd c-m" data-node_id="98" data-node_parent="97" data-level="21" data-e="1" data-i="1" data-x="3">
        <td class="u "><a href="#l99">99.</a></td>
        <td class="e c-1">
            <span>0.000</span>
        </td>
        <td class="i c-1">
            <span>31.765</span>
        </td>
        <td class="x c-3">
            <span>
                &darr;
                545.3
            </span>
        </td>
        <td class="r"><span>29989</span></td>
        <td class="l"><span>1</span></td>
        <td class="n">
            <div class="n" style="margin-left:484px">

                <div class="ico">&rarr;</div>

                <p>
                    <span class="node">

                        Nested Loop


                    </span>

                    <span class="est">
                        (cost=0.00..2673.26
                        rows=55
                        width=4)
                    </span>

                    <span class="act">
                        (actual
                        time=0.061..31.765
                        rows=29989
                        loops=1)
                    </span>
                </p>

                    <ul class="ex-nfo">
                            <li>Filter: (cname = &#39;league&#39;::text)</li>
                            <li>Index Cond: ((cname = &#39;premier-league&#39;::text) AND (keyword_type_id = kt.keyword_type_id))</li>
                            <li>Index Cond: (keyword_id = k.keyword_id)</li>
                            <li>Index Cond: (event_id = ek.event_id)</li>
                            <li>Index Cond: (event_id = e.event_id)</li>
                    </ul>

            </div>
        </td>
    </tr>





            






    <tr id="l100" class="n even c-m" data-node_id="99" data-node_parent="98" data-level="22" data-e="1" data-i="1" data-x="3">
        <td class="u "><a href="#l100">100.</a></td>
        <td class="e c-1">
            <span>13.285</span>
        </td>
        <td class="i c-1">
            <span>13.285</span>
        </td>
        <td class="x c-3">
            <span>
                &darr;
                329.4
            </span>
        </td>
        <td class="r"><span>1647</span></td>
        <td class="l"><span>1</span></td>
        <td class="n">
            <div class="n" style="margin-left:506px">

                <div class="ico">&rarr;</div>

                <p>
                    <span class="node">

                        Nested Loop


                    </span>

                    <span class="est">
                        (cost=0.00..2668.38
                        rows=5
                        width=8)
                    </span>

                    <span class="act">
                        (actual
                        time=0.054..13.285
                        rows=1647
                        loops=1)
                    </span>
                </p>


            </div>
        </td>
    </tr>








            






    <tr id="l101" class="n even c-m" data-node_id="100" data-node_parent="98" data-level="22" data-e="1" data-i="1" data-x="3">
        <td class="u "><a href="#l101">101.</a></td>
        <td class="e c-1">
            <span>9.047</span>
        </td>
        <td class="i c-1">
            <span>9.047</span>
        </td>
        <td class="x c-3">
            <span>
                &darr;
                329.4
            </span>
        </td>
        <td class="r"><span>1647</span></td>
        <td class="l"><span>1</span></td>
        <td class="n">
            <div class="n" style="margin-left:506px">

                <div class="ico">&rarr;</div>

                <p>
                    <span class="node">

                        Nested Loop


                    </span>

                    <span class="est">
                        (cost=0.00..2666.95
                        rows=5
                        width=4)
                    </span>

                    <span class="act">
                        (actual
                        time=0.048..9.047
                        rows=1647
                        loops=1)
                    </span>
                </p>


            </div>
        </td>
    </tr>








            






    <tr id="l102" class="n even c-m" data-node_id="101" data-node_parent="98" data-level="22" data-e="1" data-i="1" data-x="1">
        <td class="u "><a href="#l102">102.</a></td>
        <td class="e c-1">
            <span>0.038</span>
        </td>
        <td class="i c-1">
            <span>0.038</span>
        </td>
        <td class="x c-1">
            <span>
                &uarr;
                1.0
            </span>
        </td>
        <td class="r"><span>1</span></td>
        <td class="l"><span>1</span></td>
        <td class="n">
            <div class="n" style="margin-left:506px">

                <div class="ico">&rarr;</div>

                <p>
                    <span class="node">

                        Nested Loop


                    </span>

                    <span class="est">
                        (cost=0.00..3.49
                        rows=1
                        width=8)
                    </span>

                    <span class="act">
                        (actual
                        time=0.032..0.038
                        rows=1
                        loops=1)
                    </span>
                </p>


            </div>
        </td>
    </tr>








            






    <tr id="l103" class="n even c-m" data-node_id="102" data-node_parent="98" data-level="22" data-e="1" data-i="1" data-x="1">
        <td class="u "><a href="#l103">103.</a></td>
        <td class="e c-1">
            <span>0.012</span>
        </td>
        <td class="i c-1">
            <span>0.012</span>
        </td>
        <td class="x c-1">
            <span>
                &uarr;
                1.0
            </span>
        </td>
        <td class="r"><span>1</span></td>
        <td class="l"><span>1</span></td>
        <td class="n">
            <div class="n" style="margin-left:506px">

                <div class="ico">&rarr;</div>

                <p>
                    <span class="node">

                        Seq Scan

                            on keyword_types kt

                    </span>

                    <span class="est">
                        (cost=0.00..1.20
                        rows=1
                        width=4)
                    </span>

                    <span class="act">
                        (actual
                        time=0.007..0.012
                        rows=1
                        loops=1)
                    </span>
                </p>


            </div>
        </td>
    </tr>








            






    <tr id="l104" class="n even c-m" data-node_id="103" data-node_parent="98" data-level="22" data-e="1" data-i="1" data-x="1">
        <td class="u "><a href="#l104">104.</a></td>
        <td class="e c-1">
            <span>0.024</span>
        </td>
        <td class="i c-1">
            <span>0.024</span>
        </td>
        <td class="x c-1">
            <span>
                &uarr;
                1.0
            </span>
        </td>
        <td class="r"><span>1</span></td>
        <td class="l"><span>1</span></td>
        <td class="n">
            <div class="n" style="margin-left:506px">

                <div class="ico">&rarr;</div>

                <p>
                    <span class="node">

                        Index Scan

                            using keywords_cname_keyword_type_id_idx on keywords k

                    </span>

                    <span class="est">
                        (cost=0.00..2.27
                        rows=1
                        width=12)
                    </span>

                    <span class="act">
                        (actual
                        time=0.023..0.024
                        rows=1
                        loops=1)
                    </span>
                </p>


            </div>
        </td>
    </tr>








            






    <tr id="l105" class="n even c-m" data-node_id="104" data-node_parent="98" data-level="22" data-e="1" data-i="1" data-x="2">
        <td class="u "><a href="#l105">105.</a></td>
        <td class="e c-1">
            <span>8.711</span>
        </td>
        <td class="i c-1">
            <span>8.711</span>
        </td>
        <td class="x c-2">
            <span>
                &darr;
                35.0
            </span>
        </td>
        <td class="r"><span>1647</span></td>
        <td class="l"><span>1</span></td>
        <td class="n">
            <div class="n" style="margin-left:506px">

                <div class="ico">&rarr;</div>

                <p>
                    <span class="node">

                        Index Scan

                            using events_keywords_event_id_keyword_id_idx on events_keywords ek

                    </span>

                    <span class="est">
                        (cost=0.00..2662.87
                        rows=47
                        width=8)
                    </span>

                    <span class="act">
                        (actual
                        time=0.015..8.711
                        rows=1647
                        loops=1)
                    </span>
                </p>


            </div>
        </td>
    </tr>








            






    <tr id="l106" class="n even c-m" data-node_id="105" data-node_parent="98" data-level="22" data-e="1" data-i="1" data-x="1">
        <td class="u "><a href="#l106">106.</a></td>
        <td class="e c-1">
            <span>3.294</span>
        </td>
        <td class="i c-1">
            <span>3.294</span>
        </td>
        <td class="x c-1">
            <span>
                &uarr;
                1.0
            </span>
        </td>
        <td class="r"><span>1</span></td>
        <td class="l"><span>1647</span></td>
        <td class="n">
            <div class="n" style="margin-left:506px">

                <div class="ico">&rarr;</div>

                <p>
                    <span class="node">

                        Index Scan

                            using events_pkey on events e

                    </span>

                    <span class="est">
                        (cost=0.00..0.27
                        rows=1
                        width=4)
                    </span>

                    <span class="act">
                        (actual
                        time=0.002..0.002
                        rows=1
                        loops=1647)
                    </span>
                </p>


            </div>
        </td>
    </tr>








            






    <tr id="l107" class="n even c-m" data-node_id="106" data-node_parent="98" data-level="22" data-e="1" data-i="1" data-x="1">
        <td class="u "><a href="#l107">107.</a></td>
        <td class="e c-1">
            <span>13.176</span>
        </td>
        <td class="i c-1">
            <span>13.176</span>
        </td>
        <td class="x c-1">
            <span>
                &uarr;
                1.2
            </span>
        </td>
        <td class="r"><span>18</span></td>
        <td class="l"><span>1647</span></td>
        <td class="n">
            <div class="n" style="margin-left:506px">

                <div class="ico">&rarr;</div>

                <p>
                    <span class="node">

                        Index Scan

                            using markets_event_id_idx on markets m

                    </span>

                    <span class="est">
                        (cost=0.00..0.70
                        rows=22
                        width=8)
                    </span>

                    <span class="act">
                        (actual
                        time=0.003..0.008
                        rows=18
                        loops=1647)
                    </span>
                </p>


            </div>
        </td>
    </tr>











            






    <tr id="l108" class="n odd c-m" data-node_id="107" data-node_parent="97" data-level="21" data-e="1" data-i="1" data-x="1">
        <td class="u "><a href="#l108">108.</a></td>
        <td class="e c-1">
            <span>89.967</span>
        </td>
        <td class="i c-1">
            <span>89.967</span>
        </td>
        <td class="x c-1">
            <span>
                &uarr;
                3.2
            </span>
        </td>
        <td class="r"><span>4</span></td>
        <td class="l"><span>29989</span></td>
        <td class="n">
            <div class="n" style="margin-left:484px">

                <div class="ico">&rarr;</div>

                <p>
                    <span class="node">

                        Index Scan

                            using outcomes_market_id_idx on outcomes o

                    </span>

                    <span class="est">
                        (cost=0.00..0.60
                        rows=13
                        width=8)
                    </span>

                    <span class="act">
                        (actual
                        time=0.002..0.003
                        rows=4
                        loops=29989)
                    </span>
                </p>

                    <ul class="ex-nfo">
                            <li>Index Cond: (market_id = m.market_id)</li>
                    </ul>

            </div>
        </td>
    </tr>


























            






    <tr id="l109" class="n even c-m" data-node_id="108" data-node_parent="25" data-level="15" data-e="1" data-i="1" data-x="1">
        <td class="u "><a href="#l109">109.</a></td>
        <td class="e c-1">
            <span>542.064</span>
        </td>
        <td class="i c-1">
            <span>542.064</span>
        </td>
        <td class="x c-1">
            <span>
                &uarr;
                1.0
            </span>
        </td>
        <td class="r"><span>1</span></td>
        <td class="l"><span>180688</span></td>
        <td class="n">
            <div class="n" style="margin-left:352px">

                <div class="ico">&rarr;</div>

                <p>
                    <span class="node">

                        Index Scan

                            using outcomes_outcome_id_idx on outcomes o

                    </span>

                    <span class="est">
                        (cost=0.00..2.34
                        rows=1
                        width=16)
                    </span>

                    <span class="act">
                        (actual
                        time=0.003..0.003
                        rows=1
                        loops=180688)
                    </span>
                </p>

                    <ul class="ex-nfo">
                            <li>Index Cond: (outcome_id = sel.outcome_id)</li>
                    </ul>

            </div>
        </td>
    </tr>











            






    <tr id="l110" class="n odd c-m" data-node_id="109" data-node_parent="24" data-level="14" data-e="1" data-i="1" data-x="1">
        <td class="u "><a href="#l110">110.</a></td>
        <td class="e c-1">
            <span>542.064</span>
        </td>
        <td class="i c-1">
            <span>542.064</span>
        </td>
        <td class="x c-1">
            <span>
                &uarr;
                1.0
            </span>
        </td>
        <td class="r"><span>1</span></td>
        <td class="l"><span>180688</span></td>
        <td class="n">
            <div class="n" style="margin-left:330px">

                <div class="ico">&rarr;</div>

                <p>
                    <span class="node">

                        Index Scan

                            using markets_pkey on markets m

                    </span>

                    <span class="est">
                        (cost=0.00..0.29
                        rows=1
                        width=30)
                    </span>

                    <span class="act">
                        (actual
                        time=0.002..0.003
                        rows=1
                        loops=180688)
                    </span>
                </p>

                    <ul class="ex-nfo">
                            <li>Index Cond: (market_id = o.market_id)</li>
                    </ul>

            </div>
        </td>
    </tr>











            






    <tr id="l111" class="n even c-m" data-node_id="110" data-node_parent="23" data-level="13" data-e="1" data-i="1" data-x="1">
        <td class="u "><a href="#l111">111.</a></td>
        <td class="e c-1">
            <span>361.376</span>
        </td>
        <td class="i c-1">
            <span>361.376</span>
        </td>
        <td class="x c-1">
            <span>
                &uarr;
                1.0
            </span>
        </td>
        <td class="r"><span>1</span></td>
        <td class="l"><span>180688</span></td>
        <td class="n">
            <div class="n" style="margin-left:308px">

                <div class="ico">&rarr;</div>

                <p>
                    <span class="node">

                        Index Scan

                            using events_pkey on events e

                    </span>

                    <span class="est">
                        (cost=0.00..0.27
                        rows=1
                        width=39)
                    </span>

                    <span class="act">
                        (actual
                        time=0.002..0.002
                        rows=1
                        loops=180688)
                    </span>
                </p>

                    <ul class="ex-nfo">
                            <li>Index Cond: (event_id = m.event_id)</li>
                    </ul>

            </div>
        </td>
    </tr>











            






    <tr id="l112" class="n odd c-m" data-node_id="111" data-node_parent="22" data-level="12" data-e="1" data-i="1" data-x="1">
        <td class="u "><a href="#l112">112.</a></td>
        <td class="e c-1">
            <span>13.354</span>
        </td>
        <td class="i c-1">
            <span>127.272</span>
        </td>
        <td class="x c-1">
            <span>
                &darr;
                2.8
            </span>
        </td>
        <td class="r"><span>54674</span></td>
        <td class="l"><span>1</span></td>
        <td class="n">
            <div class="n" style="margin-left:286px">

                <div class="ico">&rarr;</div>

                <p>
                    <span class="node">

                        Hash


                    </span>

                    <span class="est">
                        (cost=6733.88..6733.88
                        rows=19614
                        width=28)
                    </span>

                    <span class="act">
                        (actual
                        time=127.272..127.272
                        rows=54674
                        loops=1)
                    </span>
                </p>

                    <ul class="ex-nfo">
                            <li>Buckets: 2048  Batches: 1  Memory Usage: 3190kB</li>
                    </ul>

            </div>
        </td>
    </tr>





            






    <tr id="l113" class="n even c-m" data-node_id="112" data-node_parent="111" data-level="13" data-e="1" data-i="1" data-x="1">
        <td class="u "><a href="#l113">113.</a></td>
        <td class="e c-1">
            <span>7.394</span>
        </td>
        <td class="i c-1">
            <span>113.918</span>
        </td>
        <td class="x c-1">
            <span>
                &darr;
                2.8
            </span>
        </td>
        <td class="r"><span>54674</span></td>
        <td class="l"><span>1</span></td>
        <td class="n">
            <div class="n" style="margin-left:308px">

                <div class="ico">&rarr;</div>

                <p>
                    <span class="node">

                        Subquery Scan on kw_sport


                    </span>

                    <span class="est">
                        (cost=6341.60..6733.88
                        rows=19614
                        width=28)
                    </span>

                    <span class="act">
                        (actual
                        time=93.174..113.918
                        rows=54674
                        loops=1)
                    </span>
                </p>


            </div>
        </td>
    </tr>





            






    <tr id="l114" class="n odd c-m" data-node_id="113" data-node_parent="112" data-level="14" data-e="1" data-i="1" data-x="1">
        <td class="u "><a href="#l114">114.</a></td>
        <td class="e c-1">
            <span>34.680</span>
        </td>
        <td class="i c-1">
            <span>106.524</span>
        </td>
        <td class="x c-1">
            <span>
                &darr;
                2.8
            </span>
        </td>
        <td class="r"><span>54674</span></td>
        <td class="l"><span>1</span></td>
        <td class="n">
            <div class="n" style="margin-left:330px">

                <div class="ico">&rarr;</div>

                <p>
                    <span class="node">

                        HashAggregate


                    </span>

                    <span class="est">
                        (cost=6341.60..6537.74
                        rows=19614
                        width=28)
                    </span>

                    <span class="act">
                        (actual
                        time=93.173..106.524
                        rows=54674
                        loops=1)
                    </span>
                </p>


            </div>
        </td>
    </tr>





            






    <tr id="l115" class="n even c-m" data-node_id="114" data-node_parent="113" data-level="15" data-e="1" data-i="1" data-x="1">
        <td class="u "><a href="#l115">115.</a></td>
        <td class="e c-1">
            <span>42.362</span>
        </td>
        <td class="i c-1">
            <span>71.844</span>
        </td>
        <td class="x c-1">
            <span>
                &darr;
                2.8
            </span>
        </td>
        <td class="r"><span>54674</span></td>
        <td class="l"><span>1</span></td>
        <td class="n">
            <div class="n" style="margin-left:352px">

                <div class="ico">&rarr;</div>

                <p>
                    <span class="node">

                        Hash Join


                    </span>

                    <span class="est">
                        (cost=294.04..6194.50
                        rows=19614
                        width=28)
                    </span>

                    <span class="act">
                        (actual
                        time=0.684..71.844
                        rows=54674
                        loops=1)
                    </span>
                </p>

                    <ul class="ex-nfo">
                            <li>Hash Cond: (ek.keyword_id = k.keyword_id)</li>
                    </ul>

            </div>
        </td>
    </tr>





            






    <tr id="l116" class="n odd c-m" data-node_id="115" data-node_parent="114" data-level="16" data-e="1" data-i="1" data-x="1">
        <td class="u "><a href="#l116">116.</a></td>
        <td class="e c-1">
            <span>28.815</span>
        </td>
        <td class="i c-1">
            <span>28.815</span>
        </td>
        <td class="x c-1">
            <span>
                &uarr;
                1.0
            </span>
        </td>
        <td class="r"><span>313790</span></td>
        <td class="l"><span>1</span></td>
        <td class="n">
            <div class="n" style="margin-left:374px">

                <div class="ico">&rarr;</div>

                <p>
                    <span class="node">

                        Seq Scan

                            on events_keywords ek

                    </span>

                    <span class="est">
                        (cost=0.00..4527.32
                        rows=313832
                        width=8)
                    </span>

                    <span class="act">
                        (actual
                        time=0.007..28.815
                        rows=313790
                        loops=1)
                    </span>
                </p>


            </div>
        </td>
    </tr>








            






    <tr id="l117" class="n odd c-m" data-node_id="116" data-node_parent="114" data-level="16" data-e="1" data-i="1" data-x="2">
        <td class="u "><a href="#l117">117.</a></td>
        <td class="e c-1">
            <span>0.013</span>
        </td>
        <td class="i c-1">
            <span>0.667</span>
        </td>
        <td class="x c-2">
            <span>
                &uarr;
                12.5
            </span>
        </td>
        <td class="r"><span>62</span></td>
        <td class="l"><span>1</span></td>
        <td class="n">
            <div class="n" style="margin-left:374px">

                <div class="ico">&rarr;</div>

                <p>
                    <span class="node">

                        Hash


                    </span>

                    <span class="est">
                        (cost=284.39..284.39
                        rows=772
                        width=24)
                    </span>

                    <span class="act">
                        (actual
                        time=0.667..0.667
                        rows=62
                        loops=1)
                    </span>
                </p>

                    <ul class="ex-nfo">
                            <li>Buckets: 1024  Batches: 1  Memory Usage: 3kB</li>
                    </ul>

            </div>
        </td>
    </tr>





            






    <tr id="l118" class="n even c-m" data-node_id="117" data-node_parent="116" data-level="17" data-e="1" data-i="1" data-x="2">
        <td class="u "><a href="#l118">118.</a></td>
        <td class="e c-1">
            <span>0.011</span>
        </td>
        <td class="i c-1">
            <span>0.654</span>
        </td>
        <td class="x c-2">
            <span>
                &uarr;
                12.5
            </span>
        </td>
        <td class="r"><span>62</span></td>
        <td class="l"><span>1</span></td>
        <td class="n">
            <div class="n" style="margin-left:396px">

                <div class="ico">&rarr;</div>

                <p>
                    <span class="node">

                        Nested Loop


                    </span>

                    <span class="est">
                        (cost=0.00..284.39
                        rows=772
                        width=24)
                    </span>

                    <span class="act">
                        (actual
                        time=0.040..0.654
                        rows=62
                        loops=1)
                    </span>
                </p>


            </div>
        </td>
    </tr>





            






    <tr id="l119" class="n odd c-m" data-node_id="118" data-node_parent="117" data-level="18" data-e="1" data-i="1" data-x="1">
        <td class="u "><a href="#l119">119.</a></td>
        <td class="e c-1">
            <span>0.006</span>
        </td>
        <td class="i c-1">
            <span>0.006</span>
        </td>
        <td class="x c-1">
            <span>
                &uarr;
                1.0
            </span>
        </td>
        <td class="r"><span>1</span></td>
        <td class="l"><span>1</span></td>
        <td class="n">
            <div class="n" style="margin-left:418px">

                <div class="ico">&rarr;</div>

                <p>
                    <span class="node">

                        Seq Scan

                            on keyword_types kt

                    </span>

                    <span class="est">
                        (cost=0.00..1.20
                        rows=1
                        width=4)
                    </span>

                    <span class="act">
                        (actual
                        time=0.004..0.006
                        rows=1
                        loops=1)
                    </span>
                </p>

                    <ul class="ex-nfo">
                            <li>Filter: (cname = &#39;sport&#39;::text)</li>
                    </ul>

            </div>
        </td>
    </tr>








            






    <tr id="l120" class="n odd c-m" data-node_id="119" data-node_parent="117" data-level="18" data-e="1" data-i="1" data-x="2">
        <td class="u "><a href="#l120">120.</a></td>
        <td class="e c-1">
            <span>0.637</span>
        </td>
        <td class="i c-1">
            <span>0.637</span>
        </td>
        <td class="x c-2">
            <span>
                &uarr;
                12.5
            </span>
        </td>
        <td class="r"><span>62</span></td>
        <td class="l"><span>1</span></td>
        <td class="n">
            <div class="n" style="margin-left:418px">

                <div class="ico">&rarr;</div>

                <p>
                    <span class="node">

                        Index Scan

                            using keywords_cname_keyword_type_id_idx on keywords k

                    </span>

                    <span class="est">
                        (cost=0.00..273.54
                        rows=772
                        width=28)
                    </span>

                    <span class="act">
                        (actual
                        time=0.034..0.637
                        rows=62
                        loops=1)
                    </span>
                </p>

                    <ul class="ex-nfo">
                            <li>Index Cond: (keyword_type_id = kt.keyword_type_id)</li>
                    </ul>

            </div>
        </td>
    </tr>





























            






    <tr id="l121" class="n even c-m" data-node_id="120" data-node_parent="21" data-level="11" data-e="1" data-i="1" data-x="1">
        <td class="u "><a href="#l121">121.</a></td>
        <td class="e c-1">
            <span>13.653</span>
        </td>
        <td class="i c-1">
            <span>134.397</span>
        </td>
        <td class="x c-1">
            <span>
                &darr;
                2.8
            </span>
        </td>
        <td class="r"><span>54542</span></td>
        <td class="l"><span>1</span></td>
        <td class="n">
            <div class="n" style="margin-left:264px">

                <div class="ico">&rarr;</div>

                <p>
                    <span class="node">

                        Hash


                    </span>

                    <span class="est">
                        (cost=6733.88..6733.88
                        rows=19614
                        width=28)
                    </span>

                    <span class="act">
                        (actual
                        time=134.397..134.397
                        rows=54542
                        loops=1)
                    </span>
                </p>


            </div>
        </td>
    </tr>





            






    <tr id="l122" class="n odd c-m" data-node_id="121" data-node_parent="120" data-level="12" data-e="1" data-i="1" data-x="1">
        <td class="u "><a href="#l122">122.</a></td>
        <td class="e c-1">
            <span>7.420</span>
        </td>
        <td class="i c-1">
            <span>120.744</span>
        </td>
        <td class="x c-1">
            <span>
                &darr;
                2.8
            </span>
        </td>
        <td class="r"><span>54542</span></td>
        <td class="l"><span>1</span></td>
        <td class="n">
            <div class="n" style="margin-left:286px">

                <div class="ico">&rarr;</div>

                <p>
                    <span class="node">

                        Buckets: 2048  Batches: 1  Memory Usage: 3352kB -&gt;  Subquery Scan on kw_league


                    </span>

                    <span class="est">
                        (cost=6341.60..6733.88
                        rows=19614
                        width=28)
                    </span>

                    <span class="act">
                        (actual
                        time=99.971..120.744
                        rows=54542
                        loops=1)
                    </span>
                </p>


            </div>
        </td>
    </tr>





            






    <tr id="l123" class="n even c-m" data-node_id="122" data-node_parent="121" data-level="13" data-e="1" data-i="1" data-x="1">
        <td class="u "><a href="#l123">123.</a></td>
        <td class="e c-1">
            <span>35.747</span>
        </td>
        <td class="i c-1">
            <span>113.324</span>
        </td>
        <td class="x c-1">
            <span>
                &darr;
                2.8
            </span>
        </td>
        <td class="r"><span>54542</span></td>
        <td class="l"><span>1</span></td>
        <td class="n">
            <div class="n" style="margin-left:308px">

                <div class="ico">&rarr;</div>

                <p>
                    <span class="node">

                        HashAggregate


                    </span>

                    <span class="est">
                        (cost=6341.60..6537.74
                        rows=19614
                        width=28)
                    </span>

                    <span class="act">
                        (actual
                        time=99.969..113.324
                        rows=54542
                        loops=1)
                    </span>
                </p>


            </div>
        </td>
    </tr>





            






    <tr id="l124" class="n odd c-m" data-node_id="123" data-node_parent="122" data-level="14" data-e="1" data-i="1" data-x="1">
        <td class="u "><a href="#l124">124.</a></td>
        <td class="e c-1">
            <span>47.234</span>
        </td>
        <td class="i c-1">
            <span>77.577</span>
        </td>
        <td class="x c-1">
            <span>
                &darr;
                2.8
            </span>
        </td>
        <td class="r"><span>54542</span></td>
        <td class="l"><span>1</span></td>
        <td class="n">
            <div class="n" style="margin-left:330px">

                <div class="ico">&rarr;</div>

                <p>
                    <span class="node">

                        Hash Join


                    </span>

                    <span class="est">
                        (cost=294.04..6194.50
                        rows=19614
                        width=28)
                    </span>

                    <span class="act">
                        (actual
                        time=1.601..77.577
                        rows=54542
                        loops=1)
                    </span>
                </p>

                    <ul class="ex-nfo">
                            <li>Hash Cond: (ek.keyword_id = k.keyword_id)</li>
                    </ul>

            </div>
        </td>
    </tr>





            






    <tr id="l125" class="n even c-m" data-node_id="124" data-node_parent="123" data-level="15" data-e="1" data-i="1" data-x="1">
        <td class="u "><a href="#l125">125.</a></td>
        <td class="e c-1">
            <span>28.764</span>
        </td>
        <td class="i c-1">
            <span>28.764</span>
        </td>
        <td class="x c-1">
            <span>
                &uarr;
                1.0
            </span>
        </td>
        <td class="r"><span>313790</span></td>
        <td class="l"><span>1</span></td>
        <td class="n">
            <div class="n" style="margin-left:352px">

                <div class="ico">&rarr;</div>

                <p>
                    <span class="node">

                        Seq Scan

                            on events_keywords ek

                    </span>

                    <span class="est">
                        (cost=0.00..4527.32
                        rows=313832
                        width=8)
                    </span>

                    <span class="act">
                        (actual
                        time=0.011..28.764
                        rows=313790
                        loops=1)
                    </span>
                </p>


            </div>
        </td>
    </tr>








            






    <tr id="l126" class="n even c-m" data-node_id="125" data-node_parent="123" data-level="15" data-e="1" data-i="1" data-x="1">
        <td class="u "><a href="#l126">126.</a></td>
        <td class="e c-1">
            <span>0.282</span>
        </td>
        <td class="i c-1">
            <span>1.579</span>
        </td>
        <td class="x c-1">
            <span>
                &darr;
                1.4
            </span>
        </td>
        <td class="r"><span>1086</span></td>
        <td class="l"><span>1</span></td>
        <td class="n">
            <div class="n" style="margin-left:352px">

                <div class="ico">&rarr;</div>

                <p>
                    <span class="node">

                        Hash


                    </span>

                    <span class="est">
                        (cost=284.39..284.39
                        rows=772
                        width=24)
                    </span>

                    <span class="act">
                        (actual
                        time=1.579..1.579
                        rows=1086
                        loops=1)
                    </span>
                </p>

                    <ul class="ex-nfo">
                            <li>Buckets: 1024  Batches: 1  Memory Usage: 63kB</li>
                    </ul>

            </div>
        </td>
    </tr>





            






    <tr id="l127" class="n odd c-m" data-node_id="126" data-node_parent="125" data-level="16" data-e="1" data-i="1" data-x="1">
        <td class="u "><a href="#l127">127.</a></td>
        <td class="e c-1">
            <span>0.198</span>
        </td>
        <td class="i c-1">
            <span>1.297</span>
        </td>
        <td class="x c-1">
            <span>
                &darr;
                1.4
            </span>
        </td>
        <td class="r"><span>1086</span></td>
        <td class="l"><span>1</span></td>
        <td class="n">
            <div class="n" style="margin-left:374px">

                <div class="ico">&rarr;</div>

                <p>
                    <span class="node">

                        Nested Loop


                    </span>

                    <span class="est">
                        (cost=0.00..284.39
                        rows=772
                        width=24)
                    </span>

                    <span class="act">
                        (actual
                        time=0.028..1.297
                        rows=1086
                        loops=1)
                    </span>
                </p>


            </div>
        </td>
    </tr>





            






    <tr id="l128" class="n even c-m" data-node_id="127" data-node_parent="126" data-level="17" data-e="1" data-i="1" data-x="1">
        <td class="u "><a href="#l128">128.</a></td>
        <td class="e c-1">
            <span>0.007</span>
        </td>
        <td class="i c-1">
            <span>0.007</span>
        </td>
        <td class="x c-1">
            <span>
                &uarr;
                1.0
            </span>
        </td>
        <td class="r"><span>1</span></td>
        <td class="l"><span>1</span></td>
        <td class="n">
            <div class="n" style="margin-left:396px">

                <div class="ico">&rarr;</div>

                <p>
                    <span class="node">

                        Seq Scan

                            on keyword_types kt

                    </span>

                    <span class="est">
                        (cost=0.00..1.20
                        rows=1
                        width=4)
                    </span>

                    <span class="act">
                        (actual
                        time=0.005..0.007
                        rows=1
                        loops=1)
                    </span>
                </p>

                    <ul class="ex-nfo">
                            <li>Filter: (cname = &#39;league&#39;::text)</li>
                    </ul>

            </div>
        </td>
    </tr>








            






    <tr id="l129" class="n even c-m" data-node_id="128" data-node_parent="126" data-level="17" data-e="1" data-i="1" data-x="1">
        <td class="u "><a href="#l129">129.</a></td>
        <td class="e c-1">
            <span>1.092</span>
        </td>
        <td class="i c-1">
            <span>1.092</span>
        </td>
        <td class="x c-1">
            <span>
                &darr;
                1.4
            </span>
        </td>
        <td class="r"><span>1086</span></td>
        <td class="l"><span>1</span></td>
        <td class="n">
            <div class="n" style="margin-left:396px">

                <div class="ico">&rarr;</div>

                <p>
                    <span class="node">

                        Index Scan

                            using keywords_cname_keyword_type_id_idx on keywords k

                    </span>

                    <span class="est">
                        (cost=0.00..273.54
                        rows=772
                        width=28)
                    </span>

                    <span class="act">
                        (actual
                        time=0.018..1.092
                        rows=1086
                        loops=1)
                    </span>
                </p>

                    <ul class="ex-nfo">
                            <li>Index Cond: (keyword_type_id = kt.keyword_type_id)</li>
                    </ul>

            </div>
        </td>
    </tr>





























            






    <tr id="l130" class="n odd c-m" data-node_id="129" data-node_parent="20" data-level="10" data-e="1" data-i="1" data-x="1">
        <td class="u "><a href="#l130">130.</a></td>
        <td class="e c-1">
            <span>361.376</span>
        </td>
        <td class="i c-1">
            <span>361.376</span>
        </td>
        <td class="x c-1">
            <span>
                &uarr;
                1.0
            </span>
        </td>
        <td class="r"><span>1</span></td>
        <td class="l"><span>180688</span></td>
        <td class="n">
            <div class="n" style="margin-left:242px">

                <div class="ico">&rarr;</div>

                <p>
                    <span class="node">

                        Index Scan

                            using sessions_pkey on sessions ses

                    </span>

                    <span class="est">
                        (cost=0.00..2.27
                        rows=1
                        width=15)
                    </span>

                    <span class="act">
                        (actual
                        time=0.002..0.002
                        rows=1
                        loops=180688)
                    </span>
                </p>

                    <ul class="ex-nfo">
                            <li>Index Cond: (session_id = br.session_tracker_id)</li>
                    </ul>

            </div>
        </td>
    </tr>











            






    <tr id="l131" class="n even c-m" data-node_id="130" data-node_parent="19" data-level="9" data-e="1" data-i="1" data-x="1">
        <td class="u "><a href="#l131">131.</a></td>
        <td class="e c-1">
            <span>0.003</span>
        </td>
        <td class="i c-1">
            <span>0.012</span>
        </td>
        <td class="x c-1">
            <span>
                &uarr;
                1.0
            </span>
        </td>
        <td class="r"><span>4</span></td>
        <td class="l"><span>1</span></td>
        <td class="n">
            <div class="n" style="margin-left:220px">

                <div class="ico">&rarr;</div>

                <p>
                    <span class="node">

                        Hash


                    </span>

                    <span class="est">
                        (cost=1.04..1.04
                        rows=4
                        width=34)
                    </span>

                    <span class="act">
                        (actual
                        time=0.012..0.012
                        rows=4
                        loops=1)
                    </span>
                </p>

                    <ul class="ex-nfo">
                            <li>Buckets: 1024  Batches: 1  Memory Usage: 1kB</li>
                    </ul>

            </div>
        </td>
    </tr>





            






    <tr id="l132" class="n odd c-m" data-node_id="131" data-node_parent="130" data-level="10" data-e="1" data-i="1" data-x="1">
        <td class="u "><a href="#l132">132.</a></td>
        <td class="e c-1">
            <span>0.009</span>
        </td>
        <td class="i c-1">
            <span>0.009</span>
        </td>
        <td class="x c-1">
            <span>
                &uarr;
                1.0
            </span>
        </td>
        <td class="r"><span>4</span></td>
        <td class="l"><span>1</span></td>
        <td class="n">
            <div class="n" style="margin-left:242px">

                <div class="ico">&rarr;</div>

                <p>
                    <span class="node">

                        Seq Scan

                            on bet_clients bc

                    </span>

                    <span class="est">
                        (cost=0.00..1.04
                        rows=4
                        width=34)
                    </span>

                    <span class="act">
                        (actual
                        time=0.007..0.009
                        rows=4
                        loops=1)
                    </span>
                </p>


            </div>
        </td>
    </tr>




















            






    <tr id="l133" class="n even c-m" data-node_id="132" data-node_parent="5" data-level="6" data-e="1" data-i="1" data-x="1">
        <td class="u "><a href="#l133">133.</a></td>
        <td class="e c-1">
            <span>0.217</span>
        </td>
        <td class="i c-1">
            <span>101.467</span>
        </td>
        <td class="x c-1">
            <span>
                &uarr;
                1.5
            </span>
        </td>
        <td class="r"><span>1121</span></td>
        <td class="l"><span>1</span></td>
        <td class="n">
            <div class="n" style="margin-left:154px">

                <div class="ico">&rarr;</div>

                <p>
                    <span class="node">

                        Hash


                    </span>

                    <span class="est">
                        (cost=14488.82..14488.82
                        rows=1630
                        width=24)
                    </span>

                    <span class="act">
                        (actual
                        time=101.467..101.467
                        rows=1121
                        loops=1)
                    </span>
                </p>

                    <ul class="ex-nfo">
                            <li>Buckets: 1024  Batches: 1  Memory Usage: 62kB</li>
                    </ul>

            </div>
        </td>
    </tr>





            






    <tr id="l134" class="n odd c-m" data-node_id="133" data-node_parent="132" data-level="7" data-e="1" data-i="1" data-x="1">
        <td class="u "><a href="#l134">134.</a></td>
        <td class="e c-1">
            <span>21.089</span>
        </td>
        <td class="i c-1">
            <span>101.250</span>
        </td>
        <td class="x c-1">
            <span>
                &uarr;
                1.5
            </span>
        </td>
        <td class="r"><span>1121</span></td>
        <td class="l"><span>1</span></td>
        <td class="n">
            <div class="n" style="margin-left:176px">

                <div class="ico">&rarr;</div>

                <p>
                    <span class="node">

                        HashAggregate


                    </span>

                    <span class="est">
                        (cost=14456.22..14472.52
                        rows=1630
                        width=24)
                    </span>

                    <span class="act">
                        (actual
                        time=101.044..101.250
                        rows=1121
                        loops=1)
                    </span>
                </p>


            </div>
        </td>
    </tr>





            






    <tr id="l135" class="n even c-m" data-node_id="134" data-node_parent="133" data-level="8" data-e="1" data-i="1" data-x="1">
        <td class="u "><a href="#l135">135.</a></td>
        <td class="e c-1">
            <span>17.476</span>
        </td>
        <td class="i c-1">
            <span>80.161</span>
        </td>
        <td class="x c-1">
            <span>
                &darr;
                6.5
            </span>
        </td>
        <td class="r"><span>83838</span></td>
        <td class="l"><span>1</span></td>
        <td class="n">
            <div class="n" style="margin-left:198px">

                <div class="ico">&rarr;</div>

                <p>
                    <span class="node">

                        Nested Loop


                    </span>

                    <span class="est">
                        (cost=0.00..14391.41
                        rows=12963
                        width=24)
                    </span>

                    <span class="act">
                        (actual
                        time=0.057..80.161
                        rows=83838
                        loops=1)
                    </span>
                </p>

                    <ul class="ex-nfo">
                            <li>Join Filter: (br.created_at &gt;= cl.created_at)</li>
                    </ul>

            </div>
        </td>
    </tr>





            






    <tr id="l136" class="n odd c-m" data-node_id="135" data-node_parent="134" data-level="9" data-e="1" data-i="1" data-x="1">
        <td class="u "><a href="#l136">136.</a></td>
        <td class="e c-1">
            <span>2.116</span>
        </td>
        <td class="i c-1">
            <span>2.116</span>
        </td>
        <td class="x c-1">
            <span>
                &darr;
                1.0
            </span>
        </td>
        <td class="r"><span>1637</span></td>
        <td class="l"><span>1</span></td>
        <td class="n">
            <div class="n" style="margin-left:220px">

                <div class="ico">&rarr;</div>

                <p>
                    <span class="node">

                        Seq Scan

                            on customer_limits cl

                    </span>

                    <span class="est">
                        (cost=0.00..497.98
                        rows=1629
                        width=24)
                    </span>

                    <span class="act">
                        (actual
                        time=0.024..2.116
                        rows=1637
                        loops=1)
                    </span>
                </p>

                    <ul class="ex-nfo">
                            <li>Filter: (max_bet IS NOT NULL)</li>
                    </ul>

            </div>
        </td>
    </tr>








            






    <tr id="l137" class="n odd c-m" data-node_id="136" data-node_parent="134" data-level="9" data-e="1" data-i="1" data-x="1">
        <td class="u "><a href="#l137">137.</a></td>
        <td class="e c-1">
            <span>60.569</span>
        </td>
        <td class="i c-1">
            <span>60.569</span>
        </td>
        <td class="x c-1">
            <span>
                &uarr;
                1.7
            </span>
        </td>
        <td class="r"><span>57</span></td>
        <td class="l"><span>1637</span></td>
        <td class="n">
            <div class="n" style="margin-left:220px">

                <div class="ico">&rarr;</div>

                <p>
                    <span class="node">

                        Index Scan

                            using bet_requests_customer_id_idx on bet_requests br

                    </span>

                    <span class="est">
                        (cost=0.00..7.10
                        rows=95
                        width=24)
                    </span>

                    <span class="act">
                        (actual
                        time=0.006..0.037
                        rows=57
                        loops=1637)
                    </span>
                </p>

                    <ul class="ex-nfo">
                            <li>Index Cond: (customer_id = cl.customer_id)</li>
                    </ul>

            </div>
        </td>
    </tr>




















            






    <tr id="l138" class="n even c-m" data-node_id="137" data-node_parent="4" data-level="5" data-e="1" data-i="1" data-x="1">
        <td class="u "><a href="#l138">138.</a></td>
        <td class="e c-1">
            <span>542.064</span>
        </td>
        <td class="i c-1">
            <span>542.064</span>
        </td>
        <td class="x c-1">
            <span>
                &uarr;
                1.0
            </span>
        </td>
        <td class="r"><span>1</span></td>
        <td class="l"><span>180688</span></td>
        <td class="n">
            <div class="n" style="margin-left:132px">

                <div class="ico">&rarr;</div>

                <p>
                    <span class="node">

                        Index Scan

                            using customer_limits_customer_id_idx on customer_limits cl

                    </span>

                    <span class="est">
                        (cost=0.00..1.95
                        rows=1
                        width=36)
                    </span>

                    <span class="act">
                        (actual
                        time=0.003..0.003
                        rows=1
                        loops=180688)
                    </span>
                </p>

                    <ul class="ex-nfo">
                            <li>Index Cond: (customer_id = c.customer_id)</li>
                    </ul>

            </div>
        </td>
    </tr>











            






    <tr id="l139" class="n odd c-m" data-node_id="138" data-node_parent="3" data-level="4" data-e="1" data-i="1" data-x="1">
        <td class="u "><a href="#l139">139.</a></td>
        <td class="e c-1">
            <span>722.752</span>
        </td>
        <td class="i c-1">
            <span>722.752</span>
        </td>
        <td class="x c-1">
            <span>
                &uarr;
                1.0
            </span>
        </td>
        <td class="r"><span>1</span></td>
        <td class="l"><span>180688</span></td>
        <td class="n">
            <div class="n" style="margin-left:110px">

                <div class="ico">&rarr;</div>

                <p>
                    <span class="node">

                        Index Scan

                            using results_pkey on results 

                    </span>

                    <span class="est">
                        (cost=0.00..0.30
                        rows=1
                        width=14)
                    </span>

                    <span class="act">
                        (actual
                        time=0.003..0.004
                        rows=1
                        loops=180688)
                    </span>
                </p>

                    <ul class="ex-nfo">
                            <li>Index Cond: (result_id = (max(r.result_id)))</li>
                    </ul>

            </div>
        </td>
    </tr>











            






    <tr id="l140" class="n even c-m" data-node_id="139" data-node_parent="2" data-level="3" data-e="1" data-i="1" data-x="1">
        <td class="u "><a href="#l140">140.</a></td>
        <td class="e c-1">
            <span>0.001</span>
        </td>
        <td class="i c-1">
            <span>0.005</span>
        </td>
        <td class="x c-1">
            <span>
                &uarr;
                1.0
            </span>
        </td>
        <td class="r"><span>4</span></td>
        <td class="l"><span>1</span></td>
        <td class="n">
            <div class="n" style="margin-left:88px">

                <div class="ico">&rarr;</div>

                <p>
                    <span class="node">

                        Hash


                    </span>

                    <span class="est">
                        (cost=1.04..1.04
                        rows=4
                        width=34)
                    </span>

                    <span class="act">
                        (actual
                        time=0.005..0.005
                        rows=4
                        loops=1)
                    </span>
                </p>

                    <ul class="ex-nfo">
                            <li>Buckets: 1024  Batches: 1  Memory Usage: 1kB</li>
                    </ul>

            </div>
        </td>
    </tr>





            






    <tr id="l141" class="n odd c-m" data-node_id="140" data-node_parent="139" data-level="4" data-e="1" data-i="1" data-x="1">
        <td class="u "><a href="#l141">141.</a></td>
        <td class="e c-1">
            <span>0.004</span>
        </td>
        <td class="i c-1">
            <span>0.004</span>
        </td>
        <td class="x c-1">
            <span>
                &uarr;
                1.0
            </span>
        </td>
        <td class="r"><span>4</span></td>
        <td class="l"><span>1</span></td>
        <td class="n">
            <div class="n" style="margin-left:110px">

                <div class="ico">&rarr;</div>

                <p>
                    <span class="node">

                        Seq Scan

                            on result_types 

                    </span>

                    <span class="est">
                        (cost=0.00..1.04
                        rows=4
                        width=34)
                    </span>

                    <span class="act">
                        (actual
                        time=0.002..0.004
                        rows=4
                        loops=1)
                    </span>
                </p>


            </div>
        </td>
    </tr>




















            </tbody>
        </table>
    </div>

    <div class="result-text hidden">
        <pre id="source">                                                          QUERY PLAN                                                             
-------------------------------------------------------------------------------------------------------------------------------------------------------------------------------------------------------------------------------------------------------------------------------------------------------------------------------------------------------------------------------------------------
 Limit  (cost=406142.72..406142.79 rows=30 width=440) (actual time=148822.435..148822.439 rows=30 loops=1)
   -&gt;  Sort  (cost=406142.72..406142.86 rows=59 width=440) (actual time=148822.435..148822.438 rows=30 loops=1)
         Sort Key: br.created_at
         Sort Method: top-N heapsort  Memory: 40kB
         -&gt;  Hash Left Join  (cost=397268.03..406140.98 rows=59 width=440) (actual time=135968.359..148418.961 rows=180688 loops=1)
               Hash Cond: (results.result_type_id = result_types.result_type_id)
               -&gt;  Nested Loop Left Join  (cost=397266.94..406138.05 rows=59 width=410) (actual time=135968.326..148143.351 rows=180688 loops=1)
                     -&gt;  Nested Loop Left Join  (cost=397266.94..406119.85 rows=59 width=404) (actual time=135968.308..147362.049 rows=180688 loops=1)
                           Join Filter: ((max(cl.created_at)) = cl.created_at)
                           -&gt;  Hash Left Join  (cost=397266.94..406004.13 rows=59 width=400) (actual time=135968.290..146638.280 rows=180688 loops=1)
                                 Hash Cond: (c.customer_id = cl.customer_id)
                                 -&gt;  Hash Right Join  (cost=382757.74..391482.73 rows=59 width=392) (actual time=135866.806..146436.235 rows=180688 loops=1)
                                       Hash Cond: (s.selection_id = sel.selection_id)
                                       -&gt;  HashAggregate  (cost=221571.69..225245.29 rows=367360 width=12) (actual time=2872.051..3302.260 rows=1153698 loops=1)
                                             -&gt;  Hash Left Join  (cost=173739.49..219734.89 rows=367360 width=12) (actual time=1152.297..2282.405 rows=1163023 loops=1)
                                                   Hash Cond: ((s.placement_id = s.placement_id) AND (s.selection_id = s.selection_id))
                                                   Filter: (((s.placement_id IS NULL) AND (r.placement_id IS NULL)) OR ((s.placement_id IS NOT NULL) AND (r.placement_id IS NULL) AND (r.created_at &lt; (min(r.created_at)))) OR (s.placement_id = r.placement_id))
                                                   -&gt;  Merge Join  (cost=139240.12..176966.30 rows=1102561 width=36) (actual time=824.114..1618.252 rows=1179190 loops=1)
                                                         Merge Cond: (r.outcome_id = s.outcome_id)
                                                         Join Filter: (s.handicap = r.handicap)
                                                         -&gt;  Index Scan using results_outcome_id_idx on results r  (cost=0.00..12126.62 rows=346291 width=28) (actual time=0.009..134.954 rows=346262 loops=1)
                                                         -&gt;  Sort  (cost=139239.50..142138.58 rows=1159631 width=24) (actual time=824.090..1007.303 rows=1301751 loops=1)
                                                               Sort Key: s.outcome_id
                                                               Sort Method: quicksort  Memory: 139745kB
                                                               -&gt;  Seq Scan on selections s  (cost=0.00..22434.31 rows=1159631 width=24) (actual time=0.005..177.842 rows=1159586 loops=1)
                                                   -&gt;  Hash  (cost=34499.35..34499.35 rows=1 width=24) (actual time=328.160..328.160 rows=1308 loops=1)
                                                         Buckets: 1024  Batches: 1  Memory Usage: 72kB
                                                         -&gt;  HashAggregate  (cost=34499.33..34499.34 rows=1 width=24) (actual time=327.623..327.911 rows=1308 loops=1)
                                                               -&gt;  Merge Join  (cost=211.63..34499.32 rows=1 width=24) (actual time=1.341..326.597 rows=1744 loops=1)
                                                                     Merge Cond: (s.placement_id = r.placement_id)
                                                                     Join Filter: ((s.outcome_id = r.outcome_id) AND (s.handicap = r.handicap))
                                                                     -&gt;  Index Scan using selections_placement_id_idx on selections s  (cost=0.00..31414.75 rows=1159631 width=24) (actual time=0.019..215.574 rows=1155420 loops=1)
                                                                     -&gt;  Index Scan using results_placement_id_idx on results r (cost=0.00..12124.62 rows=346291 width=24) (actual time=0.011..1.111 rows=3561 loops=1)
                                       -&gt;  Hash  (cost=161185.32..161185.32 rows=59 width=388) (actual time=132994.721..132994.721 rows=180688 loops=1)
                                             Buckets: 1024  Batches: 1  Memory Usage: 67405kB
                                             -&gt;  Hash Left Join  (cost=134515.38..161185.32 rows=59 width=388) (actual time=119644.414..132720.559 rows=180688 loops=1)
                                                   Hash Cond: (br.bet_client_id = bc.bet_client_id)
                                                   -&gt;  Nested Loop Left Join  (cost=134514.29..161183.42 rows=59 width=356) (actual time=119644.382..132615.669 rows=180688 loops=1)
                                                         -&gt;  Hash Left Join  (cost=134514.29..161048.89 rows=59 width=357) (actual time=119644.374..132117.001 rows=180688 loops=1)
                                                               Hash Cond: (e.event_id = kw_league.event_id)
                                                               -&gt;  Hash Left Join  (cost=127535.24..153924.88 rows=59 width=333) (actual time=119509.950..131693.983 rows=180688 loops=1)
                                                                     Hash Cond: (e.event_id = kw_sport.event_id)
                                                                     -&gt;  Nested Loop  (cost=120556.18..146800.87 rows=59 width=309) (actual time=119382.657..131285.056 rows=180688 loops=1)
                                                                           -&gt;  Nested Loop  (cost=120556.18..146784.11 rows=59 width=274) (actual time=119382.649..130820.919 rows=180688 loops=1)
                                                                                 -&gt;  Nested Loop  (cost=120556.18..146766.06 rows=59 width=248) (actual time=119382.636..130233.490 rows=180688 loops=1)
                                                                                       -&gt;  Hash Join  (cost=120556.18..146627.37 rows=59 width=236) (actual time=119382.622..129577.038 rows=180688 loops=1)
                                                                                             Hash Cond: (s.placement_id = s.placement_id)
                                                                                             -&gt;  Nested Loop  (cost=91051.94..117122.32 rows=59 width=260) (actual time=116598.563..126182.919 rows=261957 loops=1)
                                                                                                   -&gt;  Hash Join  (cost=91051.94..117085.80 rows=15 width=227) (actual time=116598.553..125734.632 rows=88663 loops=1)
                                                                                                         Hash Cond: (er.target_id = erc.currency_id)
                                                                                                         -&gt;  Nested Loop  (cost=91050.23..117080.75 rows=851 width=229) (actual time=116598.498..125224.030 rows=4622954 loops=1)
                                                                                                               -&gt;  Hash Join  (cost=91050.22..116490.17 rows=29 width=221) (actual time=116598.444..122693.896 rows=88663 loops=1)
                                                                                                                     Hash Cond: (s.placement_id = s.placement_id)
                                                                                                                     -&gt;  Hash Right Join  (cost=61005.17..86444.51 rows=86 width=213) (actual time=13054.881..16689.330 rows=89162 loops=1)
                                                                                                                           Hash Cond: (s.placement_id = p.placement_id)
                                                                                                                           -&gt;  Hash Join  (cost=31236.14..56271.42 rows=107712 width=32) (actual time=762.554..1530.638 rows=615797 loops=1)
                                                                                                                                 Hash Cond: (s.operation_id = so.id)
                                                                                                                                 -&gt;  Seq Scan on settlements s  (cost=31235.09..53981.49 rows=323136 width=34) (actual time=762.516..1242.632 rows=615830 loops=1)
                                                                                                                                 Filter: (hashed SubPlan 1)
                                                                                                                                 SubPlan 1
                                                                                                                                 -&gt;  HashAggregate  (cost=24362.08..29860.49 rows=549841 width=16) (actual time=379.239..566.469 rows=615830 loops=1)
                                                                                                                                 -&gt;  Seq Scan on settlements  (cost=0.00..21130.72 rows=646272 width=16) (actual time=0.007..80.265 rows=642001 loops=1)
                                                                                                                                 -&gt;  Hash  (cost=1.04..1.04 rows=1 width=2) (actual time=0.012..0.012 rows=1 loops=1)
                                                                                                                                 Buckets: 1024  Batches: 1  Memory Usage: 1kB
                                                                                                                                 -&gt;  Seq Scan on settlement_operations so  (cost=0.00..1.04 rows=1 width=2) (actual time=0.010..0.011 rows=1 loops=1)
                                                                                                                                 Filter: (cname = &#39;settle&#39;::text)
                                                                                                                           -&gt;  Hash  (cost=29767.95..29767.95 rows=86 width=189) (actual time=12292.106..12292.106 rows=89162 loops=1)
                                                                                                                                 Buckets: 1024  Batches: 1  Memory Usage: 16950kB
                                                                                                                                 -&gt;  Merge Join  (cost=29763.41..29767.95 rows=86 width=189) (actual time=12190.701..12242.384 rows=89162 loops=1)
                                                                                                                                 Merge Cond: (cu.currency_id = p.currency_id)
                                                                                                                                 -&gt;  Index Scan using currencies_pkey on currencies cu  (cost=0.00..4.09 rows=56 width=6) (actual time=0.014..0.040 rows=44 loops=1)
                                                                                                                                 -&gt;  Sort  (cost=29763.41..29763.63 rows=86 width=183) (actual time=12190.678..12202.341 rows=89162 loops=1)
                                                                                                                                 Sort Key: p.currency_id
                                                                                                                                 Sort Method: quicksort  Memory: 26756kB
                                                                                                                                 -&gt;  Hash Join  (cost=29507.94..29760.65 rows=86 width=183) (actual time=11013.023..12110.579 rows=89162 loops=1)
                                                                                                                                 Hash Cond: (p.bet_type_id = bt.bet_type_id)
                                                                                                                                 -&gt;  Hash Join  (cost=29506.36..29757.88 rows=86 width=151) (actual time=11013.002..12073.410 rows=89162 loops=1)
                                                                                                                                 Hash Cond: (c.country_id = country.country_id)
                                                                                                                                 -&gt;  Nested Loop  (cost=29501.44..29751.78 rows=86 width=148) (actual time=11012.938..12035.265 rows=89162 loops=1)
                                                                                                                                 Join Filter: (c.operator_id = op.operator_id)
                                                                                                                                 -&gt;  Seq Scan on operators op  (cost=0.00..1.01 rows=1 width=34) (actual time=0.002..0.003 rows=1 loops=1)
                                                                                                                                 -&gt;  Nested Loop  (cost=29501.44..29749.70 rows=86 width=116) (actual time=11012.930..12010.496 rows=89162 loops=1)
                                                                                                                                 -&gt;  Nested Loop  (cost=29501.44..29725.39 rows=86 width=96) (actual time=11012.921..11739.638 rows=89162 loops=1)
                                                                                                                                 -&gt;  Nested Loop  (cost=29501.44..29698.75 rows=86 width=54) (actual time=11012.902..11410.173 rows=89162 loops=1)
                                                                                                                                 -&gt;  HashAggregate  (cost=29501.44..29502.30 rows=86 width=8) (actual time=11012.868..11046.952 rows=89162 loops=1)
                                                                                                                                 -&gt;  Hash Join  (cost=2717.44..29501.23 rows=86 width=8) (actual time=347.094..10930.405 rows=146409 loops=1)
                                                                                                                                 Hash Cond: (s.outcome_id = o.outcome_id)
                                                                                                                                 -&gt;  Seq Scan on selections s  (cost=0.00..22434.31 rows=1159631 width=12) (actual time=0.004..141.504 rows=1159586 loops=1)
                                                                                                                                 -&gt;  Hash  (cost=2715.07..2715.07 rows=190 width=4) (actual time=345.671..345.671 rows=276741 loops=1)
                                                                                                                                 Buckets: 1024  Batches: 1  Memory Usage: 9730kB
                                                                                                                                 -&gt;  Nested Loop  (cost=0.00..2715.07 rows=190 width=4) (actual time=0.070..291.004 rows=276741 loops=1)
                                                                                                                                 -&gt;  Nested Loop  (cost=0.00..2673.26 rows=55 width=4) (actual time=0.062..55.230 rows=64563 loops=1)
                                                                                                                                 -&gt;  Nested Loop  (cost=0.00..2668.38 rows=5 width=8) (actual time=0.054..18.564 rows=3516 loops=1)
                                                                                                                                 -&gt;  Nested Loop  (cost=0.00..2666.95 rows=5 width=4) (actual time=0.045..10.147 rows=3516 loops=1)
                                                                                                                                 -&gt;  Nested Loop  (cost=0.00..3.49 rows=1 width=8) (actual time=0.029..0.035 rows=1 loops=1)
                                                                                                                                 -&gt;  Seq Scan on keyword_types kt (cost=0.00..1.20 rows=1 width=4) (actual time=0.006..0.011 rows=1 loops=1)
                                                                                                                                 Filter: (cname = &#39;country&#39;::text)
                                                                                                                                 -&gt;  Index Scan using keywords_cname_keyword_type_id_idx on keywords k  (cost=0.00..2.27 rows=1 width=12) (actual time=0.019..0.020 rows=1 loops=1)
                                                                                                                                 Index Cond: ((cname = &#39;england&#39;::text) AND (keyword_type_id = kt.keyword_type_id))
                                                                                                                                 -&gt;  Index Scan using events_keywords_event_id_keyword_id_idx on events_keywords ek  (cost=0.00..2662.87 rows=47 width=8) (actual time=0.015..9.508 rows=3516 loops=1)
                                                                                                                                 Index Cond: (keyword_id = k.keyword_id)
                                                                                                                                 -&gt;  Index Scan using events_pkey on events e (cost=0.00..0.27 rows=1 width=4) (actual time=0.002..0.002 rows=1 loops=3516)
                                                                                                                                 Index Cond: (event_id = ek.event_id)
                                                                                                                                 -&gt;  Index Scan using markets_event_id_idx on markets m  (cost=0.00..0.70 rows=22 width=8) (actual time=0.003..0.007 rows=18 loops=3516)
                                                                                                                                 Index Cond: (event_id = e.event_id)
                                                                                                                                 -&gt;  Index Scan using outcomes_market_id_idx on outcomes o (cost=0.00..0.60 rows=13 width=8) (actual time=0.002..0.003 rows=4 loops=64563)
                                                                                                                                 Index Cond: (market_id = m.market_id)
                                                                                                                                 -&gt;  Index Scan using placements_pkey on placements p  (cost=0.00..2.26 rows=1 width=46) (actual time=0.003..0.004 rows=1 loops=89162)
                                                                                                                                 Index Cond: (placement_id = s.placement_id)
                                                                                                                                 -&gt;  Index Scan using bet_requests_pkey on bet_requests br  (cost=0.00..0.30 rows=1 width=50) (actual time=0.003..0.003 rows=1 loops=89162)
                                                                                                                                 Index Cond: (bet_request_id = p.bet_request_id)
                                                                                                                                 -&gt;  Index Scan using customers_pkey on customers c  (cost=0.00..0.27 rows=1 width=36) (actual time=0.002..0.003 rows=1 loops=89162)
                                                                                                                                 Index Cond: (customer_id = br.customer_id)
                                                                                                                                 -&gt;  Hash  (cost=2.74..2.74 rows=174 width=5) (actual time=0.058..0.058 rows=177 loops=1)
                                                                                                                                 Buckets: 1024  Batches: 1  Memory Usage: 7kB
                                                                                                                                 -&gt;  Seq Scan on countries country  (cost=0.00..2.74 rows=174 width=5) (actual time=0.007..0.029 rows=177 loops=1)
                                                                                                                                 -&gt;  Hash  (cost=1.26..1.26 rows=26 width=34) (actual time=0.014..0.014 rows=26 loops=1)
                                                                                                                                 Buckets: 1024  Batches: 1  Memory Usage: 2kB
                                                                                                                                 -&gt;  Seq Scan on bet_types bt  (cost=0.00..1.26 rows=26 width=34) (actual time=0.004..0.008 rows=26 loops=1)
                                                                                                                     -&gt;  Hash  (cost=30044.69..30044.69 rows=29 width=8) (actual time=103543.543..103543.543 rows=373346 loops=1)
                                                                                                                           Buckets: 1024  Batches: 1  Memory Usage: 14584kB
                                                                                                                           -&gt;  HashAggregate  (cost=30044.11..30044.40 rows=29 width=8) (actual time=103383.001..103483.725 rows=373346 loops=1)
                                                                                                                                 -&gt;  Hash Join  (cost=3260.82..30044.03 rows=29 width=8) (actual time=1942.910..103004.995 rows=697408 loops=1)
                                                                                                                                 Hash Cond: (s.outcome_id = o.outcome_id)
                                                                                                                                 -&gt;  Seq Scan on selections s  (cost=0.00..22434.31 rows=1159631 width=12) (actual time=0.005..196.809 rows=1159586 loops=1)
                                                                                                                                 -&gt;  Hash  (cost=3260.03..3260.03 rows=63 width=4) (actual time=1942.771..1942.771 rows=1580527 loops=1)
                                                                                                                                 Buckets: 1024  Batches: 1  Memory Usage: 55566kB
                                                                                                                                 -&gt;  Nested Loop  (cost=0.00..3260.03 rows=63 width=4) (actual time=0.079..1651.972 rows=1580527 loops=1)
                                                                                                                                 -&gt;  Nested Loop  (cost=0.00..3246.35 rows=18 width=4) (actual time=0.070..281.364 rows=375149 loops=1)
                                                                                                                                 -&gt;  Nested Loop  (cost=0.00..3244.40 rows=2 width=8) (actual time=0.061..65.134 rows=20129 loops=1)
                                                                                                                                 -&gt;  Nested Loop  (cost=0.00..3243.82 rows=2 width=4) (actual time=0.053..20.038 rows=20129 loops=1)
                                                                                                                                 -&gt;  Nested Loop  (cost=0.00..3.48 rows=1 width=8) (actual time=0.034..0.049 rows=1 loops=1)
                                                                                                                                 Join Filter: (k.keyword_type_id = kt.keyword_type_id)
                                                                                                                                 -&gt;  Index Scan using keywords_cname_keyword_type_id_idx on keywords k  (cost=0.00..2.27 rows=1 width=12) (actual time=0.021..0.024 rows=2 loops=1)
                                                                                                                                 Index Cond: (cname = &#39;soccer&#39;::text)
                                                                                                                                 -&gt;  Seq Scan on keyword_types kt  (cost=0.00..1.20 rows=1 width=4) (actual time=0.002..0.005 rows=1 loops=2)
                                                                                                                                 Filter: (cname = &#39;sport&#39;::text)
                                                                                                                                 -&gt;  Index Scan using events_keywords_event_id_keyword_id_idx on events_keywords ek  (cost=0.00..3239.75 rows=47 width=8) (actual time=0.016..16.309 rows=20129 loops=1)
                                                                                                                                 Index Cond: (keyword_id = k.keyword_id)
                                                                                                                                 -&gt;  Index Scan using events_pkey on events e  (cost=0.00..0.27 rows=1 width=4) (actual time=0.002..0.002 rows=1 loops=20129)
                                                                                                                                 Index Cond: (event_id = ek.event_id)
                                                                                                                                 -&gt;  Index Scan using markets_event_id_idx on markets m  (cost=0.00..0.70 rows=22 width=8) (actual time=0.002..0.008 rows=19 loops=20129)
                                                                                                                                 Index Cond: (event_id = e.event_id)
                                                                                                                                 -&gt;  Index Scan using outcomes_market_id_idx on outcomes o  (cost=0.00..0.60 rows=13 width=8) (actual time=0.002..0.003 rows=4 loops=375149)
                                                                                                                                 Index Cond: (market_id = m.market_id)
                                                                                                               -&gt;  Index Scan using exchange_rates_date_source_id_target_id_idx on exchange_rates er  (cost=0.01..19.64 rows=29 width=16) (actual time=0.005..0.015 rows=52 loops=88663)
                                                                                                                     Index Cond: ((date = COALESCE((timezone(&#39;UTC&#39;::text, s.created_at))::date, (timezone(&#39;UTC&#39;::text, br.created_at))::date)) AND (source_id = cu.currency_id))
                                                                                                         -&gt;  Hash  (cost=1.70..1.70 rows=1 width=2) (actual time=0.023..0.023 rows=1 loops=1)
                                                                                                               Buckets: 1024  Batches: 1  Memory Usage: 1kB
                                                                                                               -&gt;  Seq Scan on currencies erc  (cost=0.00..1.70 rows=1 width=2) (actual time=0.020..0.020 rows=1 loops=1)
                                                                                                                     Filter: (code = &#39;EUR&#39;::bpchar)
                                                                                                   -&gt;  Index Scan using selections_placement_id_idx on selections sel  (cost=0.00..2.38 rows=4 width=33) (actual time=0.003..0.004 rows=3 loops=88663)
                                                                                                         Index Cond: (placement_id = s.placement_id)
                                                                                             -&gt;  Hash  (cost=29503.16..29503.16 rows=86 width=8) (actual time=2784.049..2784.049 rows=72169 loops=1)
                                                                                                   Buckets: 1024  Batches: 1  Memory Usage: 2820kB
                                                                                                   -&gt;  HashAggregate  (cost=29501.44..29502.30 rows=86 width=8) (actual time=2758.099..2773.711 rows=72169 loops=1)
                                                                                                         -&gt;  Hash Join  (cost=2717.44..29501.23 rows=86 width=8) (actual time=169.622..2712.879 rows=103290 loops=1)
                                                                                                               Hash Cond: (s.outcome_id = o.outcome_id)
                                                                                                               -&gt;  Seq Scan on selections s  (cost=0.00..22434.31 rows=1159631 width=12) (actual time=0.009..115.624 rows=1159586 loops=1)
                                                                                                               -&gt;  Hash  (cost=2715.07..2715.07 rows=190 width=4) (actual time=166.057..166.057 rows=124968 loops=1)
                                                                                                                     Buckets: 1024  Batches: 1  Memory Usage: 4394kB
                                                                                                                     -&gt;  Nested Loop  (cost=0.00..2715.07 rows=190 width=4) (actual time=0.068..142.395 rows=124968 loops=1)
                                                                                                                           -&gt;  Nested Loop  (cost=0.00..2673.26 rows=55 width=4) (actual time=0.061..31.765 rows=29989 loops=1)
                                                                                                                                 -&gt;  Nested Loop  (cost=0.00..2668.38 rows=5 width=8) (actual time=0.054..13.285 rows=1647 loops=1)
                                                                                                                                 -&gt;  Nested Loop  (cost=0.00..2666.95 rows=5 width=4) (actual time=0.048..9.047 rows=1647 loops=1)
                                                                                                                                 -&gt;  Nested Loop  (cost=0.00..3.49 rows=1 width=8) (actual time=0.032..0.038 rows=1 loops=1)
                                                                                                                                 -&gt;  Seq Scan on keyword_types kt  (cost=0.00..1.20 rows=1 width=4) (actual time=0.007..0.012 rows=1 loops=1)
                                                                                                                                 Filter: (cname = &#39;league&#39;::text)
                                                                                                                                 -&gt;  Index Scan using keywords_cname_keyword_type_id_idx on keywords k  (cost=0.00..2.27 rows=1 width=12) (actual time=0.023..0.024 rows=1 loops=1)
                                                                                                                                 Index Cond: ((cname = &#39;premier-league&#39;::text) AND (keyword_type_id = kt.keyword_type_id))
                                                                                                                                 -&gt;  Index Scan using events_keywords_event_id_keyword_id_idx on events_keywords ek  (cost=0.00..2662.87 rows=47 width=8) (actual time=0.015..8.711 rows=1647 loops=1)
                                                                                                                                 Index Cond: (keyword_id = k.keyword_id)
                                                                                                                                 -&gt;  Index Scan using events_pkey on events e  (cost=0.00..0.27 rows=1 width=4) (actual time=0.002..0.002 rows=1 loops=1647)
                                                                                                                                 Index Cond: (event_id = ek.event_id)
                                                                                                                                 -&gt;  Index Scan using markets_event_id_idx on markets m  (cost=0.00..0.70 rows=22 width=8) (actual time=0.003..0.008 rows=18 loops=1647)
                                                                                                                                 Index Cond: (event_id = e.event_id)
                                                                                                                           -&gt;  Index Scan using outcomes_market_id_idx on outcomes o  (cost=0.00..0.60 rows=13 width=8) (actual time=0.002..0.003 rows=4 loops=29989)
                                                                                                                                 Index Cond: (market_id = m.market_id)
                                                                                       -&gt;  Index Scan using outcomes_outcome_id_idx on outcomes o  (cost=0.00..2.34 rows=1 width=16) (actual time=0.003..0.003 rows=1 loops=180688)
                                                                                             Index Cond: (outcome_id = sel.outcome_id)
                                                                                 -&gt;  Index Scan using markets_pkey on markets m  (cost=0.00..0.29 rows=1 width=30) (actual time=0.002..0.003 rows=1 loops=180688)
                                                                                       Index Cond: (market_id = o.market_id)
                                                                           -&gt;  Index Scan using events_pkey on events e  (cost=0.00..0.27 rows=1 width=39) (actual time=0.002..0.002 rows=1 loops=180688)
                                                                                 Index Cond: (event_id = m.event_id)
                                                                     -&gt;  Hash  (cost=6733.88..6733.88 rows=19614 width=28) (actual time=127.272..127.272 rows=54674 loops=1)
                                                                           Buckets: 2048  Batches: 1  Memory Usage: 3190kB
                                                                           -&gt;  Subquery Scan on kw_sport  (cost=6341.60..6733.88 rows=19614 width=28) (actual time=93.174..113.918 rows=54674 loops=1)
                                                                                 -&gt;  HashAggregate  (cost=6341.60..6537.74 rows=19614 width=28) (actual time=93.173..106.524 rows=54674 loops=1)
                                                                                       -&gt;  Hash Join  (cost=294.04..6194.50 rows=19614 width=28) (actual time=0.684..71.844 rows=54674 loops=1)
                                                                                             Hash Cond: (ek.keyword_id = k.keyword_id)
                                                                                             -&gt;  Seq Scan on events_keywords ek  (cost=0.00..4527.32 rows=313832 width=8) (actual time=0.007..28.815 rows=313790 loops=1)
                                                                                             -&gt;  Hash  (cost=284.39..284.39 rows=772 width=24) (actual time=0.667..0.667 rows=62 loops=1)
                                                                                                   Buckets: 1024  Batches: 1  Memory Usage: 3kB
                                                                                                   -&gt;  Nested Loop  (cost=0.00..284.39 rows=772 width=24) (actual time=0.040..0.654 rows=62 loops=1)
                                                                                                         -&gt;  Seq Scan on keyword_types kt  (cost=0.00..1.20 rows=1 width=4) (actual time=0.004..0.006 rows=1 loops=1)
                                                                                                               Filter: (cname = &#39;sport&#39;::text)
                                                                                                         -&gt;  Index Scan using keywords_cname_keyword_type_id_idx on keywords k  (cost=0.00..273.54 rows=772 width=28) (actual time=0.034..0.637 rows=62 loops=1)
                                                                                                               Index Cond: (keyword_type_id = kt.keyword_type_id)
                                                               -&gt;  Hash  (cost=6733.88..6733.88 rows=19614 width=28) (actual time=134.397..134.397 rows=54542 loops=1)
                                                                     Buckets: 2048  Batches: 1  Memory Usage: 3352kB -&gt;  Subquery Scan on kw_league  (cost=6341.60..6733.88 rows=19614 width=28) (actual time=99.971..120.744 rows=54542 loops=1)
                                                                           -&gt;  HashAggregate  (cost=6341.60..6537.74 rows=19614 width=28) (actual time=99.969..113.324 rows=54542 loops=1)
                                                                                 -&gt;  Hash Join  (cost=294.04..6194.50 rows=19614 width=28) (actual time=1.601..77.577 rows=54542 loops=1)
                                                                                       Hash Cond: (ek.keyword_id = k.keyword_id)
                                                                                       -&gt;  Seq Scan on events_keywords ek  (cost=0.00..4527.32 rows=313832 width=8) (actual time=0.011..28.764 rows=313790 loops=1)
                                                                                       -&gt;  Hash  (cost=284.39..284.39 rows=772 width=24) (actual time=1.579..1.579 rows=1086 loops=1)
                                                                                             Buckets: 1024  Batches: 1  Memory Usage: 63kB
                                                                                             -&gt;  Nested Loop  (cost=0.00..284.39 rows=772 width=24) (actual time=0.028..1.297 rows=1086 loops=1)
                                                                                                   -&gt;  Seq Scan on keyword_types kt  (cost=0.00..1.20 rows=1 width=4) (actual time=0.005..0.007 rows=1 loops=1)
                                                                                                         Filter: (cname = &#39;league&#39;::text)
                                                                                                   -&gt;  Index Scan using keywords_cname_keyword_type_id_idx on keywords k  (cost=0.00..273.54 rows=772 width=28) (actual time=0.018..1.092 rows=1086 loops=1)
                                                                                                         Index Cond: (keyword_type_id = kt.keyword_type_id)
                                                         -&gt;  Index Scan using sessions_pkey on sessions ses  (cost=0.00..2.27 rows=1 width=15) (actual time=0.002..0.002 rows=1 loops=180688)
                                                               Index Cond: (session_id = br.session_tracker_id)
                                                   -&gt;  Hash  (cost=1.04..1.04 rows=4 width=34) (actual time=0.012..0.012 rows=4 loops=1)
                                                         Buckets: 1024  Batches: 1  Memory Usage: 1kB
                                                         -&gt;  Seq Scan on bet_clients bc  (cost=0.00..1.04 rows=4 width=34) (actual time=0.007..0.009 rows=4 loops=1)
                                 -&gt;  Hash  (cost=14488.82..14488.82 rows=1630 width=24) (actual time=101.467..101.467 rows=1121 loops=1)
                                       Buckets: 1024  Batches: 1  Memory Usage: 62kB
                                       -&gt;  HashAggregate  (cost=14456.22..14472.52 rows=1630 width=24) (actual time=101.044..101.250 rows=1121 loops=1)
                                             -&gt;  Nested Loop  (cost=0.00..14391.41 rows=12963 width=24) (actual time=0.057..80.161 rows=83838 loops=1)
                                                   Join Filter: (br.created_at &gt;= cl.created_at)
                                                   -&gt;  Seq Scan on customer_limits cl  (cost=0.00..497.98 rows=1629 width=24) (actual time=0.024..2.116 rows=1637 loops=1)
                                                         Filter: (max_bet IS NOT NULL)
                                                   -&gt;  Index Scan using bet_requests_customer_id_idx on bet_requests br  (cost=0.00..7.10 rows=95 width=24) (actual time=0.006..0.037 rows=57 loops=1637)
                                                         Index Cond: (customer_id = cl.customer_id)
                           -&gt;  Index Scan using customer_limits_customer_id_idx on customer_limits cl  (cost=0.00..1.95 rows=1 width=36) (actual time=0.003..0.003 rows=1 loops=180688)
                                 Index Cond: (customer_id = c.customer_id)
                     -&gt;  Index Scan using results_pkey on results  (cost=0.00..0.30 rows=1 width=14) (actual time=0.003..0.004 rows=1 loops=180688)
                           Index Cond: (result_id = (max(r.result_id)))
               -&gt;  Hash  (cost=1.04..1.04 rows=4 width=34) (actual time=0.005..0.005 rows=4 loops=1)
                     Buckets: 1024  Batches: 1  Memory Usage: 1kB
                     -&gt;  Seq Scan on result_types  (cost=0.00..1.04 rows=4 width=34) (actual time=0.002..0.004 rows=4 loops=1)
 Total runtime: 148829.832 ms
(234 rows)</pre>
    </div>

    <div class="result-stats hidden">
        <h1>Per node type stats</h1>
        <table class="stats">
            <thead>
            <tr><th>node type</th><th>count</th><th>sum of times</th><th>% of query</th></tr>
            </thead>
            <tbody>
                <tr class="table-detail">
                <td class="node-type">Buckets: 2048  Batches: 1  Memory Usage: 3352kB -&gt;  Subquery Scan on kw_league</td>
                <td class="count">1</td>
                <td class="time">7.420 ms</td>
                <td class="percent">
                    
                    
                    
                    0.0 %
                </td>
                </tr>
                <tr class="table-detail">
                <td class="node-type">Hash</td>
                <td class="count">19</td>
                <td class="time">2684.281 ms</td>
                <td class="percent">
                    
                    
                    
                    1.8 %
                </td>
                </tr>
                <tr class="table-detail">
                <td class="node-type">Hash Join</td>
                <td class="count">11</td>
                <td class="time">144221.855 ms</td>
                <td class="percent">
                    
                    
                    
                    96.9 %
                </td>
                </tr>
                <tr class="table-detail">
                <td class="node-type">Hash Left Join</td>
                <td class="count">6</td>
                <td class="time">1387.330 ms</td>
                <td class="percent">
                    
                    
                    
                    0.9 %
                </td>
                </tr>
                <tr class="table-detail">
                <td class="node-type">Hash Right Join</td>
                <td class="count">2</td>
                <td class="time">13005.840 ms</td>
                <td class="percent">
                    
                    
                    
                    8.7 %
                </td>
                </tr>
                <tr class="table-detail">
                <td class="node-type">HashAggregate</td>
                <td class="count">9</td>
                <td class="time">12786.938 ms</td>
                <td class="percent">
                    
                    
                    
                    8.6 %
                </td>
                </tr>
                <tr class="table-detail">
                <td class="node-type">Index Scan</td>
                <td class="count">33</td>
                <td class="time">7754.993 ms</td>
                <td class="percent">
                    
                    
                    
                    5.2 %
                </td>
                </tr>
                <tr class="table-detail">
                <td class="node-type">Limit</td>
                <td class="count">1</td>
                <td class="time">0.001 ms</td>
                <td class="percent">
                    
                    
                    
                    0.0 %
                </td>
                </tr>
                <tr class="table-detail">
                <td class="node-type">Merge Join</td>
                <td class="count">3</td>
                <td class="time">12828.291 ms</td>
                <td class="percent">
                    
                    
                    
                    8.6 %
                </td>
                </tr>
                <tr class="table-detail">
                <td class="node-type">Nested Loop</td>
                <td class="count">27</td>
                <td class="time">51206.165 ms</td>
                <td class="percent">
                    
                    
                    
                    34.4 %
                </td>
                </tr>
                <tr class="table-detail">
                <td class="node-type">Nested Loop Left Join</td>
                <td class="count">3</td>
                <td class="time">377.547 ms</td>
                <td class="percent">
                    
                    
                    
                    0.3 %
                </td>
                </tr>
                <tr class="table-detail">
                <td class="node-type">Seq Scan</td>
                <td class="count">21</td>
                <td class="time">2014.501 ms</td>
                <td class="percent">
                    
                    
                    
                    1.4 %
                </td>
                </tr>
                <tr class="table-detail">
                <td class="node-type">Sort</td>
                <td class="count">3</td>
                <td class="time">13435.279 ms</td>
                <td class="percent">
                    
                    
                    
                    9.0 %
                </td>
                </tr>
                <tr class="table-detail">
                <td class="node-type">Subquery Scan on kw_sport</td>
                <td class="count">1</td>
                <td class="time">7.394 ms</td>
                <td class="percent">
                    
                    
                    
                    0.0 %
                </td>
                </tr>
            </tbody>
        </table>
        <h1>Per table stats</h1>
        <table class="stats">
            <thead>
            <tr><th>Table name</th><th>Scan count</th><th>Total time</th><th>% of query</th></tr>
            <tr><th>scan type</th><th>count</th><th>sum of times</th><th>% of table</th></tr>
            </thead>
            <tbody>
                <tr class="table-summary">
                <td class="table-name">bet_clients</td>
                <td class="count">1</td>
                <td class="time">0.009 ms</td>
                <td class="percent">
                    
                    
                    
                    0.0 %
                </td>
                </tr>
                <tr class="table-detail">
                <td class="scan-type">Seq Scan</td>
                <td class="count">1</td>
                <td class="time">0.009 ms</td>
                <td class="percent">
                    
                    
                    
                    100.0 %
                </td>
                </tr>
                <tr class="table-summary">
                <td class="table-name">bet_requests</td>
                <td class="count">2</td>
                <td class="time">328.055 ms</td>
                <td class="percent">
                    
                    
                    
                    0.2 %
                </td>
                </tr>
                <tr class="table-detail">
                <td class="scan-type">Index Scan</td>
                <td class="count">2</td>
                <td class="time">328.055 ms</td>
                <td class="percent">
                    
                    
                    
                    100.0 %
                </td>
                </tr>
                <tr class="table-summary">
                <td class="table-name">bet_types</td>
                <td class="count">1</td>
                <td class="time">0.008 ms</td>
                <td class="percent">
                    
                    
                    
                    0.0 %
                </td>
                </tr>
                <tr class="table-detail">
                <td class="scan-type">Seq Scan</td>
                <td class="count">1</td>
                <td class="time">0.008 ms</td>
                <td class="percent">
                    
                    
                    
                    100.0 %
                </td>
                </tr>
                <tr class="table-summary">
                <td class="table-name">countries</td>
                <td class="count">1</td>
                <td class="time">0.029 ms</td>
                <td class="percent">
                    
                    
                    
                    0.0 %
                </td>
                </tr>
                <tr class="table-detail">
                <td class="scan-type">Seq Scan</td>
                <td class="count">1</td>
                <td class="time">0.029 ms</td>
                <td class="percent">
                    
                    
                    
                    100.0 %
                </td>
                </tr>
                <tr class="table-summary">
                <td class="table-name">currencies</td>
                <td class="count">2</td>
                <td class="time">0.060 ms</td>
                <td class="percent">
                    
                    
                    
                    0.0 %
                </td>
                </tr>
                <tr class="table-detail">
                <td class="scan-type">Index Scan</td>
                <td class="count">1</td>
                <td class="time">0.040 ms</td>
                <td class="percent">
                    
                    
                    
                    66.7 %
                </td>
                </tr>
                <tr class="table-detail">
                <td class="scan-type">Seq Scan</td>
                <td class="count">1</td>
                <td class="time">0.020 ms</td>
                <td class="percent">
                    
                    
                    
                    33.3 %
                </td>
                </tr>
                <tr class="table-summary">
                <td class="table-name">customer_limits</td>
                <td class="count">2</td>
                <td class="time">544.180 ms</td>
                <td class="percent">
                    
                    
                    
                    0.4 %
                </td>
                </tr>
                <tr class="table-detail">
                <td class="scan-type">Index Scan</td>
                <td class="count">1</td>
                <td class="time">542.064 ms</td>
                <td class="percent">
                    
                    
                    
                    99.6 %
                </td>
                </tr>
                <tr class="table-detail">
                <td class="scan-type">Seq Scan</td>
                <td class="count">1</td>
                <td class="time">2.116 ms</td>
                <td class="percent">
                    
                    
                    
                    0.4 %
                </td>
                </tr>
                <tr class="table-summary">
                <td class="table-name">customers</td>
                <td class="count">1</td>
                <td class="time">267.486 ms</td>
                <td class="percent">
                    
                    
                    
                    0.2 %
                </td>
                </tr>
                <tr class="table-detail">
                <td class="scan-type">Index Scan</td>
                <td class="count">1</td>
                <td class="time">267.486 ms</td>
                <td class="percent">
                    
                    
                    
                    100.0 %
                </td>
                </tr>
                <tr class="table-summary">
                <td class="table-name">events</td>
                <td class="count">4</td>
                <td class="time">411.960 ms</td>
                <td class="percent">
                    
                    
                    
                    0.3 %
                </td>
                </tr>
                <tr class="table-detail">
                <td class="scan-type">Index Scan</td>
                <td class="count">4</td>
                <td class="time">411.960 ms</td>
                <td class="percent">
                    
                    
                    
                    100.0 %
                </td>
                </tr>
                <tr class="table-summary">
                <td class="table-name">events_keywords</td>
                <td class="count">5</td>
                <td class="time">92.107 ms</td>
                <td class="percent">
                    
                    
                    
                    0.1 %
                </td>
                </tr>
                <tr class="table-detail">
                <td class="scan-type">Index Scan</td>
                <td class="count">3</td>
                <td class="time">34.528 ms</td>
                <td class="percent">
                    
                    
                    
                    37.5 %
                </td>
                </tr>
                <tr class="table-detail">
                <td class="scan-type">Seq Scan</td>
                <td class="count">2</td>
                <td class="time">57.579 ms</td>
                <td class="percent">
                    
                    
                    
                    62.5 %
                </td>
                </tr>
                <tr class="table-summary">
                <td class="table-name">exchange_rates</td>
                <td class="count">1</td>
                <td class="time">1329.945 ms</td>
                <td class="percent">
                    
                    
                    
                    0.9 %
                </td>
                </tr>
                <tr class="table-detail">
                <td class="scan-type">Index Scan</td>
                <td class="count">1</td>
                <td class="time">1329.945 ms</td>
                <td class="percent">
                    
                    
                    
                    100.0 %
                </td>
                </tr>
                <tr class="table-summary">
                <td class="table-name">keyword_types</td>
                <td class="count">5</td>
                <td class="time">0.046 ms</td>
                <td class="percent">
                    
                    
                    
                    0.0 %
                </td>
                </tr>
                <tr class="table-detail">
                <td class="scan-type">Seq Scan</td>
                <td class="count">5</td>
                <td class="time">0.046 ms</td>
                <td class="percent">
                    
                    
                    
                    100.0 %
                </td>
                </tr>
                <tr class="table-summary">
                <td class="table-name">keywords</td>
                <td class="count">5</td>
                <td class="time">1.797 ms</td>
                <td class="percent">
                    
                    
                    
                    0.0 %
                </td>
                </tr>
                <tr class="table-detail">
                <td class="scan-type">Index Scan</td>
                <td class="count">5</td>
                <td class="time">1.797 ms</td>
                <td class="percent">
                    
                    
                    
                    100.0 %
                </td>
                </tr>
                <tr class="table-summary">
                <td class="table-name">markets</td>
                <td class="count">4</td>
                <td class="time">740.884 ms</td>
                <td class="percent">
                    
                    
                    
                    0.5 %
                </td>
                </tr>
                <tr class="table-detail">
                <td class="scan-type">Index Scan</td>
                <td class="count">4</td>
                <td class="time">740.884 ms</td>
                <td class="percent">
                    
                    
                    
                    100.0 %
                </td>
                </tr>
                <tr class="table-summary">
                <td class="table-name">operators</td>
                <td class="count">1</td>
                <td class="time">0.003 ms</td>
                <td class="percent">
                    
                    
                    
                    0.0 %
                </td>
                </tr>
                <tr class="table-detail">
                <td class="scan-type">Seq Scan</td>
                <td class="count">1</td>
                <td class="time">0.003 ms</td>
                <td class="percent">
                    
                    
                    
                    100.0 %
                </td>
                </tr>
                <tr class="table-summary">
                <td class="table-name">outcomes</td>
                <td class="count">4</td>
                <td class="time">1951.167 ms</td>
                <td class="percent">
                    
                    
                    
                    1.3 %
                </td>
                </tr>
                <tr class="table-detail">
                <td class="scan-type">Index Scan</td>
                <td class="count">4</td>
                <td class="time">1951.167 ms</td>
                <td class="percent">
                    
                    
                    
                    100.0 %
                </td>
                </tr>
                <tr class="table-summary">
                <td class="table-name">placements</td>
                <td class="count">1</td>
                <td class="time">356.648 ms</td>
                <td class="percent">
                    
                    
                    
                    0.2 %
                </td>
                </tr>
                <tr class="table-detail">
                <td class="scan-type">Index Scan</td>
                <td class="count">1</td>
                <td class="time">356.648 ms</td>
                <td class="percent">
                    
                    
                    
                    100.0 %
                </td>
                </tr>
                <tr class="table-summary">
                <td class="table-name">result_types</td>
                <td class="count">1</td>
                <td class="time">0.004 ms</td>
                <td class="percent">
                    
                    
                    
                    0.0 %
                </td>
                </tr>
                <tr class="table-detail">
                <td class="scan-type">Seq Scan</td>
                <td class="count">1</td>
                <td class="time">0.004 ms</td>
                <td class="percent">
                    
                    
                    
                    100.0 %
                </td>
                </tr>
                <tr class="table-summary">
                <td class="table-name">results</td>
                <td class="count">3</td>
                <td class="time">858.817 ms</td>
                <td class="percent">
                    
                    
                    
                    0.6 %
                </td>
                </tr>
                <tr class="table-detail">
                <td class="scan-type">Index Scan</td>
                <td class="count">3</td>
                <td class="time">858.817 ms</td>
                <td class="percent">
                    
                    
                    
                    100.0 %
                </td>
                </tr>
                <tr class="table-summary">
                <td class="table-name">selections</td>
                <td class="count">6</td>
                <td class="time">1202.005 ms</td>
                <td class="percent">
                    
                    
                    
                    0.8 %
                </td>
                </tr>
                <tr class="table-detail">
                <td class="scan-type">Index Scan</td>
                <td class="count">2</td>
                <td class="time">570.226 ms</td>
                <td class="percent">
                    
                    
                    
                    47.4 %
                </td>
                </tr>
                <tr class="table-detail">
                <td class="scan-type">Seq Scan</td>
                <td class="count">4</td>
                <td class="time">631.779 ms</td>
                <td class="percent">
                    
                    
                    
                    52.6 %
                </td>
                </tr>
                <tr class="table-summary">
                <td class="table-name">sessions</td>
                <td class="count">1</td>
                <td class="time">361.376 ms</td>
                <td class="percent">
                    
                    
                    
                    0.2 %
                </td>
                </tr>
                <tr class="table-detail">
                <td class="scan-type">Index Scan</td>
                <td class="count">1</td>
                <td class="time">361.376 ms</td>
                <td class="percent">
                    
                    
                    
                    100.0 %
                </td>
                </tr>
                <tr class="table-summary">
                <td class="table-name">settlement_operations</td>
                <td class="count">1</td>
                <td class="time">0.011 ms</td>
                <td class="percent">
                    
                    
                    
                    0.0 %
                </td>
                </tr>
                <tr class="table-detail">
                <td class="scan-type">Seq Scan</td>
                <td class="count">1</td>
                <td class="time">0.011 ms</td>
                <td class="percent">
                    
                    
                    
                    100.0 %
                </td>
                </tr>
                <tr class="table-summary">
                <td class="table-name">settlements</td>
                <td class="count">2</td>
                <td class="time">1322.897 ms</td>
                <td class="percent">
                    
                    
                    
                    0.9 %
                </td>
                </tr>
                <tr class="table-detail">
                <td class="scan-type">Seq Scan</td>
                <td class="count">2</td>
                <td class="time">1322.897 ms</td>
                <td class="percent">
                    
                    
                    
                    100.0 %
                </td>
                </tr>
            </tbody>
        </table>
    </div>
</div>



            </section>

            <footer>
                <div>
                    <p class="copyright">Copyright &copy; 2009-2013 <a href="mailto:depesz@depesz.com" title="mail me">Hubert &quot;depesz&quot; Lubaczewski</a>, <a href="mailto:lukasz.metys.lewandowski@gmail.com">ukasz &quot;metys&quot; Lewandowski</a></p>
                    <p class="powered-by">powered by <a href="http://www.mojolicious.org" title="mojolicious web framework">mojolicious</a></p>
                </div>
            </footer>

        </div>
        <!-- /wrapper -->

    </body>
</html>

