http://explain.depesz.com/s/gQa
HTTP/1.1 200 OK
Server: nginx
Date: Thu, 24 Jul 2014 00:16:18 GMT
Content-Type: text/html;charset=utf8
Content-Length: 157442
Connection: close
X-Powered-By: Mojolicious (Perl)

<!doctype html>
<html lang="en">
    <head>
        <meta charset="utf-8" />

        <title>gQa | explain.depesz.com</title>

        <link rel="stylesheet" href="/css/style.css" />

        <!--[if lt IE 9]>
        <script>

            /* html5 elements */
            var elements = ( "abbr,article,aside,audio,cavnas,datalist,"
                           + "details,figure,footer,header,hgroup,mark,"
                           + "menu,meter,output,progress,section,video,"
                           + "time,nav" ).split( ',' );

            for ( var i = 0 ; i < elements.length ; i++ ) {
                document.createElement( elements[ i ] );
            }

        </script>
        <![endif]-->

        <script src="/js/jquery-1.5.1.min.js"></script>

        <script src="/js/jquery.cookie.min.js"></script>

        <script src="/js/explain.js"></script>

        
    <script>
        $( document ).ready( function( ) {

            /* startup */
            $.fn.explain( 'init', $( '#explain-form' ), $( '#explain' ) );

        } );
    </script>

    </head>
    <body class="show">

        <!-- wrapper -->
        <div id="wrapper">

            <header>
                <hgroup>
                    <h1>
                        <a href="/" title="link to: new explain" rel="permalink"><strong>explain</strong>.depesz.com</a>
                    </h1>
                    <h2><span>A tool for finding a real cause for slow queries.</span></h2>
                </hgroup>
            </header>

            <nav>
                <ul>
                    <li class="item item-new-explain">
                        <a href="/" title="link to: new explain" rel="permalink">new explain</a>
                    </li>
                    <li class="item item-history">
                        <a href="/history" title="link to: history" rel="permalink">history</a>
                    </li>
                    <li class="item item-help">
                        <a href="/help" title="link to: help" rel="permalink">help</a>
                    </li>
                    <li class="item item-about">
                        <a href="http://www.depesz.com/index.php/tag/explaindepeszcom/" title="about explain.depesz.com" rel="permalink">about</a>
                    </li>
                    <li class="item item-contact">
                        <a href="/contact" title="link to: contact" rel="permalink">contact</a>
                    </li>
                </ul>
                <ul class="right">
                    <li>
                            <a href="/login" title="link to: login/register" rel="permalink">login</a>
                    </li>
                </ul>
            </nav>

            <section>
                












<h1>Result: gQa</h1>


<div class="explain-form">

    <form id="explain-form" class="hidden" method="get" action="/s/gQa" autocomplete="off">

        <h3>Colorize:</h3>
        <ul>
            <li>
                <input type="radio" name="c" id="ce" value="e" />
                <label for="ce">exclusive</label>
            </li>
            <li>
                <input type="radio" name="c" id="ci" value="i" />
                <label for="ci">inclusive</label>
            </li>
            <li>
                <input type="radio" name="c" id="cx" value="x" />
                <label for="cx">rows x</label>
            </li>
            <li>
                <input type="radio" name="c" id="cm" value="m" checked=&quot;checked&quot; />
                <label for="cm">mixed</label>
            </li>
        </ul>

        <h3>Columns visibility:</h3>
        <ul>
            <li>
                <input type="checkbox" name="vu" id="vu" value="1" checked=&quot;checked&quot; />
                <label for="vu">#</label>
            </li>
            <li>
                <input type="checkbox" name="ve" id="ve" value="1" checked=&quot;checked&quot; />
                <label for="ve">exclusive</label>
            </li>
            <li>
                <input type="checkbox" name="vi" id="vi" value="1" checked=&quot;checked&quot; />
                <label for="vi">inclusive</label>
            </li>
            <li>
                <input type="checkbox" name="vx" id="vx" value="1" checked=&quot;checked&quot; />
                <label for="vx">rows x</label>
            </li>
            <li>
                <input type="checkbox" name="vr" id="vr" value="1" checked=&quot;checked&quot; />
                <label for="vr">rows</label>
            </li>
            <li>
                <input type="checkbox" name="vl" id="vl" value="1" checked=&quot;checked&quot; />
                <label for="vl">loops</label>
            </li>
        </ul>

        <div class="fe fe-buttons">
            <button type="submit" name="save-settings" id="save-settings"><span>Save settings</span></button>
        </div>

    </form>

    <a href="#" onclick="$.fn.explain( 'toggleCfgForm', this ); return false;" onkeypress="return this.onclick( );"><span>options</span></a>

</div>

<div class="result">

    <div class="plea">
        Did it help? Consider supporting us - Bitcoin address: <a href="https://blockchain.info/address/12v2hUztAk2LgzQ9H9LMwuU32urHMjZQnq">12v2hUztAk2LgzQ9H9LMwuU32urHMjZQnq</a>
    </div>


    <div class="tabs">
        <ul class="clearfix">
            <li class="html">
                <a href="#html"
                   title="view HTML"
                   class="current"
                   onclick="$( this ).explain( 'toggleView', 'html', this ); return false;"
                   onkeypress="return this.onclick( );">HTML</a>
            </li>
            <li class="text">
                <a href="#text"
                   title="view plain text"
                   onclick="$( this ).explain( 'toggleView', 'text', this ); return false;"
                   onkeypress="return this.onclick( );">TEXT</a>
            </li>
            <li class="stats">
                <a href="#stats"
                   title="view plan stats"
                   onclick="$( this ).explain( 'toggleView', 'stats', this ); return false;"
                   onkeypress="return this.onclick( );">STATS</a>
            </li>
        </ul>
    </div>

    <div class="result-html">
        <table id="explain">
            <thead>
                <tr>
                    <th class="u">
                        <span>#</span>
                    </th>
                    <th class="e">
                        <a href="#colorize-exclusive"
                            title="colorize rows based on &quot;exclusive&quot;"
                            onclick="$.fn.explain( 'colorize', 'e', this ); return false"
                            onkeypress="return this.onclick( );">exclusive</a>
                    </th>
                    <th class="i">
                        <a href="#colorize-inclusive"
                            title="colorize rows based on &quot;inclusive&quot;"
                            onclick="$.fn.explain( 'colorize', 'i', this ); return false"
                            onkeypress="return this.onclick( );">inclusive</a>
                    </th>
                    <th class="x">
                        <a href="#colorize-rows-x"
                            title="colorize rows based on &quot;rows x&quot;"
                            onclick="$.fn.explain( 'colorize', 'x', this ); return false"
                            onkeypress="return this.onclick( );">rows x</a>
                    </th>
                    <th class="r">
                        <span>rows</span>
                    </th>
                    <th class="l">
                        <span>loops</span>
                    </th>
                    <th class="n">
                        <span>node</span>
                    </th>
                </tr>
            </thead>
            <tbody>
                






    <tr id="l1" class="n odd c-m" data-node_id="0" data-node_parent="" data-level="0" data-e="1" data-i="4" data-x="3">
        <td class="u "><a href="#l1">1.</a></td>
        <td class="e c-1">
            <span>12.884</span>
        </td>
        <td class="i c-4">
            <span>3325.454</span>
        </td>
        <td class="x c-3">
            <span>
                &uarr;
                340.8
            </span>
        </td>
        <td class="r"><span>5</span></td>
        <td class="l"><span>1</span></td>
        <td class="n">
            <div class="n" style="margin-left:22px">

                <div class="ico">&rarr;</div>

                <p>
                    <span class="node">

                        GroupAggregate


                    </span>

                    <span class="est">
                        (cost=77356.78..77505.88
                        rows=1704
                        width=62)
                    </span>

                    <span class="act">
                        (actual
                        time=3307.008..3325.454
                        rows=5
                        loops=1)
                    </span>
                </p>


            </div>
        </td>
    </tr>





            






    <tr id="l2" class="n even c-m" data-node_id="1" data-node_parent="0" data-level="1" data-e="1" data-i="4" data-x="2">
        <td class="u "><a href="#l2">2.</a></td>
        <td class="e c-1">
            <span>37.984</span>
        </td>
        <td class="i c-4">
            <span>3312.570</span>
        </td>
        <td class="x c-2">
            <span>
                &darr;
                17.9
            </span>
        </td>
        <td class="r"><span>30447</span></td>
        <td class="l"><span>1</span></td>
        <td class="n">
            <div class="n" style="margin-left:44px">

                <div class="ico">&rarr;</div>

                <p>
                    <span class="node">

                        Sort


                    </span>

                    <span class="est">
                        (cost=77356.78..77361.04
                        rows=1704
                        width=62)
                    </span>

                    <span class="act">
                        (actual
                        time=3306.052..3312.570
                        rows=30447
                        loops=1)
                    </span>
                </p>

                    <ul class="ex-nfo">
                            <li>Sort Key: (date_trunc(&#39;month&#39;::text, to_timestamp(((dd.order_date)::text || lpad((dd.order_time)::text, 6, &#39;0&#39;::text)), &#39;YYYYMMDDHH24MISS&#39;::text)))</li>
                            <li>Sort Method:  external merge  Disk: 1168kB</li>
                    </ul>

            </div>
        </td>
    </tr>





            






    <tr id="l3" class="n odd c-m" data-node_id="2" data-node_parent="1" data-level="2" data-e="1" data-i="4" data-x="2">
        <td class="u "><a href="#l3">3.</a></td>
        <td class="e c-1">
            <span>114.417</span>
        </td>
        <td class="i c-4">
            <span>3274.586</span>
        </td>
        <td class="x c-2">
            <span>
                &darr;
                17.9
            </span>
        </td>
        <td class="r"><span>30447</span></td>
        <td class="l"><span>1</span></td>
        <td class="n">
            <div class="n" style="margin-left:66px">

                <div class="ico">&rarr;</div>

                <p>
                    <span class="node">

                        Hash Join


                    </span>

                    <span class="est">
                        (cost=24738.16..77265.32
                        rows=1704
                        width=62)
                    </span>

                    <span class="act">
                        (actual
                        time=516.618..3274.586
                        rows=30447
                        loops=1)
                    </span>
                </p>

                    <ul class="ex-nfo">
                            <li>Hash Cond: ((m.code)::text = (m.code)::text)</li>
                    </ul>

            </div>
        </td>
    </tr>





            






    <tr id="l4" class="n even c-m" data-node_id="3" data-node_parent="2" data-level="3" data-e="1" data-i="3" data-x="1">
        <td class="u "><a href="#l4">4.</a></td>
        <td class="e c-1">
            <span>0.178</span>
        </td>
        <td class="i c-3">
            <span>2792.255</span>
        </td>
        <td class="x c-1">
            <span>
                &darr;
                3.5
            </span>
        </td>
        <td class="r"><span>30447</span></td>
        <td class="l"><span>1</span></td>
        <td class="n">
            <div class="n" style="margin-left:88px">

                <div class="ico">&rarr;</div>

                <p>
                    <span class="node">

                        Nested Loop


                    </span>

                    <span class="est">
                        (cost=6610.32..59010.02
                        rows=8723
                        width=81)
                    </span>

                    <span class="act">
                        (actual
                        time=148.657..2792.255
                        rows=30447
                        loops=1)
                    </span>
                </p>


            </div>
        </td>
    </tr>





            






    <tr id="l5" class="n odd c-m" data-node_id="4" data-node_parent="3" data-level="4" data-e="1" data-i="3" data-x="1">
        <td class="u "><a href="#l5">5.</a></td>
        <td class="e c-1">
            <span>18.238</span>
        </td>
        <td class="i c-3">
            <span>2731.183</span>
        </td>
        <td class="x c-1">
            <span>
                &darr;
                3.5
            </span>
        </td>
        <td class="r"><span>30447</span></td>
        <td class="l"><span>1</span></td>
        <td class="n">
            <div class="n" style="margin-left:110px">

                <div class="ico">&rarr;</div>

                <p>
                    <span class="node">

                        Nested Loop


                    </span>

                    <span class="est">
                        (cost=6610.32..56401.82
                        rows=8723
                        width=76)
                    </span>

                    <span class="act">
                        (actual
                        time=148.652..2731.183
                        rows=30447
                        loops=1)
                    </span>
                </p>


            </div>
        </td>
    </tr>





            






    <tr id="l6" class="n even c-m" data-node_id="5" data-node_parent="4" data-level="5" data-e="1" data-i="3" data-x="1">
        <td class="u "><a href="#l6">6.</a></td>
        <td class="e c-1">
            <span>9.063</span>
        </td>
        <td class="i c-3">
            <span>2652.051</span>
        </td>
        <td class="x c-1">
            <span>
                &darr;
                3.5
            </span>
        </td>
        <td class="r"><span>30447</span></td>
        <td class="l"><span>1</span></td>
        <td class="n">
            <div class="n" style="margin-left:132px">

                <div class="ico">&rarr;</div>

                <p>
                    <span class="node">

                        Hash Left Join


                    </span>

                    <span class="est">
                        (cost=6610.32..53793.61
                        rows=8723
                        width=80)
                    </span>

                    <span class="act">
                        (actual
                        time=148.587..2652.051
                        rows=30447
                        loops=1)
                    </span>
                </p>

                    <ul class="ex-nfo">
                            <li>Hash Cond: (hr.miss_root_cause_id = mrc.id)</li>
                    </ul>

            </div>
        </td>
    </tr>





            






    <tr id="l7" class="n odd c-m" data-node_id="6" data-node_parent="5" data-level="6" data-e="1" data-i="3" data-x="1">
        <td class="u "><a href="#l7">7.</a></td>
        <td class="e c-1">
            <span>7.596</span>
        </td>
        <td class="i c-3">
            <span>2642.956</span>
        </td>
        <td class="x c-1">
            <span>
                &darr;
                3.5
            </span>
        </td>
        <td class="r"><span>30447</span></td>
        <td class="l"><span>1</span></td>
        <td class="n">
            <div class="n" style="margin-left:154px">

                <div class="ico">&rarr;</div>

                <p>
                    <span class="node">

                        Hash Left Join


                    </span>

                    <span class="est">
                        (cost=6608.62..53747.75
                        rows=8723
                        width=43)
                    </span>

                    <span class="act">
                        (actual
                        time=148.540..2642.956
                        rows=30447
                        loops=1)
                    </span>
                </p>

                    <ul class="ex-nfo">
                            <li>Hash Cond: (hr.alt_site_id = om1.id)</li>
                    </ul>

            </div>
        </td>
    </tr>





            






    <tr id="l8" class="n even c-m" data-node_id="7" data-node_parent="6" data-level="7" data-e="1" data-i="3" data-x="1">
        <td class="u "><a href="#l8">8.</a></td>
        <td class="e c-1">
            <span>88.686</span>
        </td>
        <td class="i c-3">
            <span>2634.642</span>
        </td>
        <td class="x c-1">
            <span>
                &darr;
                3.5
            </span>
        </td>
        <td class="r"><span>30447</span></td>
        <td class="l"><span>1</span></td>
        <td class="n">
            <div class="n" style="margin-left:176px">

                <div class="ico">&rarr;</div>

                <p>
                    <span class="node">

                        Hash Join


                    </span>

                    <span class="est">
                        (cost=6521.94..53628.35
                        rows=8723
                        width=47)
                    </span>

                    <span class="act">
                        (actual
                        time=147.795..2634.642
                        rows=30447
                        loops=1)
                    </span>
                </p>

                    <ul class="ex-nfo">
                            <li>Hash Cond: ((dd.ddemand_key)::text = (hr.ddemand_key)::text)</li>
                    </ul>

            </div>
        </td>
    </tr>





            






    <tr id="l9" class="n odd c-m" data-node_id="8" data-node_parent="7" data-level="8" data-e="3" data-i="3" data-x="1">
        <td class="u "><a href="#l9">9.</a></td>
        <td class="e c-3">
            <span>2400.890</span>
        </td>
        <td class="i c-3">
            <span>2400.890</span>
        </td>
        <td class="x c-1">
            <span>
                &uarr;
                1.1
            </span>
        </td>
        <td class="r"><span>42575</span></td>
        <td class="l"><span>1</span></td>
        <td class="n">
            <div class="n" style="margin-left:198px">

                <div class="ico">&rarr;</div>

                <p>
                    <span class="node">

                        Seq Scan

                            on daily_demand dd

                    </span>

                    <span class="est">
                        (cost=0.00..44995.62
                        rows=45207
                        width=37)
                    </span>

                    <span class="act">
                        (actual
                        time=0.156..2400.890
                        rows=42575
                        loops=1)
                    </span>
                </p>

                    <ul class="ex-nfo">
                            <li>Filter: ((to_timestamp(((order_date)::text || lpad((order_time)::text, 6, &#39;0&#39;::text)), &#39;YYYYMMDDHH24MISS&#39;::text) &lt;= (&#39;now&#39;::text)::date) AND (date_trunc(&#39;month&#39;::text, to_timestamp(((order_date)::text || lpad((order_time)::text, 6, &#39;0&#39;::text)), &#39;YYYYMMDDHH24MISS&#39;::text)) &gt; (date_trunc(&#39;month&#39;::text, ((&#39;now&#39;::text)::date)::timestamp with time zone) - &#39;6 mons&#39;::interval)))</li>
                    </ul>

            </div>
        </td>
    </tr>








            






    <tr id="l10" class="n odd c-m" data-node_id="9" data-node_parent="7" data-level="8" data-e="1" data-i="1" data-x="1">
        <td class="u "><a href="#l10">10.</a></td>
        <td class="e c-1">
            <span>52.514</span>
        </td>
        <td class="i c-1">
            <span>145.066</span>
        </td>
        <td class="x c-1">
            <span>
                &darr;
                1.5
            </span>
        </td>
        <td class="r"><span>114430</span></td>
        <td class="l"><span>1</span></td>
        <td class="n">
            <div class="n" style="margin-left:198px">

                <div class="ico">&rarr;</div>

                <p>
                    <span class="node">

                        Hash


                    </span>

                    <span class="est">
                        (cost=4620.63..4620.63
                        rows=78505
                        width=71)
                    </span>

                    <span class="act">
                        (actual
                        time=145.066..145.066
                        rows=114430
                        loops=1)
                    </span>
                </p>


            </div>
        </td>
    </tr>





            






    <tr id="l11" class="n even c-m" data-node_id="10" data-node_parent="9" data-level="9" data-e="1" data-i="1" data-x="1">
        <td class="u "><a href="#l11">11.</a></td>
        <td class="e c-1">
            <span>59.114</span>
        </td>
        <td class="i c-1">
            <span>92.552</span>
        </td>
        <td class="x c-1">
            <span>
                &darr;
                1.5
            </span>
        </td>
        <td class="r"><span>114430</span></td>
        <td class="l"><span>1</span></td>
        <td class="n">
            <div class="n" style="margin-left:220px">

                <div class="ico">&rarr;</div>

                <p>
                    <span class="node">

                        Hash Join


                    </span>

                    <span class="est">
                        (cost=114.47..4620.63
                        rows=78505
                        width=71)
                    </span>

                    <span class="act">
                        (actual
                        time=1.716..92.552
                        rows=114430
                        loops=1)
                    </span>
                </p>

                    <ul class="ex-nfo">
                            <li>Hash Cond: (hr.site_id = om.id)</li>
                    </ul>

            </div>
        </td>
    </tr>





            






    <tr id="l12" class="n odd c-m" data-node_id="11" data-node_parent="10" data-level="10" data-e="1" data-i="1" data-x="1">
        <td class="u "><a href="#l12">12.</a></td>
        <td class="e c-1">
            <span>31.787</span>
        </td>
        <td class="i c-1">
            <span>31.787</span>
        </td>
        <td class="x c-1">
            <span>
                &uarr;
                1.0
            </span>
        </td>
        <td class="r"><span>134626</span></td>
        <td class="l"><span>1</span></td>
        <td class="n">
            <div class="n" style="margin-left:242px">

                <div class="ico">&rarr;</div>

                <p>
                    <span class="node">

                        Seq Scan

                            on hit_rate hr

                    </span>

                    <span class="est">
                        (cost=0.00..3216.26
                        rows=134626
                        width=65)
                    </span>

                    <span class="act">
                        (actual
                        time=0.042..31.787
                        rows=134626
                        loops=1)
                    </span>
                </p>


            </div>
        </td>
    </tr>








            






    <tr id="l13" class="n odd c-m" data-node_id="12" data-node_parent="10" data-level="10" data-e="1" data-i="1" data-x="1">
        <td class="u "><a href="#l13">13.</a></td>
        <td class="e c-1">
            <span>0.133</span>
        </td>
        <td class="i c-1">
            <span>1.651</span>
        </td>
        <td class="x c-1">
            <span>
                &uarr;
                1.0
            </span>
        </td>
        <td class="r"><span>484</span></td>
        <td class="l"><span>1</span></td>
        <td class="n">
            <div class="n" style="margin-left:242px">

                <div class="ico">&rarr;</div>

                <p>
                    <span class="node">

                        Hash


                    </span>

                    <span class="est">
                        (cost=108.42..108.42
                        rows=484
                        width=14)
                    </span>

                    <span class="act">
                        (actual
                        time=1.651..1.651
                        rows=484
                        loops=1)
                    </span>
                </p>


            </div>
        </td>
    </tr>





            






    <tr id="l14" class="n even c-m" data-node_id="13" data-node_parent="12" data-level="11" data-e="1" data-i="1" data-x="1">
        <td class="u "><a href="#l14">14.</a></td>
        <td class="e c-1">
            <span>0.283</span>
        </td>
        <td class="i c-1">
            <span>1.518</span>
        </td>
        <td class="x c-1">
            <span>
                &uarr;
                1.0
            </span>
        </td>
        <td class="r"><span>484</span></td>
        <td class="l"><span>1</span></td>
        <td class="n">
            <div class="n" style="margin-left:264px">

                <div class="ico">&rarr;</div>

                <p>
                    <span class="node">

                        Nested Loop


                    </span>

                    <span class="est">
                        (cost=25.18..108.42
                        rows=484
                        width=14)
                    </span>

                    <span class="act">
                        (actual
                        time=0.675..1.518
                        rows=484
                        loops=1)
                    </span>
                </p>


            </div>
        </td>
    </tr>





            






    <tr id="l15" class="n odd c-m" data-node_id="14" data-node_parent="13" data-level="12" data-e="1" data-i="1" data-x="1">
        <td class="u "><a href="#l15">15.</a></td>
        <td class="e c-1">
            <span>0.002</span>
        </td>
        <td class="i c-1">
            <span>0.199</span>
        </td>
        <td class="x c-1">
            <span>
                &uarr;
                1.0
            </span>
        </td>
        <td class="r"><span>1</span></td>
        <td class="l"><span>1</span></td>
        <td class="n">
            <div class="n" style="margin-left:286px">

                <div class="ico">&rarr;</div>

                <p>
                    <span class="node">

                        Subquery Scan vpr


                    </span>

                    <span class="est">
                        (cost=25.18..25.21
                        rows=1
                        width=32)
                    </span>

                    <span class="act">
                        (actual
                        time=0.198..0.199
                        rows=1
                        loops=1)
                    </span>
                </p>

                    <ul class="ex-nfo">
                            <li>Filter: ((vpr.region_code)::text = &#39;DLR-US-FLD&#39;::text)</li>
                    </ul>

            </div>
        </td>
    </tr>





            






    <tr id="l16" class="n even c-m" data-node_id="15" data-node_parent="14" data-level="13" data-e="1" data-i="1" data-x="1">
        <td class="u "><a href="#l16">16.</a></td>
        <td class="e c-1">
            <span>0.018</span>
        </td>
        <td class="i c-1">
            <span>0.197</span>
        </td>
        <td class="x c-1">
            <span>
                &uarr;
                1.0
            </span>
        </td>
        <td class="r"><span>2</span></td>
        <td class="l"><span>1</span></td>
        <td class="n">
            <div class="n" style="margin-left:308px">

                <div class="ico">&rarr;</div>

                <p>
                    <span class="node">

                        Sort


                    </span>

                    <span class="est">
                        (cost=25.18..25.18
                        rows=2
                        width=24)
                    </span>

                    <span class="act">
                        (actual
                        time=0.197..0.197
                        rows=2
                        loops=1)
                    </span>
                </p>

                    <ul class="ex-nfo">
                            <li>Sort Key: log_div_mast.description</li>
                            <li>Sort Method:  quicksort  Memory: 25kB</li>
                    </ul>

            </div>
        </td>
    </tr>





            






    <tr id="l17" class="n odd c-m" data-node_id="16" data-node_parent="15" data-level="14" data-e="1" data-i="1" data-x="1">
        <td class="u "><a href="#l17">17.</a></td>
        <td class="e c-1">
            <span>0.001</span>
        </td>
        <td class="i c-1">
            <span>0.179</span>
        </td>
        <td class="x c-1">
            <span>
                &uarr;
                1.0
            </span>
        </td>
        <td class="r"><span>2</span></td>
        <td class="l"><span>1</span></td>
        <td class="n">
            <div class="n" style="margin-left:330px">

                <div class="ico">&rarr;</div>

                <p>
                    <span class="node">

                        Append


                    </span>

                    <span class="est">
                        (cost=0.00..25.17
                        rows=2
                        width=24)
                    </span>

                    <span class="act">
                        (actual
                        time=0.124..0.179
                        rows=2
                        loops=1)
                    </span>
                </p>


            </div>
        </td>
    </tr>





            






    <tr id="l18" class="n even c-m" data-node_id="17" data-node_parent="16" data-level="15" data-e="1" data-i="1" data-x="1">
        <td class="u "><a href="#l18">18.</a></td>
        <td class="e c-1">
            <span>0.002</span>
        </td>
        <td class="i c-1">
            <span>0.166</span>
        </td>
        <td class="x c-1">
            <span>
                &uarr;
                1.0
            </span>
        </td>
        <td class="r"><span>1</span></td>
        <td class="l"><span>1</span></td>
        <td class="n">
            <div class="n" style="margin-left:352px">

                <div class="ico">&rarr;</div>

                <p>
                    <span class="node">

                        Nested Loop


                    </span>

                    <span class="est">
                        (cost=0.00..16.90
                        rows=1
                        width=33)
                    </span>

                    <span class="act">
                        (actual
                        time=0.123..0.166
                        rows=1
                        loops=1)
                    </span>
                </p>

                    <ul class="ex-nfo">
                            <li>Join Filter: (sys_co_regs.cid = plan.sys_user.cid)</li>
                    </ul>

            </div>
        </td>
    </tr>





            






    <tr id="l19" class="n odd c-m" data-node_id="18" data-node_parent="17" data-level="16" data-e="1" data-i="1" data-x="1">
        <td class="u "><a href="#l19">19.</a></td>
        <td class="e c-1">
            <span>0.002</span>
        </td>
        <td class="i c-1">
            <span>0.091</span>
        </td>
        <td class="x c-1">
            <span>
                &uarr;
                1.0
            </span>
        </td>
        <td class="r"><span>1</span></td>
        <td class="l"><span>1</span></td>
        <td class="n">
            <div class="n" style="margin-left:374px">

                <div class="ico">&rarr;</div>

                <p>
                    <span class="node">

                        Nested Loop


                    </span>

                    <span class="est">
                        (cost=0.00..8.63
                        rows=1
                        width=26)
                    </span>

                    <span class="act">
                        (actual
                        time=0.055..0.091
                        rows=1
                        loops=1)
                    </span>
                </p>

                    <ul class="ex-nfo">
                            <li>Join Filter: ((log_div_mast.log_div)::text = (sys_co_regs.region)::text)</li>
                    </ul>

            </div>
        </td>
    </tr>





            






    <tr id="l20" class="n even c-m" data-node_id="19" data-node_parent="18" data-level="17" data-e="1" data-i="1" data-x="1">
        <td class="u "><a href="#l20">20.</a></td>
        <td class="e c-1">
            <span>0.006</span>
        </td>
        <td class="i c-1">
            <span>0.077</span>
        </td>
        <td class="x c-1">
            <span>
                &uarr;
                1.0
            </span>
        </td>
        <td class="r"><span>1</span></td>
        <td class="l"><span>1</span></td>
        <td class="n">
            <div class="n" style="margin-left:396px">

                <div class="ico">&rarr;</div>

                <p>
                    <span class="node">

                        Nested Loop


                    </span>

                    <span class="est">
                        (cost=0.00..7.36
                        rows=1
                        width=31)
                    </span>

                    <span class="act">
                        (actual
                        time=0.044..0.077
                        rows=1
                        loops=1)
                    </span>
                </p>

                    <ul class="ex-nfo">
                            <li>Join Filter: ((sys_user_regions.region)::text = (log_div_mast.log_div)::text)</li>
                    </ul>

            </div>
        </td>
    </tr>





            






    <tr id="l21" class="n odd c-m" data-node_id="20" data-node_parent="19" data-level="18" data-e="1" data-i="1" data-x="1">
        <td class="u "><a href="#l21">21.</a></td>
        <td class="e c-1">
            <span>0.059</span>
        </td>
        <td class="i c-1">
            <span>0.059</span>
        </td>
        <td class="x c-1">
            <span>
                &uarr;
                1.0
            </span>
        </td>
        <td class="r"><span>1</span></td>
        <td class="l"><span>1</span></td>
        <td class="n">
            <div class="n" style="margin-left:418px">

                <div class="ico">&rarr;</div>

                <p>
                    <span class="node">

                        Seq Scan

                            on sys_user_regions 

                    </span>

                    <span class="est">
                        (cost=0.00..6.05
                        rows=1
                        width=13)
                    </span>

                    <span class="act">
                        (actual
                        time=0.028..0.059
                        rows=1
                        loops=1)
                    </span>
                </p>

                    <ul class="ex-nfo">
                            <li>Filter: (uid = 55)</li>
                    </ul>

            </div>
        </td>
    </tr>








            






    <tr id="l22" class="n odd c-m" data-node_id="21" data-node_parent="19" data-level="18" data-e="1" data-i="1" data-x="1">
        <td class="u "><a href="#l22">22.</a></td>
        <td class="e c-1">
            <span>0.012</span>
        </td>
        <td class="i c-1">
            <span>0.012</span>
        </td>
        <td class="x c-1">
            <span>
                &uarr;
                1.0
            </span>
        </td>
        <td class="r"><span>14</span></td>
        <td class="l"><span>1</span></td>
        <td class="n">
            <div class="n" style="margin-left:418px">

                <div class="ico">&rarr;</div>

                <p>
                    <span class="node">

                        Seq Scan

                            on log_div_mast 

                    </span>

                    <span class="est">
                        (cost=0.00..1.14
                        rows=14
                        width=18)
                    </span>

                    <span class="act">
                        (actual
                        time=0.011..0.012
                        rows=14
                        loops=1)
                    </span>
                </p>


            </div>
        </td>
    </tr>











            






    <tr id="l23" class="n even c-m" data-node_id="22" data-node_parent="18" data-level="17" data-e="1" data-i="1" data-x="1">
        <td class="u "><a href="#l23">23.</a></td>
        <td class="e c-1">
            <span>0.012</span>
        </td>
        <td class="i c-1">
            <span>0.012</span>
        </td>
        <td class="x c-1">
            <span>
                &uarr;
                1.0
            </span>
        </td>
        <td class="r"><span>12</span></td>
        <td class="l"><span>1</span></td>
        <td class="n">
            <div class="n" style="margin-left:396px">

                <div class="ico">&rarr;</div>

                <p>
                    <span class="node">

                        Seq Scan

                            on sys_co_regs 

                    </span>

                    <span class="est">
                        (cost=0.00..1.12
                        rows=12
                        width=13)
                    </span>

                    <span class="act">
                        (actual
                        time=0.010..0.012
                        rows=12
                        loops=1)
                    </span>
                </p>


            </div>
        </td>
    </tr>











            






    <tr id="l24" class="n odd c-m" data-node_id="23" data-node_parent="17" data-level="16" data-e="1" data-i="1" data-x="1">
        <td class="u "><a href="#l24">24.</a></td>
        <td class="e c-1">
            <span>0.073</span>
        </td>
        <td class="i c-1">
            <span>0.073</span>
        </td>
        <td class="x c-1">
            <span>
                &uarr;
                1.0
            </span>
        </td>
        <td class="r"><span>1</span></td>
        <td class="l"><span>1</span></td>
        <td class="n">
            <div class="n" style="margin-left:374px">

                <div class="ico">&rarr;</div>

                <p>
                    <span class="node">

                        Seq Scan

                            on sys_user 

                    </span>

                    <span class="est">
                        (cost=0.00..8.25
                        rows=1
                        width=15)
                    </span>

                    <span class="act">
                        (actual
                        time=0.066..0.073
                        rows=1
                        loops=1)
                    </span>
                </p>

                    <ul class="ex-nfo">
                            <li>Filter: (plan.sys_user.uid = 55)</li>
                    </ul>

            </div>
        </td>
    </tr>











            






    <tr id="l25" class="n even c-m" data-node_id="24" data-node_parent="16" data-level="15" data-e="1" data-i="1" data-x="1">
        <td class="u "><a href="#l25">25.</a></td>
        <td class="e c-1">
            <span>0.000</span>
        </td>
        <td class="i c-1">
            <span>0.012</span>
        </td>
        <td class="x c-1">
            <span>
                &uarr;
                1.0
            </span>
        </td>
        <td class="r"><span>1</span></td>
        <td class="l"><span>1</span></td>
        <td class="n">
            <div class="n" style="margin-left:352px">

                <div class="ico">&rarr;</div>

                <p>
                    <span class="node">

                        Subquery Scan &quot;*SELECT* 2&quot;


                    </span>

                    <span class="est">
                        (cost=0.00..8.26
                        rows=1
                        width=15)
                    </span>

                    <span class="act">
                        (actual
                        time=0.010..0.012
                        rows=1
                        loops=1)
                    </span>
                </p>


            </div>
        </td>
    </tr>





            






    <tr id="l26" class="n odd c-m" data-node_id="25" data-node_parent="24" data-level="16" data-e="1" data-i="1" data-x="1">
        <td class="u "><a href="#l26">26.</a></td>
        <td class="e c-1">
            <span>0.012</span>
        </td>
        <td class="i c-1">
            <span>0.012</span>
        </td>
        <td class="x c-1">
            <span>
                &uarr;
                1.0
            </span>
        </td>
        <td class="r"><span>1</span></td>
        <td class="l"><span>1</span></td>
        <td class="n">
            <div class="n" style="margin-left:374px">

                <div class="ico">&rarr;</div>

                <p>
                    <span class="node">

                        Seq Scan

                            on sys_user 

                    </span>

                    <span class="est">
                        (cost=0.00..8.25
                        rows=1
                        width=15)
                    </span>

                    <span class="act">
                        (actual
                        time=0.010..0.012
                        rows=1
                        loops=1)
                    </span>
                </p>

                    <ul class="ex-nfo">
                            <li>Filter: (uid = 55)</li>
                    </ul>

            </div>
        </td>
    </tr>




















            






    <tr id="l27" class="n even c-m" data-node_id="26" data-node_parent="13" data-level="12" data-e="1" data-i="1" data-x="1">
        <td class="u "><a href="#l27">27.</a></td>
        <td class="e c-1">
            <span>1.036</span>
        </td>
        <td class="i c-1">
            <span>1.036</span>
        </td>
        <td class="x c-1">
            <span>
                &uarr;
                1.0
            </span>
        </td>
        <td class="r"><span>484</span></td>
        <td class="l"><span>1</span></td>
        <td class="n">
            <div class="n" style="margin-left:286px">

                <div class="ico">&rarr;</div>

                <p>
                    <span class="node">

                        Seq Scan

                            on office_mast om

                    </span>

                    <span class="est">
                        (cost=0.00..78.38
                        rows=484
                        width=14)
                    </span>

                    <span class="act">
                        (actual
                        time=0.474..1.036
                        rows=484
                        loops=1)
                    </span>
                </p>

                    <ul class="ex-nfo">
                            <li>Filter: ((om.log_div)::text = &#39;DLR-US-FLD&#39;::text)</li>
                    </ul>

            </div>
        </td>
    </tr>























            






    <tr id="l28" class="n odd c-m" data-node_id="27" data-node_parent="6" data-level="7" data-e="1" data-i="1" data-x="1">
        <td class="u "><a href="#l28">28.</a></td>
        <td class="e c-1">
            <span>0.179</span>
        </td>
        <td class="i c-1">
            <span>0.718</span>
        </td>
        <td class="x c-1">
            <span>
                &uarr;
                1.0
            </span>
        </td>
        <td class="r"><span>830</span></td>
        <td class="l"><span>1</span></td>
        <td class="n">
            <div class="n" style="margin-left:176px">

                <div class="ico">&rarr;</div>

                <p>
                    <span class="node">

                        Hash


                    </span>

                    <span class="est">
                        (cost=76.30..76.30
                        rows=830
                        width=4)
                    </span>

                    <span class="act">
                        (actual
                        time=0.718..0.718
                        rows=830
                        loops=1)
                    </span>
                </p>


            </div>
        </td>
    </tr>





            






    <tr id="l29" class="n even c-m" data-node_id="28" data-node_parent="27" data-level="8" data-e="1" data-i="1" data-x="1">
        <td class="u "><a href="#l29">29.</a></td>
        <td class="e c-1">
            <span>0.539</span>
        </td>
        <td class="i c-1">
            <span>0.539</span>
        </td>
        <td class="x c-1">
            <span>
                &uarr;
                1.0
            </span>
        </td>
        <td class="r"><span>830</span></td>
        <td class="l"><span>1</span></td>
        <td class="n">
            <div class="n" style="margin-left:198px">

                <div class="ico">&rarr;</div>

                <p>
                    <span class="node">

                        Seq Scan

                            on office_mast om1

                    </span>

                    <span class="est">
                        (cost=0.00..76.30
                        rows=830
                        width=4)
                    </span>

                    <span class="act">
                        (actual
                        time=0.015..0.539
                        rows=830
                        loops=1)
                    </span>
                </p>


            </div>
        </td>
    </tr>














            






    <tr id="l30" class="n odd c-m" data-node_id="29" data-node_parent="5" data-level="6" data-e="1" data-i="1" data-x="1">
        <td class="u "><a href="#l30">30.</a></td>
        <td class="e c-1">
            <span>0.012</span>
        </td>
        <td class="i c-1">
            <span>0.032</span>
        </td>
        <td class="x c-1">
            <span>
                &uarr;
                1.0
            </span>
        </td>
        <td class="r"><span>31</span></td>
        <td class="l"><span>1</span></td>
        <td class="n">
            <div class="n" style="margin-left:154px">

                <div class="ico">&rarr;</div>

                <p>
                    <span class="node">

                        Hash


                    </span>

                    <span class="est">
                        (cost=1.31..1.31
                        rows=31
                        width=45)
                    </span>

                    <span class="act">
                        (actual
                        time=0.032..0.032
                        rows=31
                        loops=1)
                    </span>
                </p>


            </div>
        </td>
    </tr>





            






    <tr id="l31" class="n even c-m" data-node_id="30" data-node_parent="29" data-level="7" data-e="1" data-i="1" data-x="1">
        <td class="u "><a href="#l31">31.</a></td>
        <td class="e c-1">
            <span>0.020</span>
        </td>
        <td class="i c-1">
            <span>0.020</span>
        </td>
        <td class="x c-1">
            <span>
                &uarr;
                1.0
            </span>
        </td>
        <td class="r"><span>31</span></td>
        <td class="l"><span>1</span></td>
        <td class="n">
            <div class="n" style="margin-left:176px">

                <div class="ico">&rarr;</div>

                <p>
                    <span class="node">

                        Seq Scan

                            on miss_root_cause mrc

                    </span>

                    <span class="est">
                        (cost=0.00..1.31
                        rows=31
                        width=45)
                    </span>

                    <span class="act">
                        (actual
                        time=0.015..0.020
                        rows=31
                        loops=1)
                    </span>
                </p>


            </div>
        </td>
    </tr>














            






    <tr id="l32" class="n odd c-m" data-node_id="31" data-node_parent="4" data-level="5" data-e="1" data-i="1" data-x="1">
        <td class="u "><a href="#l32">32.</a></td>
        <td class="e c-1">
            <span>60.894</span>
        </td>
        <td class="i c-1">
            <span>60.894</span>
        </td>
        <td class="x c-1">
            <span>
                &uarr;
                1.0
            </span>
        </td>
        <td class="r"><span>1</span></td>
        <td class="l"><span>30447</span></td>
        <td class="n">
            <div class="n" style="margin-left:132px">

                <div class="ico">&rarr;</div>

                <p>
                    <span class="node">

                        Index Scan

                            using material_pkey on material m1

                    </span>

                    <span class="est">
                        (cost=0.00..0.29
                        rows=1
                        width=4)
                    </span>

                    <span class="act">
                        (actual
                        time=0.002..0.002
                        rows=1
                        loops=30447)
                    </span>
                </p>

                    <ul class="ex-nfo">
                            <li>Index Cond: (m1.id = hr.master_material_id)</li>
                    </ul>

            </div>
        </td>
    </tr>











            






    <tr id="l33" class="n even c-m" data-node_id="32" data-node_parent="3" data-level="4" data-e="1" data-i="1" data-x="1">
        <td class="u "><a href="#l33">33.</a></td>
        <td class="e c-1">
            <span>60.894</span>
        </td>
        <td class="i c-1">
            <span>60.894</span>
        </td>
        <td class="x c-1">
            <span>
                &uarr;
                1.0
            </span>
        </td>
        <td class="r"><span>1</span></td>
        <td class="l"><span>30447</span></td>
        <td class="n">
            <div class="n" style="margin-left:110px">

                <div class="ico">&rarr;</div>

                <p>
                    <span class="node">

                        Index Scan

                            using material_pkey on material m

                    </span>

                    <span class="est">
                        (cost=0.00..0.29
                        rows=1
                        width=13)
                    </span>

                    <span class="act">
                        (actual
                        time=0.001..0.002
                        rows=1
                        loops=30447)
                    </span>
                </p>

                    <ul class="ex-nfo">
                            <li>Index Cond: (m.id = hr.material_id)</li>
                    </ul>

            </div>
        </td>
    </tr>











            






    <tr id="l34" class="n odd c-m" data-node_id="33" data-node_parent="2" data-level="3" data-e="1" data-i="2" data-x="1">
        <td class="u "><a href="#l34">34.</a></td>
        <td class="e c-1">
            <span>9.539</span>
        </td>
        <td class="i c-2">
            <span>367.914</span>
        </td>
        <td class="x c-1">
            <span>
                &darr;
                2.7
            </span>
        </td>
        <td class="r"><span>27792</span></td>
        <td class="l"><span>1</span></td>
        <td class="n">
            <div class="n" style="margin-left:88px">

                <div class="ico">&rarr;</div>

                <p>
                    <span class="node">

                        Hash


                    </span>

                    <span class="est">
                        (cost=17997.32..17997.32
                        rows=10442
                        width=18)
                    </span>

                    <span class="act">
                        (actual
                        time=367.914..367.914
                        rows=27792
                        loops=1)
                    </span>
                </p>


            </div>
        </td>
    </tr>





            






    <tr id="l35" class="n even c-m" data-node_id="34" data-node_parent="33" data-level="4" data-e="1" data-i="2" data-x="1">
        <td class="u "><a href="#l35">35.</a></td>
        <td class="e c-1">
            <span>12.300</span>
        </td>
        <td class="i c-2">
            <span>358.375</span>
        </td>
        <td class="x c-1">
            <span>
                &darr;
                2.7
            </span>
        </td>
        <td class="r"><span>27792</span></td>
        <td class="l"><span>1</span></td>
        <td class="n">
            <div class="n" style="margin-left:110px">

                <div class="ico">&rarr;</div>

                <p>
                    <span class="node">

                        Merge Left Join


                    </span>

                    <span class="est">
                        (cost=17869.60..17997.32
                        rows=10442
                        width=18)
                    </span>

                    <span class="act">
                        (actual
                        time=335.682..358.375
                        rows=27792
                        loops=1)
                    </span>
                </p>

                    <ul class="ex-nfo">
                            <li>Merge Cond: ((m.code)::text = (lma.mat_code)::text)</li>
                            <li>Join Filter: ((lma.log_div)::text = (ldm.log_div)::text)</li>
                    </ul>

            </div>
        </td>
    </tr>





            






    <tr id="l36" class="n odd c-m" data-node_id="35" data-node_parent="34" data-level="5" data-e="1" data-i="1" data-x="1">
        <td class="u "><a href="#l36">36.</a></td>
        <td class="e c-1">
            <span>47.850</span>
        </td>
        <td class="i c-1">
            <span>321.518</span>
        </td>
        <td class="x c-1">
            <span>
                &darr;
                2.7
            </span>
        </td>
        <td class="r"><span>27792</span></td>
        <td class="l"><span>1</span></td>
        <td class="n">
            <div class="n" style="margin-left:132px">

                <div class="ico">&rarr;</div>

                <p>
                    <span class="node">

                        Sort


                    </span>

                    <span class="est">
                        (cost=16954.81..16980.91
                        rows=10442
                        width=18)
                    </span>

                    <span class="act">
                        (actual
                        time=312.703..321.518
                        rows=27792
                        loops=1)
                    </span>
                </p>

                    <ul class="ex-nfo">
                            <li>Sort Key: m.code</li>
                            <li>Sort Method:  external merge  Disk: 808kB</li>
                    </ul>

            </div>
        </td>
    </tr>





            






    <tr id="l37" class="n even c-m" data-node_id="36" data-node_parent="35" data-level="6" data-e="1" data-i="1" data-x="1">
        <td class="u "><a href="#l37">37.</a></td>
        <td class="e c-1">
            <span>6.918</span>
        </td>
        <td class="i c-1">
            <span>273.668</span>
        </td>
        <td class="x c-1">
            <span>
                &darr;
                2.7
            </span>
        </td>
        <td class="r"><span>27792</span></td>
        <td class="l"><span>1</span></td>
        <td class="n">
            <div class="n" style="margin-left:154px">

                <div class="ico">&rarr;</div>

                <p>
                    <span class="node">

                        Hash Left Join


                    </span>

                    <span class="est">
                        (cost=10648.96..16257.80
                        rows=10442
                        width=18)
                    </span>

                    <span class="act">
                        (actual
                        time=109.006..273.668
                        rows=27792
                        loops=1)
                    </span>
                </p>

                    <ul class="ex-nfo">
                            <li>Hash Cond: ((ira.dc_pc_id)::text = (dc_pc.pc_id)::text)</li>
                    </ul>

            </div>
        </td>
    </tr>





            






    <tr id="l38" class="n odd c-m" data-node_id="37" data-node_parent="36" data-level="7" data-e="1" data-i="1" data-x="1">
        <td class="u "><a href="#l38">38.</a></td>
        <td class="e c-1">
            <span>6.884</span>
        </td>
        <td class="i c-1">
            <span>266.729</span>
        </td>
        <td class="x c-1">
            <span>
                &darr;
                2.7
            </span>
        </td>
        <td class="r"><span>27792</span></td>
        <td class="l"><span>1</span></td>
        <td class="n">
            <div class="n" style="margin-left:176px">

                <div class="ico">&rarr;</div>

                <p>
                    <span class="node">

                        Hash Left Join


                    </span>

                    <span class="est">
                        (cost=10646.95..16112.21
                        rows=10442
                        width=38)
                    </span>

                    <span class="act">
                        (actual
                        time=108.967..266.729
                        rows=27792
                        loops=1)
                    </span>
                </p>

                    <ul class="ex-nfo">
                            <li>Hash Cond: ((ira.supply_pc_id)::text = (supply_pc.pc_id)::text)</li>
                    </ul>

            </div>
        </td>
    </tr>





            






    <tr id="l39" class="n even c-m" data-node_id="38" data-node_parent="37" data-level="8" data-e="1" data-i="1" data-x="1">
        <td class="u "><a href="#l39">39.</a></td>
        <td class="e c-1">
            <span>11.080</span>
        </td>
        <td class="i c-1">
            <span>259.824</span>
        </td>
        <td class="x c-1">
            <span>
                &darr;
                2.7
            </span>
        </td>
        <td class="r"><span>27792</span></td>
        <td class="l"><span>1</span></td>
        <td class="n">
            <div class="n" style="margin-left:198px">

                <div class="ico">&rarr;</div>

                <p>
                    <span class="node">

                        Hash Left Join


                    </span>

                    <span class="est">
                        (cost=10644.93..15966.62
                        rows=10442
                        width=58)
                    </span>

                    <span class="act">
                        (actual
                        time=108.930..259.824
                        rows=27792
                        loops=1)
                    </span>
                </p>

                    <ul class="ex-nfo">
                            <li>Hash Cond: ((ira.field_pc_id)::text = (field_pc.pc_id)::text)</li>
                    </ul>

            </div>
        </td>
    </tr>





            






    <tr id="l40" class="n odd c-m" data-node_id="39" data-node_parent="38" data-level="9" data-e="1" data-i="1" data-x="1">
        <td class="u "><a href="#l40">40.</a></td>
        <td class="e c-1">
            <span>6.928</span>
        </td>
        <td class="i c-1">
            <span>248.701</span>
        </td>
        <td class="x c-1">
            <span>
                &darr;
                2.7
            </span>
        </td>
        <td class="r"><span>27792</span></td>
        <td class="l"><span>1</span></td>
        <td class="n">
            <div class="n" style="margin-left:220px">

                <div class="ico">&rarr;</div>

                <p>
                    <span class="node">

                        Hash Left Join


                    </span>

                    <span class="est">
                        (cost=10642.92..15821.03
                        rows=10442
                        width=82)
                    </span>

                    <span class="act">
                        (actual
                        time=108.871..248.701
                        rows=27792
                        loops=1)
                    </span>
                </p>

                    <ul class="ex-nfo">
                            <li>Hash Cond: (((ldm.log_div)::text = (lcm.log_div)::text) AND ((ma.com_code)::text = (lcm.com_code)::text))</li>
                    </ul>

            </div>
        </td>
    </tr>





            






    <tr id="l41" class="n even c-m" data-node_id="40" data-node_parent="39" data-level="10" data-e="1" data-i="1" data-x="1">
        <td class="u "><a href="#l41">41.</a></td>
        <td class="e c-1">
            <span>10.093</span>
        </td>
        <td class="i c-1">
            <span>241.738</span>
        </td>
        <td class="x c-1">
            <span>
                &darr;
                2.7
            </span>
        </td>
        <td class="r"><span>27792</span></td>
        <td class="l"><span>1</span></td>
        <td class="n">
            <div class="n" style="margin-left:242px">

                <div class="ico">&rarr;</div>

                <p>
                    <span class="node">

                        Hash Left Join


                    </span>

                    <span class="est">
                        (cost=10638.49..15738.02
                        rows=10442
                        width=83)
                    </span>

                    <span class="act">
                        (actual
                        time=108.821..241.738
                        rows=27792
                        loops=1)
                    </span>
                </p>

                    <ul class="ex-nfo">
                            <li>Hash Cond: (((ldm.log_div)::text = (igm.region)::text) AND ((ma.part_group)::text = (igm.item_group_code)::text))</li>
                    </ul>

            </div>
        </td>
    </tr>





            






    <tr id="l42" class="n odd c-m" data-node_id="41" data-node_parent="40" data-level="11" data-e="1" data-i="1" data-x="1">
        <td class="u "><a href="#l42">42.</a></td>
        <td class="e c-1">
            <span>5.438</span>
        </td>
        <td class="i c-1">
            <span>231.609</span>
        </td>
        <td class="x c-1">
            <span>
                &darr;
                2.7
            </span>
        </td>
        <td class="r"><span>27792</span></td>
        <td class="l"><span>1</span></td>
        <td class="n">
            <div class="n" style="margin-left:264px">

                <div class="ico">&rarr;</div>

                <p>
                    <span class="node">

                        Merge Left Join


                    </span>

                    <span class="est">
                        (cost=10635.81..15519.80
                        rows=10442
                        width=85)
                    </span>

                    <span class="act">
                        (actual
                        time=108.763..231.609
                        rows=27792
                        loops=1)
                    </span>
                </p>

                    <ul class="ex-nfo">
                            <li>Merge Cond: (scr.cid = cma.cid)</li>
                            <li>Join Filter: (cma.material_id = m.id)</li>
                    </ul>

            </div>
        </td>
    </tr>





            






    <tr id="l43" class="n even c-m" data-node_id="42" data-node_parent="41" data-level="12" data-e="1" data-i="1" data-x="1">
        <td class="u "><a href="#l43">43.</a></td>
        <td class="e c-1">
            <span>5.417</span>
        </td>
        <td class="i c-1">
            <span>226.150</span>
        </td>
        <td class="x c-1">
            <span>
                &darr;
                2.7
            </span>
        </td>
        <td class="r"><span>27792</span></td>
        <td class="l"><span>1</span></td>
        <td class="n">
            <div class="n" style="margin-left:286px">

                <div class="ico">&rarr;</div>

                <p>
                    <span class="node">

                        Nested Loop


                    </span>

                    <span class="est">
                        (cost=10594.65..14940.87
                        rows=10442
                        width=93)
                    </span>

                    <span class="act">
                        (actual
                        time=108.741..226.150
                        rows=27792
                        loops=1)
                    </span>
                </p>


            </div>
        </td>
    </tr>





            






    <tr id="l44" class="n odd c-m" data-node_id="43" data-node_parent="42" data-level="13" data-e="1" data-i="1" data-x="1">
        <td class="u "><a href="#l44">44.</a></td>
        <td class="e c-1">
            <span>0.006</span>
        </td>
        <td class="i c-1">
            <span>0.061</span>
        </td>
        <td class="x c-1">
            <span>
                &uarr;
                1.0
            </span>
        </td>
        <td class="r"><span>1</span></td>
        <td class="l"><span>1</span></td>
        <td class="n">
            <div class="n" style="margin-left:308px">

                <div class="ico">&rarr;</div>

                <p>
                    <span class="node">

                        Merge Join


                    </span>

                    <span class="est">
                        (cost=2.36..2.38
                        rows=1
                        width=13)
                    </span>

                    <span class="act">
                        (actual
                        time=0.058..0.061
                        rows=1
                        loops=1)
                    </span>
                </p>

                    <ul class="ex-nfo">
                            <li>Merge Cond: (scr.cid = cda.cid)</li>
                    </ul>

            </div>
        </td>
    </tr>





            






    <tr id="l45" class="n even c-m" data-node_id="44" data-node_parent="43" data-level="14" data-e="1" data-i="1" data-x="1">
        <td class="u "><a href="#l45">45.</a></td>
        <td class="e c-1">
            <span>0.012</span>
        </td>
        <td class="i c-1">
            <span>0.019</span>
        </td>
        <td class="x c-1">
            <span>
                &uarr;
                1.0
            </span>
        </td>
        <td class="r"><span>1</span></td>
        <td class="l"><span>1</span></td>
        <td class="n">
            <div class="n" style="margin-left:330px">

                <div class="ico">&rarr;</div>

                <p>
                    <span class="node">

                        Sort


                    </span>

                    <span class="est">
                        (cost=1.16..1.16
                        rows=1
                        width=13)
                    </span>

                    <span class="act">
                        (actual
                        time=0.018..0.019
                        rows=1
                        loops=1)
                    </span>
                </p>

                    <ul class="ex-nfo">
                            <li>Sort Key: scr.cid</li>
                            <li>Sort Method:  quicksort  Memory: 25kB</li>
                    </ul>

            </div>
        </td>
    </tr>





            






    <tr id="l46" class="n odd c-m" data-node_id="45" data-node_parent="44" data-level="15" data-e="1" data-i="1" data-x="1">
        <td class="u "><a href="#l46">46.</a></td>
        <td class="e c-1">
            <span>0.007</span>
        </td>
        <td class="i c-1">
            <span>0.007</span>
        </td>
        <td class="x c-1">
            <span>
                &uarr;
                1.0
            </span>
        </td>
        <td class="r"><span>1</span></td>
        <td class="l"><span>1</span></td>
        <td class="n">
            <div class="n" style="margin-left:352px">

                <div class="ico">&rarr;</div>

                <p>
                    <span class="node">

                        Seq Scan

                            on sys_co_regs scr

                    </span>

                    <span class="est">
                        (cost=0.00..1.15
                        rows=1
                        width=13)
                    </span>

                    <span class="act">
                        (actual
                        time=0.005..0.007
                        rows=1
                        loops=1)
                    </span>
                </p>

                    <ul class="ex-nfo">
                            <li>Filter: ((region)::text = &#39;DLR-US-FLD&#39;::text)</li>
                    </ul>

            </div>
        </td>
    </tr>











            






    <tr id="l47" class="n even c-m" data-node_id="46" data-node_parent="43" data-level="14" data-e="1" data-i="1" data-x="1">
        <td class="u "><a href="#l47">47.</a></td>
        <td class="e c-1">
            <span>0.012</span>
        </td>
        <td class="i c-1">
            <span>0.036</span>
        </td>
        <td class="x c-1">
            <span>
                &uarr;
                1.2
            </span>
        </td>
        <td class="r"><span>6</span></td>
        <td class="l"><span>1</span></td>
        <td class="n">
            <div class="n" style="margin-left:330px">

                <div class="ico">&rarr;</div>

                <p>
                    <span class="node">

                        Sort


                    </span>

                    <span class="est">
                        (cost=1.17..1.19
                        rows=7
                        width=4)
                    </span>

                    <span class="act">
                        (actual
                        time=0.035..0.036
                        rows=6
                        loops=1)
                    </span>
                </p>

                    <ul class="ex-nfo">
                            <li>Sort Key: cda.cid</li>
                            <li>Sort Method:  quicksort  Memory: 25kB</li>
                    </ul>

            </div>
        </td>
    </tr>





            






    <tr id="l48" class="n odd c-m" data-node_id="47" data-node_parent="46" data-level="15" data-e="1" data-i="1" data-x="1">
        <td class="u "><a href="#l48">48.</a></td>
        <td class="e c-1">
            <span>0.024</span>
        </td>
        <td class="i c-1">
            <span>0.024</span>
        </td>
        <td class="x c-1">
            <span>
                &uarr;
                1.0
            </span>
        </td>
        <td class="r"><span>7</span></td>
        <td class="l"><span>1</span></td>
        <td class="n">
            <div class="n" style="margin-left:352px">

                <div class="ico">&rarr;</div>

                <p>
                    <span class="node">

                        Seq Scan

                            on co_def_attr cda

                    </span>

                    <span class="est">
                        (cost=0.00..1.07
                        rows=7
                        width=4)
                    </span>

                    <span class="act">
                        (actual
                        time=0.022..0.024
                        rows=7
                        loops=1)
                    </span>
                </p>


            </div>
        </td>
    </tr>














            






    <tr id="l49" class="n even c-m" data-node_id="48" data-node_parent="42" data-level="13" data-e="1" data-i="1" data-x="1">
        <td class="u "><a href="#l49">49.</a></td>
        <td class="e c-1">
            <span>38.130</span>
        </td>
        <td class="i c-1">
            <span>220.672</span>
        </td>
        <td class="x c-1">
            <span>
                &darr;
                2.7
            </span>
        </td>
        <td class="r"><span>27792</span></td>
        <td class="l"><span>1</span></td>
        <td class="n">
            <div class="n" style="margin-left:308px">

                <div class="ico">&rarr;</div>

                <p>
                    <span class="node">

                        Hash Left Join


                    </span>

                    <span class="est">
                        (cost=10592.29..14834.07
                        rows=10442
                        width=89)
                    </span>

                    <span class="act">
                        (actual
                        time=108.678..220.672
                        rows=27792
                        loops=1)
                    </span>
                </p>

                    <ul class="ex-nfo">
                            <li>Hash Cond: (((ldm.log_div)::text = (ira.region)::text) AND ((m.code)::text = (ira.item_code)::text))</li>
                    </ul>

            </div>
        </td>
    </tr>





            






    <tr id="l50" class="n odd c-m" data-node_id="49" data-node_parent="48" data-level="14" data-e="1" data-i="1" data-x="1">
        <td class="u "><a href="#l50">50.</a></td>
        <td class="e c-1">
            <span>29.100</span>
        </td>
        <td class="i c-1">
            <span>154.685</span>
        </td>
        <td class="x c-1">
            <span>
                &darr;
                2.7
            </span>
        </td>
        <td class="r"><span>27792</span></td>
        <td class="l"><span>1</span></td>
        <td class="n">
            <div class="n" style="margin-left:330px">

                <div class="ico">&rarr;</div>

                <p>
                    <span class="node">

                        Hash Join


                    </span>

                    <span class="est">
                        (cost=5156.65..7647.76
                        rows=10442
                        width=25)
                    </span>

                    <span class="act">
                        (actual
                        time=80.685..154.685
                        rows=27792
                        loops=1)
                    </span>
                </p>

                    <ul class="ex-nfo">
                            <li>Hash Cond: (ma.master_material_id = m1.id)</li>
                    </ul>

            </div>
        </td>
    </tr>





            






    <tr id="l51" class="n even c-m" data-node_id="50" data-node_parent="49" data-level="15" data-e="1" data-i="1" data-x="1">
        <td class="u "><a href="#l51">51.</a></td>
        <td class="e c-1">
            <span>6.603</span>
        </td>
        <td class="i c-1">
            <span>104.090</span>
        </td>
        <td class="x c-1">
            <span>
                &darr;
                2.7
            </span>
        </td>
        <td class="r"><span>27792</span></td>
        <td class="l"><span>1</span></td>
        <td class="n">
            <div class="n" style="margin-left:352px">

                <div class="ico">&rarr;</div>

                <p>
                    <span class="node">

                        Hash Left Join


                    </span>

                    <span class="est">
                        (cost=3455.12..5423.54
                        rows=10442
                        width=29)
                    </span>

                    <span class="act">
                        (actual
                        time=59.027..104.090
                        rows=27792
                        loops=1)
                    </span>
                </p>

                    <ul class="ex-nfo">
                            <li>Hash Cond: (ma.similar_material_id = m2.id)</li>
                    </ul>

            </div>
        </td>
    </tr>





            






    <tr id="l52" class="n odd c-m" data-node_id="51" data-node_parent="50" data-level="16" data-e="1" data-i="1" data-x="1">
        <td class="u "><a href="#l52">52.</a></td>
        <td class="e c-1">
            <span>31.522</span>
        </td>
        <td class="i c-1">
            <span>78.404</span>
        </td>
        <td class="x c-1">
            <span>
                &darr;
                2.7
            </span>
        </td>
        <td class="r"><span>27792</span></td>
        <td class="l"><span>1</span></td>
        <td class="n">
            <div class="n" style="margin-left:374px">

                <div class="ico">&rarr;</div>

                <p>
                    <span class="node">

                        Hash Join


                    </span>

                    <span class="est">
                        (cost=1753.58..3283.73
                        rows=10442
                        width=33)
                    </span>

                    <span class="act">
                        (actual
                        time=39.895..78.404
                        rows=27792
                        loops=1)
                    </span>
                </p>

                    <ul class="ex-nfo">
                            <li>Hash Cond: (m.id = ma.material_id)</li>
                    </ul>

            </div>
        </td>
    </tr>





            






    <tr id="l53" class="n even c-m" data-node_id="52" data-node_parent="51" data-level="17" data-e="1" data-i="1" data-x="1">
        <td class="u "><a href="#l53">53.</a></td>
        <td class="e c-1">
            <span>7.023</span>
        </td>
        <td class="i c-1">
            <span>7.023</span>
        </td>
        <td class="x c-1">
            <span>
                &uarr;
                1.0
            </span>
        </td>
        <td class="r"><span>53446</span></td>
        <td class="l"><span>1</span></td>
        <td class="n">
            <div class="n" style="margin-left:396px">

                <div class="ico">&rarr;</div>

                <p>
                    <span class="node">

                        Seq Scan

                            on material m

                    </span>

                    <span class="est">
                        (cost=0.00..824.46
                        rows=53446
                        width=13)
                    </span>

                    <span class="act">
                        (actual
                        time=0.004..7.023
                        rows=53446
                        loops=1)
                    </span>
                </p>


            </div>
        </td>
    </tr>








            






    <tr id="l54" class="n even c-m" data-node_id="53" data-node_parent="51" data-level="17" data-e="1" data-i="1" data-x="1">
        <td class="u "><a href="#l54">54.</a></td>
        <td class="e c-1">
            <span>9.978</span>
        </td>
        <td class="i c-1">
            <span>39.859</span>
        </td>
        <td class="x c-1">
            <span>
                &darr;
                2.7
            </span>
        </td>
        <td class="r"><span>27792</span></td>
        <td class="l"><span>1</span></td>
        <td class="n">
            <div class="n" style="margin-left:396px">

                <div class="ico">&rarr;</div>

                <p>
                    <span class="node">

                        Hash


                    </span>

                    <span class="est">
                        (cost=1623.06..1623.06
                        rows=10442
                        width=24)
                    </span>

                    <span class="act">
                        (actual
                        time=39.859..39.859
                        rows=27792
                        loops=1)
                    </span>
                </p>


            </div>
        </td>
    </tr>





            






    <tr id="l55" class="n odd c-m" data-node_id="54" data-node_parent="53" data-level="18" data-e="1" data-i="1" data-x="1">
        <td class="u "><a href="#l55">55.</a></td>
        <td class="e c-1">
            <span>13.073</span>
        </td>
        <td class="i c-1">
            <span>29.881</span>
        </td>
        <td class="x c-1">
            <span>
                &darr;
                2.7
            </span>
        </td>
        <td class="r"><span>27792</span></td>
        <td class="l"><span>1</span></td>
        <td class="n">
            <div class="n" style="margin-left:418px">

                <div class="ico">&rarr;</div>

                <p>
                    <span class="node">

                        Nested Loop


                    </span>

                    <span class="est">
                        (cost=200.67..1623.06
                        rows=10442
                        width=24)
                    </span>

                    <span class="act">
                        (actual
                        time=3.796..29.881
                        rows=27792
                        loops=1)
                    </span>
                </p>


            </div>
        </td>
    </tr>





            






    <tr id="l56" class="n even c-m" data-node_id="55" data-node_parent="54" data-level="19" data-e="1" data-i="1" data-x="1">
        <td class="u "><a href="#l56">56.</a></td>
        <td class="e c-1">
            <span>0.012</span>
        </td>
        <td class="i c-1">
            <span>0.012</span>
        </td>
        <td class="x c-1">
            <span>
                &uarr;
                1.0
            </span>
        </td>
        <td class="r"><span>1</span></td>
        <td class="l"><span>1</span></td>
        <td class="n">
            <div class="n" style="margin-left:440px">

                <div class="ico">&rarr;</div>

                <p>
                    <span class="node">

                        Seq Scan

                            on log_div_mast ldm

                    </span>

                    <span class="est">
                        (cost=0.00..1.18
                        rows=1
                        width=13)
                    </span>

                    <span class="act">
                        (actual
                        time=0.007..0.012
                        rows=1
                        loops=1)
                    </span>
                </p>

                    <ul class="ex-nfo">
                            <li>Filter: ((log_div)::text = &#39;DLR-US-FLD&#39;::text)</li>
                    </ul>

            </div>
        </td>
    </tr>








            






    <tr id="l57" class="n even c-m" data-node_id="56" data-node_parent="54" data-level="19" data-e="1" data-i="1" data-x="1">
        <td class="u "><a href="#l57">57.</a></td>
        <td class="e c-1">
            <span>13.158</span>
        </td>
        <td class="i c-1">
            <span>16.796</span>
        </td>
        <td class="x c-1">
            <span>
                &darr;
                3.0
            </span>
        </td>
        <td class="r"><span>27792</span></td>
        <td class="l"><span>1</span></td>
        <td class="n">
            <div class="n" style="margin-left:440px">

                <div class="ico">&rarr;</div>

                <p>
                    <span class="node">

                        Bitmap Heap Scan

                            on material_attr ma

                    </span>

                    <span class="est">
                        (cost=200.67..1505.10
                        rows=9343
                        width=19)
                    </span>

                    <span class="act">
                        (actual
                        time=3.780..16.796
                        rows=27792
                        loops=1)
                    </span>
                </p>

                    <ul class="ex-nfo">
                            <li>Recheck Cond: (ma.region_id = ldm.material_master_region_id)</li>
                    </ul>

            </div>
        </td>
    </tr>





            






    <tr id="l58" class="n odd c-m" data-node_id="57" data-node_parent="56" data-level="20" data-e="1" data-i="1" data-x="1">
        <td class="u "><a href="#l58">58.</a></td>
        <td class="e c-1">
            <span>3.638</span>
        </td>
        <td class="i c-1">
            <span>3.638</span>
        </td>
        <td class="x c-1">
            <span>
                &darr;
                3.0
            </span>
        </td>
        <td class="r"><span>27792</span></td>
        <td class="l"><span>1</span></td>
        <td class="n">
            <div class="n" style="margin-left:462px">

                <div class="ico">&rarr;</div>

                <p>
                    <span class="node">

                        Bitmap Index Scan

                            on idx_material_attr_rid_cc

                    </span>

                    <span class="est">
                        (cost=0.00..198.33
                        rows=9343
                        width=0)
                    </span>

                    <span class="act">
                        (actual
                        time=3.638..3.638
                        rows=27792
                        loops=1)
                    </span>
                </p>

                    <ul class="ex-nfo">
                            <li>Index Cond: (ma.region_id = ldm.material_master_region_id)</li>
                    </ul>

            </div>
        </td>
    </tr>




















            






    <tr id="l59" class="n even c-m" data-node_id="58" data-node_parent="50" data-level="16" data-e="1" data-i="1" data-x="1">
        <td class="u "><a href="#l59">59.</a></td>
        <td class="e c-1">
            <span>11.380</span>
        </td>
        <td class="i c-1">
            <span>19.083</span>
        </td>
        <td class="x c-1">
            <span>
                &uarr;
                1.0
            </span>
        </td>
        <td class="r"><span>53446</span></td>
        <td class="l"><span>1</span></td>
        <td class="n">
            <div class="n" style="margin-left:374px">

                <div class="ico">&rarr;</div>

                <p>
                    <span class="node">

                        Hash


                    </span>

                    <span class="est">
                        (cost=824.46..824.46
                        rows=53446
                        width=4)
                    </span>

                    <span class="act">
                        (actual
                        time=19.083..19.083
                        rows=53446
                        loops=1)
                    </span>
                </p>


            </div>
        </td>
    </tr>





            






    <tr id="l60" class="n odd c-m" data-node_id="59" data-node_parent="58" data-level="17" data-e="1" data-i="1" data-x="1">
        <td class="u "><a href="#l60">60.</a></td>
        <td class="e c-1">
            <span>7.703</span>
        </td>
        <td class="i c-1">
            <span>7.703</span>
        </td>
        <td class="x c-1">
            <span>
                &uarr;
                1.0
            </span>
        </td>
        <td class="r"><span>53446</span></td>
        <td class="l"><span>1</span></td>
        <td class="n">
            <div class="n" style="margin-left:396px">

                <div class="ico">&rarr;</div>

                <p>
                    <span class="node">

                        Seq Scan

                            on material m2

                    </span>

                    <span class="est">
                        (cost=0.00..824.46
                        rows=53446
                        width=4)
                    </span>

                    <span class="act">
                        (actual
                        time=0.007..7.703
                        rows=53446
                        loops=1)
                    </span>
                </p>


            </div>
        </td>
    </tr>














            






    <tr id="l61" class="n even c-m" data-node_id="60" data-node_parent="49" data-level="15" data-e="1" data-i="1" data-x="1">
        <td class="u "><a href="#l61">61.</a></td>
        <td class="e c-1">
            <span>11.895</span>
        </td>
        <td class="i c-1">
            <span>21.495</span>
        </td>
        <td class="x c-1">
            <span>
                &uarr;
                1.0
            </span>
        </td>
        <td class="r"><span>53446</span></td>
        <td class="l"><span>1</span></td>
        <td class="n">
            <div class="n" style="margin-left:352px">

                <div class="ico">&rarr;</div>

                <p>
                    <span class="node">

                        Hash


                    </span>

                    <span class="est">
                        (cost=824.46..824.46
                        rows=53446
                        width=4)
                    </span>

                    <span class="act">
                        (actual
                        time=21.495..21.495
                        rows=53446
                        loops=1)
                    </span>
                </p>


            </div>
        </td>
    </tr>





            






    <tr id="l62" class="n odd c-m" data-node_id="61" data-node_parent="60" data-level="16" data-e="1" data-i="1" data-x="1">
        <td class="u "><a href="#l62">62.</a></td>
        <td class="e c-1">
            <span>9.600</span>
        </td>
        <td class="i c-1">
            <span>9.600</span>
        </td>
        <td class="x c-1">
            <span>
                &uarr;
                1.0
            </span>
        </td>
        <td class="r"><span>53446</span></td>
        <td class="l"><span>1</span></td>
        <td class="n">
            <div class="n" style="margin-left:374px">

                <div class="ico">&rarr;</div>

                <p>
                    <span class="node">

                        Seq Scan

                            on material m1

                    </span>

                    <span class="est">
                        (cost=0.00..824.46
                        rows=53446
                        width=4)
                    </span>

                    <span class="act">
                        (actual
                        time=0.016..9.600
                        rows=53446
                        loops=1)
                    </span>
                </p>


            </div>
        </td>
    </tr>














            






    <tr id="l63" class="n even c-m" data-node_id="62" data-node_parent="48" data-level="14" data-e="1" data-i="1" data-x="1">
        <td class="u "><a href="#l63">63.</a></td>
        <td class="e c-1">
            <span>13.784</span>
        </td>
        <td class="i c-1">
            <span>27.857</span>
        </td>
        <td class="x c-1">
            <span>
                &darr;
                1.0
            </span>
        </td>
        <td class="r"><span>27792</span></td>
        <td class="l"><span>1</span></td>
        <td class="n">
            <div class="n" style="margin-left:330px">

                <div class="ico">&rarr;</div>

                <p>
                    <span class="node">

                        Hash


                    </span>

                    <span class="est">
                        (cost=4643.44..4643.44
                        rows=27613
                        width=82)
                    </span>

                    <span class="act">
                        (actual
                        time=27.857..27.857
                        rows=27792
                        loops=1)
                    </span>
                </p>


            </div>
        </td>
    </tr>





            






    <tr id="l64" class="n odd c-m" data-node_id="63" data-node_parent="62" data-level="15" data-e="1" data-i="1" data-x="1">
        <td class="u "><a href="#l64">64.</a></td>
        <td class="e c-1">
            <span>10.084</span>
        </td>
        <td class="i c-1">
            <span>14.073</span>
        </td>
        <td class="x c-1">
            <span>
                &darr;
                1.0
            </span>
        </td>
        <td class="r"><span>27792</span></td>
        <td class="l"><span>1</span></td>
        <td class="n">
            <div class="n" style="margin-left:352px">

                <div class="ico">&rarr;</div>

                <p>
                    <span class="node">

                        Bitmap Heap Scan

                            on item_region_attr ira

                    </span>

                    <span class="est">
                        (cost=750.28..4643.44
                        rows=27613
                        width=82)
                    </span>

                    <span class="act">
                        (actual
                        time=4.104..14.073
                        rows=27792
                        loops=1)
                    </span>
                </p>

                    <ul class="ex-nfo">
                            <li>Recheck Cond: ((region)::text = &#39;DLR-US-FLD&#39;::text)</li>
                    </ul>

            </div>
        </td>
    </tr>





            






    <tr id="l65" class="n even c-m" data-node_id="64" data-node_parent="63" data-level="16" data-e="1" data-i="1" data-x="1">
        <td class="u "><a href="#l65">65.</a></td>
        <td class="e c-1">
            <span>3.989</span>
        </td>
        <td class="i c-1">
            <span>3.989</span>
        </td>
        <td class="x c-1">
            <span>
                &darr;
                1.0
            </span>
        </td>
        <td class="r"><span>27792</span></td>
        <td class="l"><span>1</span></td>
        <td class="n">
            <div class="n" style="margin-left:374px">

                <div class="ico">&rarr;</div>

                <p>
                    <span class="node">

                        Bitmap Index Scan

                            on item_region_attr_pkey

                    </span>

                    <span class="est">
                        (cost=0.00..743.38
                        rows=27613
                        width=0)
                    </span>

                    <span class="act">
                        (actual
                        time=3.989..3.989
                        rows=27792
                        loops=1)
                    </span>
                </p>

                    <ul class="ex-nfo">
                            <li>Index Cond: ((region)::text = &#39;DLR-US-FLD&#39;::text)</li>
                    </ul>

            </div>
        </td>
    </tr>




















            






    <tr id="l66" class="n odd c-m" data-node_id="65" data-node_parent="41" data-level="12" data-e="1" data-i="1" data-x="1">
        <td class="u "><a href="#l66">66.</a></td>
        <td class="e c-1">
            <span>0.020</span>
        </td>
        <td class="i c-1">
            <span>0.021</span>
        </td>
        <td class="x c-1">
            <span>
                &darr;
                0.0
            </span>
        </td>
        <td class="r"><span>0</span></td>
        <td class="l"><span>1</span></td>
        <td class="n">
            <div class="n" style="margin-left:286px">

                <div class="ico">&rarr;</div>

                <p>
                    <span class="node">

                        Sort


                    </span>

                    <span class="est">
                        (cost=41.16..42.56
                        rows=560
                        width=8)
                    </span>

                    <span class="act">
                        (actual
                        time=0.021..0.021
                        rows=0
                        loops=1)
                    </span>
                </p>

                    <ul class="ex-nfo">
                            <li>Sort Key: cma.cid</li>
                            <li>Sort Method:  quicksort  Memory: 25kB</li>
                    </ul>

            </div>
        </td>
    </tr>





            






    <tr id="l67" class="n even c-m" data-node_id="66" data-node_parent="65" data-level="13" data-e="1" data-i="1" data-x="1">
        <td class="u "><a href="#l67">67.</a></td>
        <td class="e c-1">
            <span>0.001</span>
        </td>
        <td class="i c-1">
            <span>0.001</span>
        </td>
        <td class="x c-1">
            <span>
                &darr;
                0.0
            </span>
        </td>
        <td class="r"><span>0</span></td>
        <td class="l"><span>1</span></td>
        <td class="n">
            <div class="n" style="margin-left:308px">

                <div class="ico">&rarr;</div>

                <p>
                    <span class="node">

                        Seq Scan

                            on co_mc_attr cma

                    </span>

                    <span class="est">
                        (cost=0.00..15.60
                        rows=560
                        width=8)
                    </span>

                    <span class="act">
                        (actual
                        time=0.001..0.001
                        rows=0
                        loops=1)
                    </span>
                </p>


            </div>
        </td>
    </tr>














            






    <tr id="l68" class="n odd c-m" data-node_id="67" data-node_parent="40" data-level="11" data-e="1" data-i="1" data-x="1">
        <td class="u "><a href="#l68">68.</a></td>
        <td class="e c-1">
            <span>0.007</span>
        </td>
        <td class="i c-1">
            <span>0.036</span>
        </td>
        <td class="x c-1">
            <span>
                &uarr;
                1.0
            </span>
        </td>
        <td class="r"><span>13</span></td>
        <td class="l"><span>1</span></td>
        <td class="n">
            <div class="n" style="margin-left:264px">

                <div class="ico">&rarr;</div>

                <p>
                    <span class="node">

                        Hash


                    </span>

                    <span class="est">
                        (cost=2.49..2.49
                        rows=13
                        width=15)
                    </span>

                    <span class="act">
                        (actual
                        time=0.036..0.036
                        rows=13
                        loops=1)
                    </span>
                </p>


            </div>
        </td>
    </tr>





            






    <tr id="l69" class="n even c-m" data-node_id="68" data-node_parent="67" data-level="12" data-e="1" data-i="1" data-x="1">
        <td class="u "><a href="#l69">69.</a></td>
        <td class="e c-1">
            <span>0.029</span>
        </td>
        <td class="i c-1">
            <span>0.029</span>
        </td>
        <td class="x c-1">
            <span>
                &uarr;
                1.0
            </span>
        </td>
        <td class="r"><span>13</span></td>
        <td class="l"><span>1</span></td>
        <td class="n">
            <div class="n" style="margin-left:286px">

                <div class="ico">&rarr;</div>

                <p>
                    <span class="node">

                        Seq Scan

                            on item_group_mast igm

                    </span>

                    <span class="est">
                        (cost=0.00..2.49
                        rows=13
                        width=15)
                    </span>

                    <span class="act">
                        (actual
                        time=0.018..0.029
                        rows=13
                        loops=1)
                    </span>
                </p>

                    <ul class="ex-nfo">
                            <li>Filter: ((region)::text = &#39;DLR-US-FLD&#39;::text)</li>
                    </ul>

            </div>
        </td>
    </tr>














            






    <tr id="l70" class="n odd c-m" data-node_id="69" data-node_parent="39" data-level="10" data-e="1" data-i="1" data-x="1">
        <td class="u "><a href="#l70">70.</a></td>
        <td class="e c-1">
            <span>0.000</span>
        </td>
        <td class="i c-1">
            <span>0.035</span>
        </td>
        <td class="x c-1">
            <span>
                &darr;
                0.0
            </span>
        </td>
        <td class="r"><span>0</span></td>
        <td class="l"><span>1</span></td>
        <td class="n">
            <div class="n" style="margin-left:242px">

                <div class="ico">&rarr;</div>

                <p>
                    <span class="node">

                        Hash


                    </span>

                    <span class="est">
                        (cost=4.41..4.41
                        rows=1
                        width=16)
                    </span>

                    <span class="act">
                        (actual
                        time=0.035..0.035
                        rows=0
                        loops=1)
                    </span>
                </p>


            </div>
        </td>
    </tr>





            






    <tr id="l71" class="n even c-m" data-node_id="70" data-node_parent="69" data-level="11" data-e="1" data-i="1" data-x="1">
        <td class="u "><a href="#l71">71.</a></td>
        <td class="e c-1">
            <span>0.035</span>
        </td>
        <td class="i c-1">
            <span>0.035</span>
        </td>
        <td class="x c-1">
            <span>
                &darr;
                0.0
            </span>
        </td>
        <td class="r"><span>0</span></td>
        <td class="l"><span>1</span></td>
        <td class="n">
            <div class="n" style="margin-left:264px">

                <div class="ico">&rarr;</div>

                <p>
                    <span class="node">

                        Seq Scan

                            on ld_cc_master lcm

                    </span>

                    <span class="est">
                        (cost=0.00..4.41
                        rows=1
                        width=16)
                    </span>

                    <span class="act">
                        (actual
                        time=0.035..0.035
                        rows=0
                        loops=1)
                    </span>
                </p>

                    <ul class="ex-nfo">
                            <li>Filter: ((log_div)::text = &#39;DLR-US-FLD&#39;::text)</li>
                    </ul>

            </div>
        </td>
    </tr>














            






    <tr id="l72" class="n odd c-m" data-node_id="71" data-node_parent="38" data-level="9" data-e="1" data-i="1" data-x="1">
        <td class="u "><a href="#l72">72.</a></td>
        <td class="e c-1">
            <span>0.013</span>
        </td>
        <td class="i c-1">
            <span>0.043</span>
        </td>
        <td class="x c-1">
            <span>
                &uarr;
                1.0
            </span>
        </td>
        <td class="r"><span>45</span></td>
        <td class="l"><span>1</span></td>
        <td class="n">
            <div class="n" style="margin-left:220px">

                <div class="ico">&rarr;</div>

                <p>
                    <span class="node">

                        Hash


                    </span>

                    <span class="est">
                        (cost=1.45..1.45
                        rows=45
                        width=15)
                    </span>

                    <span class="act">
                        (actual
                        time=0.043..0.043
                        rows=45
                        loops=1)
                    </span>
                </p>


            </div>
        </td>
    </tr>





            






    <tr id="l73" class="n even c-m" data-node_id="72" data-node_parent="71" data-level="10" data-e="1" data-i="1" data-x="1">
        <td class="u "><a href="#l73">73.</a></td>
        <td class="e c-1">
            <span>0.030</span>
        </td>
        <td class="i c-1">
            <span>0.030</span>
        </td>
        <td class="x c-1">
            <span>
                &uarr;
                1.0
            </span>
        </td>
        <td class="r"><span>45</span></td>
        <td class="l"><span>1</span></td>
        <td class="n">
            <div class="n" style="margin-left:242px">

                <div class="ico">&rarr;</div>

                <p>
                    <span class="node">

                        Seq Scan

                            on pc_mast field_pc

                    </span>

                    <span class="est">
                        (cost=0.00..1.45
                        rows=45
                        width=15)
                    </span>

                    <span class="act">
                        (actual
                        time=0.024..0.030
                        rows=45
                        loops=1)
                    </span>
                </p>


            </div>
        </td>
    </tr>














            






    <tr id="l74" class="n odd c-m" data-node_id="73" data-node_parent="37" data-level="8" data-e="1" data-i="1" data-x="1">
        <td class="u "><a href="#l74">74.</a></td>
        <td class="e c-1">
            <span>0.014</span>
        </td>
        <td class="i c-1">
            <span>0.021</span>
        </td>
        <td class="x c-1">
            <span>
                &uarr;
                1.0
            </span>
        </td>
        <td class="r"><span>45</span></td>
        <td class="l"><span>1</span></td>
        <td class="n">
            <div class="n" style="margin-left:198px">

                <div class="ico">&rarr;</div>

                <p>
                    <span class="node">

                        Hash


                    </span>

                    <span class="est">
                        (cost=1.45..1.45
                        rows=45
                        width=15)
                    </span>

                    <span class="act">
                        (actual
                        time=0.021..0.021
                        rows=45
                        loops=1)
                    </span>
                </p>


            </div>
        </td>
    </tr>





            






    <tr id="l75" class="n even c-m" data-node_id="74" data-node_parent="73" data-level="9" data-e="1" data-i="1" data-x="1">
        <td class="u "><a href="#l75">75.</a></td>
        <td class="e c-1">
            <span>0.007</span>
        </td>
        <td class="i c-1">
            <span>0.007</span>
        </td>
        <td class="x c-1">
            <span>
                &uarr;
                1.0
            </span>
        </td>
        <td class="r"><span>45</span></td>
        <td class="l"><span>1</span></td>
        <td class="n">
            <div class="n" style="margin-left:220px">

                <div class="ico">&rarr;</div>

                <p>
                    <span class="node">

                        Seq Scan

                            on pc_mast supply_pc

                    </span>

                    <span class="est">
                        (cost=0.00..1.45
                        rows=45
                        width=15)
                    </span>

                    <span class="act">
                        (actual
                        time=0.002..0.007
                        rows=45
                        loops=1)
                    </span>
                </p>


            </div>
        </td>
    </tr>














            






    <tr id="l76" class="n odd c-m" data-node_id="75" data-node_parent="36" data-level="7" data-e="1" data-i="1" data-x="1">
        <td class="u "><a href="#l76">76.</a></td>
        <td class="e c-1">
            <span>0.014</span>
        </td>
        <td class="i c-1">
            <span>0.021</span>
        </td>
        <td class="x c-1">
            <span>
                &uarr;
                1.0
            </span>
        </td>
        <td class="r"><span>45</span></td>
        <td class="l"><span>1</span></td>
        <td class="n">
            <div class="n" style="margin-left:176px">

                <div class="ico">&rarr;</div>

                <p>
                    <span class="node">

                        Hash


                    </span>

                    <span class="est">
                        (cost=1.45..1.45
                        rows=45
                        width=15)
                    </span>

                    <span class="act">
                        (actual
                        time=0.021..0.021
                        rows=45
                        loops=1)
                    </span>
                </p>


            </div>
        </td>
    </tr>





            






    <tr id="l77" class="n even c-m" data-node_id="76" data-node_parent="75" data-level="8" data-e="1" data-i="1" data-x="1">
        <td class="u "><a href="#l77">77.</a></td>
        <td class="e c-1">
            <span>0.007</span>
        </td>
        <td class="i c-1">
            <span>0.007</span>
        </td>
        <td class="x c-1">
            <span>
                &uarr;
                1.0
            </span>
        </td>
        <td class="r"><span>45</span></td>
        <td class="l"><span>1</span></td>
        <td class="n">
            <div class="n" style="margin-left:198px">

                <div class="ico">&rarr;</div>

                <p>
                    <span class="node">

                        Seq Scan

                            on pc_mast dc_pc

                    </span>

                    <span class="est">
                        (cost=0.00..1.45
                        rows=45
                        width=15)
                    </span>

                    <span class="act">
                        (actual
                        time=0.002..0.007
                        rows=45
                        loops=1)
                    </span>
                </p>


            </div>
        </td>
    </tr>

















            






    <tr id="l78" class="n odd c-m" data-node_id="77" data-node_parent="34" data-level="5" data-e="1" data-i="1" data-x="1">
        <td class="u "><a href="#l78">78.</a></td>
        <td class="e c-1">
            <span>18.255</span>
        </td>
        <td class="i c-1">
            <span>24.557</span>
        </td>
        <td class="x c-1">
            <span>
                &uarr;
                1.0
            </span>
        </td>
        <td class="r"><span>10147</span></td>
        <td class="l"><span>1</span></td>
        <td class="n">
            <div class="n" style="margin-left:132px">

                <div class="ico">&rarr;</div>

                <p>
                    <span class="node">

                        Sort


                    </span>

                    <span class="est">
                        (cost=914.80..940.16
                        rows=10147
                        width=18)
                    </span>

                    <span class="act">
                        (actual
                        time=22.969..24.557
                        rows=10147
                        loops=1)
                    </span>
                </p>

                    <ul class="ex-nfo">
                            <li>Sort Key: lma.mat_code</li>
                            <li>Sort Method:  external sort  Disk: 336kB</li>
                    </ul>

            </div>
        </td>
    </tr>





            






    <tr id="l79" class="n even c-m" data-node_id="78" data-node_parent="77" data-level="6" data-e="1" data-i="1" data-x="1">
        <td class="u "><a href="#l79">79.</a></td>
        <td class="e c-1">
            <span>6.302</span>
        </td>
        <td class="i c-1">
            <span>6.302</span>
        </td>
        <td class="x c-1">
            <span>
                &uarr;
                1.0
            </span>
        </td>
        <td class="r"><span>10147</span></td>
        <td class="l"><span>1</span></td>
        <td class="n">
            <div class="n" style="margin-left:154px">

                <div class="ico">&rarr;</div>

                <p>
                    <span class="node">

                        Seq Scan

                            on ld_mc_attr lma

                    </span>

                    <span class="est">
                        (cost=0.00..239.58
                        rows=10147
                        width=18)
                    </span>

                    <span class="act">
                        (actual
                        time=0.030..6.302
                        rows=10147
                        loops=1)
                    </span>
                </p>

                    <ul class="ex-nfo">
                            <li>Filter: ((log_div)::text = &#39;DLR-US-FLD&#39;::text)  Total runtime: 3327.411 ms</li>
                    </ul>

            </div>
        </td>
    </tr>


























            </tbody>
        </table>
    </div>

    <div class="result-text hidden">
        <pre id="source">QUERY PLAN                                                                                                                                                                                                                
-----------------------------------------------------------------------------------------------------------------------------------------------------------------------------------------------------------------------------------------------------------------------------------------------------------------------------------------------------------------------------------------------------------------------------------------
 GroupAggregate  (cost=77356.78..77505.88 rows=1704 width=62) (actual time=3307.008..3325.454 rows=5 loops=1)
   -&gt;  Sort  (cost=77356.78..77361.04 rows=1704 width=62) (actual time=3306.052..3312.570 rows=30447 loops=1)
         Sort Key: (date_trunc(&#39;month&#39;::text, to_timestamp(((dd.order_date)::text || lpad((dd.order_time)::text, 6, &#39;0&#39;::text)), &#39;YYYYMMDDHH24MISS&#39;::text)))
         Sort Method:  external merge  Disk: 1168kB
         -&gt;  Hash Join  (cost=24738.16..77265.32 rows=1704 width=62) (actual time=516.618..3274.586 rows=30447 loops=1)
               Hash Cond: ((m.code)::text = (m.code)::text)
               -&gt;  Nested Loop  (cost=6610.32..59010.02 rows=8723 width=81) (actual time=148.657..2792.255 rows=30447 loops=1)
                     -&gt;  Nested Loop  (cost=6610.32..56401.82 rows=8723 width=76) (actual time=148.652..2731.183 rows=30447 loops=1)
                           -&gt;  Hash Left Join  (cost=6610.32..53793.61 rows=8723 width=80) (actual time=148.587..2652.051 rows=30447 loops=1)
                                 Hash Cond: (hr.miss_root_cause_id = mrc.id)
                                 -&gt;  Hash Left Join  (cost=6608.62..53747.75 rows=8723 width=43) (actual time=148.540..2642.956 rows=30447 loops=1)
                                       Hash Cond: (hr.alt_site_id = om1.id)
                                       -&gt;  Hash Join  (cost=6521.94..53628.35 rows=8723 width=47) (actual time=147.795..2634.642 rows=30447 loops=1)
                                             Hash Cond: ((dd.ddemand_key)::text = (hr.ddemand_key)::text)
                                             -&gt;  Seq Scan on daily_demand dd  (cost=0.00..44995.62 rows=45207 width=37) (actual time=0.156..2400.890 rows=42575 loops=1)
                                                   Filter: ((to_timestamp(((order_date)::text || lpad((order_time)::text, 6, &#39;0&#39;::text)), &#39;YYYYMMDDHH24MISS&#39;::text) &lt;= (&#39;now&#39;::text)::date) AND (date_trunc(&#39;month&#39;::text, to_timestamp(((order_date)::text || lpad((order_time)::text, 6, &#39;0&#39;::text)), &#39;YYYYMMDDHH24MISS&#39;::text)) &gt; (date_trunc(&#39;month&#39;::text, ((&#39;now&#39;::text)::date)::timestamp with time zone) - &#39;6 mons&#39;::interval)))
                                             -&gt;  Hash  (cost=4620.63..4620.63 rows=78505 width=71) (actual time=145.066..145.066 rows=114430 loops=1)
                                                   -&gt;  Hash Join  (cost=114.47..4620.63 rows=78505 width=71) (actual time=1.716..92.552 rows=114430 loops=1)
                                                         Hash Cond: (hr.site_id = om.id)
                                                         -&gt;  Seq Scan on hit_rate hr  (cost=0.00..3216.26 rows=134626 width=65) (actual time=0.042..31.787 rows=134626 loops=1)
                                                         -&gt;  Hash  (cost=108.42..108.42 rows=484 width=14) (actual time=1.651..1.651 rows=484 loops=1)
                                                               -&gt;  Nested Loop  (cost=25.18..108.42 rows=484 width=14) (actual time=0.675..1.518 rows=484 loops=1)
                                                                     -&gt;  Subquery Scan vpr  (cost=25.18..25.21 rows=1 width=32) (actual time=0.198..0.199 rows=1 loops=1)
                                                                           Filter: ((vpr.region_code)::text = &#39;DLR-US-FLD&#39;::text)
                                                                           -&gt;  Sort  (cost=25.18..25.18 rows=2 width=24) (actual time=0.197..0.197 rows=2 loops=1)
                                                                                 Sort Key: log_div_mast.description
                                                                                 Sort Method:  quicksort  Memory: 25kB
                                                                                 -&gt;  Append  (cost=0.00..25.17 rows=2 width=24) (actual time=0.124..0.179 rows=2 loops=1)
                                                                                       -&gt;  Nested Loop  (cost=0.00..16.90 rows=1 width=33) (actual time=0.123..0.166 rows=1 loops=1)
                                                                                             Join Filter: (sys_co_regs.cid = plan.sys_user.cid)
                                                                                             -&gt;  Nested Loop  (cost=0.00..8.63 rows=1 width=26) (actual time=0.055..0.091 rows=1 loops=1)
                                                                                                   Join Filter: ((log_div_mast.log_div)::text = (sys_co_regs.region)::text)
                                                                                                   -&gt;  Nested Loop  (cost=0.00..7.36 rows=1 width=31) (actual time=0.044..0.077 rows=1 loops=1)
                                                                                                         Join Filter: ((sys_user_regions.region)::text = (log_div_mast.log_div)::text)
                                                                                                         -&gt;  Seq Scan on sys_user_regions  (cost=0.00..6.05 rows=1 width=13) (actual time=0.028..0.059 rows=1 loops=1)
                                                                                                               Filter: (uid = 55)
                                                                                                         -&gt;  Seq Scan on log_div_mast  (cost=0.00..1.14 rows=14 width=18) (actual time=0.011..0.012 rows=14 loops=1)
                                                                                                   -&gt;  Seq Scan on sys_co_regs  (cost=0.00..1.12 rows=12 width=13) (actual time=0.010..0.012 rows=12 loops=1)
                                                                                             -&gt;  Seq Scan on sys_user  (cost=0.00..8.25 rows=1 width=15) (actual time=0.066..0.073 rows=1 loops=1)
                                                                                                   Filter: (plan.sys_user.uid = 55)
                                                                                       -&gt;  Subquery Scan &quot;*SELECT* 2&quot;  (cost=0.00..8.26 rows=1 width=15) (actual time=0.010..0.012 rows=1 loops=1)
                                                                                             -&gt;  Seq Scan on sys_user  (cost=0.00..8.25 rows=1 width=15) (actual time=0.010..0.012 rows=1 loops=1)
                                                                                                   Filter: (uid = 55)
                                                                     -&gt;  Seq Scan on office_mast om  (cost=0.00..78.38 rows=484 width=14) (actual time=0.474..1.036 rows=484 loops=1)
                                                                           Filter: ((om.log_div)::text = &#39;DLR-US-FLD&#39;::text)
                                       -&gt;  Hash  (cost=76.30..76.30 rows=830 width=4) (actual time=0.718..0.718 rows=830 loops=1)
                                             -&gt;  Seq Scan on office_mast om1  (cost=0.00..76.30 rows=830 width=4) (actual time=0.015..0.539 rows=830 loops=1)
                                 -&gt;  Hash  (cost=1.31..1.31 rows=31 width=45) (actual time=0.032..0.032 rows=31 loops=1)
                                       -&gt;  Seq Scan on miss_root_cause mrc  (cost=0.00..1.31 rows=31 width=45) (actual time=0.015..0.020 rows=31 loops=1)
                           -&gt;  Index Scan using material_pkey on material m1  (cost=0.00..0.29 rows=1 width=4) (actual time=0.002..0.002 rows=1 loops=30447)
                                 Index Cond: (m1.id = hr.master_material_id)
                     -&gt;  Index Scan using material_pkey on material m  (cost=0.00..0.29 rows=1 width=13) (actual time=0.001..0.002 rows=1 loops=30447)
                           Index Cond: (m.id = hr.material_id)
               -&gt;  Hash  (cost=17997.32..17997.32 rows=10442 width=18) (actual time=367.914..367.914 rows=27792 loops=1)
                     -&gt;  Merge Left Join  (cost=17869.60..17997.32 rows=10442 width=18) (actual time=335.682..358.375 rows=27792 loops=1)
                           Merge Cond: ((m.code)::text = (lma.mat_code)::text)
                           Join Filter: ((lma.log_div)::text = (ldm.log_div)::text)
                           -&gt;  Sort  (cost=16954.81..16980.91 rows=10442 width=18) (actual time=312.703..321.518 rows=27792 loops=1)
                                 Sort Key: m.code
                                 Sort Method:  external merge  Disk: 808kB
                                 -&gt;  Hash Left Join  (cost=10648.96..16257.80 rows=10442 width=18) (actual time=109.006..273.668 rows=27792 loops=1)
                                       Hash Cond: ((ira.dc_pc_id)::text = (dc_pc.pc_id)::text)
                                       -&gt;  Hash Left Join  (cost=10646.95..16112.21 rows=10442 width=38) (actual time=108.967..266.729 rows=27792 loops=1)
                                             Hash Cond: ((ira.supply_pc_id)::text = (supply_pc.pc_id)::text)
                                             -&gt;  Hash Left Join  (cost=10644.93..15966.62 rows=10442 width=58) (actual time=108.930..259.824 rows=27792 loops=1)
                                                   Hash Cond: ((ira.field_pc_id)::text = (field_pc.pc_id)::text)
                                                   -&gt;  Hash Left Join  (cost=10642.92..15821.03 rows=10442 width=82) (actual time=108.871..248.701 rows=27792 loops=1)
                                                         Hash Cond: (((ldm.log_div)::text = (lcm.log_div)::text) AND ((ma.com_code)::text = (lcm.com_code)::text))
                                                         -&gt;  Hash Left Join  (cost=10638.49..15738.02 rows=10442 width=83) (actual time=108.821..241.738 rows=27792 loops=1)
                                                               Hash Cond: (((ldm.log_div)::text = (igm.region)::text) AND ((ma.part_group)::text = (igm.item_group_code)::text))
                                                               -&gt;  Merge Left Join  (cost=10635.81..15519.80 rows=10442 width=85) (actual time=108.763..231.609 rows=27792 loops=1)
                                                                     Merge Cond: (scr.cid = cma.cid)
                                                                     Join Filter: (cma.material_id = m.id)
                                                                     -&gt;  Nested Loop  (cost=10594.65..14940.87 rows=10442 width=93) (actual time=108.741..226.150 rows=27792 loops=1)
                                                                           -&gt;  Merge Join  (cost=2.36..2.38 rows=1 width=13) (actual time=0.058..0.061 rows=1 loops=1)
                                                                                 Merge Cond: (scr.cid = cda.cid)
                                                                                 -&gt;  Sort  (cost=1.16..1.16 rows=1 width=13) (actual time=0.018..0.019 rows=1 loops=1)
                                                                                       Sort Key: scr.cid
                                                                                       Sort Method:  quicksort  Memory: 25kB
                                                                                       -&gt;  Seq Scan on sys_co_regs scr  (cost=0.00..1.15 rows=1 width=13) (actual time=0.005..0.007 rows=1 loops=1)
                                                                                             Filter: ((region)::text = &#39;DLR-US-FLD&#39;::text)
                                                                                 -&gt;  Sort  (cost=1.17..1.19 rows=7 width=4) (actual time=0.035..0.036 rows=6 loops=1)
                                                                                       Sort Key: cda.cid
                                                                                       Sort Method:  quicksort  Memory: 25kB
                                                                                       -&gt;  Seq Scan on co_def_attr cda  (cost=0.00..1.07 rows=7 width=4) (actual time=0.022..0.024 rows=7 loops=1)
                                                                           -&gt;  Hash Left Join  (cost=10592.29..14834.07 rows=10442 width=89) (actual time=108.678..220.672 rows=27792 loops=1)
                                                                                 Hash Cond: (((ldm.log_div)::text = (ira.region)::text) AND ((m.code)::text = (ira.item_code)::text))
                                                                                 -&gt;  Hash Join  (cost=5156.65..7647.76 rows=10442 width=25) (actual time=80.685..154.685 rows=27792 loops=1)
                                                                                       Hash Cond: (ma.master_material_id = m1.id)
                                                                                       -&gt;  Hash Left Join  (cost=3455.12..5423.54 rows=10442 width=29) (actual time=59.027..104.090 rows=27792 loops=1)
                                                                                             Hash Cond: (ma.similar_material_id = m2.id)
                                                                                             -&gt;  Hash Join  (cost=1753.58..3283.73 rows=10442 width=33) (actual time=39.895..78.404 rows=27792 loops=1)
                                                                                                   Hash Cond: (m.id = ma.material_id)
                                                                                                   -&gt;  Seq Scan on material m  (cost=0.00..824.46 rows=53446 width=13) (actual time=0.004..7.023 rows=53446 loops=1)
                                                                                                   -&gt;  Hash  (cost=1623.06..1623.06 rows=10442 width=24) (actual time=39.859..39.859 rows=27792 loops=1)
                                                                                                         -&gt;  Nested Loop  (cost=200.67..1623.06 rows=10442 width=24) (actual time=3.796..29.881 rows=27792 loops=1)
                                                                                                               -&gt;  Seq Scan on log_div_mast ldm  (cost=0.00..1.18 rows=1 width=13) (actual time=0.007..0.012 rows=1 loops=1)
                                                                                                                     Filter: ((log_div)::text = &#39;DLR-US-FLD&#39;::text)
                                                                                                               -&gt;  Bitmap Heap Scan on material_attr ma  (cost=200.67..1505.10 rows=9343 width=19) (actual time=3.780..16.796 rows=27792 loops=1)
                                                                                                                     Recheck Cond: (ma.region_id = ldm.material_master_region_id)
                                                                                                                     -&gt;  Bitmap Index Scan on idx_material_attr_rid_cc  (cost=0.00..198.33 rows=9343 width=0) (actual time=3.638..3.638 rows=27792 loops=1)
                                                                                                                           Index Cond: (ma.region_id = ldm.material_master_region_id)
                                                                                             -&gt;  Hash  (cost=824.46..824.46 rows=53446 width=4) (actual time=19.083..19.083 rows=53446 loops=1)
                                                                                                   -&gt;  Seq Scan on material m2  (cost=0.00..824.46 rows=53446 width=4) (actual time=0.007..7.703 rows=53446 loops=1)
                                                                                       -&gt;  Hash  (cost=824.46..824.46 rows=53446 width=4) (actual time=21.495..21.495 rows=53446 loops=1)
                                                                                             -&gt;  Seq Scan on material m1  (cost=0.00..824.46 rows=53446 width=4) (actual time=0.016..9.600 rows=53446 loops=1)
                                                                                 -&gt;  Hash  (cost=4643.44..4643.44 rows=27613 width=82) (actual time=27.857..27.857 rows=27792 loops=1)
                                                                                       -&gt;  Bitmap Heap Scan on item_region_attr ira  (cost=750.28..4643.44 rows=27613 width=82) (actual time=4.104..14.073 rows=27792 loops=1)
                                                                                             Recheck Cond: ((region)::text = &#39;DLR-US-FLD&#39;::text)
                                                                                             -&gt;  Bitmap Index Scan on item_region_attr_pkey  (cost=0.00..743.38 rows=27613 width=0) (actual time=3.989..3.989 rows=27792 loops=1)
                                                                                                   Index Cond: ((region)::text = &#39;DLR-US-FLD&#39;::text)
                                                                     -&gt;  Sort  (cost=41.16..42.56 rows=560 width=8) (actual time=0.021..0.021 rows=0 loops=1)
                                                                           Sort Key: cma.cid
                                                                           Sort Method:  quicksort  Memory: 25kB
                                                                           -&gt;  Seq Scan on co_mc_attr cma  (cost=0.00..15.60 rows=560 width=8) (actual time=0.001..0.001 rows=0 loops=1)
                                                               -&gt;  Hash  (cost=2.49..2.49 rows=13 width=15) (actual time=0.036..0.036 rows=13 loops=1)
                                                                     -&gt;  Seq Scan on item_group_mast igm  (cost=0.00..2.49 rows=13 width=15) (actual time=0.018..0.029 rows=13 loops=1)
                                                                           Filter: ((region)::text = &#39;DLR-US-FLD&#39;::text)
                                                         -&gt;  Hash  (cost=4.41..4.41 rows=1 width=16) (actual time=0.035..0.035 rows=0 loops=1)
                                                               -&gt;  Seq Scan on ld_cc_master lcm  (cost=0.00..4.41 rows=1 width=16) (actual time=0.035..0.035 rows=0 loops=1)
                                                                     Filter: ((log_div)::text = &#39;DLR-US-FLD&#39;::text)
                                                   -&gt;  Hash  (cost=1.45..1.45 rows=45 width=15) (actual time=0.043..0.043 rows=45 loops=1)
                                                         -&gt;  Seq Scan on pc_mast field_pc  (cost=0.00..1.45 rows=45 width=15) (actual time=0.024..0.030 rows=45 loops=1)
                                             -&gt;  Hash  (cost=1.45..1.45 rows=45 width=15) (actual time=0.021..0.021 rows=45 loops=1)
                                                   -&gt;  Seq Scan on pc_mast supply_pc  (cost=0.00..1.45 rows=45 width=15) (actual time=0.002..0.007 rows=45 loops=1)
                                       -&gt;  Hash  (cost=1.45..1.45 rows=45 width=15) (actual time=0.021..0.021 rows=45 loops=1)
                                             -&gt;  Seq Scan on pc_mast dc_pc  (cost=0.00..1.45 rows=45 width=15) (actual time=0.002..0.007 rows=45 loops=1)
                           -&gt;  Sort  (cost=914.80..940.16 rows=10147 width=18) (actual time=22.969..24.557 rows=10147 loops=1)
                                 Sort Key: lma.mat_code
                                 Sort Method:  external sort  Disk: 336kB
                                 -&gt;  Seq Scan on ld_mc_attr lma  (cost=0.00..239.58 rows=10147 width=18) (actual time=0.030..6.302 rows=10147 loops=1)
                                       Filter: ((log_div)::text = &#39;DLR-US-FLD&#39;::text)  Total runtime: 3327.411 ms
(133 rows)

</pre>
    </div>

    <div class="result-stats hidden">
        <h1>Per node type stats</h1>
        <table class="stats">
            <thead>
            <tr><th>node type</th><th>count</th><th>sum of times</th><th>% of query</th></tr>
            </thead>
            <tbody>
                <tr class="table-detail">
                <td class="node-type">Append</td>
                <td class="count">1</td>
                <td class="time">0.001 ms</td>
                <td class="percent">
                    
                    
                    
                    0.0 %
                </td>
                </tr>
                <tr class="table-detail">
                <td class="node-type">Bitmap Heap Scan</td>
                <td class="count">2</td>
                <td class="time">23.242 ms</td>
                <td class="percent">
                    
                    
                    
                    0.7 %
                </td>
                </tr>
                <tr class="table-detail">
                <td class="node-type">Bitmap Index Scan</td>
                <td class="count">2</td>
                <td class="time">7.627 ms</td>
                <td class="percent">
                    
                    
                    
                    0.2 %
                </td>
                </tr>
                <tr class="table-detail">
                <td class="node-type">GroupAggregate</td>
                <td class="count">1</td>
                <td class="time">12.884 ms</td>
                <td class="percent">
                    
                    
                    
                    0.4 %
                </td>
                </tr>
                <tr class="table-detail">
                <td class="node-type">Hash</td>
                <td class="count">14</td>
                <td class="time">109.462 ms</td>
                <td class="percent">
                    
                    
                    
                    3.3 %
                </td>
                </tr>
                <tr class="table-detail">
                <td class="node-type">Hash Join</td>
                <td class="count">5</td>
                <td class="time">322.839 ms</td>
                <td class="percent">
                    
                    
                    
                    9.7 %
                </td>
                </tr>
                <tr class="table-detail">
                <td class="node-type">Hash Left Join</td>
                <td class="count">9</td>
                <td class="time">103.295 ms</td>
                <td class="percent">
                    
                    
                    
                    3.1 %
                </td>
                </tr>
                <tr class="table-detail">
                <td class="node-type">Index Scan</td>
                <td class="count">2</td>
                <td class="time">121.788 ms</td>
                <td class="percent">
                    
                    
                    
                    3.7 %
                </td>
                </tr>
                <tr class="table-detail">
                <td class="node-type">Merge Join</td>
                <td class="count">1</td>
                <td class="time">0.006 ms</td>
                <td class="percent">
                    
                    
                    
                    0.0 %
                </td>
                </tr>
                <tr class="table-detail">
                <td class="node-type">Merge Left Join</td>
                <td class="count">2</td>
                <td class="time">17.738 ms</td>
                <td class="percent">
                    
                    
                    
                    0.5 %
                </td>
                </tr>
                <tr class="table-detail">
                <td class="node-type">Nested Loop</td>
                <td class="count">8</td>
                <td class="time">37.199 ms</td>
                <td class="percent">
                    
                    
                    
                    1.1 %
                </td>
                </tr>
                <tr class="table-detail">
                <td class="node-type">Seq Scan</td>
                <td class="count">23</td>
                <td class="time">2465.220 ms</td>
                <td class="percent">
                    
                    
                    
                    74.1 %
                </td>
                </tr>
                <tr class="table-detail">
                <td class="node-type">Sort</td>
                <td class="count">7</td>
                <td class="time">104.151 ms</td>
                <td class="percent">
                    
                    
                    
                    3.1 %
                </td>
                </tr>
                <tr class="table-detail">
                <td class="node-type">Subquery Scan &quot;*SELECT* 2&quot;</td>
                <td class="count">1</td>
                <td class="time">0.000 ms</td>
                <td class="percent">
                    
                    
                    
                    0.0 %
                </td>
                </tr>
                <tr class="table-detail">
                <td class="node-type">Subquery Scan vpr</td>
                <td class="count">1</td>
                <td class="time">0.002 ms</td>
                <td class="percent">
                    
                    
                    
                    0.0 %
                </td>
                </tr>
            </tbody>
        </table>
        <h1>Per table stats</h1>
        <table class="stats">
            <thead>
            <tr><th>Table name</th><th>Scan count</th><th>Total time</th><th>% of query</th></tr>
            <tr><th>scan type</th><th>count</th><th>sum of times</th><th>% of table</th></tr>
            </thead>
            <tbody>
                <tr class="table-summary">
                <td class="table-name">co_def_attr</td>
                <td class="count">1</td>
                <td class="time">0.024 ms</td>
                <td class="percent">
                    
                    
                    
                    0.0 %
                </td>
                </tr>
                <tr class="table-detail">
                <td class="scan-type">Seq Scan</td>
                <td class="count">1</td>
                <td class="time">0.024 ms</td>
                <td class="percent">
                    
                    
                    
                    100.0 %
                </td>
                </tr>
                <tr class="table-summary">
                <td class="table-name">co_mc_attr</td>
                <td class="count">1</td>
                <td class="time">0.001 ms</td>
                <td class="percent">
                    
                    
                    
                    0.0 %
                </td>
                </tr>
                <tr class="table-detail">
                <td class="scan-type">Seq Scan</td>
                <td class="count">1</td>
                <td class="time">0.001 ms</td>
                <td class="percent">
                    
                    
                    
                    100.0 %
                </td>
                </tr>
                <tr class="table-summary">
                <td class="table-name">daily_demand</td>
                <td class="count">1</td>
                <td class="time">2400.890 ms</td>
                <td class="percent">
                    
                    
                    
                    72.2 %
                </td>
                </tr>
                <tr class="table-detail">
                <td class="scan-type">Seq Scan</td>
                <td class="count">1</td>
                <td class="time">2400.890 ms</td>
                <td class="percent">
                    
                    
                    
                    100.0 %
                </td>
                </tr>
                <tr class="table-summary">
                <td class="table-name">hit_rate</td>
                <td class="count">1</td>
                <td class="time">31.787 ms</td>
                <td class="percent">
                    
                    
                    
                    1.0 %
                </td>
                </tr>
                <tr class="table-detail">
                <td class="scan-type">Seq Scan</td>
                <td class="count">1</td>
                <td class="time">31.787 ms</td>
                <td class="percent">
                    
                    
                    
                    100.0 %
                </td>
                </tr>
                <tr class="table-summary">
                <td class="table-name">item_group_mast</td>
                <td class="count">1</td>
                <td class="time">0.029 ms</td>
                <td class="percent">
                    
                    
                    
                    0.0 %
                </td>
                </tr>
                <tr class="table-detail">
                <td class="scan-type">Seq Scan</td>
                <td class="count">1</td>
                <td class="time">0.029 ms</td>
                <td class="percent">
                    
                    
                    
                    100.0 %
                </td>
                </tr>
                <tr class="table-summary">
                <td class="table-name">item_region_attr</td>
                <td class="count">1</td>
                <td class="time">10.084 ms</td>
                <td class="percent">
                    
                    
                    
                    0.3 %
                </td>
                </tr>
                <tr class="table-detail">
                <td class="scan-type">Bitmap Heap Scan</td>
                <td class="count">1</td>
                <td class="time">10.084 ms</td>
                <td class="percent">
                    
                    
                    
                    100.0 %
                </td>
                </tr>
                <tr class="table-summary">
                <td class="table-name">ld_cc_master</td>
                <td class="count">1</td>
                <td class="time">0.035 ms</td>
                <td class="percent">
                    
                    
                    
                    0.0 %
                </td>
                </tr>
                <tr class="table-detail">
                <td class="scan-type">Seq Scan</td>
                <td class="count">1</td>
                <td class="time">0.035 ms</td>
                <td class="percent">
                    
                    
                    
                    100.0 %
                </td>
                </tr>
                <tr class="table-summary">
                <td class="table-name">ld_mc_attr</td>
                <td class="count">1</td>
                <td class="time">6.302 ms</td>
                <td class="percent">
                    
                    
                    
                    0.2 %
                </td>
                </tr>
                <tr class="table-detail">
                <td class="scan-type">Seq Scan</td>
                <td class="count">1</td>
                <td class="time">6.302 ms</td>
                <td class="percent">
                    
                    
                    
                    100.0 %
                </td>
                </tr>
                <tr class="table-summary">
                <td class="table-name">log_div_mast</td>
                <td class="count">2</td>
                <td class="time">0.024 ms</td>
                <td class="percent">
                    
                    
                    
                    0.0 %
                </td>
                </tr>
                <tr class="table-detail">
                <td class="scan-type">Seq Scan</td>
                <td class="count">2</td>
                <td class="time">0.024 ms</td>
                <td class="percent">
                    
                    
                    
                    100.0 %
                </td>
                </tr>
                <tr class="table-summary">
                <td class="table-name">material</td>
                <td class="count">5</td>
                <td class="time">146.114 ms</td>
                <td class="percent">
                    
                    
                    
                    4.4 %
                </td>
                </tr>
                <tr class="table-detail">
                <td class="scan-type">Index Scan</td>
                <td class="count">2</td>
                <td class="time">121.788 ms</td>
                <td class="percent">
                    
                    
                    
                    83.4 %
                </td>
                </tr>
                <tr class="table-detail">
                <td class="scan-type">Seq Scan</td>
                <td class="count">3</td>
                <td class="time">24.326 ms</td>
                <td class="percent">
                    
                    
                    
                    16.6 %
                </td>
                </tr>
                <tr class="table-summary">
                <td class="table-name">material_attr</td>
                <td class="count">1</td>
                <td class="time">13.158 ms</td>
                <td class="percent">
                    
                    
                    
                    0.4 %
                </td>
                </tr>
                <tr class="table-detail">
                <td class="scan-type">Bitmap Heap Scan</td>
                <td class="count">1</td>
                <td class="time">13.158 ms</td>
                <td class="percent">
                    
                    
                    
                    100.0 %
                </td>
                </tr>
                <tr class="table-summary">
                <td class="table-name">miss_root_cause</td>
                <td class="count">1</td>
                <td class="time">0.020 ms</td>
                <td class="percent">
                    
                    
                    
                    0.0 %
                </td>
                </tr>
                <tr class="table-detail">
                <td class="scan-type">Seq Scan</td>
                <td class="count">1</td>
                <td class="time">0.020 ms</td>
                <td class="percent">
                    
                    
                    
                    100.0 %
                </td>
                </tr>
                <tr class="table-summary">
                <td class="table-name">office_mast</td>
                <td class="count">2</td>
                <td class="time">1.575 ms</td>
                <td class="percent">
                    
                    
                    
                    0.0 %
                </td>
                </tr>
                <tr class="table-detail">
                <td class="scan-type">Seq Scan</td>
                <td class="count">2</td>
                <td class="time">1.575 ms</td>
                <td class="percent">
                    
                    
                    
                    100.0 %
                </td>
                </tr>
                <tr class="table-summary">
                <td class="table-name">pc_mast</td>
                <td class="count">3</td>
                <td class="time">0.044 ms</td>
                <td class="percent">
                    
                    
                    
                    0.0 %
                </td>
                </tr>
                <tr class="table-detail">
                <td class="scan-type">Seq Scan</td>
                <td class="count">3</td>
                <td class="time">0.044 ms</td>
                <td class="percent">
                    
                    
                    
                    100.0 %
                </td>
                </tr>
                <tr class="table-summary">
                <td class="table-name">sys_co_regs</td>
                <td class="count">2</td>
                <td class="time">0.019 ms</td>
                <td class="percent">
                    
                    
                    
                    0.0 %
                </td>
                </tr>
                <tr class="table-detail">
                <td class="scan-type">Seq Scan</td>
                <td class="count">2</td>
                <td class="time">0.019 ms</td>
                <td class="percent">
                    
                    
                    
                    100.0 %
                </td>
                </tr>
                <tr class="table-summary">
                <td class="table-name">sys_user</td>
                <td class="count">2</td>
                <td class="time">0.085 ms</td>
                <td class="percent">
                    
                    
                    
                    0.0 %
                </td>
                </tr>
                <tr class="table-detail">
                <td class="scan-type">Seq Scan</td>
                <td class="count">2</td>
                <td class="time">0.085 ms</td>
                <td class="percent">
                    
                    
                    
                    100.0 %
                </td>
                </tr>
                <tr class="table-summary">
                <td class="table-name">sys_user_regions</td>
                <td class="count">1</td>
                <td class="time">0.059 ms</td>
                <td class="percent">
                    
                    
                    
                    0.0 %
                </td>
                </tr>
                <tr class="table-detail">
                <td class="scan-type">Seq Scan</td>
                <td class="count">1</td>
                <td class="time">0.059 ms</td>
                <td class="percent">
                    
                    
                    
                    100.0 %
                </td>
                </tr>
            </tbody>
        </table>
    </div>
</div>



            </section>

            <footer>
                <div>
                    <p class="copyright">Copyright &copy; 2009-2013 <a href="mailto:depesz@depesz.com" title="mail me">Hubert &quot;depesz&quot; Lubaczewski</a>, <a href="mailto:lukasz.metys.lewandowski@gmail.com">ukasz &quot;metys&quot; Lewandowski</a></p>
                    <p class="powered-by">powered by <a href="http://www.mojolicious.org" title="mojolicious web framework">mojolicious</a></p>
                </div>
            </footer>

        </div>
        <!-- /wrapper -->

    </body>
</html>

